CUDA enabled.
model_type : vgg16
init_type : pure
finetune_method : nat
enhance_method : None
gpu : 0
model_name : train_lr0.01warmup0.1_e100_nn
model_width : 8
n_pruning_steps : 1
max_pruning_ratio : 80
train_epochs : 100
enhance_epochs : None
prune_method : unstructured
dataset : cifar
noise_sd : 1.0
trades_beta : 6.0
seed : 7
warmup : True
parallel : False
create_init : False
init_step : 1400
train_method : madry
early_stop : 1000
norm : False
optm : sgd
batch_size : 64
test_batch_size : 100
learning_rate : 0.1
enhance_learning_rate : None
schedule_length : 10
weight_decay : 0.0001
epsilon : 0.03137254901960784
attack_iter : 10
eps_step : 0.00784313725490196
targeted : False
clip_min : 0
clip_max : 1.0
starting_epsilon : 1e-05
interval_weight : 0.1
ft_interval_weight : 50
verbose : 200
resume : 0
model_path : ./trained_models_new/cifar/vgg16/training/madry/train_lr0.01warmup0.1_e100_nn.pth
last_model_path : ./trained_models_new/
mask_path : None
mask_name : None
log_path : ./trained_models_new/cifar/vgg16/training/madry/train_lr0.01warmup0.1_e100_nn.log
init_path : None
results_path : None
n_classes : 10
eval : False
init : False
transfer : False
config:
training method: madry
model will be saved in: ./trained_models_new/cifar/vgg16/training/madry/train_lr0.01warmup0.1_e100_nn.pth
Log will be saved in ./trained_models_new/cifar/vgg16/training/madry/train_lr0.01warmup0.1_e100_nn.log
Epoch [0/100]
learning rate: 0.010000000000000002
Train with PGD
Batch [0/704] training loss = 2.30154204, training pgd_acc = 0.12500000
Batch [200/704] training loss = 2.14686322, training pgd_acc = 0.17187500
Batch [400/704] training loss = 2.10207200, training pgd_acc = 0.21875000
Batch [600/704] training loss = 1.98591268, training pgd_acc = 0.20312500
Valid Test with PGD
Evaluating with pgd untargeted attack,eps=0.031373, iters=10, attack_steps=0.007843
Clean accuracy: 33.04% (1652/5000)
Adversarial accuracy: 21.24% (1062/5000)
Epoch [1/100], Passed time:[300.325/300.325]
learning rate: 0.020000000000000004
Train with PGD
Batch [0/704] training loss = 1.96155202, training pgd_acc = 0.31250000
Batch [200/704] training loss = 2.00329709, training pgd_acc = 0.23437500
Batch [400/704] training loss = 2.02133656, training pgd_acc = 0.20312500
Batch [600/704] training loss = 2.04859114, training pgd_acc = 0.23437500
Valid Test with PGD
Evaluating with pgd untargeted attack,eps=0.031373, iters=10, attack_steps=0.007843
Clean accuracy: 35.88% (1794/5000)
Adversarial accuracy: 23.34% (1167/5000)
Epoch [2/100], Passed time:[302.888/605.777]
learning rate: 0.030000000000000006
Train with PGD
Batch [0/704] training loss = 1.96723258, training pgd_acc = 0.37500000
Batch [200/704] training loss = 1.92526460, training pgd_acc = 0.21875000
Batch [400/704] training loss = 1.92277062, training pgd_acc = 0.31250000
Batch [600/704] training loss = 1.91722059, training pgd_acc = 0.34375000
Valid Test with PGD
Evaluating with pgd untargeted attack,eps=0.031373, iters=10, attack_steps=0.007843
Clean accuracy: 41.46% (2073/5000)
Adversarial accuracy: 26.44% (1322/5000)
Epoch [3/100], Passed time:[303.740/911.219]
learning rate: 0.04000000000000001
Train with PGD
Batch [0/704] training loss = 1.92914820, training pgd_acc = 0.20312500
Batch [200/704] training loss = 1.89313734, training pgd_acc = 0.28125000
Batch [400/704] training loss = 1.89038420, training pgd_acc = 0.32812500
Batch [600/704] training loss = 1.79856217, training pgd_acc = 0.29687500
Valid Test with PGD
Evaluating with pgd untargeted attack,eps=0.031373, iters=10, attack_steps=0.007843
Clean accuracy: 42.78% (2139/5000)
Adversarial accuracy: 26.68% (1334/5000)
Epoch [4/100], Passed time:[304.169/1216.676]
learning rate: 0.05
Train with PGD
Batch [0/704] training loss = 1.98063672, training pgd_acc = 0.28125000
Batch [200/704] training loss = 1.86248446, training pgd_acc = 0.28125000
Batch [400/704] training loss = 1.85416842, training pgd_acc = 0.34375000
Batch [600/704] training loss = 1.94319284, training pgd_acc = 0.29687500
Valid Test with PGD
Evaluating with pgd untargeted attack,eps=0.031373, iters=10, attack_steps=0.007843
Clean accuracy: 46.86% (2343/5000)
Adversarial accuracy: 27.96% (1398/5000)
Epoch [5/100], Passed time:[305.453/1527.267]
learning rate: 0.06000000000000001
Train with PGD
Batch [0/704] training loss = 1.80904973, training pgd_acc = 0.31250000
Batch [200/704] training loss = 1.73715174, training pgd_acc = 0.37500000
Batch [400/704] training loss = 1.60755455, training pgd_acc = 0.31250000
Batch [600/704] training loss = 1.78036666, training pgd_acc = 0.35937500
Valid Test with PGD
Evaluating with pgd untargeted attack,eps=0.031373, iters=10, attack_steps=0.007843
Clean accuracy: 49.56% (2478/5000)
Adversarial accuracy: 30.00% (1500/5000)
Epoch [6/100], Passed time:[305.492/1832.953]
learning rate: 0.07
Train with PGD
Batch [0/704] training loss = 1.88529825, training pgd_acc = 0.32812500
Batch [200/704] training loss = 1.83471537, training pgd_acc = 0.35937500
Batch [400/704] training loss = 1.94441652, training pgd_acc = 0.35937500
Batch [600/704] training loss = 1.84251487, training pgd_acc = 0.26562500
Valid Test with PGD
Evaluating with pgd untargeted attack,eps=0.031373, iters=10, attack_steps=0.007843
Clean accuracy: 52.36% (2618/5000)
Adversarial accuracy: 32.48% (1624/5000)
Epoch [7/100], Passed time:[306.904/2148.328]
learning rate: 0.08000000000000002
Train with PGD
Batch [0/704] training loss = 1.70372987, training pgd_acc = 0.32812500
Batch [200/704] training loss = 1.67349160, training pgd_acc = 0.32812500
Batch [400/704] training loss = 1.62772381, training pgd_acc = 0.39062500
Batch [600/704] training loss = 1.63447368, training pgd_acc = 0.35937500
Valid Test with PGD
Evaluating with pgd untargeted attack,eps=0.031373, iters=10, attack_steps=0.007843
Clean accuracy: 54.52% (2726/5000)
Adversarial accuracy: 31.12% (1556/5000)
Epoch [8/100], Passed time:[307.143/2457.140]
learning rate: 0.09000000000000001
Train with PGD
Batch [0/704] training loss = 1.59802067, training pgd_acc = 0.37500000
Batch [200/704] training loss = 1.60704792, training pgd_acc = 0.40625000
Batch [400/704] training loss = 1.73377275, training pgd_acc = 0.34375000
Batch [600/704] training loss = 1.71446979, training pgd_acc = 0.34375000
Valid Test with PGD
Evaluating with pgd untargeted attack,eps=0.031373, iters=10, attack_steps=0.007843
Clean accuracy: 48.02% (2401/5000)
Adversarial accuracy: 30.06% (1503/5000)
Epoch [9/100], Passed time:[307.939/2771.447]
learning rate: 0.1
Train with PGD
Batch [0/704] training loss = 1.98525095, training pgd_acc = 0.28125000
Batch [200/704] training loss = 1.84046149, training pgd_acc = 0.34375000
Batch [400/704] training loss = 1.75523555, training pgd_acc = 0.34375000
Batch [600/704] training loss = 1.88063133, training pgd_acc = 0.23437500
Valid Test with PGD
Evaluating with pgd untargeted attack,eps=0.031373, iters=10, attack_steps=0.007843
Clean accuracy: 54.58% (2729/5000)
Adversarial accuracy: 32.36% (1618/5000)
Epoch [10/100], Passed time:[308.532/3085.316]
learning rate: 0.1
Train with PGD
Batch [0/704] training loss = 1.74764431, training pgd_acc = 0.39062500
Batch [200/704] training loss = 1.62394881, training pgd_acc = 0.37500000
Batch [400/704] training loss = 1.62609148, training pgd_acc = 0.39062500
Batch [600/704] training loss = 1.76020122, training pgd_acc = 0.31250000
Valid Test with PGD
Evaluating with pgd untargeted attack,eps=0.031373, iters=10, attack_steps=0.007843
Clean accuracy: 58.20% (2910/5000)
Adversarial accuracy: 34.22% (1711/5000)
Epoch [11/100], Passed time:[308.242/3390.658]
learning rate: 0.1
Train with PGD
Batch [0/704] training loss = 1.71485937, training pgd_acc = 0.31250000
Batch [200/704] training loss = 1.58935761, training pgd_acc = 0.40625000
Batch [400/704] training loss = 1.66139162, training pgd_acc = 0.39062500
Batch [600/704] training loss = 1.59818459, training pgd_acc = 0.37500000
Valid Test with PGD
Evaluating with pgd untargeted attack,eps=0.031373, iters=10, attack_steps=0.007843
Clean accuracy: 59.82% (2991/5000)
Adversarial accuracy: 33.50% (1675/5000)
Epoch [12/100], Passed time:[307.996/3695.950]
learning rate: 0.1
Train with PGD
Batch [0/704] training loss = 1.64090908, training pgd_acc = 0.39062500
Batch [200/704] training loss = 1.73160529, training pgd_acc = 0.34375000
Batch [400/704] training loss = 1.89692342, training pgd_acc = 0.29687500
Batch [600/704] training loss = 1.52287531, training pgd_acc = 0.48437500
Valid Test with PGD
Evaluating with pgd untargeted attack,eps=0.031373, iters=10, attack_steps=0.007843
Clean accuracy: 60.76% (3038/5000)
Adversarial accuracy: 33.80% (1690/5000)
Epoch [13/100], Passed time:[307.786/4001.217]
learning rate: 0.1
Train with PGD
Batch [0/704] training loss = 1.58902574, training pgd_acc = 0.45312500
Batch [200/704] training loss = 1.68190181, training pgd_acc = 0.35937500
Batch [400/704] training loss = 1.60926330, training pgd_acc = 0.34375000
Batch [600/704] training loss = 1.66172814, training pgd_acc = 0.32812500
Valid Test with PGD
Evaluating with pgd untargeted attack,eps=0.031373, iters=10, attack_steps=0.007843
Clean accuracy: 55.02% (2751/5000)
Adversarial accuracy: 34.12% (1706/5000)
Epoch [14/100], Passed time:[308.054/4312.760]
learning rate: 0.1
Train with PGD
Batch [0/704] training loss = 1.59291124, training pgd_acc = 0.43750000
Batch [200/704] training loss = 1.70582938, training pgd_acc = 0.50000000
Batch [400/704] training loss = 1.61868608, training pgd_acc = 0.39062500
Batch [600/704] training loss = 1.61795092, training pgd_acc = 0.35937500
Valid Test with PGD
Evaluating with pgd untargeted attack,eps=0.031373, iters=10, attack_steps=0.007843
Clean accuracy: 61.48% (3074/5000)
Adversarial accuracy: 38.02% (1901/5000)
Epoch [15/100], Passed time:[308.726/4630.893]
learning rate: 0.1
Train with PGD
Batch [0/704] training loss = 1.51117110, training pgd_acc = 0.45312500
Batch [200/704] training loss = 1.56324828, training pgd_acc = 0.39062500
Batch [400/704] training loss = 1.62746239, training pgd_acc = 0.37500000
Batch [600/704] training loss = 1.70560646, training pgd_acc = 0.32812500
Valid Test with PGD
Evaluating with pgd untargeted attack,eps=0.031373, iters=10, attack_steps=0.007843
Clean accuracy: 66.20% (3310/5000)
Adversarial accuracy: 37.78% (1889/5000)
Epoch [16/100], Passed time:[309.386/4950.173]
learning rate: 0.1
Train with PGD
Batch [0/704] training loss = 1.48962593, training pgd_acc = 0.39062500
Batch [200/704] training loss = 1.92788672, training pgd_acc = 0.21875000
Batch [400/704] training loss = 1.54408777, training pgd_acc = 0.39062500
Batch [600/704] training loss = 1.48490405, training pgd_acc = 0.45312500
Valid Test with PGD
Evaluating with pgd untargeted attack,eps=0.031373, iters=10, attack_steps=0.007843
Clean accuracy: 63.36% (3168/5000)
Adversarial accuracy: 36.96% (1848/5000)
Epoch [17/100], Passed time:[309.679/5264.550]
learning rate: 0.1
Train with PGD
Batch [0/704] training loss = 1.49933207, training pgd_acc = 0.48437500
Batch [200/704] training loss = 1.52291811, training pgd_acc = 0.40625000
Batch [400/704] training loss = 1.44550991, training pgd_acc = 0.46875000
Batch [600/704] training loss = 1.77798450, training pgd_acc = 0.29687500
Valid Test with PGD
Evaluating with pgd untargeted attack,eps=0.031373, iters=10, attack_steps=0.007843
Clean accuracy: 63.56% (3178/5000)
Adversarial accuracy: 38.92% (1946/5000)
Epoch [18/100], Passed time:[309.840/5577.127]
learning rate: 0.1
Train with PGD
Batch [0/704] training loss = 1.89998293, training pgd_acc = 0.26562500
Batch [200/704] training loss = 1.36528492, training pgd_acc = 0.51562500
Batch [400/704] training loss = 1.51481318, training pgd_acc = 0.48437500
Batch [600/704] training loss = 1.82682610, training pgd_acc = 0.31250000
Valid Test with PGD
Evaluating with pgd untargeted attack,eps=0.031373, iters=10, attack_steps=0.007843
Clean accuracy: 62.10% (3105/5000)
Adversarial accuracy: 34.18% (1709/5000)
Epoch [19/100], Passed time:[310.107/5892.030]
learning rate: 0.1
Train with PGD
Batch [0/704] training loss = 1.49529386, training pgd_acc = 0.43750000
Batch [200/704] training loss = 1.49302530, training pgd_acc = 0.37500000
Batch [400/704] training loss = 1.62132025, training pgd_acc = 0.35937500
Batch [600/704] training loss = 1.58044076, training pgd_acc = 0.40625000
Valid Test with PGD
Evaluating with pgd untargeted attack,eps=0.031373, iters=10, attack_steps=0.007843
Clean accuracy: 65.64% (3282/5000)
Adversarial accuracy: 38.44% (1922/5000)
Epoch [20/100], Passed time:[310.212/6204.245]
learning rate: 0.1
Train with PGD
Batch [0/704] training loss = 1.54999852, training pgd_acc = 0.39062500
Batch [200/704] training loss = 1.67672694, training pgd_acc = 0.39062500
Batch [400/704] training loss = 1.79423511, training pgd_acc = 0.32812500
Batch [600/704] training loss = 1.60974967, training pgd_acc = 0.34375000
Valid Test with PGD
Evaluating with pgd untargeted attack,eps=0.031373, iters=10, attack_steps=0.007843
Clean accuracy: 64.64% (3232/5000)
Adversarial accuracy: 39.94% (1997/5000)
Epoch [21/100], Passed time:[310.322/6516.767]
learning rate: 0.1
Train with PGD
Batch [0/704] training loss = 1.51303577, training pgd_acc = 0.37500000
Batch [200/704] training loss = 1.50250816, training pgd_acc = 0.35937500
Batch [400/704] training loss = 1.47143579, training pgd_acc = 0.32812500
Batch [600/704] training loss = 1.52868581, training pgd_acc = 0.45312500
Valid Test with PGD
Evaluating with pgd untargeted attack,eps=0.031373, iters=10, attack_steps=0.007843
Clean accuracy: 67.90% (3395/5000)
Adversarial accuracy: 39.32% (1966/5000)
Epoch [22/100], Passed time:[310.404/6828.895]
learning rate: 0.1
Train with PGD
Batch [0/704] training loss = 1.42129266, training pgd_acc = 0.48437500
Batch [200/704] training loss = 1.54774201, training pgd_acc = 0.42187500
Batch [400/704] training loss = 1.54816091, training pgd_acc = 0.42187500
Batch [600/704] training loss = 1.43051445, training pgd_acc = 0.48437500
Valid Test with PGD
Evaluating with pgd untargeted attack,eps=0.031373, iters=10, attack_steps=0.007843
Clean accuracy: 64.50% (3225/5000)
Adversarial accuracy: 39.92% (1996/5000)
Epoch [23/100], Passed time:[310.493/7141.329]
learning rate: 0.1
Train with PGD
Batch [0/704] training loss = 1.46847761, training pgd_acc = 0.35937500
Batch [200/704] training loss = 1.58770049, training pgd_acc = 0.37500000
Batch [400/704] training loss = 1.70819855, training pgd_acc = 0.35937500
Batch [600/704] training loss = 1.61394167, training pgd_acc = 0.43750000
Valid Test with PGD
Evaluating with pgd untargeted attack,eps=0.031373, iters=10, attack_steps=0.007843
Clean accuracy: 64.28% (3214/5000)
Adversarial accuracy: 37.88% (1894/5000)
Epoch [24/100], Passed time:[310.572/7453.732]
learning rate: 0.1
Train with PGD
Batch [0/704] training loss = 1.45163655, training pgd_acc = 0.48437500
Batch [200/704] training loss = 1.96083188, training pgd_acc = 0.26562500
Batch [400/704] training loss = 1.73398530, training pgd_acc = 0.29687500
Batch [600/704] training loss = 1.51502609, training pgd_acc = 0.35937500
Valid Test with PGD
Evaluating with pgd untargeted attack,eps=0.031373, iters=10, attack_steps=0.007843
Clean accuracy: 66.16% (3308/5000)
Adversarial accuracy: 37.44% (1872/5000)
Epoch [25/100], Passed time:[310.650/7766.249]
learning rate: 0.1
Train with PGD
Batch [0/704] training loss = 1.38037479, training pgd_acc = 0.46875000
Batch [200/704] training loss = 1.44601631, training pgd_acc = 0.45312500
Batch [400/704] training loss = 1.52254617, training pgd_acc = 0.40625000
Batch [600/704] training loss = 1.79517388, training pgd_acc = 0.32812500
Valid Test with PGD
Evaluating with pgd untargeted attack,eps=0.031373, iters=10, attack_steps=0.007843
Clean accuracy: 67.62% (3381/5000)
Adversarial accuracy: 39.24% (1962/5000)
Epoch [26/100], Passed time:[310.690/8077.938]
learning rate: 0.1
Train with PGD
Batch [0/704] training loss = 1.38880122, training pgd_acc = 0.43750000
Batch [200/704] training loss = 1.39806461, training pgd_acc = 0.51562500
Batch [400/704] training loss = 1.80864000, training pgd_acc = 0.34375000
Batch [600/704] training loss = 1.57240379, training pgd_acc = 0.37500000
Valid Test with PGD
Evaluating with pgd untargeted attack,eps=0.031373, iters=10, attack_steps=0.007843
Clean accuracy: 65.56% (3278/5000)
Adversarial accuracy: 37.52% (1876/5000)
Epoch [27/100], Passed time:[310.756/8390.401]
learning rate: 0.1
Train with PGD
Batch [0/704] training loss = 1.51920307, training pgd_acc = 0.35937500
Batch [200/704] training loss = 1.35961676, training pgd_acc = 0.45312500
Batch [400/704] training loss = 1.45508659, training pgd_acc = 0.48437500
Batch [600/704] training loss = 1.44002914, training pgd_acc = 0.50000000
Valid Test with PGD
Evaluating with pgd untargeted attack,eps=0.031373, iters=10, attack_steps=0.007843
Clean accuracy: 66.42% (3321/5000)
Adversarial accuracy: 39.50% (1975/5000)
Epoch [28/100], Passed time:[310.807/8702.586]
learning rate: 0.1
Train with PGD
Batch [0/704] training loss = 1.57055521, training pgd_acc = 0.34375000
Batch [200/704] training loss = 1.45452094, training pgd_acc = 0.48437500
Batch [400/704] training loss = 1.47885001, training pgd_acc = 0.43750000
Batch [600/704] training loss = 1.41912174, training pgd_acc = 0.53125000
Valid Test with PGD
Evaluating with pgd untargeted attack,eps=0.031373, iters=10, attack_steps=0.007843
Clean accuracy: 68.00% (3400/5000)
Adversarial accuracy: 38.88% (1944/5000)
Epoch [29/100], Passed time:[310.905/9016.244]
learning rate: 0.1
Train with PGD
Batch [0/704] training loss = 1.52573979, training pgd_acc = 0.45312500
Batch [200/704] training loss = 1.66246545, training pgd_acc = 0.37500000
Batch [400/704] training loss = 1.46719658, training pgd_acc = 0.43750000
Batch [600/704] training loss = 1.92873168, training pgd_acc = 0.32812500
Valid Test with PGD
Evaluating with pgd untargeted attack,eps=0.031373, iters=10, attack_steps=0.007843
Clean accuracy: 69.22% (3461/5000)
Adversarial accuracy: 41.94% (2097/5000)
Epoch [30/100], Passed time:[310.941/9328.241]
learning rate: 0.1
Train with PGD
Batch [0/704] training loss = 1.58866262, training pgd_acc = 0.42187500
Batch [200/704] training loss = 1.45488846, training pgd_acc = 0.50000000
Batch [400/704] training loss = 1.54077411, training pgd_acc = 0.43750000
Batch [600/704] training loss = 1.26257956, training pgd_acc = 0.53125000
Valid Test with PGD
Evaluating with pgd untargeted attack,eps=0.031373, iters=10, attack_steps=0.007843
Clean accuracy: 69.16% (3458/5000)
Adversarial accuracy: 38.02% (1901/5000)
Epoch [31/100], Passed time:[310.958/9639.694]
learning rate: 0.1
Train with PGD
Batch [0/704] training loss = 1.70663130, training pgd_acc = 0.29687500
Batch [200/704] training loss = 1.68607652, training pgd_acc = 0.34375000
Batch [400/704] training loss = 1.78774941, training pgd_acc = 0.37500000
Batch [600/704] training loss = 1.88839924, training pgd_acc = 0.32812500
Valid Test with PGD
Evaluating with pgd untargeted attack,eps=0.031373, iters=10, attack_steps=0.007843
Clean accuracy: 67.28% (3364/5000)
Adversarial accuracy: 39.12% (1956/5000)
Epoch [32/100], Passed time:[311.055/9953.768]
learning rate: 0.1
Train with PGD
Batch [0/704] training loss = 1.57508361, training pgd_acc = 0.39062500
Batch [200/704] training loss = 1.70456445, training pgd_acc = 0.21875000
Batch [400/704] training loss = 1.59544504, training pgd_acc = 0.46875000
Batch [600/704] training loss = 1.40329158, training pgd_acc = 0.51562500
Valid Test with PGD
Evaluating with pgd untargeted attack,eps=0.031373, iters=10, attack_steps=0.007843
Clean accuracy: 69.66% (3483/5000)
Adversarial accuracy: 39.40% (1970/5000)
Epoch [33/100], Passed time:[311.220/10270.265]
learning rate: 0.1
Train with PGD
Batch [0/704] training loss = 1.31842148, training pgd_acc = 0.53125000
Batch [200/704] training loss = 1.46008682, training pgd_acc = 0.37500000
Batch [400/704] training loss = 1.68158996, training pgd_acc = 0.29687500
Batch [600/704] training loss = 1.53782427, training pgd_acc = 0.31250000
Valid Test with PGD
Evaluating with pgd untargeted attack,eps=0.031373, iters=10, attack_steps=0.007843
Clean accuracy: 64.84% (3242/5000)
Adversarial accuracy: 37.16% (1858/5000)
Epoch [34/100], Passed time:[311.417/10588.189]
learning rate: 0.1
Train with PGD
Batch [0/704] training loss = 1.53941512, training pgd_acc = 0.50000000
Batch [200/704] training loss = 1.34472954, training pgd_acc = 0.56250000
Batch [400/704] training loss = 1.39851439, training pgd_acc = 0.42187500
Batch [600/704] training loss = 1.64626026, training pgd_acc = 0.31250000
Valid Test with PGD
Evaluating with pgd untargeted attack,eps=0.031373, iters=10, attack_steps=0.007843
Clean accuracy: 68.06% (3403/5000)
Adversarial accuracy: 40.32% (2016/5000)
Epoch [35/100], Passed time:[311.471/10901.502]
learning rate: 0.1
Train with PGD
Batch [0/704] training loss = 1.73539627, training pgd_acc = 0.35937500
Batch [200/704] training loss = 1.56574488, training pgd_acc = 0.43750000
Batch [400/704] training loss = 1.39209020, training pgd_acc = 0.53125000
Batch [600/704] training loss = 1.73180056, training pgd_acc = 0.32812500
Valid Test with PGD
Evaluating with pgd untargeted attack,eps=0.031373, iters=10, attack_steps=0.007843
Clean accuracy: 67.34% (3367/5000)
Adversarial accuracy: 40.34% (2017/5000)
Epoch [36/100], Passed time:[311.628/11218.606]
learning rate: 0.1
Train with PGD
Batch [0/704] training loss = 1.48410046, training pgd_acc = 0.46875000
Batch [200/704] training loss = 1.55048847, training pgd_acc = 0.43750000
Batch [400/704] training loss = 1.68317652, training pgd_acc = 0.35937500
Batch [600/704] training loss = 1.31733656, training pgd_acc = 0.50000000
Valid Test with PGD
Evaluating with pgd untargeted attack,eps=0.031373, iters=10, attack_steps=0.007843
Clean accuracy: 66.06% (3303/5000)
Adversarial accuracy: 40.02% (2001/5000)
Epoch [37/100], Passed time:[311.939/11541.757]
learning rate: 0.1
Train with PGD
Batch [0/704] training loss = 1.14869893, training pgd_acc = 0.62500000
Batch [200/704] training loss = 1.44779849, training pgd_acc = 0.39062500
Batch [400/704] training loss = 1.43317068, training pgd_acc = 0.48437500
Batch [600/704] training loss = 1.47752726, training pgd_acc = 0.43750000
Valid Test with PGD
Evaluating with pgd untargeted attack,eps=0.031373, iters=10, attack_steps=0.007843
Clean accuracy: 65.96% (3298/5000)
Adversarial accuracy: 40.20% (2010/5000)
Epoch [38/100], Passed time:[312.006/11856.215]
learning rate: 0.1
Train with PGD
Batch [0/704] training loss = 1.54723847, training pgd_acc = 0.42187500
Batch [200/704] training loss = 1.46738172, training pgd_acc = 0.46875000
Batch [400/704] training loss = 1.50973475, training pgd_acc = 0.39062500
Batch [600/704] training loss = 1.48135829, training pgd_acc = 0.40625000
Valid Test with PGD
Evaluating with pgd untargeted attack,eps=0.031373, iters=10, attack_steps=0.007843
Clean accuracy: 68.02% (3401/5000)
Adversarial accuracy: 41.64% (2082/5000)
Epoch [39/100], Passed time:[312.626/12192.424]
learning rate: 0.1
Train with PGD
Batch [0/704] training loss = 1.63563037, training pgd_acc = 0.40625000
Batch [200/704] training loss = 1.28239512, training pgd_acc = 0.50000000
Batch [400/704] training loss = 1.36048293, training pgd_acc = 0.50000000
Batch [600/704] training loss = 1.37592041, training pgd_acc = 0.51562500
Valid Test with PGD
Evaluating with pgd untargeted attack,eps=0.031373, iters=10, attack_steps=0.007843
Clean accuracy: 70.36% (3518/5000)
Adversarial accuracy: 39.20% (1960/5000)
Epoch [40/100], Passed time:[313.248/12529.929]
learning rate: 0.1
Train with PGD
Batch [0/704] training loss = 1.49937963, training pgd_acc = 0.45312500
Batch [200/704] training loss = 1.23811078, training pgd_acc = 0.57812500
Batch [400/704] training loss = 1.39788008, training pgd_acc = 0.54687500
Batch [600/704] training loss = 1.74907815, training pgd_acc = 0.31250000
Valid Test with PGD
Evaluating with pgd untargeted attack,eps=0.031373, iters=10, attack_steps=0.007843
Clean accuracy: 65.62% (3281/5000)
Adversarial accuracy: 37.02% (1851/5000)
Epoch [41/100], Passed time:[313.734/12863.111]
learning rate: 0.1
Train with PGD
Batch [0/704] training loss = 1.31997287, training pgd_acc = 0.51562500
Batch [200/704] training loss = 1.62972772, training pgd_acc = 0.35937500
Batch [400/704] training loss = 1.42823672, training pgd_acc = 0.45312500
Batch [600/704] training loss = 1.41807020, training pgd_acc = 0.46875000
Valid Test with PGD
Evaluating with pgd untargeted attack,eps=0.031373, iters=10, attack_steps=0.007843
Clean accuracy: 66.68% (3334/5000)
Adversarial accuracy: 39.48% (1974/5000)
Epoch [42/100], Passed time:[314.161/13194.762]
learning rate: 0.1
Train with PGD
Batch [0/704] training loss = 1.41144681, training pgd_acc = 0.43750000
Batch [200/704] training loss = 1.48839939, training pgd_acc = 0.35937500
Batch [400/704] training loss = 1.35395837, training pgd_acc = 0.53125000
Batch [600/704] training loss = 1.67246056, training pgd_acc = 0.32812500
Valid Test with PGD
Evaluating with pgd untargeted attack,eps=0.031373, iters=10, attack_steps=0.007843
Clean accuracy: 69.78% (3489/5000)
Adversarial accuracy: 41.34% (2067/5000)
Epoch [43/100], Passed time:[314.495/13523.301]
learning rate: 0.1
Train with PGD
Batch [0/704] training loss = 1.38410008, training pgd_acc = 0.50000000
Batch [200/704] training loss = 1.43281317, training pgd_acc = 0.45312500
Batch [400/704] training loss = 1.58447909, training pgd_acc = 0.39062500
Batch [600/704] training loss = 1.37527955, training pgd_acc = 0.42187500
Valid Test with PGD
Evaluating with pgd untargeted attack,eps=0.031373, iters=10, attack_steps=0.007843
Clean accuracy: 70.00% (3500/5000)
Adversarial accuracy: 41.00% (2050/5000)
Epoch [44/100], Passed time:[314.828/13852.454]
learning rate: 0.1
Train with PGD
Batch [0/704] training loss = 1.40334451, training pgd_acc = 0.51562500
Batch [200/704] training loss = 1.27435756, training pgd_acc = 0.56250000
Batch [400/704] training loss = 1.60994625, training pgd_acc = 0.42187500
Batch [600/704] training loss = 1.41375399, training pgd_acc = 0.56250000
Valid Test with PGD
Evaluating with pgd untargeted attack,eps=0.031373, iters=10, attack_steps=0.007843
Clean accuracy: 70.76% (3538/5000)
Adversarial accuracy: 40.96% (2048/5000)
Epoch [45/100], Passed time:[315.147/14181.633]
learning rate: 0.1
Train with PGD
Batch [0/704] training loss = 1.29935420, training pgd_acc = 0.57812500
Batch [200/704] training loss = 1.48848677, training pgd_acc = 0.45312500
Batch [400/704] training loss = 1.33737671, training pgd_acc = 0.45312500
Batch [600/704] training loss = 1.37622130, training pgd_acc = 0.46875000
Valid Test with PGD
Evaluating with pgd untargeted attack,eps=0.031373, iters=10, attack_steps=0.007843
Clean accuracy: 69.04% (3452/5000)
Adversarial accuracy: 40.34% (2017/5000)
Epoch [46/100], Passed time:[315.440/14510.240]
learning rate: 0.1
Train with PGD
Batch [0/704] training loss = 1.44718778, training pgd_acc = 0.43750000
Batch [200/704] training loss = 1.51774025, training pgd_acc = 0.45312500
Batch [400/704] training loss = 1.30869174, training pgd_acc = 0.53125000
Batch [600/704] training loss = 1.36736298, training pgd_acc = 0.51562500
Valid Test with PGD
Evaluating with pgd untargeted attack,eps=0.031373, iters=10, attack_steps=0.007843
Clean accuracy: 71.30% (3565/5000)
Adversarial accuracy: 41.68% (2084/5000)
Epoch [47/100], Passed time:[315.734/14839.500]
learning rate: 0.1
Train with PGD
Batch [0/704] training loss = 1.71938729, training pgd_acc = 0.29687500
Batch [200/704] training loss = 1.49668443, training pgd_acc = 0.46875000
Batch [400/704] training loss = 1.44678640, training pgd_acc = 0.42187500
Batch [600/704] training loss = 1.48706651, training pgd_acc = 0.39062500
Valid Test with PGD
Evaluating with pgd untargeted attack,eps=0.031373, iters=10, attack_steps=0.007843
Clean accuracy: 70.34% (3517/5000)
Adversarial accuracy: 40.24% (2012/5000)
Epoch [48/100], Passed time:[316.011/15168.510]
learning rate: 0.1
Train with PGD
Batch [0/704] training loss = 1.68780124, training pgd_acc = 0.39062500
Batch [200/704] training loss = 1.32712162, training pgd_acc = 0.48437500
Batch [400/704] training loss = 1.54712975, training pgd_acc = 0.42187500
Batch [600/704] training loss = 1.38230813, training pgd_acc = 0.48437500
Valid Test with PGD
Evaluating with pgd untargeted attack,eps=0.031373, iters=10, attack_steps=0.007843
Clean accuracy: 70.24% (3512/5000)
Adversarial accuracy: 39.46% (1973/5000)
Epoch [49/100], Passed time:[316.245/15496.024]
learning rate: 0.1
Train with PGD
Batch [0/704] training loss = 1.57019043, training pgd_acc = 0.39062500
Batch [200/704] training loss = 1.53402627, training pgd_acc = 0.50000000
Batch [400/704] training loss = 1.49398661, training pgd_acc = 0.46875000
Batch [600/704] training loss = 1.46830010, training pgd_acc = 0.46875000
Valid Test with PGD
Evaluating with pgd untargeted attack,eps=0.031373, iters=10, attack_steps=0.007843
Clean accuracy: 73.80% (3690/5000)
Adversarial accuracy: 41.46% (2073/5000)
Epoch [50/100], Passed time:[316.494/15824.687]
learning rate: 0.010000000000000002
Train with PGD
Batch [0/704] training loss = 1.28848481, training pgd_acc = 0.56250000
Batch [200/704] training loss = 1.30446124, training pgd_acc = 0.42187500
Batch [400/704] training loss = 1.13799679, training pgd_acc = 0.50000000
Batch [600/704] training loss = 1.30548239, training pgd_acc = 0.60937500
Valid Test with PGD
Evaluating with pgd untargeted attack,eps=0.031373, iters=10, attack_steps=0.007843
Clean accuracy: 76.86% (3843/5000)
Adversarial accuracy: 46.68% (2334/5000)
Epoch [51/100], Passed time:[316.740/16153.762]
learning rate: 0.010000000000000002
Train with PGD
Batch [0/704] training loss = 1.39875686, training pgd_acc = 0.45312500
Batch [200/704] training loss = 1.10817683, training pgd_acc = 0.62500000
Batch [400/704] training loss = 1.09832728, training pgd_acc = 0.60937500
Batch [600/704] training loss = 1.23165786, training pgd_acc = 0.57812500
Valid Test with PGD
Evaluating with pgd untargeted attack,eps=0.031373, iters=10, attack_steps=0.007843
Clean accuracy: 77.30% (3865/5000)
Adversarial accuracy: 47.76% (2388/5000)
Epoch [52/100], Passed time:[316.975/16482.718]
learning rate: 0.010000000000000002
Train with PGD
Batch [0/704] training loss = 1.25820625, training pgd_acc = 0.53125000
Batch [200/704] training loss = 1.27255523, training pgd_acc = 0.51562500
Batch [400/704] training loss = 1.33648455, training pgd_acc = 0.51562500
Batch [600/704] training loss = 1.16041088, training pgd_acc = 0.59375000
Valid Test with PGD
Evaluating with pgd untargeted attack,eps=0.031373, iters=10, attack_steps=0.007843
Clean accuracy: 77.46% (3873/5000)
Adversarial accuracy: 47.56% (2378/5000)
Epoch [53/100], Passed time:[317.180/16810.538]
learning rate: 0.010000000000000002
Train with PGD
Batch [0/704] training loss = 1.20200181, training pgd_acc = 0.56250000
Batch [200/704] training loss = 1.15786183, training pgd_acc = 0.51562500
Batch [400/704] training loss = 1.32078063, training pgd_acc = 0.46875000
Batch [600/704] training loss = 1.43625915, training pgd_acc = 0.42187500
Valid Test with PGD
Evaluating with pgd untargeted attack,eps=0.031373, iters=10, attack_steps=0.007843
Clean accuracy: 77.94% (3897/5000)
Adversarial accuracy: 46.82% (2341/5000)
Epoch [54/100], Passed time:[317.397/17139.415]
learning rate: 0.010000000000000002
Train with PGD
Batch [0/704] training loss = 1.29935610, training pgd_acc = 0.59375000
Batch [200/704] training loss = 1.30581284, training pgd_acc = 0.45312500
Batch [400/704] training loss = 1.26640975, training pgd_acc = 0.54687500
Batch [600/704] training loss = 1.20046246, training pgd_acc = 0.54687500
Valid Test with PGD
Evaluating with pgd untargeted attack,eps=0.031373, iters=10, attack_steps=0.007843
Clean accuracy: 78.10% (3905/5000)
Adversarial accuracy: 47.04% (2352/5000)
Epoch [55/100], Passed time:[317.617/17468.957]
learning rate: 0.010000000000000002
Train with PGD
Batch [0/704] training loss = 1.14829862, training pgd_acc = 0.53125000
Batch [200/704] training loss = 1.43529570, training pgd_acc = 0.48437500
Batch [400/704] training loss = 1.22124779, training pgd_acc = 0.53125000
Batch [600/704] training loss = 1.05780423, training pgd_acc = 0.56250000
Valid Test with PGD
Evaluating with pgd untargeted attack,eps=0.031373, iters=10, attack_steps=0.007843
Clean accuracy: 78.60% (3930/5000)
Adversarial accuracy: 47.42% (2371/5000)
Epoch [56/100], Passed time:[317.811/17797.414]
learning rate: 0.010000000000000002
Train with PGD
Batch [0/704] training loss = 1.11509538, training pgd_acc = 0.57812500
Batch [200/704] training loss = 1.05808234, training pgd_acc = 0.60937500
Batch [400/704] training loss = 1.18954229, training pgd_acc = 0.56250000
Batch [600/704] training loss = 1.15154433, training pgd_acc = 0.56250000
Valid Test with PGD
Evaluating with pgd untargeted attack,eps=0.031373, iters=10, attack_steps=0.007843
Clean accuracy: 78.56% (3928/5000)
Adversarial accuracy: 47.24% (2362/5000)
Epoch [57/100], Passed time:[317.995/18125.738]
learning rate: 0.010000000000000002
Train with PGD
Batch [0/704] training loss = 1.10593045, training pgd_acc = 0.57812500
Batch [200/704] training loss = 1.37232745, training pgd_acc = 0.37500000
Batch [400/704] training loss = 1.30913484, training pgd_acc = 0.51562500
Batch [600/704] training loss = 1.06595957, training pgd_acc = 0.57812500
Valid Test with PGD
Evaluating with pgd untargeted attack,eps=0.031373, iters=10, attack_steps=0.007843
Clean accuracy: 78.08% (3904/5000)
Adversarial accuracy: 47.86% (2393/5000)
Epoch [58/100], Passed time:[318.181/18454.496]
learning rate: 0.010000000000000002
Train with PGD
Batch [0/704] training loss = 1.29899693, training pgd_acc = 0.46875000
Batch [200/704] training loss = 1.34616423, training pgd_acc = 0.51562500
Batch [400/704] training loss = 1.21387291, training pgd_acc = 0.57812500
Batch [600/704] training loss = 1.10550070, training pgd_acc = 0.54687500
Valid Test with PGD
Evaluating with pgd untargeted attack,eps=0.031373, iters=10, attack_steps=0.007843
Clean accuracy: 78.22% (3911/5000)
Adversarial accuracy: 47.46% (2373/5000)
Epoch [59/100], Passed time:[318.360/18783.230]
learning rate: 0.010000000000000002
Train with PGD
Batch [0/704] training loss = 1.24982524, training pgd_acc = 0.53125000
Batch [200/704] training loss = 1.08687389, training pgd_acc = 0.62500000
Batch [400/704] training loss = 1.10476863, training pgd_acc = 0.56250000
Batch [600/704] training loss = 1.13982260, training pgd_acc = 0.56250000
Valid Test with PGD
Evaluating with pgd untargeted attack,eps=0.031373, iters=10, attack_steps=0.007843
Clean accuracy: 78.54% (3927/5000)
Adversarial accuracy: 47.04% (2352/5000)
Epoch [60/100], Passed time:[318.515/19110.871]
learning rate: 0.010000000000000002
Train with PGD
Batch [0/704] training loss = 1.50826895, training pgd_acc = 0.40625000
Batch [200/704] training loss = 1.17345202, training pgd_acc = 0.54687500
Batch [400/704] training loss = 1.47897840, training pgd_acc = 0.42187500
Batch [600/704] training loss = 1.18493927, training pgd_acc = 0.51562500
Valid Test with PGD
Evaluating with pgd untargeted attack,eps=0.031373, iters=10, attack_steps=0.007843
Clean accuracy: 77.60% (3880/5000)
Adversarial accuracy: 47.24% (2362/5000)
Epoch [61/100], Passed time:[318.678/19439.340]
learning rate: 0.010000000000000002
Train with PGD
Batch [0/704] training loss = 1.08965850, training pgd_acc = 0.54687500
Batch [200/704] training loss = 1.34621525, training pgd_acc = 0.48437500
Batch [400/704] training loss = 1.30827534, training pgd_acc = 0.46875000
Batch [600/704] training loss = 1.04198050, training pgd_acc = 0.67187500
Valid Test with PGD
Evaluating with pgd untargeted attack,eps=0.031373, iters=10, attack_steps=0.007843
Clean accuracy: 78.14% (3907/5000)
Adversarial accuracy: 47.22% (2361/5000)
Epoch [62/100], Passed time:[318.833/19767.676]
learning rate: 0.010000000000000002
Train with PGD
Batch [0/704] training loss = 1.36585009, training pgd_acc = 0.50000000
Batch [200/704] training loss = 1.05325270, training pgd_acc = 0.64062500
Batch [400/704] training loss = 1.19186258, training pgd_acc = 0.53125000
Batch [600/704] training loss = 1.12987435, training pgd_acc = 0.51562500
Valid Test with PGD
Evaluating with pgd untargeted attack,eps=0.031373, iters=10, attack_steps=0.007843
Clean accuracy: 77.14% (3857/5000)
Adversarial accuracy: 47.00% (2350/5000)
Epoch [63/100], Passed time:[318.976/20095.498]
learning rate: 0.010000000000000002
Train with PGD
Batch [0/704] training loss = 1.20125663, training pgd_acc = 0.51562500
Batch [200/704] training loss = 1.15167248, training pgd_acc = 0.53125000
Batch [400/704] training loss = 1.30297744, training pgd_acc = 0.50000000
Batch [600/704] training loss = 1.19593501, training pgd_acc = 0.57812500
Valid Test with PGD
Evaluating with pgd untargeted attack,eps=0.031373, iters=10, attack_steps=0.007843
Clean accuracy: 79.36% (3968/5000)
Adversarial accuracy: 46.96% (2348/5000)
Epoch [64/100], Passed time:[319.126/20424.088]
learning rate: 0.010000000000000002
Train with PGD
Batch [0/704] training loss = 1.04472625, training pgd_acc = 0.59375000
Batch [200/704] training loss = 1.26964939, training pgd_acc = 0.45312500
Batch [400/704] training loss = 1.13456070, training pgd_acc = 0.50000000
Batch [600/704] training loss = 1.14920020, training pgd_acc = 0.59375000
Valid Test with PGD
Evaluating with pgd untargeted attack,eps=0.031373, iters=10, attack_steps=0.007843
Clean accuracy: 78.42% (3921/5000)
Adversarial accuracy: 47.84% (2392/5000)
Epoch [65/100], Passed time:[319.129/20743.364]
learning rate: 0.010000000000000002
Train with PGD
Batch [0/704] training loss = 1.15813136, training pgd_acc = 0.50000000
Batch [200/704] training loss = 1.05116105, training pgd_acc = 0.56250000
Batch [400/704] training loss = 1.16197324, training pgd_acc = 0.54687500
Batch [600/704] training loss = 1.23832905, training pgd_acc = 0.54687500
Valid Test with PGD
Evaluating with pgd untargeted attack,eps=0.031373, iters=10, attack_steps=0.007843
Clean accuracy: 78.40% (3920/5000)
Adversarial accuracy: 46.56% (2328/5000)
Epoch [66/100], Passed time:[318.915/21048.419]
learning rate: 0.010000000000000002
Train with PGD
Batch [0/704] training loss = 0.87668639, training pgd_acc = 0.65625000
Batch [200/704] training loss = 1.27324438, training pgd_acc = 0.51562500
Batch [400/704] training loss = 1.28944600, training pgd_acc = 0.48437500
Batch [600/704] training loss = 1.07700360, training pgd_acc = 0.60937500
Valid Test with PGD
Evaluating with pgd untargeted attack,eps=0.031373, iters=10, attack_steps=0.007843
Clean accuracy: 78.72% (3936/5000)
Adversarial accuracy: 46.22% (2311/5000)
Epoch [67/100], Passed time:[318.747/21356.080]
learning rate: 0.010000000000000002
Train with PGD
Batch [0/704] training loss = 1.02262998, training pgd_acc = 0.60937500
Batch [200/704] training loss = 1.34933984, training pgd_acc = 0.43750000
Batch [400/704] training loss = 0.98770505, training pgd_acc = 0.60937500
Batch [600/704] training loss = 1.33190513, training pgd_acc = 0.46875000
Valid Test with PGD
Evaluating with pgd untargeted attack,eps=0.031373, iters=10, attack_steps=0.007843
Clean accuracy: 78.54% (3927/5000)
Adversarial accuracy: 46.50% (2325/5000)
Epoch [68/100], Passed time:[318.543/21660.952]
learning rate: 0.010000000000000002
Train with PGD
Batch [0/704] training loss = 1.16865849, training pgd_acc = 0.56250000
Batch [200/704] training loss = 0.99160755, training pgd_acc = 0.64062500
Batch [400/704] training loss = 1.10446167, training pgd_acc = 0.59375000
Batch [600/704] training loss = 1.06950474, training pgd_acc = 0.53125000
Valid Test with PGD
Evaluating with pgd untargeted attack,eps=0.031373, iters=10, attack_steps=0.007843
Clean accuracy: 77.74% (3887/5000)
Adversarial accuracy: 46.32% (2316/5000)
Epoch [69/100], Passed time:[318.348/21966.007]
learning rate: 0.010000000000000002
Train with PGD
Batch [0/704] training loss = 1.29293799, training pgd_acc = 0.50000000
Batch [200/704] training loss = 1.16510630, training pgd_acc = 0.59375000
Batch [400/704] training loss = 1.13539040, training pgd_acc = 0.54687500
Batch [600/704] training loss = 1.25012851, training pgd_acc = 0.54687500
Valid Test with PGD
Evaluating with pgd untargeted attack,eps=0.031373, iters=10, attack_steps=0.007843
Clean accuracy: 79.12% (3956/5000)
Adversarial accuracy: 47.00% (2350/5000)
Epoch [70/100], Passed time:[318.151/22270.568]
learning rate: 0.010000000000000002
Train with PGD
Batch [0/704] training loss = 0.94146001, training pgd_acc = 0.64062500
Batch [200/704] training loss = 1.27609301, training pgd_acc = 0.43750000
Batch [400/704] training loss = 1.35145092, training pgd_acc = 0.50000000
Batch [600/704] training loss = 1.29905593, training pgd_acc = 0.57812500
Valid Test with PGD
Evaluating with pgd untargeted attack,eps=0.031373, iters=10, attack_steps=0.007843
Clean accuracy: 78.78% (3939/5000)
Adversarial accuracy: 46.96% (2348/5000)
Epoch [71/100], Passed time:[317.967/22575.637]
learning rate: 0.010000000000000002
Train with PGD
Batch [0/704] training loss = 1.11525786, training pgd_acc = 0.60937500
Batch [200/704] training loss = 1.20939088, training pgd_acc = 0.50000000
Batch [400/704] training loss = 1.22610056, training pgd_acc = 0.51562500
Batch [600/704] training loss = 1.27245939, training pgd_acc = 0.45312500
Valid Test with PGD
Evaluating with pgd untargeted attack,eps=0.031373, iters=10, attack_steps=0.007843
Clean accuracy: 78.36% (3918/5000)
Adversarial accuracy: 45.68% (2284/5000)
Epoch [72/100], Passed time:[317.789/22880.800]
learning rate: 0.010000000000000002
Train with PGD
Batch [0/704] training loss = 1.11163008, training pgd_acc = 0.54687500
Batch [200/704] training loss = 1.12244129, training pgd_acc = 0.59375000
Batch [400/704] training loss = 1.29482853, training pgd_acc = 0.50000000
Batch [600/704] training loss = 1.15244961, training pgd_acc = 0.50000000
Valid Test with PGD
Evaluating with pgd untargeted attack,eps=0.031373, iters=10, attack_steps=0.007843
Clean accuracy: 78.62% (3931/5000)
Adversarial accuracy: 47.34% (2367/5000)
Epoch [73/100], Passed time:[317.616/23185.953]
learning rate: 0.010000000000000002
Train with PGD
Batch [0/704] training loss = 1.05637646, training pgd_acc = 0.64062500
Batch [200/704] training loss = 1.16406071, training pgd_acc = 0.51562500
Batch [400/704] training loss = 1.06398463, training pgd_acc = 0.60937500
Batch [600/704] training loss = 1.12024236, training pgd_acc = 0.50000000
Valid Test with PGD
Evaluating with pgd untargeted attack,eps=0.031373, iters=10, attack_steps=0.007843
Clean accuracy: 79.40% (3970/5000)
Adversarial accuracy: 46.44% (2322/5000)
Epoch [74/100], Passed time:[317.448/23491.115]
learning rate: 0.010000000000000002
Train with PGD
Batch [0/704] training loss = 0.97042644, training pgd_acc = 0.68750000
Batch [200/704] training loss = 1.13745654, training pgd_acc = 0.54687500
Batch [400/704] training loss = 1.13920045, training pgd_acc = 0.53125000
Batch [600/704] training loss = 1.07162011, training pgd_acc = 0.62500000
Valid Test with PGD
Evaluating with pgd untargeted attack,eps=0.031373, iters=10, attack_steps=0.007843
Clean accuracy: 79.00% (3950/5000)
Adversarial accuracy: 46.56% (2328/5000)
Epoch [75/100], Passed time:[317.279/23795.912]
learning rate: 0.0010000000000000002
Train with PGD
Batch [0/704] training loss = 1.35886657, training pgd_acc = 0.51562500
Batch [200/704] training loss = 1.05344272, training pgd_acc = 0.53125000
Batch [400/704] training loss = 1.20279253, training pgd_acc = 0.48437500
Batch [600/704] training loss = 1.12630534, training pgd_acc = 0.60937500
Valid Test with PGD
Evaluating with pgd untargeted attack,eps=0.031373, iters=10, attack_steps=0.007843
Clean accuracy: 79.94% (3997/5000)
Adversarial accuracy: 46.58% (2329/5000)
Epoch [76/100], Passed time:[317.111/24100.425]
learning rate: 0.0010000000000000002
Train with PGD
Batch [0/704] training loss = 0.85448629, training pgd_acc = 0.71875000
Batch [200/704] training loss = 1.24923539, training pgd_acc = 0.56250000
Batch [400/704] training loss = 1.14867711, training pgd_acc = 0.51562500
Batch [600/704] training loss = 1.19057178, training pgd_acc = 0.60937500
Valid Test with PGD
Evaluating with pgd untargeted attack,eps=0.031373, iters=10, attack_steps=0.007843
Clean accuracy: 79.90% (3995/5000)
Adversarial accuracy: 46.48% (2324/5000)
Epoch [77/100], Passed time:[316.950/24405.162]
learning rate: 0.0010000000000000002
Train with PGD
Batch [0/704] training loss = 1.03520250, training pgd_acc = 0.59375000
Batch [200/704] training loss = 0.99266970, training pgd_acc = 0.59375000
Batch [400/704] training loss = 1.20573068, training pgd_acc = 0.57812500
Batch [600/704] training loss = 1.01517034, training pgd_acc = 0.56250000
Valid Test with PGD
Evaluating with pgd untargeted attack,eps=0.031373, iters=10, attack_steps=0.007843
Clean accuracy: 79.72% (3986/5000)
Adversarial accuracy: 46.72% (2336/5000)
Epoch [78/100], Passed time:[316.793/24709.855]
learning rate: 0.0010000000000000002
Train with PGD
Batch [0/704] training loss = 1.09232783, training pgd_acc = 0.60937500
Batch [200/704] training loss = 1.10465288, training pgd_acc = 0.56250000
Batch [400/704] training loss = 1.04684210, training pgd_acc = 0.65625000
Batch [600/704] training loss = 1.07917774, training pgd_acc = 0.46875000
Valid Test with PGD
Evaluating with pgd untargeted attack,eps=0.031373, iters=10, attack_steps=0.007843
Clean accuracy: 80.30% (4015/5000)
Adversarial accuracy: 46.96% (2348/5000)
Epoch [79/100], Passed time:[316.623/25013.247]
learning rate: 0.0010000000000000002
Train with PGD
Batch [0/704] training loss = 1.14833331, training pgd_acc = 0.56250000
Batch [200/704] training loss = 1.13033533, training pgd_acc = 0.64062500
Batch [400/704] training loss = 1.07435691, training pgd_acc = 0.56250000
Batch [600/704] training loss = 1.11257291, training pgd_acc = 0.57812500
Valid Test with PGD
Evaluating with pgd untargeted attack,eps=0.031373, iters=10, attack_steps=0.007843
Clean accuracy: 79.66% (3983/5000)
Adversarial accuracy: 46.92% (2346/5000)
Epoch [80/100], Passed time:[316.452/25316.187]
learning rate: 0.0010000000000000002
Train with PGD
Batch [0/704] training loss = 1.09786510, training pgd_acc = 0.56250000
Batch [200/704] training loss = 1.11543679, training pgd_acc = 0.51562500
Batch [400/704] training loss = 1.04573166, training pgd_acc = 0.60937500
Batch [600/704] training loss = 0.93776166, training pgd_acc = 0.56250000
Valid Test with PGD
Evaluating with pgd untargeted attack,eps=0.031373, iters=10, attack_steps=0.007843
Clean accuracy: 79.60% (3980/5000)
Adversarial accuracy: 46.90% (2345/5000)
Epoch [81/100], Passed time:[316.284/25619.009]
learning rate: 0.0010000000000000002
Train with PGD
Batch [0/704] training loss = 1.09320104, training pgd_acc = 0.54687500
Batch [200/704] training loss = 1.01218975, training pgd_acc = 0.54687500
Batch [400/704] training loss = 0.92898154, training pgd_acc = 0.57812500
Batch [600/704] training loss = 0.86038482, training pgd_acc = 0.64062500
Valid Test with PGD
Evaluating with pgd untargeted attack,eps=0.031373, iters=10, attack_steps=0.007843
Clean accuracy: 79.72% (3986/5000)
Adversarial accuracy: 46.48% (2324/5000)
Epoch [82/100], Passed time:[316.122/25921.999]
learning rate: 0.0010000000000000002
Train with PGD
Batch [0/704] training loss = 1.15090895, training pgd_acc = 0.56250000
Batch [200/704] training loss = 1.07842886, training pgd_acc = 0.57812500
Batch [400/704] training loss = 0.85479623, training pgd_acc = 0.70312500
Batch [600/704] training loss = 1.20604539, training pgd_acc = 0.54687500
Valid Test with PGD
Evaluating with pgd untargeted attack,eps=0.031373, iters=10, attack_steps=0.007843
Clean accuracy: 80.00% (4000/5000)
Adversarial accuracy: 46.72% (2336/5000)
Epoch [83/100], Passed time:[315.962/26224.852]
learning rate: 0.0010000000000000002
Train with PGD
Batch [0/704] training loss = 0.98856050, training pgd_acc = 0.60937500
Batch [200/704] training loss = 1.04293406, training pgd_acc = 0.60937500
Batch [400/704] training loss = 1.12136197, training pgd_acc = 0.51562500
Batch [600/704] training loss = 1.16892469, training pgd_acc = 0.51562500
Valid Test with PGD
Evaluating with pgd untargeted attack,eps=0.031373, iters=10, attack_steps=0.007843
Clean accuracy: 80.46% (4023/5000)
Adversarial accuracy: 46.50% (2325/5000)
Epoch [84/100], Passed time:[315.809/26527.958]
learning rate: 0.0010000000000000002
Train with PGD
Batch [0/704] training loss = 1.08891332, training pgd_acc = 0.50000000
Batch [200/704] training loss = 0.97525674, training pgd_acc = 0.59375000
Batch [400/704] training loss = 1.05946255, training pgd_acc = 0.62500000
Batch [600/704] training loss = 1.00880420, training pgd_acc = 0.59375000
Valid Test with PGD
Evaluating with pgd untargeted attack,eps=0.031373, iters=10, attack_steps=0.007843
Clean accuracy: 79.72% (3986/5000)
Adversarial accuracy: 46.76% (2338/5000)
Epoch [85/100], Passed time:[315.660/26831.062]
learning rate: 0.0010000000000000002
Train with PGD
Batch [0/704] training loss = 0.93247056, training pgd_acc = 0.62500000
Batch [200/704] training loss = 0.93373179, training pgd_acc = 0.62500000
Batch [400/704] training loss = 1.01245344, training pgd_acc = 0.57812500
Batch [600/704] training loss = 0.79468572, training pgd_acc = 0.68750000
Valid Test with PGD
Evaluating with pgd untargeted attack,eps=0.031373, iters=10, attack_steps=0.007843
Clean accuracy: 79.92% (3996/5000)
Adversarial accuracy: 46.42% (2321/5000)
Epoch [86/100], Passed time:[315.514/27134.177]
learning rate: 0.0010000000000000002
Train with PGD
Batch [0/704] training loss = 1.07354319, training pgd_acc = 0.56250000
Batch [200/704] training loss = 1.05581927, training pgd_acc = 0.57812500
Batch [400/704] training loss = 0.97592676, training pgd_acc = 0.68750000
Batch [600/704] training loss = 1.03337324, training pgd_acc = 0.67187500
Valid Test with PGD
Evaluating with pgd untargeted attack,eps=0.031373, iters=10, attack_steps=0.007843
Clean accuracy: 80.04% (4002/5000)
Adversarial accuracy: 46.82% (2341/5000)
Epoch [87/100], Passed time:[315.370/27437.153]
learning rate: 0.0010000000000000002
Train with PGD
Batch [0/704] training loss = 1.02498353, training pgd_acc = 0.56250000
Batch [200/704] training loss = 1.07588899, training pgd_acc = 0.59375000
Batch [400/704] training loss = 0.94023281, training pgd_acc = 0.56250000
Batch [600/704] training loss = 0.93797708, training pgd_acc = 0.64062500
Valid Test with PGD
Evaluating with pgd untargeted attack,eps=0.031373, iters=10, attack_steps=0.007843
Clean accuracy: 80.70% (4035/5000)
Adversarial accuracy: 46.82% (2341/5000)
Epoch [88/100], Passed time:[315.229/27740.158]
learning rate: 0.0010000000000000002
Train with PGD
Batch [0/704] training loss = 0.85155445, training pgd_acc = 0.65625000
Batch [200/704] training loss = 1.02432954, training pgd_acc = 0.56250000
Batch [400/704] training loss = 1.20779943, training pgd_acc = 0.51562500
Batch [600/704] training loss = 0.94324052, training pgd_acc = 0.67187500
Valid Test with PGD
Evaluating with pgd untargeted attack,eps=0.031373, iters=10, attack_steps=0.007843
Clean accuracy: 80.00% (4000/5000)
Adversarial accuracy: 46.68% (2334/5000)
Epoch [89/100], Passed time:[315.090/28042.992]
learning rate: 0.0010000000000000002
Train with PGD
Batch [0/704] training loss = 0.88434345, training pgd_acc = 0.65625000
Batch [200/704] training loss = 1.01522470, training pgd_acc = 0.62500000
Batch [400/704] training loss = 1.01178718, training pgd_acc = 0.57812500
Batch [600/704] training loss = 0.96818900, training pgd_acc = 0.56250000
Valid Test with PGD
Evaluating with pgd untargeted attack,eps=0.031373, iters=10, attack_steps=0.007843
Clean accuracy: 80.30% (4015/5000)
Adversarial accuracy: 46.32% (2316/5000)
Epoch [90/100], Passed time:[314.953/28345.758]
learning rate: 0.0010000000000000002
Train with PGD
Batch [0/704] training loss = 0.89310986, training pgd_acc = 0.59375000
Batch [200/704] training loss = 1.14332640, training pgd_acc = 0.57812500
Batch [400/704] training loss = 0.98533618, training pgd_acc = 0.62500000
Batch [600/704] training loss = 1.32194817, training pgd_acc = 0.46875000
Valid Test with PGD
Evaluating with pgd untargeted attack,eps=0.031373, iters=10, attack_steps=0.007843
Clean accuracy: 80.56% (4028/5000)
Adversarial accuracy: 46.24% (2312/5000)
Epoch [91/100], Passed time:[314.821/28648.747]
learning rate: 0.0010000000000000002
Train with PGD
Batch [0/704] training loss = 1.10241699, training pgd_acc = 0.46875000
Batch [200/704] training loss = 0.97655505, training pgd_acc = 0.65625000
Batch [400/704] training loss = 1.01172984, training pgd_acc = 0.57812500
Batch [600/704] training loss = 1.00297713, training pgd_acc = 0.60937500
Valid Test with PGD
Evaluating with pgd untargeted attack,eps=0.031373, iters=10, attack_steps=0.007843
Clean accuracy: 80.38% (4019/5000)
Adversarial accuracy: 45.92% (2296/5000)
Epoch [92/100], Passed time:[314.693/28951.735]
learning rate: 0.0010000000000000002
Train with PGD
Batch [0/704] training loss = 1.02590334, training pgd_acc = 0.56250000
Batch [200/704] training loss = 1.04173791, training pgd_acc = 0.57812500
Batch [400/704] training loss = 0.98777163, training pgd_acc = 0.59375000
Batch [600/704] training loss = 0.87990254, training pgd_acc = 0.65625000
Valid Test with PGD
Evaluating with pgd untargeted attack,eps=0.031373, iters=10, attack_steps=0.007843
Clean accuracy: 79.88% (3994/5000)
Adversarial accuracy: 46.84% (2342/5000)
Epoch [93/100], Passed time:[314.567/29254.694]
learning rate: 0.0010000000000000002
Train with PGD
Batch [0/704] training loss = 0.98945093, training pgd_acc = 0.60937500
Batch [200/704] training loss = 0.88219440, training pgd_acc = 0.68750000
Batch [400/704] training loss = 1.04358828, training pgd_acc = 0.64062500
Batch [600/704] training loss = 1.08388543, training pgd_acc = 0.59375000
Valid Test with PGD
Evaluating with pgd untargeted attack,eps=0.031373, iters=10, attack_steps=0.007843
Clean accuracy: 79.82% (3991/5000)
Adversarial accuracy: 46.58% (2329/5000)
Epoch [94/100], Passed time:[314.444/29557.716]
learning rate: 0.0010000000000000002
Train with PGD
Batch [0/704] training loss = 1.07788169, training pgd_acc = 0.50000000
Batch [200/704] training loss = 0.99284613, training pgd_acc = 0.67187500
Batch [400/704] training loss = 0.96134293, training pgd_acc = 0.59375000
Batch [600/704] training loss = 1.07076848, training pgd_acc = 0.54687500
Valid Test with PGD
Evaluating with pgd untargeted attack,eps=0.031373, iters=10, attack_steps=0.007843
Clean accuracy: 80.44% (4022/5000)
Adversarial accuracy: 46.58% (2329/5000)
Epoch [95/100], Passed time:[314.322/29860.572]
learning rate: 0.0010000000000000002
Train with PGD
Batch [0/704] training loss = 1.01134086, training pgd_acc = 0.62500000
Batch [200/704] training loss = 1.04914999, training pgd_acc = 0.57812500
Batch [400/704] training loss = 1.00405788, training pgd_acc = 0.57812500
Batch [600/704] training loss = 1.09342694, training pgd_acc = 0.60937500
Valid Test with PGD
Evaluating with pgd untargeted attack,eps=0.031373, iters=10, attack_steps=0.007843
Clean accuracy: 80.60% (4030/5000)
Adversarial accuracy: 46.56% (2328/5000)
Epoch [96/100], Passed time:[314.205/30163.724]
learning rate: 0.0010000000000000002
Train with PGD
Batch [0/704] training loss = 0.83559126, training pgd_acc = 0.67187500
Batch [200/704] training loss = 0.89058077, training pgd_acc = 0.60937500
Batch [400/704] training loss = 1.00182283, training pgd_acc = 0.53125000
Batch [600/704] training loss = 0.98890316, training pgd_acc = 0.57812500
Valid Test with PGD
Evaluating with pgd untargeted attack,eps=0.031373, iters=10, attack_steps=0.007843
Clean accuracy: 80.48% (4024/5000)
Adversarial accuracy: 45.84% (2292/5000)
Epoch [97/100], Passed time:[314.090/30466.766]
learning rate: 0.0010000000000000002
Train with PGD
Batch [0/704] training loss = 0.94580138, training pgd_acc = 0.60937500
Batch [200/704] training loss = 0.97117639, training pgd_acc = 0.60937500
Batch [400/704] training loss = 1.13060355, training pgd_acc = 0.46875000
Batch [600/704] training loss = 0.85931301, training pgd_acc = 0.65625000
Valid Test with PGD
Evaluating with pgd untargeted attack,eps=0.031373, iters=10, attack_steps=0.007843
Clean accuracy: 80.14% (4007/5000)
Adversarial accuracy: 46.44% (2322/5000)
Epoch [98/100], Passed time:[313.979/30769.947]
learning rate: 0.0010000000000000002
Train with PGD
Batch [0/704] training loss = 1.10220194, training pgd_acc = 0.60937500
Batch [200/704] training loss = 0.96694529, training pgd_acc = 0.54687500
Batch [400/704] training loss = 1.08224499, training pgd_acc = 0.54687500
Batch [600/704] training loss = 1.19326687, training pgd_acc = 0.50000000
Valid Test with PGD
Evaluating with pgd untargeted attack,eps=0.031373, iters=10, attack_steps=0.007843
Clean accuracy: 80.58% (4029/5000)
Adversarial accuracy: 46.00% (2300/5000)
Epoch [99/100], Passed time:[313.868/31072.975]
learning rate: 0.0010000000000000002
Train with PGD
Batch [0/704] training loss = 1.10880423, training pgd_acc = 0.53125000
Batch [200/704] training loss = 0.99362594, training pgd_acc = 0.54687500
Batch [400/704] training loss = 1.12302399, training pgd_acc = 0.50000000
Batch [600/704] training loss = 0.90890330, training pgd_acc = 0.59375000
Valid Test with PGD
Evaluating with pgd untargeted attack,eps=0.031373, iters=10, attack_steps=0.007843
Clean accuracy: 80.28% (4014/5000)
Adversarial accuracy: 46.32% (2316/5000)
Training done, model saved in ./trained_models_new/cifar/vgg16/training/madry/train_lr0.01warmup0.1_e100_nn.pth
Test on test set:
Evaluating with pgd untargeted attack,eps=0.031373, iters=10, attack_steps=0.007843
Clean accuracy: 80.80% (8080/10000)
Adversarial accuracy: 45.97% (4597/10000)
