model_type : resnet18
init_type : pure
finetune_method : nat
enhance_method : nat
gpu : 5
model_name : init_enhance_m0.05_warmup0.1
model_width : 8
n_pruning_steps : 1
max_pruning_ratio : 73
train_epochs : 100
enhance_epochs : None
prune_method : unstructured
dataset : cifar
noise_sd : 1.0
trades_beta : 6.0
seed : 7
warmup : True
parallel : False
create_init : False
init_step : 1400
train_method : nat
early_stop : 1000
norm : True
optm : sgd
batch_size : 128
test_batch_size : 100
learning_rate : 0.1
enhance_learning_rate : 0.1
schedule_length : 10
weight_decay : 0.0001
epsilon : 0.03137254901960784
attack_iter : 10
eps_step : 0.00784313725490196
targeted : False
clip_min : 0
clip_max : 1.0
starting_epsilon : 1e-05
interval_weight : 0.1
ft_interval_weight : 50
verbose : 200
resume : 0
model_path : ./trained_models_new/cifar/resnet18/nat/pruned1_epoch100_r73/init_pure/init_enhance_m0.05_warmup0.1.pth
last_model_path : ./trained_models_new/
mask_path : ./trained_models_new/cifar/resnet18/nat/pruned1_epoch100_r73/init_pure/pruned_lr0.05_mask_r73.npy
mask_name : pruned_lr0.05_mask_r73
log_path : ./trained_models_new/cifar/resnet18/nat/pruned1_epoch100_r73/init_pure/init_enhance_m0.05_warmup0.1.log
init_path : ./trained_models_new/cifar/resnet18/init/pure_resnet18_init.pth
results_path : None
n_classes : 10
eval : False
init : True
transfer : False
CUDA enabled.
Enhance training config:
Enhance training method: nat
model will be saved in: ./trained_models_new/cifar/resnet18/nat/pruned1_epoch100_r73/init_pure/init_enhance_m0.05_warmup0.1.pth
Init model is: ./trained_models_new/cifar/resnet18/init/pure_resnet18_init.pth
Init mask used from: ./trained_models_new/cifar/resnet18/nat/pruned1_epoch100_r73/init_pure/pruned_lr0.05_mask_r73.npy
Log will be saved in ./trained_models_new/cifar/resnet18/nat/pruned1_epoch100_r73/init_pure/init_enhance_m0.05_warmup0.1.log
Random seed is: 7

model loading from ./trained_models_new/cifar/resnet18/init/pure_resnet18_init.pth
Epoch [0/100]
learning rate: 0.05
Batch [0/352] training loss = 2.1860, training acc = 0.17
Batch [200/352] training loss = 0.7098, training acc = 0.77
Valid Test with nat
Test accuracy: 73.56% (3678/5000), Test loss:0.8936
Best model so far saved in ./trained_models_new/cifar/resnet18/nat/pruned1_epoch100_r73/init_pure/init_enhance_m0.05_warmup0.1.pth
Test on test set:
Test accuracy: 75.27% (7527/10000), Test loss:0.8188
Epoch [1/100], Passed time:[61.053/61.053]
learning rate: 0.055
Batch [0/352] training loss = 0.4739, training acc = 0.84
Batch [200/352] training loss = 0.4528, training acc = 0.84
Valid Test with nat
Test accuracy: 80.68% (4034/5000), Test loss:0.6144
Best model so far saved in ./trained_models_new/cifar/resnet18/nat/pruned1_epoch100_r73/init_pure/init_enhance_m0.05_warmup0.1.pth
Test on test set:
Test accuracy: 80.95% (8095/10000), Test loss:0.6169
Epoch [2/100], Passed time:[68.838/137.675]
learning rate: 0.060000000000000005
Batch [0/352] training loss = 0.3682, training acc = 0.85
Batch [200/352] training loss = 0.2785, training acc = 0.90
Valid Test with nat
Test accuracy: 81.16% (4058/5000), Test loss:0.6525
Epoch [3/100], Passed time:[73.445/220.335]
learning rate: 0.065
Batch [0/352] training loss = 0.3607, training acc = 0.85
Batch [200/352] training loss = 0.2375, training acc = 0.90
Valid Test with nat
Test accuracy: 85.16% (4258/5000), Test loss:0.4736
Best model so far saved in ./trained_models_new/cifar/resnet18/nat/pruned1_epoch100_r73/init_pure/init_enhance_m0.05_warmup0.1.pth
Test on test set:
Test accuracy: 85.78% (8578/10000), Test loss:0.4404
Epoch [4/100], Passed time:[77.666/310.663]
learning rate: 0.07
Batch [0/352] training loss = 0.2873, training acc = 0.90
Batch [200/352] training loss = 0.2401, training acc = 0.91
Valid Test with nat
Test accuracy: 86.20% (4310/5000), Test loss:0.4571
Best model so far saved in ./trained_models_new/cifar/resnet18/nat/pruned1_epoch100_r73/init_pure/init_enhance_m0.05_warmup0.1.pth
Test on test set:
Test accuracy: 86.42% (8642/10000), Test loss:0.4571
Epoch [5/100], Passed time:[82.950/414.748]
learning rate: 0.07500000000000001
Batch [0/352] training loss = 0.1834, training acc = 0.93
Batch [200/352] training loss = 0.3627, training acc = 0.88
Valid Test with nat
Test accuracy: 87.24% (4362/5000), Test loss:0.4227
Best model so far saved in ./trained_models_new/cifar/resnet18/nat/pruned1_epoch100_r73/init_pure/init_enhance_m0.05_warmup0.1.pth
Test on test set:
Test accuracy: 87.09% (8709/10000), Test loss:0.4349
Epoch [6/100], Passed time:[86.963/521.777]
learning rate: 0.08000000000000002
Batch [0/352] training loss = 0.1597, training acc = 0.95
Batch [200/352] training loss = 0.3169, training acc = 0.90
Valid Test with nat
Test accuracy: 87.04% (4352/5000), Test loss:0.4560
Epoch [7/100], Passed time:[89.133/623.933]
learning rate: 0.085
Batch [0/352] training loss = 0.1570, training acc = 0.97
Batch [200/352] training loss = 0.2748, training acc = 0.94
Valid Test with nat
Test accuracy: 88.32% (4416/5000), Test loss:0.4331
Epoch [8/100], Passed time:[90.726/725.810]
learning rate: 0.09
Batch [0/352] training loss = 0.1288, training acc = 0.97
Batch [200/352] training loss = 0.2409, training acc = 0.91
Valid Test with nat
Test accuracy: 87.08% (4354/5000), Test loss:0.4653
Epoch [9/100], Passed time:[91.761/825.852]
learning rate: 0.095
Batch [0/352] training loss = 0.2611, training acc = 0.89
Batch [200/352] training loss = 0.2521, training acc = 0.90
Valid Test with nat
Test accuracy: 87.74% (4387/5000), Test loss:0.4391
Epoch [10/100], Passed time:[92.525/925.255]
learning rate: 0.1
Batch [0/352] training loss = 0.1548, training acc = 0.95
Batch [200/352] training loss = 0.2106, training acc = 0.91
Valid Test with nat
Test accuracy: 87.58% (4379/5000), Test loss:0.4354
Epoch [11/100], Passed time:[93.226/1025.489]
learning rate: 0.1
Batch [0/352] training loss = 0.1286, training acc = 0.95
Batch [200/352] training loss = 0.1100, training acc = 0.95
Valid Test with nat
Test accuracy: 88.12% (4406/5000), Test loss:0.4066
Best model so far saved in ./trained_models_new/cifar/resnet18/nat/pruned1_epoch100_r73/init_pure/init_enhance_m0.05_warmup0.1.pth
Test on test set:
Test accuracy: 87.94% (8794/10000), Test loss:0.4206
Epoch [12/100], Passed time:[94.512/1134.140]
learning rate: 0.1
Batch [0/352] training loss = 0.2130, training acc = 0.91
Batch [200/352] training loss = 0.1117, training acc = 0.98
Valid Test with nat
Test accuracy: 87.30% (4365/5000), Test loss:0.4778
Epoch [13/100], Passed time:[95.498/1241.474]
learning rate: 0.1
Batch [0/352] training loss = 0.0912, training acc = 0.99
Batch [200/352] training loss = 0.1535, training acc = 0.93
Valid Test with nat
Test accuracy: 89.76% (4488/5000), Test loss:0.3355
Best model so far saved in ./trained_models_new/cifar/resnet18/nat/pruned1_epoch100_r73/init_pure/init_enhance_m0.05_warmup0.1.pth
Test on test set:
Test accuracy: 89.75% (8975/10000), Test loss:0.3394
Epoch [14/100], Passed time:[96.951/1357.317]
learning rate: 0.1
Batch [0/352] training loss = 0.1110, training acc = 0.97
Batch [200/352] training loss = 0.1198, training acc = 0.95
Valid Test with nat
Test accuracy: 88.54% (4427/5000), Test loss:0.4526
Epoch [15/100], Passed time:[97.590/1463.843]
learning rate: 0.1
Batch [0/352] training loss = 0.0723, training acc = 0.98
Batch [200/352] training loss = 0.0940, training acc = 0.96
Valid Test with nat
Test accuracy: 88.80% (4440/5000), Test loss:0.4524
Epoch [16/100], Passed time:[98.125/1570.004]
learning rate: 0.1
Batch [0/352] training loss = 0.1214, training acc = 0.95
Batch [200/352] training loss = 0.1017, training acc = 0.97
Valid Test with nat
Test accuracy: 88.42% (4421/5000), Test loss:0.3939
Epoch [17/100], Passed time:[98.554/1675.414]
learning rate: 0.1
Batch [0/352] training loss = 0.1218, training acc = 0.98
Batch [200/352] training loss = 0.0875, training acc = 0.98
Valid Test with nat
Test accuracy: 87.96% (4398/5000), Test loss:0.4502
Epoch [18/100], Passed time:[98.755/1777.586]
learning rate: 0.1
Batch [0/352] training loss = 0.0894, training acc = 0.95
Batch [200/352] training loss = 0.1581, training acc = 0.97
Valid Test with nat
Test accuracy: 89.54% (4477/5000), Test loss:0.3677
Epoch [19/100], Passed time:[98.933/1879.721]
learning rate: 0.1
Batch [0/352] training loss = 0.0919, training acc = 0.98
Batch [200/352] training loss = 0.2045, training acc = 0.91
Valid Test with nat
Test accuracy: 89.32% (4466/5000), Test loss:0.4291
Epoch [20/100], Passed time:[98.989/1979.776]
learning rate: 0.1
Batch [0/352] training loss = 0.0795, training acc = 0.98
Batch [200/352] training loss = 0.1445, training acc = 0.97
Valid Test with nat
Test accuracy: 88.40% (4420/5000), Test loss:0.4420
Epoch [21/100], Passed time:[99.127/2081.673]
learning rate: 0.1
Batch [0/352] training loss = 0.0483, training acc = 0.99
Batch [200/352] training loss = 0.1975, training acc = 0.93
Valid Test with nat
Test accuracy: 87.24% (4362/5000), Test loss:0.5628
Epoch [22/100], Passed time:[99.264/2183.807]
learning rate: 0.1
Batch [0/352] training loss = 0.0914, training acc = 0.97
Batch [200/352] training loss = 0.1509, training acc = 0.94
Valid Test with nat
Test accuracy: 87.64% (4382/5000), Test loss:0.5079
Epoch [23/100], Passed time:[99.534/2289.271]
learning rate: 0.1
Batch [0/352] training loss = 0.1944, training acc = 0.90
Batch [200/352] training loss = 0.1748, training acc = 0.93
Valid Test with nat
Test accuracy: 88.50% (4425/5000), Test loss:0.4517
Epoch [24/100], Passed time:[99.926/2398.224]
learning rate: 0.1
Batch [0/352] training loss = 0.0889, training acc = 0.97
Batch [200/352] training loss = 0.1573, training acc = 0.95
Valid Test with nat
Test accuracy: 89.50% (4475/5000), Test loss:0.3814
Epoch [25/100], Passed time:[100.214/2505.348]
learning rate: 0.1
Batch [0/352] training loss = 0.1071, training acc = 0.95
Batch [200/352] training loss = 0.1086, training acc = 0.97
Valid Test with nat
Test accuracy: 89.92% (4496/5000), Test loss:0.3938
Epoch [26/100], Passed time:[100.449/2611.669]
learning rate: 0.1
Batch [0/352] training loss = 0.0942, training acc = 0.97
Batch [200/352] training loss = 0.1204, training acc = 0.95
Valid Test with nat
Test accuracy: 88.38% (4419/5000), Test loss:0.4175
Epoch [27/100], Passed time:[100.557/2715.040]
learning rate: 0.1
Batch [0/352] training loss = 0.0537, training acc = 0.99
Batch [200/352] training loss = 0.1496, training acc = 0.96
Valid Test with nat
Test accuracy: 88.36% (4418/5000), Test loss:0.5110
Epoch [28/100], Passed time:[100.630/2817.636]
learning rate: 0.1
Batch [0/352] training loss = 0.1325, training acc = 0.97
Batch [200/352] training loss = 0.1039, training acc = 0.94
Valid Test with nat
Test accuracy: 88.62% (4431/5000), Test loss:0.4553
Epoch [29/100], Passed time:[100.699/2920.265]
learning rate: 0.1
Batch [0/352] training loss = 0.1355, training acc = 0.97
Batch [200/352] training loss = 0.1892, training acc = 0.95
Valid Test with nat
Test accuracy: 88.80% (4440/5000), Test loss:0.4555
Epoch [30/100], Passed time:[100.691/3020.743]
learning rate: 0.1
Batch [0/352] training loss = 0.1101, training acc = 0.95
Batch [200/352] training loss = 0.1039, training acc = 0.96
Valid Test with nat
Test accuracy: 87.88% (4394/5000), Test loss:0.4667
Epoch [31/100], Passed time:[100.674/3120.884]
learning rate: 0.1
Batch [0/352] training loss = 0.1145, training acc = 0.96
Batch [200/352] training loss = 0.0527, training acc = 0.99
Valid Test with nat
Test accuracy: 89.00% (4450/5000), Test loss:0.3888
Epoch [32/100], Passed time:[100.680/3221.765]
learning rate: 0.1
Batch [0/352] training loss = 0.1317, training acc = 0.95
Batch [200/352] training loss = 0.1002, training acc = 0.95
Valid Test with nat
Test accuracy: 89.42% (4471/5000), Test loss:0.4110
Epoch [33/100], Passed time:[100.620/3320.476]
learning rate: 0.1
Batch [0/352] training loss = 0.1349, training acc = 0.95
Batch [200/352] training loss = 0.1595, training acc = 0.94
Valid Test with nat
Test accuracy: 88.74% (4437/5000), Test loss:0.4162
Epoch [34/100], Passed time:[100.626/3421.282]
learning rate: 0.1
Batch [0/352] training loss = 0.1258, training acc = 0.97
Batch [200/352] training loss = 0.1113, training acc = 0.96
Valid Test with nat
Test accuracy: 90.70% (4535/5000), Test loss:0.3518
Epoch [35/100], Passed time:[100.679/3523.770]
learning rate: 0.1
Batch [0/352] training loss = 0.1006, training acc = 0.96
Batch [200/352] training loss = 0.1696, training acc = 0.95
Valid Test with nat
Test accuracy: 89.58% (4479/5000), Test loss:0.3770
Epoch [36/100], Passed time:[100.804/3628.942]
learning rate: 0.1
Batch [0/352] training loss = 0.1108, training acc = 0.95
Batch [200/352] training loss = 0.0957, training acc = 0.95
Valid Test with nat
Test accuracy: 88.32% (4416/5000), Test loss:0.4407
Epoch [37/100], Passed time:[101.008/3737.305]
learning rate: 0.1
Batch [0/352] training loss = 0.1528, training acc = 0.95
Batch [200/352] training loss = 0.1190, training acc = 0.97
Valid Test with nat
Test accuracy: 88.00% (4400/5000), Test loss:0.5015
Epoch [38/100], Passed time:[101.176/3844.672]
learning rate: 0.1
Batch [0/352] training loss = 0.0568, training acc = 0.98
Batch [200/352] training loss = 0.2147, training acc = 0.94
Valid Test with nat
Test accuracy: 89.30% (4465/5000), Test loss:0.3862
Epoch [39/100], Passed time:[101.319/3951.436]
learning rate: 0.1
Batch [0/352] training loss = 0.0843, training acc = 0.98
Batch [200/352] training loss = 0.1666, training acc = 0.93
Valid Test with nat
Test accuracy: 88.54% (4427/5000), Test loss:0.4354
Epoch [40/100], Passed time:[101.347/4053.887]
learning rate: 0.1
Batch [0/352] training loss = 0.0512, training acc = 0.98
Batch [200/352] training loss = 0.1702, training acc = 0.95
Valid Test with nat
Test accuracy: 88.84% (4442/5000), Test loss:0.4208
Epoch [41/100], Passed time:[101.356/4155.599]
learning rate: 0.1
Batch [0/352] training loss = 0.0808, training acc = 0.98
Batch [200/352] training loss = 0.1528, training acc = 0.94
Valid Test with nat
Test accuracy: 89.44% (4472/5000), Test loss:0.4133
Epoch [42/100], Passed time:[101.395/4258.578]
learning rate: 0.1
Batch [0/352] training loss = 0.1569, training acc = 0.96
Batch [200/352] training loss = 0.0677, training acc = 0.98
Valid Test with nat
Test accuracy: 88.14% (4407/5000), Test loss:0.4514
Epoch [43/100], Passed time:[101.389/4359.729]
learning rate: 0.1
Batch [0/352] training loss = 0.2295, training acc = 0.92
Batch [200/352] training loss = 0.0864, training acc = 0.98
Valid Test with nat
Test accuracy: 86.44% (4322/5000), Test loss:0.5525
Epoch [44/100], Passed time:[101.386/4460.987]
learning rate: 0.1
Batch [0/352] training loss = 0.0864, training acc = 0.95
Batch [200/352] training loss = 0.0818, training acc = 0.95
Valid Test with nat
Test accuracy: 89.08% (4454/5000), Test loss:0.4072
Epoch [45/100], Passed time:[101.381/4562.149]
learning rate: 0.1
Batch [0/352] training loss = 0.0665, training acc = 0.97
Batch [200/352] training loss = 0.1349, training acc = 0.95
Valid Test with nat
Test accuracy: 89.32% (4466/5000), Test loss:0.4418
Epoch [46/100], Passed time:[101.430/4665.785]
learning rate: 0.1
Batch [0/352] training loss = 0.1476, training acc = 0.96
Batch [200/352] training loss = 0.2425, training acc = 0.92
Valid Test with nat
Test accuracy: 89.70% (4485/5000), Test loss:0.3864
Epoch [47/100], Passed time:[101.522/4771.537]
learning rate: 0.1
Batch [0/352] training loss = 0.0799, training acc = 0.97
Batch [200/352] training loss = 0.2295, training acc = 0.93
Valid Test with nat
Test accuracy: 89.12% (4456/5000), Test loss:0.4166
Epoch [48/100], Passed time:[101.686/4880.924]
learning rate: 0.1
Batch [0/352] training loss = 0.1433, training acc = 0.95
Batch [200/352] training loss = 0.2037, training acc = 0.94
Valid Test with nat
Test accuracy: 89.70% (4485/5000), Test loss:0.3793
Epoch [49/100], Passed time:[101.823/4989.315]
learning rate: 0.1
Batch [0/352] training loss = 0.1517, training acc = 0.95
Batch [200/352] training loss = 0.0835, training acc = 0.96
Valid Test with nat
Test accuracy: 88.52% (4426/5000), Test loss:0.4412
Epoch [50/100], Passed time:[101.923/5096.159]
learning rate: 0.010000000000000002
Batch [0/352] training loss = 0.1444, training acc = 0.95
Batch [200/352] training loss = 0.0617, training acc = 0.98
Valid Test with nat
Test accuracy: 93.08% (4654/5000), Test loss:0.2567
Best model so far saved in ./trained_models_new/cifar/resnet18/nat/pruned1_epoch100_r73/init_pure/init_enhance_m0.05_warmup0.1.pth
Test on test set:
Test accuracy: 92.55% (9255/10000), Test loss:0.2621
Epoch [51/100], Passed time:[102.136/5208.961]
learning rate: 0.010000000000000002
Batch [0/352] training loss = 0.0337, training acc = 0.98
Batch [200/352] training loss = 0.0604, training acc = 0.98
Valid Test with nat
Test accuracy: 93.04% (4652/5000), Test loss:0.2618
Epoch [52/100], Passed time:[102.170/5312.814]
learning rate: 0.010000000000000002
Batch [0/352] training loss = 0.1138, training acc = 0.96
Batch [200/352] training loss = 0.0409, training acc = 0.98
Valid Test with nat
Test accuracy: 93.28% (4664/5000), Test loss:0.2593
Epoch [53/100], Passed time:[102.204/5416.831]
learning rate: 0.010000000000000002
Batch [0/352] training loss = 0.0318, training acc = 0.98
Batch [200/352] training loss = 0.0173, training acc = 0.99
Valid Test with nat
Test accuracy: 93.54% (4677/5000), Test loss:0.2581
Epoch [54/100], Passed time:[102.214/5519.539]
learning rate: 0.010000000000000002
Batch [0/352] training loss = 0.0477, training acc = 0.98
Batch [200/352] training loss = 0.0428, training acc = 0.98
Valid Test with nat
Test accuracy: 93.50% (4675/5000), Test loss:0.2896
Epoch [55/100], Passed time:[102.205/5621.278]
learning rate: 0.010000000000000002
Batch [0/352] training loss = 0.0362, training acc = 0.99
Batch [200/352] training loss = 0.0362, training acc = 0.99
Valid Test with nat
Test accuracy: 93.58% (4679/5000), Test loss:0.2664
Epoch [56/100], Passed time:[102.188/5722.534]
learning rate: 0.010000000000000002
Batch [0/352] training loss = 0.0325, training acc = 0.98
Batch [200/352] training loss = 0.0071, training acc = 1.00
Valid Test with nat
Test accuracy: 93.52% (4676/5000), Test loss:0.2732
Epoch [57/100], Passed time:[102.183/5824.414]
learning rate: 0.010000000000000002
Batch [0/352] training loss = 0.0290, training acc = 0.99
Batch [200/352] training loss = 0.0129, training acc = 0.99
Valid Test with nat
Test accuracy: 93.68% (4684/5000), Test loss:0.2718
Epoch [58/100], Passed time:[102.162/5925.412]
learning rate: 0.010000000000000002
Batch [0/352] training loss = 0.0023, training acc = 1.00
Batch [200/352] training loss = 0.0205, training acc = 1.00
Valid Test with nat
Test accuracy: 93.76% (4688/5000), Test loss:0.2728
Epoch [59/100], Passed time:[102.138/6026.142]
learning rate: 0.010000000000000002
Batch [0/352] training loss = 0.0200, training acc = 0.99
Batch [200/352] training loss = 0.0138, training acc = 1.00
Valid Test with nat
Test accuracy: 93.58% (4679/5000), Test loss:0.2754
Epoch [60/100], Passed time:[102.122/6127.306]
learning rate: 0.010000000000000002
Batch [0/352] training loss = 0.0455, training acc = 0.98
Batch [200/352] training loss = 0.0182, training acc = 1.00
Valid Test with nat
Test accuracy: 93.84% (4692/5000), Test loss:0.2799
Epoch [61/100], Passed time:[102.107/6228.519]
learning rate: 0.010000000000000002
Batch [0/352] training loss = 0.0247, training acc = 0.98
Batch [200/352] training loss = 0.0033, training acc = 1.00
Valid Test with nat
Test accuracy: 93.66% (4683/5000), Test loss:0.2964
Epoch [62/100], Passed time:[102.084/6329.197]
learning rate: 0.010000000000000002
Batch [0/352] training loss = 0.0063, training acc = 1.00
Batch [200/352] training loss = 0.0303, training acc = 0.99
Valid Test with nat
Test accuracy: 93.82% (4691/5000), Test loss:0.2763
Epoch [63/100], Passed time:[102.146/6435.212]
learning rate: 0.010000000000000002
Batch [0/352] training loss = 0.0467, training acc = 0.99
Batch [200/352] training loss = 0.0322, training acc = 0.99
Valid Test with nat
Test accuracy: 93.64% (4682/5000), Test loss:0.2851
Epoch [64/100], Passed time:[102.221/6542.130]
learning rate: 0.010000000000000002
Batch [0/352] training loss = 0.0674, training acc = 0.98
Batch [200/352] training loss = 0.0112, training acc = 1.00
Valid Test with nat
Test accuracy: 93.58% (4679/5000), Test loss:0.2792
Epoch [65/100], Passed time:[102.315/6650.495]
learning rate: 0.010000000000000002
Batch [0/352] training loss = 0.0022, training acc = 1.00
Batch [200/352] training loss = 0.0200, training acc = 0.99
Valid Test with nat
Test accuracy: 93.60% (4680/5000), Test loss:0.2780
Epoch [66/100], Passed time:[102.403/6758.606]
learning rate: 0.010000000000000002
Batch [0/352] training loss = 0.0137, training acc = 0.99
Batch [200/352] training loss = 0.0100, training acc = 0.99
Valid Test with nat
Test accuracy: 93.54% (4677/5000), Test loss:0.3075
Epoch [67/100], Passed time:[102.409/6861.371]
learning rate: 0.010000000000000002
Batch [0/352] training loss = 0.0103, training acc = 1.00
Batch [200/352] training loss = 0.0118, training acc = 0.99
Valid Test with nat
Test accuracy: 93.56% (4678/5000), Test loss:0.3018
Epoch [68/100], Passed time:[102.421/6964.645]
learning rate: 0.010000000000000002
Batch [0/352] training loss = 0.0170, training acc = 0.99
Batch [200/352] training loss = 0.0020, training acc = 1.00
Valid Test with nat
Test accuracy: 93.50% (4675/5000), Test loss:0.3037
Epoch [69/100], Passed time:[102.366/7063.277]
learning rate: 0.010000000000000002
Batch [0/352] training loss = 0.0144, training acc = 0.99
Batch [200/352] training loss = 0.0041, training acc = 1.00
Valid Test with nat
Test accuracy: 93.76% (4688/5000), Test loss:0.2865
Epoch [70/100], Passed time:[102.394/7167.601]
learning rate: 0.010000000000000002
Batch [0/352] training loss = 0.0043, training acc = 1.00
Batch [200/352] training loss = 0.0138, training acc = 0.99
Valid Test with nat
Test accuracy: 93.64% (4682/5000), Test loss:0.2948
Epoch [71/100], Passed time:[102.467/7275.183]
learning rate: 0.010000000000000002
Batch [0/352] training loss = 0.0074, training acc = 1.00
Batch [200/352] training loss = 0.0061, training acc = 1.00
Valid Test with nat
Test accuracy: 93.58% (4679/5000), Test loss:0.3273
Epoch [72/100], Passed time:[102.565/7384.649]
learning rate: 0.010000000000000002
Batch [0/352] training loss = 0.0147, training acc = 0.99
Batch [200/352] training loss = 0.0044, training acc = 1.00
Valid Test with nat
Test accuracy: 93.98% (4699/5000), Test loss:0.3006
Epoch [73/100], Passed time:[102.667/7494.658]
learning rate: 0.010000000000000002
Batch [0/352] training loss = 0.0123, training acc = 0.99
Batch [200/352] training loss = 0.0038, training acc = 1.00
Valid Test with nat
Test accuracy: 93.82% (4691/5000), Test loss:0.3031
Epoch [74/100], Passed time:[102.727/7601.777]
learning rate: 0.010000000000000002
Batch [0/352] training loss = 0.0224, training acc = 0.99
Batch [200/352] training loss = 0.0084, training acc = 1.00
Valid Test with nat
Test accuracy: 93.64% (4682/5000), Test loss:0.3197
Epoch [75/100], Passed time:[102.746/7705.973]
learning rate: 0.0010000000000000002
Batch [0/352] training loss = 0.0007, training acc = 1.00
Batch [200/352] training loss = 0.0143, training acc = 0.99
Valid Test with nat
Test accuracy: 93.76% (4688/5000), Test loss:0.2895
Epoch [76/100], Passed time:[102.761/7809.804]
learning rate: 0.0010000000000000002
Batch [0/352] training loss = 0.0041, training acc = 1.00
Batch [200/352] training loss = 0.0455, training acc = 0.99
Valid Test with nat
Test accuracy: 93.86% (4693/5000), Test loss:0.2904
Epoch [77/100], Passed time:[102.785/7914.452]
learning rate: 0.0010000000000000002
Batch [0/352] training loss = 0.0054, training acc = 1.00
Batch [200/352] training loss = 0.0124, training acc = 0.99
Valid Test with nat
Test accuracy: 93.92% (4696/5000), Test loss:0.2762
Epoch [78/100], Passed time:[102.770/8016.050]
learning rate: 0.0010000000000000002
Batch [0/352] training loss = 0.0137, training acc = 0.99
Batch [200/352] training loss = 0.0054, training acc = 1.00
Valid Test with nat
Test accuracy: 93.74% (4687/5000), Test loss:0.2862
Epoch [79/100], Passed time:[102.745/8116.835]
learning rate: 0.0010000000000000002
Batch [0/352] training loss = 0.0155, training acc = 0.98
Batch [200/352] training loss = 0.0052, training acc = 1.00
Valid Test with nat
Test accuracy: 93.76% (4688/5000), Test loss:0.2798
Epoch [80/100], Passed time:[102.739/8219.158]
learning rate: 0.0010000000000000002
Batch [0/352] training loss = 0.0019, training acc = 1.00
Batch [200/352] training loss = 0.0039, training acc = 1.00
Valid Test with nat
Test accuracy: 93.92% (4696/5000), Test loss:0.3191
Epoch [81/100], Passed time:[102.714/8319.863]
learning rate: 0.0010000000000000002
Batch [0/352] training loss = 0.0016, training acc = 1.00
Batch [200/352] training loss = 0.0108, training acc = 0.99
Valid Test with nat
Test accuracy: 93.92% (4696/5000), Test loss:0.2926
Epoch [82/100], Passed time:[102.681/8419.849]
learning rate: 0.0010000000000000002
Batch [0/352] training loss = 0.0051, training acc = 1.00
Batch [200/352] training loss = 0.0021, training acc = 1.00
Valid Test with nat
Test accuracy: 93.94% (4697/5000), Test loss:0.2853
Epoch [83/100], Passed time:[102.659/8520.656]
learning rate: 0.0010000000000000002
Batch [0/352] training loss = 0.0163, training acc = 0.99
Batch [200/352] training loss = 0.0024, training acc = 1.00
Valid Test with nat
Test accuracy: 93.92% (4696/5000), Test loss:0.2748
Epoch [84/100], Passed time:[102.649/8622.553]
learning rate: 0.0010000000000000002
Batch [0/352] training loss = 0.0007, training acc = 1.00
Batch [200/352] training loss = 0.0019, training acc = 1.00
Valid Test with nat
Test accuracy: 94.00% (4700/5000), Test loss:0.3322
Epoch [85/100], Passed time:[102.626/8723.246]
learning rate: 0.0010000000000000002
Batch [0/352] training loss = 0.0131, training acc = 0.99
Batch [200/352] training loss = 0.0061, training acc = 1.00
Valid Test with nat
Test accuracy: 93.92% (4696/5000), Test loss:0.2753
Epoch [86/100], Passed time:[102.624/8825.670]
learning rate: 0.0010000000000000002
Batch [0/352] training loss = 0.0020, training acc = 1.00
Batch [200/352] training loss = 0.0081, training acc = 1.00
Valid Test with nat
Test accuracy: 93.78% (4689/5000), Test loss:0.2867
Epoch [87/100], Passed time:[102.678/8932.993]
learning rate: 0.0010000000000000002
Batch [0/352] training loss = 0.0017, training acc = 1.00
Batch [200/352] training loss = 0.0114, training acc = 1.00
Valid Test with nat
Test accuracy: 94.00% (4700/5000), Test loss:0.2901
Epoch [88/100], Passed time:[102.751/9042.066]
learning rate: 0.0010000000000000002
Batch [0/352] training loss = 0.0255, training acc = 0.98
Batch [200/352] training loss = 0.0029, training acc = 1.00
Valid Test with nat
Test accuracy: 94.00% (4700/5000), Test loss:0.2752
Epoch [89/100], Passed time:[102.805/9149.638]
learning rate: 0.0010000000000000002
Batch [0/352] training loss = 0.0116, training acc = 1.00
Batch [200/352] training loss = 0.0014, training acc = 1.00
Valid Test with nat
Test accuracy: 93.98% (4699/5000), Test loss:0.3080
Epoch [90/100], Passed time:[102.831/9254.793]
learning rate: 0.0010000000000000002
Batch [0/352] training loss = 0.0017, training acc = 1.00
Batch [200/352] training loss = 0.0144, training acc = 0.99
Valid Test with nat
Test accuracy: 94.10% (4705/5000), Test loss:0.2754
Epoch [91/100], Passed time:[102.845/9358.899]
learning rate: 0.0010000000000000002
Batch [0/352] training loss = 0.0021, training acc = 1.00
Batch [200/352] training loss = 0.0100, training acc = 1.00
Valid Test with nat
Test accuracy: 94.10% (4705/5000), Test loss:0.2756
Epoch [92/100], Passed time:[102.853/9462.521]
learning rate: 0.0010000000000000002
Batch [0/352] training loss = 0.0116, training acc = 0.99
Batch [200/352] training loss = 0.0074, training acc = 1.00
Valid Test with nat
Test accuracy: 93.98% (4699/5000), Test loss:0.2800
Epoch [93/100], Passed time:[102.843/9564.362]
learning rate: 0.0010000000000000002
Batch [0/352] training loss = 0.0123, training acc = 0.99
Batch [200/352] training loss = 0.0018, training acc = 1.00
Valid Test with nat
Test accuracy: 94.08% (4704/5000), Test loss:0.2764
Epoch [94/100], Passed time:[102.829/9665.953]
learning rate: 0.0010000000000000002
Batch [0/352] training loss = 0.0165, training acc = 1.00
Batch [200/352] training loss = 0.0057, training acc = 1.00
Valid Test with nat
Test accuracy: 94.10% (4705/5000), Test loss:0.2807
Epoch [95/100], Passed time:[102.825/9768.397]
learning rate: 0.0010000000000000002
Batch [0/352] training loss = 0.0047, training acc = 1.00
Batch [200/352] training loss = 0.0161, training acc = 0.99
Valid Test with nat
Test accuracy: 94.04% (4702/5000), Test loss:0.2770
Epoch [96/100], Passed time:[102.799/9868.699]
learning rate: 0.0010000000000000002
Batch [0/352] training loss = 0.0093, training acc = 0.99
Batch [200/352] training loss = 0.0030, training acc = 1.00
Valid Test with nat
Test accuracy: 93.88% (4694/5000), Test loss:0.2766
Epoch [97/100], Passed time:[102.776/9969.249]
learning rate: 0.0010000000000000002
Batch [0/352] training loss = 0.0072, training acc = 1.00
Batch [200/352] training loss = 0.0053, training acc = 1.00
Valid Test with nat
Test accuracy: 93.96% (4698/5000), Test loss:0.2755
Epoch [98/100], Passed time:[102.750/10069.496]
learning rate: 0.0010000000000000002
Batch [0/352] training loss = 0.0029, training acc = 1.00
Batch [200/352] training loss = 0.0064, training acc = 1.00
Valid Test with nat
Test accuracy: 94.08% (4704/5000), Test loss:0.2960
Epoch [99/100], Passed time:[102.718/10169.103]
learning rate: 0.0010000000000000002
Batch [0/352] training loss = 0.0016, training acc = 1.00
Batch [200/352] training loss = 0.0188, training acc = 0.99
Valid Test with nat
Test accuracy: 94.00% (4700/5000), Test loss:0.2750
Training done, model saved in ./trained_models_new/cifar/resnet18/nat/pruned1_epoch100_r73/init_pure/init_enhance_m0.05_warmup0.1.pth
Test on test set:
Test accuracy: 93.39% (9339/10000), Test loss:0.2871
