last_model_path : ./trained_models_new/
noise_sd : 1.0
init : False
model_width : 8
early_stop : 100
attack_iter : 10
starting_epsilon : 1e-05
train_epochs : 100
schedule_length : 10
weight_decay : 0.0001
mask_name : pruned_lr0.05_mask_r80
epsilon : 0.03137254901960784
gpu : 0
optm : sgd
n_pruning_steps : 1
max_pruning_ratio : 80
learning_rate : 0.1
enhance_method : nat
clip_min : 0
warmup : True
resume : 0
init_type : pure
trades_beta : 6.0
init_path : ./trained_models_new/cifar/wideresnet/init/pure_wideresnet_init.pth
transfer : False
norm : True
dataset : cifar
enhance_epochs : None
seed : 9
results_path : None
prune_method : unstructured
train_method : nat
interval_weight : 0.1
clip_max : 1.0
mask_path : ./trained_models_new/cifar/wideresnet/nat/pruned1_epoch100_r80/init_pure/pruned_lr0.05_mask_r80.npy
ft_interval_weight : 50
create_init : False
log_path : ./trained_models_new/cifar/wideresnet/nat/pruned1_epoch100_r80/init_pure/seed9_enhance_m0.05_warmup0.1.log
model_name : seed9_enhance_m0.05_warmup0.1
eval : False
verbose : 200
test_batch_size : 100
parallel : False
n_classes : 10
init_step : 1400
model_path : ./trained_models_new/cifar/wideresnet/nat/pruned1_epoch100_r80/init_pure/seed9_enhance_m0.05_warmup0.1.pth
finetune_method : nat
model_type : wideresnet
targeted : False
batch_size : 128
enhance_learning_rate : 0.1
eps_step : 0.00784313725490196
CUDA enabled.
Enhance training config:
Enhance training method: nat
model will be saved in: ./trained_models_new/cifar/wideresnet/nat/pruned1_epoch100_r80/init_pure/seed9_enhance_m0.05_warmup0.1.pth
Init model is: ./trained_models_new/cifar/wideresnet/init/pure_wideresnet_init.pth
Init mask used from: ./trained_models_new/cifar/wideresnet/nat/pruned1_epoch100_r80/init_pure/pruned_lr0.05_mask_r80.npy
Log will be saved in ./trained_models_new/cifar/wideresnet/nat/pruned1_epoch100_r80/init_pure/seed9_enhance_m0.05_warmup0.1.log
Random seed is: 9

Epoch [0/100]
learning rate: 0.05
Batch [0/352] training loss = 2.3076, training acc = 0.12
Batch [200/352] training loss = 1.3860, training acc = 0.47
Valid Test with nat
Test accuracy: 49.42% (2471/5000), Test loss:1.4708
Best model so far saved in ./trained_models_new/cifar/wideresnet/nat/pruned1_epoch100_r80/init_pure/seed9_enhance_m0.05_warmup0.1.pth
Test on test set:
Test accuracy: 48.52% (4852/10000), Test loss:1.5045
Epoch [1/100], Passed time:[213.096/213.096]
learning rate: 0.055
Batch [0/352] training loss = 1.1218, training acc = 0.59
Batch [200/352] training loss = 0.8943, training acc = 0.69
Valid Test with nat
Test accuracy: 67.54% (3377/5000), Test loss:1.0166
Best model so far saved in ./trained_models_new/cifar/wideresnet/nat/pruned1_epoch100_r80/init_pure/seed9_enhance_m0.05_warmup0.1.pth
Test on test set:
Test accuracy: 69.32% (6932/10000), Test loss:0.9514
Epoch [2/100], Passed time:[213.179/426.358]
learning rate: 0.060000000000000005
Batch [0/352] training loss = 0.8117, training acc = 0.70
Batch [200/352] training loss = 0.8367, training acc = 0.71
Valid Test with nat
Test accuracy: 67.78% (3389/5000), Test loss:1.0136
Best model so far saved in ./trained_models_new/cifar/wideresnet/nat/pruned1_epoch100_r80/init_pure/seed9_enhance_m0.05_warmup0.1.pth
Test on test set:
Test accuracy: 67.44% (6744/10000), Test loss:1.0039
Epoch [3/100], Passed time:[213.253/639.758]
learning rate: 0.065
Batch [0/352] training loss = 0.6674, training acc = 0.75
Batch [200/352] training loss = 0.5562, training acc = 0.77
Valid Test with nat
Test accuracy: 69.96% (3498/5000), Test loss:1.0204
Epoch [4/100], Passed time:[209.605/838.420]
learning rate: 0.07
Batch [0/352] training loss = 0.3914, training acc = 0.87
Batch [200/352] training loss = 0.5863, training acc = 0.77
Valid Test with nat
Test accuracy: 71.36% (3568/5000), Test loss:0.9639
Best model so far saved in ./trained_models_new/cifar/wideresnet/nat/pruned1_epoch100_r80/init_pure/seed9_enhance_m0.05_warmup0.1.pth
Test on test set:
Test accuracy: 70.41% (7041/10000), Test loss:0.9897
Epoch [5/100], Passed time:[210.223/1051.116]
learning rate: 0.07500000000000001
Batch [0/352] training loss = 0.6870, training acc = 0.75
Batch [200/352] training loss = 0.5059, training acc = 0.81
Valid Test with nat
Test accuracy: 66.38% (3319/5000), Test loss:1.3502
Epoch [6/100], Passed time:[208.513/1251.080]
learning rate: 0.08000000000000002
Batch [0/352] training loss = 0.3540, training acc = 0.89
Batch [200/352] training loss = 0.4956, training acc = 0.85
Valid Test with nat
Test accuracy: 79.42% (3971/5000), Test loss:0.7198
Best model so far saved in ./trained_models_new/cifar/wideresnet/nat/pruned1_epoch100_r80/init_pure/seed9_enhance_m0.05_warmup0.1.pth
Test on test set:
Test accuracy: 79.83% (7983/10000), Test loss:0.6558
Epoch [7/100], Passed time:[209.308/1465.154]
learning rate: 0.085
Batch [0/352] training loss = 0.5744, training acc = 0.74
Batch [200/352] training loss = 0.2627, training acc = 0.91
Valid Test with nat
Test accuracy: 78.26% (3913/5000), Test loss:0.7619
Epoch [8/100], Passed time:[208.252/1666.012]
learning rate: 0.09
Batch [0/352] training loss = 0.4341, training acc = 0.84
Batch [200/352] training loss = 0.3817, training acc = 0.90
Valid Test with nat
Test accuracy: 84.80% (4240/5000), Test loss:0.4952
Best model so far saved in ./trained_models_new/cifar/wideresnet/nat/pruned1_epoch100_r80/init_pure/seed9_enhance_m0.05_warmup0.1.pth
Test on test set:
Test accuracy: 84.66% (8466/10000), Test loss:0.4746
Epoch [9/100], Passed time:[208.789/1879.103]
learning rate: 0.095
Batch [0/352] training loss = 0.3566, training acc = 0.88
Batch [200/352] training loss = 0.4499, training acc = 0.83
Valid Test with nat
Test accuracy: 84.04% (4202/5000), Test loss:0.5057
Epoch [10/100], Passed time:[207.782/2077.821]
learning rate: 0.1
Batch [0/352] training loss = 0.2902, training acc = 0.90
Batch [200/352] training loss = 0.4418, training acc = 0.85
Valid Test with nat
Test accuracy: 81.56% (4078/5000), Test loss:0.5993
Epoch [11/100], Passed time:[207.046/2277.501]
learning rate: 0.1
Batch [0/352] training loss = 0.3377, training acc = 0.89
Batch [200/352] training loss = 0.4363, training acc = 0.85
Valid Test with nat
Test accuracy: 86.12% (4306/5000), Test loss:0.4258
Best model so far saved in ./trained_models_new/cifar/wideresnet/nat/pruned1_epoch100_r80/init_pure/seed9_enhance_m0.05_warmup0.1.pth
Test on test set:
Test accuracy: 85.84% (8584/10000), Test loss:0.4328
Epoch [12/100], Passed time:[207.487/2489.849]
learning rate: 0.1
Batch [0/352] training loss = 0.3180, training acc = 0.88
Batch [200/352] training loss = 0.5054, training acc = 0.86
Valid Test with nat
Test accuracy: 80.42% (4021/5000), Test loss:0.7010
Epoch [13/100], Passed time:[206.912/2689.859]
learning rate: 0.1
Batch [0/352] training loss = 0.2783, training acc = 0.91
Batch [200/352] training loss = 0.3687, training acc = 0.86
Valid Test with nat
Test accuracy: 85.50% (4275/5000), Test loss:0.4767
Epoch [14/100], Passed time:[206.463/2890.479]
learning rate: 0.1
Batch [0/352] training loss = 0.2755, training acc = 0.91
Batch [200/352] training loss = 0.2210, training acc = 0.92
Valid Test with nat
Test accuracy: 84.32% (4216/5000), Test loss:0.5269
Epoch [15/100], Passed time:[205.974/3089.611]
learning rate: 0.1
Batch [0/352] training loss = 0.2464, training acc = 0.91
Batch [200/352] training loss = 0.1820, training acc = 0.95
Valid Test with nat
Test accuracy: 86.32% (4316/5000), Test loss:0.4697
Epoch [16/100], Passed time:[205.574/3289.185]
learning rate: 0.1
Batch [0/352] training loss = 0.2686, training acc = 0.90
Batch [200/352] training loss = 0.2579, training acc = 0.90
Valid Test with nat
Test accuracy: 87.42% (4371/5000), Test loss:0.3998
Best model so far saved in ./trained_models_new/cifar/wideresnet/nat/pruned1_epoch100_r80/init_pure/seed9_enhance_m0.05_warmup0.1.pth
Test on test set:
Test accuracy: 87.81% (8781/10000), Test loss:0.3802
Epoch [17/100], Passed time:[205.993/3501.874]
learning rate: 0.1
Batch [0/352] training loss = 0.1480, training acc = 0.95
Batch [200/352] training loss = 0.1688, training acc = 0.95
Valid Test with nat
Test accuracy: 87.40% (4370/5000), Test loss:0.3994
Best model so far saved in ./trained_models_new/cifar/wideresnet/nat/pruned1_epoch100_r80/init_pure/seed9_enhance_m0.05_warmup0.1.pth
Test on test set:
Test accuracy: 86.01% (8601/10000), Test loss:0.4446
Epoch [18/100], Passed time:[206.382/3714.877]
learning rate: 0.1
Batch [0/352] training loss = 0.2284, training acc = 0.93
Batch [200/352] training loss = 0.2229, training acc = 0.93
Valid Test with nat
Test accuracy: 86.28% (4314/5000), Test loss:0.4878
Epoch [19/100], Passed time:[206.021/3914.395]
learning rate: 0.1
Batch [0/352] training loss = 0.2085, training acc = 0.95
Batch [200/352] training loss = 0.2061, training acc = 0.95
Valid Test with nat
Test accuracy: 86.42% (4321/5000), Test loss:0.4361
Epoch [20/100], Passed time:[205.741/4114.815]
learning rate: 0.1
Batch [0/352] training loss = 0.1423, training acc = 0.96
Batch [200/352] training loss = 0.2058, training acc = 0.95
Valid Test with nat
Test accuracy: 88.16% (4408/5000), Test loss:0.4058
Epoch [21/100], Passed time:[205.469/4314.849]
learning rate: 0.1
Batch [0/352] training loss = 0.1484, training acc = 0.96
Batch [200/352] training loss = 0.1554, training acc = 0.92
Valid Test with nat
Test accuracy: 87.12% (4356/5000), Test loss:0.4368
Epoch [22/100], Passed time:[205.218/4514.792]
learning rate: 0.1
Batch [0/352] training loss = 0.1958, training acc = 0.94
Batch [200/352] training loss = 0.1249, training acc = 0.94
Valid Test with nat
Test accuracy: 87.14% (4357/5000), Test loss:0.4715
Epoch [23/100], Passed time:[205.077/4716.778]
learning rate: 0.1
Batch [0/352] training loss = 0.1812, training acc = 0.95
Batch [200/352] training loss = 0.1190, training acc = 0.95
Valid Test with nat
Test accuracy: 86.10% (4305/5000), Test loss:0.4972
Epoch [24/100], Passed time:[204.944/4918.661]
learning rate: 0.1
Batch [0/352] training loss = 0.2887, training acc = 0.88
Batch [200/352] training loss = 0.2281, training acc = 0.92
Valid Test with nat
Test accuracy: 87.72% (4386/5000), Test loss:0.4201
Epoch [25/100], Passed time:[204.696/5117.409]
learning rate: 0.1
Batch [0/352] training loss = 0.0976, training acc = 0.98
Batch [200/352] training loss = 0.0785, training acc = 0.98
Valid Test with nat
Test accuracy: 85.10% (4255/5000), Test loss:0.5909
Epoch [26/100], Passed time:[204.486/5316.636]
learning rate: 0.1
Batch [0/352] training loss = 0.1446, training acc = 0.95
Batch [200/352] training loss = 0.1158, training acc = 0.95
Valid Test with nat
Test accuracy: 89.18% (4459/5000), Test loss:0.3849
Best model so far saved in ./trained_models_new/cifar/wideresnet/nat/pruned1_epoch100_r80/init_pure/seed9_enhance_m0.05_warmup0.1.pth
Test on test set:
Test accuracy: 88.90% (8890/10000), Test loss:0.3735
Epoch [27/100], Passed time:[204.796/5529.487]
learning rate: 0.1
Batch [0/352] training loss = 0.1078, training acc = 0.97
Batch [200/352] training loss = 0.1165, training acc = 0.97
Valid Test with nat
Test accuracy: 88.72% (4436/5000), Test loss:0.3706
Best model so far saved in ./trained_models_new/cifar/wideresnet/nat/pruned1_epoch100_r80/init_pure/seed9_enhance_m0.05_warmup0.1.pth
Test on test set:
Test accuracy: 88.53% (8853/10000), Test loss:0.3856
Epoch [28/100], Passed time:[205.126/5743.517]
learning rate: 0.1
Batch [0/352] training loss = 0.1634, training acc = 0.94
Batch [200/352] training loss = 0.1101, training acc = 0.96
Valid Test with nat
Test accuracy: 88.32% (4416/5000), Test loss:0.3872
Epoch [29/100], Passed time:[204.928/5942.926]
learning rate: 0.1
Batch [0/352] training loss = 0.1852, training acc = 0.92
Batch [200/352] training loss = 0.1317, training acc = 0.95
Valid Test with nat
Test accuracy: 89.40% (4470/5000), Test loss:0.3936
Epoch [30/100], Passed time:[204.854/6145.606]
learning rate: 0.1
Batch [0/352] training loss = 0.0823, training acc = 0.98
Batch [200/352] training loss = 0.1232, training acc = 0.95
Valid Test with nat
Test accuracy: 89.16% (4458/5000), Test loss:0.4013
Epoch [31/100], Passed time:[204.773/6347.960]
learning rate: 0.1
Batch [0/352] training loss = 0.1443, training acc = 0.96
Batch [200/352] training loss = 0.2026, training acc = 0.95
Valid Test with nat
Test accuracy: 87.14% (4357/5000), Test loss:0.4675
Epoch [32/100], Passed time:[204.678/6549.703]
learning rate: 0.1
Batch [0/352] training loss = 0.1178, training acc = 0.97
Batch [200/352] training loss = 0.1711, training acc = 0.92
Valid Test with nat
Test accuracy: 89.40% (4470/5000), Test loss:0.3511
Best model so far saved in ./trained_models_new/cifar/wideresnet/nat/pruned1_epoch100_r80/init_pure/seed9_enhance_m0.05_warmup0.1.pth
Test on test set:
Test accuracy: 90.18% (9018/10000), Test loss:0.3393
Epoch [33/100], Passed time:[205.009/6765.296]
learning rate: 0.1
Batch [0/352] training loss = 0.1689, training acc = 0.93
Batch [200/352] training loss = 0.1001, training acc = 0.97
Valid Test with nat
Test accuracy: 88.86% (4443/5000), Test loss:0.3916
Epoch [34/100], Passed time:[204.910/6966.952]
learning rate: 0.1
Batch [0/352] training loss = 0.2261, training acc = 0.92
Batch [200/352] training loss = 0.1200, training acc = 0.97
Valid Test with nat
Test accuracy: 89.94% (4497/5000), Test loss:0.3626
Epoch [35/100], Passed time:[204.858/7170.037]
learning rate: 0.1
Batch [0/352] training loss = 0.1134, training acc = 0.95
Batch [200/352] training loss = 0.1094, training acc = 0.96
Valid Test with nat
Test accuracy: 88.04% (4402/5000), Test loss:0.4307
Epoch [36/100], Passed time:[204.833/7374.004]
learning rate: 0.1
Batch [0/352] training loss = 0.0885, training acc = 0.98
Batch [200/352] training loss = 0.1003, training acc = 0.95
Valid Test with nat
Test accuracy: 90.00% (4500/5000), Test loss:0.3797
Epoch [37/100], Passed time:[204.746/7575.603]
learning rate: 0.1
Batch [0/352] training loss = 0.0922, training acc = 0.96
Batch [200/352] training loss = 0.1599, training acc = 0.93
Valid Test with nat
Test accuracy: 89.52% (4476/5000), Test loss:0.3901
Epoch [38/100], Passed time:[204.645/7776.491]
learning rate: 0.1
Batch [0/352] training loss = 0.1033, training acc = 0.96
Batch [200/352] training loss = 0.1658, training acc = 0.95
Valid Test with nat
Test accuracy: 89.44% (4472/5000), Test loss:0.3829
Epoch [39/100], Passed time:[204.566/7978.071]
learning rate: 0.1
Batch [0/352] training loss = 0.1518, training acc = 0.95
Batch [200/352] training loss = 0.1089, training acc = 0.96
Valid Test with nat
Test accuracy: 88.06% (4403/5000), Test loss:0.4504
Epoch [40/100], Passed time:[204.515/8180.595]
learning rate: 0.1
Batch [0/352] training loss = 0.1605, training acc = 0.93
Batch [200/352] training loss = 0.0847, training acc = 0.97
Valid Test with nat
Test accuracy: 89.48% (4474/5000), Test loss:0.3942
Epoch [41/100], Passed time:[204.439/8382.001]
learning rate: 0.1
Batch [0/352] training loss = 0.1874, training acc = 0.94
Batch [200/352] training loss = 0.1623, training acc = 0.95
Valid Test with nat
Test accuracy: 90.36% (4518/5000), Test loss:0.3242
Best model so far saved in ./trained_models_new/cifar/wideresnet/nat/pruned1_epoch100_r80/init_pure/seed9_enhance_m0.05_warmup0.1.pth
Test on test set:
Test accuracy: 90.13% (9013/10000), Test loss:0.3428
Epoch [42/100], Passed time:[204.729/8598.597]
learning rate: 0.1
Batch [0/352] training loss = 0.1086, training acc = 0.96
Batch [200/352] training loss = 0.1439, training acc = 0.95
Valid Test with nat
Test accuracy: 89.60% (4480/5000), Test loss:0.3889
Epoch [43/100], Passed time:[204.675/8801.021]
learning rate: 0.1
Batch [0/352] training loss = 0.1236, training acc = 0.97
Batch [200/352] training loss = 0.1081, training acc = 0.97
Valid Test with nat
Test accuracy: 90.48% (4524/5000), Test loss:0.3280
Epoch [44/100], Passed time:[204.590/9001.980]
learning rate: 0.1
Batch [0/352] training loss = 0.1331, training acc = 0.95
Batch [200/352] training loss = 0.1147, training acc = 0.98
Valid Test with nat
Test accuracy: 87.64% (4382/5000), Test loss:0.4618
Epoch [45/100], Passed time:[204.517/9203.266]
learning rate: 0.1
Batch [0/352] training loss = 0.1077, training acc = 0.96
Batch [200/352] training loss = 0.0818, training acc = 0.98
Valid Test with nat
Test accuracy: 88.94% (4447/5000), Test loss:0.4085
Epoch [46/100], Passed time:[204.484/9406.254]
learning rate: 0.1
Batch [0/352] training loss = 0.1879, training acc = 0.94
Batch [200/352] training loss = 0.1809, training acc = 0.95
Valid Test with nat
Test accuracy: 90.28% (4514/5000), Test loss:0.3583
Epoch [47/100], Passed time:[204.449/9609.082]
learning rate: 0.1
Batch [0/352] training loss = 0.1230, training acc = 0.97
Batch [200/352] training loss = 0.0967, training acc = 0.97
Valid Test with nat
Test accuracy: 90.68% (4534/5000), Test loss:0.3412
Epoch [48/100], Passed time:[204.410/9811.685]
learning rate: 0.1
Batch [0/352] training loss = 0.0762, training acc = 0.98
Batch [200/352] training loss = 0.1439, training acc = 0.95
Valid Test with nat
Test accuracy: 88.88% (4444/5000), Test loss:0.4347
Epoch [49/100], Passed time:[204.343/10012.817]
learning rate: 0.1
Batch [0/352] training loss = 0.1202, training acc = 0.95
Batch [200/352] training loss = 0.1319, training acc = 0.94
Valid Test with nat
Test accuracy: 90.42% (4521/5000), Test loss:0.3541
Epoch [50/100], Passed time:[204.302/10215.104]
learning rate: 0.010000000000000002
Batch [0/352] training loss = 0.0915, training acc = 0.97
Batch [200/352] training loss = 0.0586, training acc = 0.98
Valid Test with nat
Test accuracy: 94.00% (4700/5000), Test loss:0.2331
Best model so far saved in ./trained_models_new/cifar/wideresnet/nat/pruned1_epoch100_r80/init_pure/seed9_enhance_m0.05_warmup0.1.pth
Test on test set:
Test accuracy: 93.39% (9339/10000), Test loss:0.2412
Epoch [51/100], Passed time:[204.525/10430.767]
learning rate: 0.010000000000000002
Batch [0/352] training loss = 0.0125, training acc = 1.00
Batch [200/352] training loss = 0.0595, training acc = 0.96
Valid Test with nat
Test accuracy: 94.16% (4708/5000), Test loss:0.2181
Best model so far saved in ./trained_models_new/cifar/wideresnet/nat/pruned1_epoch100_r80/init_pure/seed9_enhance_m0.05_warmup0.1.pth
Test on test set:
Test accuracy: 93.76% (9376/10000), Test loss:0.2395
Epoch [52/100], Passed time:[204.733/10646.136]
learning rate: 0.010000000000000002
Batch [0/352] training loss = 0.0415, training acc = 0.99
Batch [200/352] training loss = 0.0261, training acc = 1.00
Valid Test with nat
Test accuracy: 94.66% (4733/5000), Test loss:0.2280
Epoch [53/100], Passed time:[204.696/10848.876]
learning rate: 0.010000000000000002
Batch [0/352] training loss = 0.0172, training acc = 0.99
Batch [200/352] training loss = 0.0279, training acc = 0.99
Valid Test with nat
Test accuracy: 94.64% (4732/5000), Test loss:0.2207
Epoch [54/100], Passed time:[204.643/11050.739]
learning rate: 0.010000000000000002
Batch [0/352] training loss = 0.0164, training acc = 0.99
Batch [200/352] training loss = 0.0173, training acc = 1.00
Valid Test with nat
Test accuracy: 94.66% (4733/5000), Test loss:0.2232
Epoch [55/100], Passed time:[204.622/11254.218]
learning rate: 0.010000000000000002
Batch [0/352] training loss = 0.0103, training acc = 1.00
Batch [200/352] training loss = 0.0086, training acc = 1.00
Valid Test with nat
Test accuracy: 94.62% (4731/5000), Test loss:0.2285
Epoch [56/100], Passed time:[204.378/11445.156]
learning rate: 0.010000000000000002
Batch [0/352] training loss = 0.0126, training acc = 0.99
Batch [200/352] training loss = 0.0139, training acc = 1.00
Valid Test with nat
Test accuracy: 94.58% (4729/5000), Test loss:0.2295
Epoch [57/100], Passed time:[204.083/11632.720]
learning rate: 0.010000000000000002
Batch [0/352] training loss = 0.0168, training acc = 1.00
Batch [200/352] training loss = 0.0100, training acc = 1.00
Valid Test with nat
Test accuracy: 94.84% (4742/5000), Test loss:0.2317
Epoch [58/100], Passed time:[203.790/11819.816]
learning rate: 0.010000000000000002
Batch [0/352] training loss = 0.0090, training acc = 1.00
Batch [200/352] training loss = 0.0236, training acc = 0.99
Valid Test with nat
Test accuracy: 94.74% (4737/5000), Test loss:0.2344
Epoch [59/100], Passed time:[203.525/12007.993]
learning rate: 0.010000000000000002
Batch [0/352] training loss = 0.0015, training acc = 1.00
Batch [200/352] training loss = 0.0065, training acc = 1.00
Valid Test with nat
Test accuracy: 94.76% (4738/5000), Test loss:0.2452
Epoch [60/100], Passed time:[203.244/12194.613]
learning rate: 0.010000000000000002
Batch [0/352] training loss = 0.0031, training acc = 1.00
Batch [200/352] training loss = 0.0067, training acc = 1.00
Valid Test with nat
Test accuracy: 94.96% (4748/5000), Test loss:0.2398
Epoch [61/100], Passed time:[202.992/12382.524]
learning rate: 0.010000000000000002
Batch [0/352] training loss = 0.0233, training acc = 0.98
Batch [200/352] training loss = 0.0164, training acc = 0.99
Valid Test with nat
Test accuracy: 94.80% (4740/5000), Test loss:0.2453
Epoch [62/100], Passed time:[202.733/12569.474]
learning rate: 0.010000000000000002
Batch [0/352] training loss = 0.0334, training acc = 0.98
Batch [200/352] training loss = 0.0035, training acc = 1.00
Valid Test with nat
Test accuracy: 94.84% (4742/5000), Test loss:0.2463
Epoch [63/100], Passed time:[202.455/12754.652]
learning rate: 0.010000000000000002
Batch [0/352] training loss = 0.0191, training acc = 0.98
Batch [200/352] training loss = 0.0031, training acc = 1.00
Valid Test with nat
Test accuracy: 94.84% (4742/5000), Test loss:0.2412
Epoch [64/100], Passed time:[202.074/12932.721]
learning rate: 0.010000000000000002
Batch [0/352] training loss = 0.0067, training acc = 1.00
Batch [200/352] training loss = 0.0123, training acc = 0.99
Valid Test with nat
Test accuracy: 94.58% (4729/5000), Test loss:0.2571
Epoch [65/100], Passed time:[201.705/13110.833]
learning rate: 0.010000000000000002
Batch [0/352] training loss = 0.0042, training acc = 1.00
Batch [200/352] training loss = 0.0015, training acc = 1.00
Valid Test with nat
Test accuracy: 94.74% (4737/5000), Test loss:0.2506
Epoch [66/100], Passed time:[201.344/13288.719]
learning rate: 0.010000000000000002
Batch [0/352] training loss = 0.0072, training acc = 1.00
Batch [200/352] training loss = 0.0089, training acc = 1.00
Valid Test with nat
Test accuracy: 94.70% (4735/5000), Test loss:0.2582
Epoch [67/100], Passed time:[200.991/13466.396]
learning rate: 0.010000000000000002
Batch [0/352] training loss = 0.0060, training acc = 1.00
Batch [200/352] training loss = 0.0023, training acc = 1.00
Valid Test with nat
Test accuracy: 95.00% (4750/5000), Test loss:0.2519
Epoch [68/100], Passed time:[200.657/13644.676]
learning rate: 0.010000000000000002
Batch [0/352] training loss = 0.0016, training acc = 1.00
Batch [200/352] training loss = 0.0317, training acc = 0.98
Valid Test with nat
Test accuracy: 94.92% (4746/5000), Test loss:0.2508
Epoch [69/100], Passed time:[200.336/13823.195]
learning rate: 0.010000000000000002
Batch [0/352] training loss = 0.0045, training acc = 1.00
Batch [200/352] training loss = 0.0588, training acc = 0.98
Valid Test with nat
Test accuracy: 94.78% (4739/5000), Test loss:0.2530
Epoch [70/100], Passed time:[200.020/14001.374]
learning rate: 0.010000000000000002
Batch [0/352] training loss = 0.0064, training acc = 1.00
Batch [200/352] training loss = 0.0188, training acc = 0.99
Valid Test with nat
Test accuracy: 94.68% (4734/5000), Test loss:0.2539
Epoch [71/100], Passed time:[199.710/14179.407]
learning rate: 0.010000000000000002
Batch [0/352] training loss = 0.0190, training acc = 0.99
Batch [200/352] training loss = 0.0087, training acc = 0.99
Valid Test with nat
Test accuracy: 94.92% (4746/5000), Test loss:0.2501
Epoch [72/100], Passed time:[199.403/14357.047]
learning rate: 0.010000000000000002
Batch [0/352] training loss = 0.0065, training acc = 1.00
Batch [200/352] training loss = 0.0244, training acc = 0.98
Valid Test with nat
Test accuracy: 94.90% (4745/5000), Test loss:0.2907
Epoch [73/100], Passed time:[199.107/14534.828]
learning rate: 0.010000000000000002
Batch [0/352] training loss = 0.0047, training acc = 1.00
Batch [200/352] training loss = 0.0237, training acc = 0.98
Valid Test with nat
Test accuracy: 94.90% (4745/5000), Test loss:0.2498
Epoch [74/100], Passed time:[198.820/14712.655]
learning rate: 0.010000000000000002
Batch [0/352] training loss = 0.0010, training acc = 1.00
Batch [200/352] training loss = 0.0115, training acc = 0.99
Valid Test with nat
Test accuracy: 94.88% (4744/5000), Test loss:0.2706
Epoch [75/100], Passed time:[198.540/14890.515]
learning rate: 0.0010000000000000002
Batch [0/352] training loss = 0.0014, training acc = 1.00
Batch [200/352] training loss = 0.0060, training acc = 1.00
Valid Test with nat
Test accuracy: 94.94% (4747/5000), Test loss:0.2484
Epoch [76/100], Passed time:[198.266/15068.185]
learning rate: 0.0010000000000000002
Batch [0/352] training loss = 0.0122, training acc = 0.99
Batch [200/352] training loss = 0.0077, training acc = 1.00
Valid Test with nat
Test accuracy: 94.96% (4748/5000), Test loss:0.2483
Epoch [77/100], Passed time:[198.001/15246.066]
learning rate: 0.0010000000000000002
Batch [0/352] training loss = 0.0017, training acc = 1.00
Batch [200/352] training loss = 0.0024, training acc = 1.00
Valid Test with nat
Test accuracy: 95.04% (4752/5000), Test loss:0.2454
Epoch [78/100], Passed time:[197.747/15424.270]
learning rate: 0.0010000000000000002
Batch [0/352] training loss = 0.0018, training acc = 1.00
Batch [200/352] training loss = 0.0014, training acc = 1.00
Valid Test with nat
Test accuracy: 95.00% (4750/5000), Test loss:0.2434
Epoch [79/100], Passed time:[197.499/15602.382]
learning rate: 0.0010000000000000002
Batch [0/352] training loss = 0.0017, training acc = 1.00
Batch [200/352] training loss = 0.0005, training acc = 1.00
Valid Test with nat
Test accuracy: 94.98% (4749/5000), Test loss:0.2505
Epoch [80/100], Passed time:[197.256/15780.443]
learning rate: 0.0010000000000000002
Batch [0/352] training loss = 0.0093, training acc = 1.00
Batch [200/352] training loss = 0.0044, training acc = 1.00
Valid Test with nat
Test accuracy: 95.16% (4758/5000), Test loss:0.2440
Epoch [81/100], Passed time:[197.021/15958.714]
learning rate: 0.0010000000000000002
Batch [0/352] training loss = 0.0042, training acc = 1.00
Batch [200/352] training loss = 0.0187, training acc = 0.99
Valid Test with nat
Test accuracy: 95.14% (4757/5000), Test loss:0.2656
Epoch [82/100], Passed time:[196.788/16136.627]
learning rate: 0.0010000000000000002
Batch [0/352] training loss = 0.0088, training acc = 1.00
Batch [200/352] training loss = 0.0029, training acc = 1.00
Valid Test with nat
Test accuracy: 95.08% (4754/5000), Test loss:0.2521
Epoch [83/100], Passed time:[196.561/16314.569]
learning rate: 0.0010000000000000002
Batch [0/352] training loss = 0.0013, training acc = 1.00
Batch [200/352] training loss = 0.0021, training acc = 1.00
Valid Test with nat
Test accuracy: 95.22% (4761/5000), Test loss:0.2421
Epoch [84/100], Passed time:[196.344/16492.895]
learning rate: 0.0010000000000000002
Batch [0/352] training loss = 0.0252, training acc = 0.99
Batch [200/352] training loss = 0.0019, training acc = 1.00
Valid Test with nat
Test accuracy: 95.20% (4760/5000), Test loss:0.2416
Epoch [85/100], Passed time:[196.130/16671.027]
learning rate: 0.0010000000000000002
Batch [0/352] training loss = 0.0026, training acc = 1.00
Batch [200/352] training loss = 0.0009, training acc = 1.00
Valid Test with nat
Test accuracy: 95.16% (4758/5000), Test loss:0.2458
Epoch [86/100], Passed time:[195.916/16848.776]
learning rate: 0.0010000000000000002
Batch [0/352] training loss = 0.0012, training acc = 1.00
Batch [200/352] training loss = 0.0010, training acc = 1.00
Valid Test with nat
Test accuracy: 95.02% (4751/5000), Test loss:0.2459
Epoch [87/100], Passed time:[195.711/17026.892]
learning rate: 0.0010000000000000002
Batch [0/352] training loss = 0.0015, training acc = 1.00
Batch [200/352] training loss = 0.0218, training acc = 0.99
Valid Test with nat
Test accuracy: 95.08% (4754/5000), Test loss:0.2448
Epoch [88/100], Passed time:[195.510/17204.882]
learning rate: 0.0010000000000000002
Batch [0/352] training loss = 0.0033, training acc = 1.00
Batch [200/352] training loss = 0.0012, training acc = 1.00
Valid Test with nat
Test accuracy: 95.04% (4752/5000), Test loss:0.2481
Epoch [89/100], Passed time:[195.315/17383.053]
learning rate: 0.0010000000000000002
Batch [0/352] training loss = 0.0018, training acc = 1.00
Batch [200/352] training loss = 0.0006, training acc = 1.00
Valid Test with nat
Test accuracy: 95.00% (4750/5000), Test loss:0.2490
Epoch [90/100], Passed time:[195.118/17560.616]
learning rate: 0.0010000000000000002
Batch [0/352] training loss = 0.0112, training acc = 0.99
Batch [200/352] training loss = 0.0020, training acc = 1.00
Valid Test with nat
Test accuracy: 95.10% (4755/5000), Test loss:0.2558
Epoch [91/100], Passed time:[194.918/17737.519]
learning rate: 0.0010000000000000002
Batch [0/352] training loss = 0.0030, training acc = 1.00
Batch [200/352] training loss = 0.0028, training acc = 1.00
Valid Test with nat
Test accuracy: 95.12% (4756/5000), Test loss:0.2463
Epoch [92/100], Passed time:[194.727/17914.915]
learning rate: 0.0010000000000000002
Batch [0/352] training loss = 0.0017, training acc = 1.00
Batch [200/352] training loss = 0.0078, training acc = 0.99
Valid Test with nat
Test accuracy: 95.20% (4760/5000), Test loss:0.2417
Epoch [93/100], Passed time:[194.542/18092.426]
learning rate: 0.0010000000000000002
Batch [0/352] training loss = 0.0117, training acc = 0.99
Batch [200/352] training loss = 0.0011, training acc = 1.00
Valid Test with nat
Test accuracy: 95.12% (4756/5000), Test loss:0.2474
Epoch [94/100], Passed time:[194.358/18269.640]
learning rate: 0.0010000000000000002
Batch [0/352] training loss = 0.0066, training acc = 1.00
Batch [200/352] training loss = 0.0098, training acc = 0.99
Valid Test with nat
Test accuracy: 95.04% (4752/5000), Test loss:0.2408
Epoch [95/100], Passed time:[194.182/18447.269]
learning rate: 0.0010000000000000002
Batch [0/352] training loss = 0.0030, training acc = 1.00
Batch [200/352] training loss = 0.0006, training acc = 1.00
Valid Test with nat
Test accuracy: 95.10% (4755/5000), Test loss:0.2536
Epoch [96/100], Passed time:[193.995/18623.558]
learning rate: 0.0010000000000000002
Batch [0/352] training loss = 0.0020, training acc = 1.00
Batch [200/352] training loss = 0.0025, training acc = 1.00
Valid Test with nat
Test accuracy: 95.24% (4762/5000), Test loss:0.2659
Epoch [97/100], Passed time:[193.808/18799.340]
learning rate: 0.0010000000000000002
Batch [0/352] training loss = 0.0051, training acc = 1.00
Batch [200/352] training loss = 0.0066, training acc = 1.00
Valid Test with nat
Test accuracy: 95.24% (4762/5000), Test loss:0.2440
Epoch [98/100], Passed time:[193.624/18975.199]
learning rate: 0.0010000000000000002
Batch [0/352] training loss = 0.0017, training acc = 1.00
Batch [200/352] training loss = 0.0013, training acc = 1.00
Valid Test with nat
Test accuracy: 95.14% (4757/5000), Test loss:0.2446
Epoch [99/100], Passed time:[193.447/19151.208]
learning rate: 0.0010000000000000002
Batch [0/352] training loss = 0.0127, training acc = 1.00
Batch [200/352] training loss = 0.0030, training acc = 1.00
Valid Test with nat
Test accuracy: 95.02% (4751/5000), Test loss:0.2424
Training done, model saved in ./trained_models_new/cifar/wideresnet/nat/pruned1_epoch100_r80/init_pure/seed9_enhance_m0.05_warmup0.1.pth
Test on test set:
Test accuracy: 94.34% (9434/10000), Test loss:0.2759
