transfer : False
train_method : nat
enhance_epochs : None
results_path : None
seed : 7
trades_beta : 6.0
n_pruning_steps : 1
verbose : 200
noise_sd : 1.0
resume : 0
enhance_method : nat
init_step : 1400
log_path : ./trained_models_new/cifar/resnet18/nat/pruned1_epoch100_r80/init_pure/init_enhance_0005m0.05_warmup0.1.log
clip_min : 0
clip_max : 1.0
model_name : init_enhance_0005m0.05_warmup0.1
max_pruning_ratio : 80
learning_rate : 0.1
ft_interval_weight : 50
warmup : True
test_batch_size : 100
norm : True
interval_weight : 0.1
targeted : False
dataset : cifar
schedule_length : 10
eps_step : 0.00784313725490196
attack_iter : 10
model_path : ./trained_models_new/cifar/resnet18/nat/pruned1_epoch100_r80/init_pure/init_enhance_0005m0.05_warmup0.1.pth
init : True
enhance_learning_rate : 0.1
starting_epsilon : 1e-05
init_path : ./trained_models_new/cifar/resnet18/init/pure_resnet18_init.pth
last_model_path : ./trained_models_new/
finetune_method : nat
gpu : 0
model_width : 8
model_type : resnet18
init_type : pure
epsilon : 0.03137254901960784
n_classes : 10
batch_size : 128
eval : False
prune_method : unstructured
early_stop : 50
mask_name : pruned_lr0.05_warmup0.005_mask_r80
create_init : False
train_epochs : 100
weight_decay : 0.0001
optm : sgd
mask_path : ./trained_models_new/cifar/resnet18/nat/pruned1_epoch100_r80/init_pure/pruned_lr0.05_warmup0.005_mask_r80.npy
CUDA enabled.
Enhance training config:
Enhance training method: nat
model will be saved in: ./trained_models_new/cifar/resnet18/nat/pruned1_epoch100_r80/init_pure/init_enhance_0005m0.05_warmup0.1.pth
Init model is: ./trained_models_new/cifar/resnet18/init/pure_resnet18_init.pth
Init mask used from: ./trained_models_new/cifar/resnet18/nat/pruned1_epoch100_r80/init_pure/pruned_lr0.05_warmup0.005_mask_r80.npy
Log will be saved in ./trained_models_new/cifar/resnet18/nat/pruned1_epoch100_r80/init_pure/init_enhance_0005m0.05_warmup0.1.log
Random seed is: 7

model loading from ./trained_models_new/cifar/resnet18/init/pure_resnet18_init.pth
Epoch [0/100]
learning rate: 0.01
Batch [0/352] training loss = 2.0473, training acc = 0.28
Batch [200/352] training loss = 0.6578, training acc = 0.73
Valid Test with nat
Test accuracy: 82.22% (4111/5000), Test loss:0.5631
Best model so far saved in ./trained_models_new/cifar/resnet18/nat/pruned1_epoch100_r80/init_pure/init_enhance_0005m0.05_warmup0.1.pth
Test on test set:
Test accuracy: 83.03% (8303/10000), Test loss:0.5187
Epoch [1/100], Passed time:[35.438/35.438]
learning rate: 0.019000000000000003
Batch [0/352] training loss = 0.3393, training acc = 0.88
Batch [200/352] training loss = 0.3195, training acc = 0.91
Valid Test with nat
Test accuracy: 82.64% (4132/5000), Test loss:0.5715
Epoch [2/100], Passed time:[36.387/72.774]
learning rate: 0.028000000000000004
Batch [0/352] training loss = 0.2537, training acc = 0.93
Batch [200/352] training loss = 0.3752, training acc = 0.89
Valid Test with nat
Test accuracy: 83.86% (4193/5000), Test loss:0.5210
Best model so far saved in ./trained_models_new/cifar/resnet18/nat/pruned1_epoch100_r80/init_pure/init_enhance_0005m0.05_warmup0.1.pth
Test on test set:
Test accuracy: 83.73% (8373/10000), Test loss:0.5223
Epoch [3/100], Passed time:[38.192/114.577]
learning rate: 0.037000000000000005
Batch [0/352] training loss = 0.3262, training acc = 0.87
Batch [200/352] training loss = 0.3395, training acc = 0.89
Valid Test with nat
Test accuracy: 85.26% (4263/5000), Test loss:0.4578
Best model so far saved in ./trained_models_new/cifar/resnet18/nat/pruned1_epoch100_r80/init_pure/init_enhance_0005m0.05_warmup0.1.pth
Test on test set:
Test accuracy: 85.96% (8596/10000), Test loss:0.4390
Epoch [4/100], Passed time:[38.756/155.023]
learning rate: 0.046000000000000006
Batch [0/352] training loss = 0.3149, training acc = 0.86
Batch [200/352] training loss = 0.2964, training acc = 0.90
Valid Test with nat
Test accuracy: 86.08% (4304/5000), Test loss:0.4606
Epoch [5/100], Passed time:[38.816/194.082]
learning rate: 0.05500000000000001
Batch [0/352] training loss = 0.1967, training acc = 0.92
Batch [200/352] training loss = 0.2372, training acc = 0.94
Valid Test with nat
Test accuracy: 85.76% (4288/5000), Test loss:0.4680
Epoch [6/100], Passed time:[38.644/231.861]
learning rate: 0.064
Batch [0/352] training loss = 0.2417, training acc = 0.92
Batch [200/352] training loss = 0.2833, training acc = 0.92
Valid Test with nat
Test accuracy: 86.00% (4300/5000), Test loss:0.4729
Epoch [7/100], Passed time:[38.551/269.854]
learning rate: 0.07300000000000001
Batch [0/352] training loss = 0.3450, training acc = 0.88
Batch [200/352] training loss = 0.1587, training acc = 0.95
Valid Test with nat
Test accuracy: 88.12% (4406/5000), Test loss:0.3863
Best model so far saved in ./trained_models_new/cifar/resnet18/nat/pruned1_epoch100_r80/init_pure/init_enhance_0005m0.05_warmup0.1.pth
Test on test set:
Test accuracy: 88.28% (8828/10000), Test loss:0.3805
Epoch [8/100], Passed time:[38.934/311.474]
learning rate: 0.082
Batch [0/352] training loss = 0.1720, training acc = 0.94
Batch [200/352] training loss = 0.3191, training acc = 0.88
Valid Test with nat
Test accuracy: 84.86% (4243/5000), Test loss:0.5430
Epoch [9/100], Passed time:[38.810/349.287]
learning rate: 0.091
Batch [0/352] training loss = 0.1952, training acc = 0.93
Batch [200/352] training loss = 0.2553, training acc = 0.92
Valid Test with nat
Test accuracy: 87.34% (4367/5000), Test loss:0.4291
Epoch [10/100], Passed time:[38.757/387.572]
learning rate: 0.1
Batch [0/352] training loss = 0.1429, training acc = 0.95
Batch [200/352] training loss = 0.1902, training acc = 0.95
Valid Test with nat
Test accuracy: 87.16% (4358/5000), Test loss:0.4614
Epoch [11/100], Passed time:[38.812/426.932]
learning rate: 0.1
Batch [0/352] training loss = 0.1532, training acc = 0.93
Batch [200/352] training loss = 0.2983, training acc = 0.91
Valid Test with nat
Test accuracy: 88.76% (4438/5000), Test loss:0.4112
Epoch [12/100], Passed time:[38.793/465.520]
learning rate: 0.1
Batch [0/352] training loss = 0.1612, training acc = 0.94
Batch [200/352] training loss = 0.2056, training acc = 0.94
Valid Test with nat
Test accuracy: 86.72% (4336/5000), Test loss:0.4576
Epoch [13/100], Passed time:[38.760/503.886]
learning rate: 0.1
Batch [0/352] training loss = 0.2468, training acc = 0.93
Batch [200/352] training loss = 0.1135, training acc = 0.97
Valid Test with nat
Test accuracy: 88.20% (4410/5000), Test loss:0.4226
Epoch [14/100], Passed time:[38.730/542.221]
learning rate: 0.1
Batch [0/352] training loss = 0.1735, training acc = 0.95
Batch [200/352] training loss = 0.2690, training acc = 0.90
Valid Test with nat
Test accuracy: 89.28% (4464/5000), Test loss:0.4050
Epoch [15/100], Passed time:[38.708/580.618]
learning rate: 0.1
Batch [0/352] training loss = 0.1511, training acc = 0.95
Batch [200/352] training loss = 0.1101, training acc = 0.96
Valid Test with nat
Test accuracy: 89.54% (4477/5000), Test loss:0.3501
Best model so far saved in ./trained_models_new/cifar/resnet18/nat/pruned1_epoch100_r80/init_pure/init_enhance_0005m0.05_warmup0.1.pth
Test on test set:
Test accuracy: 89.45% (8945/10000), Test loss:0.3577
Epoch [16/100], Passed time:[38.875/621.996]
learning rate: 0.1
Batch [0/352] training loss = 0.1467, training acc = 0.96
Batch [200/352] training loss = 0.2278, training acc = 0.91
Valid Test with nat
Test accuracy: 89.70% (4485/5000), Test loss:0.3705
Epoch [17/100], Passed time:[38.890/661.135]
learning rate: 0.1
Batch [0/352] training loss = 0.1171, training acc = 0.95
Batch [200/352] training loss = 0.0893, training acc = 0.98
Valid Test with nat
Test accuracy: 89.62% (4481/5000), Test loss:0.3841
Epoch [18/100], Passed time:[38.858/699.439]
learning rate: 0.1
Batch [0/352] training loss = 0.1398, training acc = 0.97
Batch [200/352] training loss = 0.1734, training acc = 0.94
Valid Test with nat
Test accuracy: 89.30% (4465/5000), Test loss:0.3849
Epoch [19/100], Passed time:[38.871/738.555]
learning rate: 0.1
Batch [0/352] training loss = 0.1560, training acc = 0.95
Batch [200/352] training loss = 0.1487, training acc = 0.95
Valid Test with nat
Test accuracy: 89.44% (4472/5000), Test loss:0.4135
Epoch [20/100], Passed time:[38.837/776.749]
learning rate: 0.1
Batch [0/352] training loss = 0.1152, training acc = 0.96
Batch [200/352] training loss = 0.1519, training acc = 0.95
Valid Test with nat
Test accuracy: 89.52% (4476/5000), Test loss:0.3810
Epoch [21/100], Passed time:[39.124/821.599]
learning rate: 0.1
Batch [0/352] training loss = 0.0837, training acc = 0.96
Batch [200/352] training loss = 0.0904, training acc = 0.97
Valid Test with nat
Test accuracy: 88.68% (4434/5000), Test loss:0.4342
Epoch [22/100], Passed time:[39.087/859.912]
learning rate: 0.1
Batch [0/352] training loss = 0.1102, training acc = 0.98
Batch [200/352] training loss = 0.1776, training acc = 0.93
Valid Test with nat
Test accuracy: 90.06% (4503/5000), Test loss:0.3419
Best model so far saved in ./trained_models_new/cifar/resnet18/nat/pruned1_epoch100_r80/init_pure/init_enhance_0005m0.05_warmup0.1.pth
Test on test set:
Test accuracy: 89.97% (8997/10000), Test loss:0.3365
Epoch [23/100], Passed time:[39.176/901.050]
learning rate: 0.1
Batch [0/352] training loss = 0.1874, training acc = 0.94
Batch [200/352] training loss = 0.1356, training acc = 0.95
Valid Test with nat
Test accuracy: 87.98% (4399/5000), Test loss:0.4791
Epoch [24/100], Passed time:[39.157/939.778]
learning rate: 0.1
Batch [0/352] training loss = 0.1991, training acc = 0.90
Batch [200/352] training loss = 0.0710, training acc = 0.96
Valid Test with nat
Test accuracy: 90.20% (4510/5000), Test loss:0.3859
Epoch [25/100], Passed time:[39.170/979.256]
learning rate: 0.1
Batch [0/352] training loss = 0.0660, training acc = 0.98
Batch [200/352] training loss = 0.0829, training acc = 0.97
Valid Test with nat
Test accuracy: 90.72% (4536/5000), Test loss:0.3341
Best model so far saved in ./trained_models_new/cifar/resnet18/nat/pruned1_epoch100_r80/init_pure/init_enhance_0005m0.05_warmup0.1.pth
Test on test set:
Test accuracy: 89.18% (8918/10000), Test loss:0.3822
Epoch [26/100], Passed time:[39.232/1020.021]
learning rate: 0.1
Batch [0/352] training loss = 0.1119, training acc = 0.96
Batch [200/352] training loss = 0.0444, training acc = 0.99
Valid Test with nat
Test accuracy: 89.22% (4461/5000), Test loss:0.4120
Epoch [27/100], Passed time:[39.254/1059.864]
learning rate: 0.1
Batch [0/352] training loss = 0.0789, training acc = 0.98
Batch [200/352] training loss = 0.1119, training acc = 0.96
Valid Test with nat
Test accuracy: 89.56% (4478/5000), Test loss:0.4050
Epoch [28/100], Passed time:[39.220/1098.174]
learning rate: 0.1
Batch [0/352] training loss = 0.1516, training acc = 0.92
Batch [200/352] training loss = 0.1359, training acc = 0.95
Valid Test with nat
Test accuracy: 89.94% (4497/5000), Test loss:0.3620
Epoch [29/100], Passed time:[39.196/1136.685]
learning rate: 0.1
Batch [0/352] training loss = 0.0985, training acc = 0.98
Batch [200/352] training loss = 0.1975, training acc = 0.94
Valid Test with nat
Test accuracy: 89.64% (4482/5000), Test loss:0.4057
Epoch [30/100], Passed time:[39.188/1175.641]
learning rate: 0.1
Batch [0/352] training loss = 0.1433, training acc = 0.96
Batch [200/352] training loss = 0.2097, training acc = 0.95
Valid Test with nat
Test accuracy: 87.74% (4387/5000), Test loss:0.4677
Epoch [31/100], Passed time:[39.148/1213.593]
learning rate: 0.1
Batch [0/352] training loss = 0.0897, training acc = 0.96
Batch [200/352] training loss = 0.1355, training acc = 0.94
Valid Test with nat
Test accuracy: 90.26% (4513/5000), Test loss:0.3449
Epoch [32/100], Passed time:[39.132/1252.239]
learning rate: 0.1
Batch [0/352] training loss = 0.1518, training acc = 0.95
Batch [200/352] training loss = 0.1343, training acc = 0.95
Valid Test with nat
Test accuracy: 89.02% (4451/5000), Test loss:0.4265
Epoch [33/100], Passed time:[39.104/1290.446]
learning rate: 0.1
Batch [0/352] training loss = 0.0695, training acc = 0.97
Batch [200/352] training loss = 0.2145, training acc = 0.93
Valid Test with nat
Test accuracy: 88.38% (4419/5000), Test loss:0.4355
Epoch [34/100], Passed time:[39.105/1329.570]
learning rate: 0.1
Batch [0/352] training loss = 0.1601, training acc = 0.92
Batch [200/352] training loss = 0.2004, training acc = 0.93
Valid Test with nat
Test accuracy: 90.68% (4534/5000), Test loss:0.3508
Epoch [35/100], Passed time:[39.103/1368.596]
learning rate: 0.1
Batch [0/352] training loss = 0.0762, training acc = 0.98
Batch [200/352] training loss = 0.3054, training acc = 0.91
Valid Test with nat
Test accuracy: 88.52% (4426/5000), Test loss:0.4520
Epoch [36/100], Passed time:[39.071/1406.570]
learning rate: 0.1
Batch [0/352] training loss = 0.0769, training acc = 0.98
Batch [200/352] training loss = 0.1298, training acc = 0.95
Valid Test with nat
Test accuracy: 90.62% (4531/5000), Test loss:0.3316
Best model so far saved in ./trained_models_new/cifar/resnet18/nat/pruned1_epoch100_r80/init_pure/init_enhance_0005m0.05_warmup0.1.pth
Test on test set:
Test accuracy: 89.97% (8997/10000), Test loss:0.3615
Epoch [37/100], Passed time:[39.142/1448.242]
learning rate: 0.1
Batch [0/352] training loss = 0.0941, training acc = 0.96
Batch [200/352] training loss = 0.1205, training acc = 0.95
Valid Test with nat
Test accuracy: 89.20% (4460/5000), Test loss:0.4395
Epoch [38/100], Passed time:[39.135/1487.121]
learning rate: 0.1
Batch [0/352] training loss = 0.1983, training acc = 0.93
Batch [200/352] training loss = 0.1387, training acc = 0.96
Valid Test with nat
Test accuracy: 87.38% (4369/5000), Test loss:0.5498
Epoch [39/100], Passed time:[39.147/1526.751]
learning rate: 0.1
Batch [0/352] training loss = 0.1548, training acc = 0.94
Batch [200/352] training loss = 0.0826, training acc = 0.98
Valid Test with nat
Test accuracy: 90.66% (4533/5000), Test loss:0.3244
Best model so far saved in ./trained_models_new/cifar/resnet18/nat/pruned1_epoch100_r80/init_pure/init_enhance_0005m0.05_warmup0.1.pth
Test on test set:
Test accuracy: 90.65% (9065/10000), Test loss:0.3331
Epoch [40/100], Passed time:[39.222/1568.861]
learning rate: 0.1
Batch [0/352] training loss = 0.1167, training acc = 0.96
Batch [200/352] training loss = 0.1718, training acc = 0.93
Valid Test with nat
Test accuracy: 88.26% (4413/5000), Test loss:0.4556
Epoch [41/100], Passed time:[39.189/1606.763]
learning rate: 0.1
Batch [0/352] training loss = 0.0604, training acc = 0.98
Batch [200/352] training loss = 0.0987, training acc = 0.96
Valid Test with nat
Test accuracy: 89.90% (4495/5000), Test loss:0.3882
Epoch [42/100], Passed time:[39.193/1646.125]
learning rate: 0.1
Batch [0/352] training loss = 0.1361, training acc = 0.94
Batch [200/352] training loss = 0.0962, training acc = 0.97
Valid Test with nat
Test accuracy: 89.68% (4484/5000), Test loss:0.4157
Epoch [43/100], Passed time:[39.197/1685.457]
learning rate: 0.1
Batch [0/352] training loss = 0.1072, training acc = 0.95
Batch [200/352] training loss = 0.1905, training acc = 0.95
Valid Test with nat
Test accuracy: 88.68% (4434/5000), Test loss:0.4059
Epoch [44/100], Passed time:[39.182/1724.023]
learning rate: 0.1
Batch [0/352] training loss = 0.0907, training acc = 0.97
Batch [200/352] training loss = 0.1744, training acc = 0.95
Valid Test with nat
Test accuracy: 89.44% (4472/5000), Test loss:0.3409
Epoch [45/100], Passed time:[39.161/1762.250]
learning rate: 0.1
Batch [0/352] training loss = 0.2214, training acc = 0.91
Batch [200/352] training loss = 0.1568, training acc = 0.95
Valid Test with nat
Test accuracy: 89.76% (4488/5000), Test loss:0.3721
Epoch [46/100], Passed time:[39.128/1799.910]
learning rate: 0.1
Batch [0/352] training loss = 0.0816, training acc = 0.98
Batch [200/352] training loss = 0.1058, training acc = 0.95
Valid Test with nat
Test accuracy: 87.92% (4396/5000), Test loss:0.4699
Epoch [47/100], Passed time:[39.128/1839.021]
learning rate: 0.1
Batch [0/352] training loss = 0.1544, training acc = 0.95
Batch [200/352] training loss = 0.0481, training acc = 0.98
Valid Test with nat
Test accuracy: 91.22% (4561/5000), Test loss:0.3178
Best model so far saved in ./trained_models_new/cifar/resnet18/nat/pruned1_epoch100_r80/init_pure/init_enhance_0005m0.05_warmup0.1.pth
Test on test set:
Test accuracy: 90.64% (9064/10000), Test loss:0.3479
Epoch [48/100], Passed time:[39.167/1880.029]
learning rate: 0.1
Batch [0/352] training loss = 0.0923, training acc = 0.98
Batch [200/352] training loss = 0.2124, training acc = 0.92
Valid Test with nat
Test accuracy: 88.94% (4447/5000), Test loss:0.3879
Epoch [49/100], Passed time:[39.162/1918.962]
learning rate: 0.1
Batch [0/352] training loss = 0.1140, training acc = 0.95
Batch [200/352] training loss = 0.0376, training acc = 0.99
Valid Test with nat
Test accuracy: 90.26% (4513/5000), Test loss:0.3488
Epoch [50/100], Passed time:[39.141/1957.049]
learning rate: 0.010000000000000002
Batch [0/352] training loss = 0.0785, training acc = 0.97
Batch [200/352] training loss = 0.0825, training acc = 0.97
Valid Test with nat
Test accuracy: 93.28% (4664/5000), Test loss:0.2420
Best model so far saved in ./trained_models_new/cifar/resnet18/nat/pruned1_epoch100_r80/init_pure/init_enhance_0005m0.05_warmup0.1.pth
Test on test set:
Test accuracy: 92.89% (9289/10000), Test loss:0.2500
Epoch [51/100], Passed time:[39.162/1997.279]
learning rate: 0.010000000000000002
Batch [0/352] training loss = 0.0600, training acc = 0.98
Batch [200/352] training loss = 0.0252, training acc = 1.00
Valid Test with nat
Test accuracy: 93.40% (4670/5000), Test loss:0.2424
Epoch [52/100], Passed time:[39.144/2035.491]
learning rate: 0.010000000000000002
Batch [0/352] training loss = 0.0150, training acc = 1.00
Batch [200/352] training loss = 0.0263, training acc = 0.99
Valid Test with nat
Test accuracy: 93.76% (4688/5000), Test loss:0.2352
Best model so far saved in ./trained_models_new/cifar/resnet18/nat/pruned1_epoch100_r80/init_pure/init_enhance_0005m0.05_warmup0.1.pth
Test on test set:
Test accuracy: 93.06% (9306/10000), Test loss:0.2507
Epoch [53/100], Passed time:[39.193/2077.234]
learning rate: 0.010000000000000002
Batch [0/352] training loss = 0.0207, training acc = 0.99
Batch [200/352] training loss = 0.0164, training acc = 1.00
Valid Test with nat
Test accuracy: 93.86% (4693/5000), Test loss:0.2390
Epoch [54/100], Passed time:[39.161/2114.715]
learning rate: 0.010000000000000002
Batch [0/352] training loss = 0.0514, training acc = 0.97
Batch [200/352] training loss = 0.0536, training acc = 0.97
Valid Test with nat
Test accuracy: 93.60% (4680/5000), Test loss:0.2439
Epoch [55/100], Passed time:[39.152/2153.348]
learning rate: 0.010000000000000002
Batch [0/352] training loss = 0.0264, training acc = 0.98
Batch [200/352] training loss = 0.0242, training acc = 0.99
Valid Test with nat
Test accuracy: 94.02% (4701/5000), Test loss:0.2590
Epoch [56/100], Passed time:[39.144/2192.077]
learning rate: 0.010000000000000002
Batch [0/352] training loss = 0.0321, training acc = 0.99
Batch [200/352] training loss = 0.0220, training acc = 0.99
Valid Test with nat
Test accuracy: 94.00% (4700/5000), Test loss:0.2462
Epoch [57/100], Passed time:[39.139/2230.919]
learning rate: 0.010000000000000002
Batch [0/352] training loss = 0.0139, training acc = 1.00
Batch [200/352] training loss = 0.0307, training acc = 0.98
Valid Test with nat
Test accuracy: 93.80% (4690/5000), Test loss:0.2470
Epoch [58/100], Passed time:[39.128/2269.445]
learning rate: 0.010000000000000002
Batch [0/352] training loss = 0.0108, training acc = 1.00
Batch [200/352] training loss = 0.0196, training acc = 0.99
Valid Test with nat
Test accuracy: 93.96% (4698/5000), Test loss:0.2484
Epoch [59/100], Passed time:[39.128/2308.554]
learning rate: 0.010000000000000002
Batch [0/352] training loss = 0.0033, training acc = 1.00
Batch [200/352] training loss = 0.0053, training acc = 1.00
Valid Test with nat
Test accuracy: 93.80% (4690/5000), Test loss:0.2589
Epoch [60/100], Passed time:[39.130/2347.822]
learning rate: 0.010000000000000002
Batch [0/352] training loss = 0.0114, training acc = 1.00
Batch [200/352] training loss = 0.0103, training acc = 1.00
Valid Test with nat
Test accuracy: 94.04% (4702/5000), Test loss:0.2474
Epoch [61/100], Passed time:[39.126/2386.678]
learning rate: 0.010000000000000002
Batch [0/352] training loss = 0.0384, training acc = 0.98
Batch [200/352] training loss = 0.0349, training acc = 0.98
Valid Test with nat
Test accuracy: 93.74% (4687/5000), Test loss:0.2779
Epoch [62/100], Passed time:[39.123/2425.609]
learning rate: 0.010000000000000002
Batch [0/352] training loss = 0.0158, training acc = 0.99
Batch [200/352] training loss = 0.0185, training acc = 1.00
Valid Test with nat
Test accuracy: 93.88% (4694/5000), Test loss:0.2636
Epoch [63/100], Passed time:[39.126/2464.931]
learning rate: 0.010000000000000002
Batch [0/352] training loss = 0.0087, training acc = 1.00
Batch [200/352] training loss = 0.0404, training acc = 0.99
Valid Test with nat
Test accuracy: 94.08% (4704/5000), Test loss:0.2444
Epoch [64/100], Passed time:[39.128/2504.211]
learning rate: 0.010000000000000002
Batch [0/352] training loss = 0.0035, training acc = 1.00
Batch [200/352] training loss = 0.0308, training acc = 0.98
Valid Test with nat
Test accuracy: 94.10% (4705/5000), Test loss:0.2454
Epoch [65/100], Passed time:[39.126/2543.209]
learning rate: 0.010000000000000002
Batch [0/352] training loss = 0.0121, training acc = 1.00
Batch [200/352] training loss = 0.0188, training acc = 0.99
Valid Test with nat
Test accuracy: 94.02% (4701/5000), Test loss:0.2569
Epoch [66/100], Passed time:[39.123/2582.097]
learning rate: 0.010000000000000002
Batch [0/352] training loss = 0.0084, training acc = 1.00
Batch [200/352] training loss = 0.0062, training acc = 1.00
Valid Test with nat
Test accuracy: 94.12% (4706/5000), Test loss:0.2531
Epoch [67/100], Passed time:[39.111/2620.431]
learning rate: 0.010000000000000002
Batch [0/352] training loss = 0.0394, training acc = 0.99
Batch [200/352] training loss = 0.0539, training acc = 0.98
Valid Test with nat
Test accuracy: 93.86% (4693/5000), Test loss:0.2591
Epoch [68/100], Passed time:[39.104/2659.097]
learning rate: 0.010000000000000002
Batch [0/352] training loss = 0.0158, training acc = 1.00
Batch [200/352] training loss = 0.0116, training acc = 1.00
Valid Test with nat
Test accuracy: 94.10% (4705/5000), Test loss:0.2738
Epoch [69/100], Passed time:[39.108/2698.457]
learning rate: 0.010000000000000002
Batch [0/352] training loss = 0.0142, training acc = 1.00
Batch [200/352] training loss = 0.0029, training acc = 1.00
Valid Test with nat
Test accuracy: 94.18% (4709/5000), Test loss:0.2733
Epoch [70/100], Passed time:[39.109/2737.621]
learning rate: 0.010000000000000002
Batch [0/352] training loss = 0.0126, training acc = 1.00
Batch [200/352] training loss = 0.0163, training acc = 1.00
Valid Test with nat
Test accuracy: 94.20% (4710/5000), Test loss:0.2522
Epoch [71/100], Passed time:[39.099/2776.008]
learning rate: 0.010000000000000002
Batch [0/352] training loss = 0.0255, training acc = 0.98
Batch [200/352] training loss = 0.0219, training acc = 0.98
Valid Test with nat
Test accuracy: 94.10% (4705/5000), Test loss:0.2498
Epoch [72/100], Passed time:[39.092/2814.614]
learning rate: 0.010000000000000002
Batch [0/352] training loss = 0.0095, training acc = 0.99
Batch [200/352] training loss = 0.0073, training acc = 1.00
Valid Test with nat
Test accuracy: 94.30% (4715/5000), Test loss:0.2430
Epoch [73/100], Passed time:[39.083/2853.050]
learning rate: 0.010000000000000002
Batch [0/352] training loss = 0.0051, training acc = 1.00
Batch [200/352] training loss = 0.0181, training acc = 0.99
Valid Test with nat
Test accuracy: 93.80% (4690/5000), Test loss:0.2566
Epoch [74/100], Passed time:[39.082/2892.065]
learning rate: 0.010000000000000002
Batch [0/352] training loss = 0.0019, training acc = 1.00
Batch [200/352] training loss = 0.0026, training acc = 1.00
Valid Test with nat
Test accuracy: 94.00% (4700/5000), Test loss:0.2558
Epoch [75/100], Passed time:[39.088/2931.588]
learning rate: 0.0010000000000000002
Batch [0/352] training loss = 0.0029, training acc = 1.00
Batch [200/352] training loss = 0.0091, training acc = 1.00
Valid Test with nat
Test accuracy: 94.16% (4708/5000), Test loss:0.2543
Epoch [76/100], Passed time:[39.086/2970.514]
learning rate: 0.0010000000000000002
Batch [0/352] training loss = 0.0091, training acc = 1.00
Batch [200/352] training loss = 0.0048, training acc = 1.00
Valid Test with nat
Test accuracy: 94.12% (4706/5000), Test loss:0.2475
Epoch [77/100], Passed time:[39.078/3009.041]
learning rate: 0.0010000000000000002
Batch [0/352] training loss = 0.0192, training acc = 0.99
Batch [200/352] training loss = 0.0043, training acc = 1.00
Valid Test with nat
Test accuracy: 94.28% (4714/5000), Test loss:0.2453
Epoch [78/100], Passed time:[39.081/3048.283]
learning rate: 0.0010000000000000002
Batch [0/352] training loss = 0.0086, training acc = 1.00
Batch [200/352] training loss = 0.0126, training acc = 0.99
Valid Test with nat
Test accuracy: 94.08% (4704/5000), Test loss:0.2536
Epoch [79/100], Passed time:[39.080/3087.343]
learning rate: 0.0010000000000000002
Batch [0/352] training loss = 0.0070, training acc = 1.00
Batch [200/352] training loss = 0.0051, training acc = 1.00
Valid Test with nat
Test accuracy: 94.06% (4703/5000), Test loss:0.2483
Epoch [80/100], Passed time:[39.079/3126.345]
learning rate: 0.0010000000000000002
Batch [0/352] training loss = 0.0049, training acc = 1.00
Batch [200/352] training loss = 0.0151, training acc = 1.00
Valid Test with nat
Test accuracy: 93.98% (4699/5000), Test loss:0.2449
Epoch [81/100], Passed time:[39.065/3164.264]
learning rate: 0.0010000000000000002
Batch [0/352] training loss = 0.0018, training acc = 1.00
Batch [200/352] training loss = 0.0058, training acc = 1.00
Valid Test with nat
Test accuracy: 94.10% (4705/5000), Test loss:0.2476
Epoch [82/100], Passed time:[39.059/3202.840]
learning rate: 0.0010000000000000002
Batch [0/352] training loss = 0.0231, training acc = 0.99
Batch [200/352] training loss = 0.0147, training acc = 0.99
Valid Test with nat
Test accuracy: 94.30% (4715/5000), Test loss:0.2455
Epoch [83/100], Passed time:[39.049/3241.033]
learning rate: 0.0010000000000000002
Batch [0/352] training loss = 0.0153, training acc = 0.99
Batch [200/352] training loss = 0.0204, training acc = 0.99
Valid Test with nat
Test accuracy: 94.24% (4712/5000), Test loss:0.2595
Epoch [84/100], Passed time:[39.051/3280.278]
learning rate: 0.0010000000000000002
Batch [0/352] training loss = 0.0114, training acc = 1.00
Batch [200/352] training loss = 0.0274, training acc = 0.99
Valid Test with nat
Test accuracy: 94.26% (4713/5000), Test loss:0.2531
Epoch [85/100], Passed time:[39.053/3319.495]
learning rate: 0.0010000000000000002
Batch [0/352] training loss = 0.0103, training acc = 1.00
Batch [200/352] training loss = 0.0113, training acc = 0.99
Valid Test with nat
Test accuracy: 94.22% (4711/5000), Test loss:0.2682
Epoch [86/100], Passed time:[39.041/3357.503]
learning rate: 0.0010000000000000002
Batch [0/352] training loss = 0.0130, training acc = 0.99
Batch [200/352] training loss = 0.0241, training acc = 0.99
Valid Test with nat
Test accuracy: 94.22% (4711/5000), Test loss:0.2499
Epoch [87/100], Passed time:[39.034/3395.922]
learning rate: 0.0010000000000000002
Batch [0/352] training loss = 0.0107, training acc = 1.00
Batch [200/352] training loss = 0.0129, training acc = 0.99
Valid Test with nat
Test accuracy: 94.30% (4715/5000), Test loss:0.2415
Epoch [88/100], Passed time:[39.034/3435.024]
learning rate: 0.0010000000000000002
Batch [0/352] training loss = 0.0085, training acc = 1.00
Batch [200/352] training loss = 0.0098, training acc = 1.00
Valid Test with nat
Test accuracy: 94.30% (4715/5000), Test loss:0.2425
Epoch [89/100], Passed time:[39.022/3472.916]
learning rate: 0.0010000000000000002
Batch [0/352] training loss = 0.0056, training acc = 1.00
Batch [200/352] training loss = 0.0110, training acc = 0.99
Valid Test with nat
Test accuracy: 94.32% (4716/5000), Test loss:0.2427
Epoch [90/100], Passed time:[39.009/3510.827]
learning rate: 0.0010000000000000002
Batch [0/352] training loss = 0.0024, training acc = 1.00
Batch [200/352] training loss = 0.0046, training acc = 1.00
Valid Test with nat
Test accuracy: 94.20% (4710/5000), Test loss:0.2432
Epoch [91/100], Passed time:[39.003/3549.255]
learning rate: 0.0010000000000000002
Batch [0/352] training loss = 0.0278, training acc = 0.99
Batch [200/352] training loss = 0.0029, training acc = 1.00
Valid Test with nat
Test accuracy: 94.16% (4708/5000), Test loss:0.2438
Epoch [92/100], Passed time:[39.005/3588.477]
learning rate: 0.0010000000000000002
Batch [0/352] training loss = 0.0023, training acc = 1.00
Batch [200/352] training loss = 0.0020, training acc = 1.00
Valid Test with nat
Test accuracy: 94.12% (4706/5000), Test loss:0.2503
Epoch [93/100], Passed time:[38.997/3626.759]
learning rate: 0.0010000000000000002
Batch [0/352] training loss = 0.0132, training acc = 0.99
Batch [200/352] training loss = 0.0062, training acc = 1.00
Valid Test with nat
Test accuracy: 94.32% (4716/5000), Test loss:0.2402
Epoch [94/100], Passed time:[39.002/3666.199]
learning rate: 0.0010000000000000002
Batch [0/352] training loss = 0.0175, training acc = 0.99
Batch [200/352] training loss = 0.0020, training acc = 1.00
Valid Test with nat
Test accuracy: 94.26% (4713/5000), Test loss:0.2406
Epoch [95/100], Passed time:[38.992/3704.210]
learning rate: 0.0010000000000000002
Batch [0/352] training loss = 0.0113, training acc = 0.99
Batch [200/352] training loss = 0.0022, training acc = 1.00
Valid Test with nat
Test accuracy: 94.08% (4704/5000), Test loss:0.2536
Epoch [96/100], Passed time:[38.989/3742.918]
learning rate: 0.0010000000000000002
Batch [0/352] training loss = 0.0079, training acc = 0.99
Batch [200/352] training loss = 0.0043, training acc = 1.00
Valid Test with nat
Test accuracy: 94.22% (4711/5000), Test loss:0.2519
Epoch [97/100], Passed time:[38.984/3781.491]
learning rate: 0.0010000000000000002
Batch [0/352] training loss = 0.0192, training acc = 0.99
Batch [200/352] training loss = 0.0095, training acc = 1.00
Valid Test with nat
Test accuracy: 94.08% (4704/5000), Test loss:0.2433
Epoch [98/100], Passed time:[38.985/3820.528]
learning rate: 0.0010000000000000002
Batch [0/352] training loss = 0.0061, training acc = 1.00
Batch [200/352] training loss = 0.0243, training acc = 0.99
Valid Test with nat
Test accuracy: 94.08% (4704/5000), Test loss:0.2447
Epoch [99/100], Passed time:[38.965/3857.492]
learning rate: 0.0010000000000000002
Batch [0/352] training loss = 0.0028, training acc = 1.00
Batch [200/352] training loss = 0.0015, training acc = 1.00
Valid Test with nat
Test accuracy: 94.14% (4707/5000), Test loss:0.2598
Training done, model saved in ./trained_models_new/cifar/resnet18/nat/pruned1_epoch100_r80/init_pure/init_enhance_0005m0.05_warmup0.1.pth
Test on test set:
Test accuracy: 93.46% (9346/10000), Test loss:0.2763
