model_type : wideresnet_10_10
init_type : pure
finetune_method : nat
enhance_method : nat
gpu : 0
model_name : seed9_enhance_m0.05_warmup0.1
model_width : 8
n_pruning_steps : 1
max_pruning_ratio : 80
train_epochs : 100
enhance_epochs : None
prune_method : unstructured
dataset : cifar
noise_sd : 1.0
trades_beta : 6.0
seed : 9
warmup : True
parallel : False
create_init : False
init_step : 1400
train_method : nat
early_stop : 50
norm : True
optm : sgd
batch_size : 128
test_batch_size : 100
learning_rate : 0.1
enhance_learning_rate : 0.1
schedule_length : 10
weight_decay : 0.0001
epsilon : 0.03137254901960784
attack_iter : 10
eps_step : 0.00784313725490196
targeted : False
clip_min : 0
clip_max : 1.0
starting_epsilon : 1e-05
interval_weight : 0.1
ft_interval_weight : 50
verbose : 200
resume : 0
model_path : ./trained_models_new/cifar/wideresnet_10_10/nat/pruned1_epoch100_r80/init_pure/seed9_enhance_m0.05_warmup0.1.pth
last_model_path : ./trained_models_new/
mask_path : ./trained_models_new/cifar/wideresnet_10_10/nat/pruned1_epoch100_r80/init_pure/pruned_lr0.05_mask_r80.npy
mask_name : pruned_lr0.05_mask_r80
log_path : ./trained_models_new/cifar/wideresnet_10_10/nat/pruned1_epoch100_r80/init_pure/seed9_enhance_m0.05_warmup0.1.log
init_path : ./trained_models_new/cifar/wideresnet_10_10/init/pure_wideresnet_10_10_init.pth
results_path : None
n_classes : 10
eval : False
init : False
transfer : False
CUDA enabled.
Enhance training config:
Enhance training method: nat
model will be saved in: ./trained_models_new/cifar/wideresnet_10_10/nat/pruned1_epoch100_r80/init_pure/seed9_enhance_m0.05_warmup0.1.pth
Init model is: ./trained_models_new/cifar/wideresnet_10_10/init/pure_wideresnet_10_10_init.pth
Init mask used from: ./trained_models_new/cifar/wideresnet_10_10/nat/pruned1_epoch100_r80/init_pure/pruned_lr0.05_mask_r80.npy
Log will be saved in ./trained_models_new/cifar/wideresnet_10_10/nat/pruned1_epoch100_r80/init_pure/seed9_enhance_m0.05_warmup0.1.log
Random seed is: 9

Epoch [0/100]
learning rate: 0.05
Batch [0/352] training loss = 2.3080, training acc = 0.09
Batch [200/352] training loss = 1.3218, training acc = 0.58
Valid Test with nat
Test accuracy: 41.52% (2076/5000), Test loss:2.0164
Best model so far saved in ./trained_models_new/cifar/wideresnet_10_10/nat/pruned1_epoch100_r80/init_pure/seed9_enhance_m0.05_warmup0.1.pth
Test on test set:
Test accuracy: 38.08% (3808/10000), Test loss:2.2339
Epoch [1/100], Passed time:[69.861/69.861]
learning rate: 0.055
Batch [0/352] training loss = 1.1622, training acc = 0.59
Batch [200/352] training loss = 1.1191, training acc = 0.63
Valid Test with nat
Test accuracy: 60.22% (3011/5000), Test loss:1.2892
Best model so far saved in ./trained_models_new/cifar/wideresnet_10_10/nat/pruned1_epoch100_r80/init_pure/seed9_enhance_m0.05_warmup0.1.pth
Test on test set:
Test accuracy: 59.96% (5996/10000), Test loss:1.2784
Epoch [2/100], Passed time:[69.732/139.464]
learning rate: 0.060000000000000005
Batch [0/352] training loss = 1.0022, training acc = 0.61
Batch [200/352] training loss = 0.9822, training acc = 0.66
Valid Test with nat
Test accuracy: 65.74% (3287/5000), Test loss:1.0132
Best model so far saved in ./trained_models_new/cifar/wideresnet_10_10/nat/pruned1_epoch100_r80/init_pure/seed9_enhance_m0.05_warmup0.1.pth
Test on test set:
Test accuracy: 64.65% (6465/10000), Test loss:1.0348
Epoch [3/100], Passed time:[69.592/208.777]
learning rate: 0.065
Batch [0/352] training loss = 0.8097, training acc = 0.67
Batch [200/352] training loss = 0.8176, training acc = 0.70
Valid Test with nat
Test accuracy: 62.40% (3120/5000), Test loss:1.2383
Epoch [4/100], Passed time:[68.450/273.801]
learning rate: 0.07
Batch [0/352] training loss = 0.6871, training acc = 0.82
Batch [200/352] training loss = 0.8200, training acc = 0.72
Valid Test with nat
Test accuracy: 66.62% (3331/5000), Test loss:1.2037
Epoch [5/100], Passed time:[67.754/338.769]
learning rate: 0.07500000000000001
Batch [0/352] training loss = 0.6354, training acc = 0.78
Batch [200/352] training loss = 0.6084, training acc = 0.80
Valid Test with nat
Test accuracy: 66.74% (3337/5000), Test loss:1.2638
Epoch [6/100], Passed time:[67.293/403.756]
learning rate: 0.08000000000000002
Batch [0/352] training loss = 0.7757, training acc = 0.73
Batch [200/352] training loss = 0.5878, training acc = 0.80
Valid Test with nat
Test accuracy: 75.60% (3780/5000), Test loss:0.7762
Best model so far saved in ./trained_models_new/cifar/wideresnet_10_10/nat/pruned1_epoch100_r80/init_pure/seed9_enhance_m0.05_warmup0.1.pth
Test on test set:
Test accuracy: 74.56% (7456/10000), Test loss:0.8120
Epoch [7/100], Passed time:[67.581/473.069]
learning rate: 0.085
Batch [0/352] training loss = 0.6989, training acc = 0.74
Batch [200/352] training loss = 0.5167, training acc = 0.81
Valid Test with nat
Test accuracy: 73.36% (3668/5000), Test loss:0.8996
Epoch [8/100], Passed time:[67.253/538.028]
learning rate: 0.09
Batch [0/352] training loss = 0.6791, training acc = 0.77
Batch [200/352] training loss = 0.5307, training acc = 0.80
Valid Test with nat
Test accuracy: 77.78% (3889/5000), Test loss:0.6976
Best model so far saved in ./trained_models_new/cifar/wideresnet_10_10/nat/pruned1_epoch100_r80/init_pure/seed9_enhance_m0.05_warmup0.1.pth
Test on test set:
Test accuracy: 78.26% (7826/10000), Test loss:0.6618
Epoch [9/100], Passed time:[67.487/607.382]
learning rate: 0.095
Batch [0/352] training loss = 0.6492, training acc = 0.77
Batch [200/352] training loss = 0.5224, training acc = 0.84
Valid Test with nat
Test accuracy: 72.06% (3603/5000), Test loss:1.0535
Epoch [10/100], Passed time:[67.236/672.358]
learning rate: 0.1
Batch [0/352] training loss = 0.5037, training acc = 0.82
Batch [200/352] training loss = 0.6070, training acc = 0.78
Valid Test with nat
Test accuracy: 78.62% (3931/5000), Test loss:0.6826
Best model so far saved in ./trained_models_new/cifar/wideresnet_10_10/nat/pruned1_epoch100_r80/init_pure/seed9_enhance_m0.05_warmup0.1.pth
Test on test set:
Test accuracy: 77.43% (7743/10000), Test loss:0.7348
Epoch [11/100], Passed time:[67.422/741.645]
learning rate: 0.1
Batch [0/352] training loss = 0.4231, training acc = 0.85
Batch [200/352] training loss = 0.4419, training acc = 0.82
Valid Test with nat
Test accuracy: 77.40% (3870/5000), Test loss:0.8118
Epoch [12/100], Passed time:[67.219/806.628]
learning rate: 0.1
Batch [0/352] training loss = 0.4823, training acc = 0.84
Batch [200/352] training loss = 0.4920, training acc = 0.84
Valid Test with nat
Test accuracy: 79.42% (3971/5000), Test loss:0.6829
Epoch [13/100], Passed time:[67.044/871.571]
learning rate: 0.1
Batch [0/352] training loss = 0.3416, training acc = 0.88
Batch [200/352] training loss = 0.4845, training acc = 0.83
Valid Test with nat
Test accuracy: 78.18% (3909/5000), Test loss:0.7334
Epoch [14/100], Passed time:[66.894/936.520]
learning rate: 0.1
Batch [0/352] training loss = 0.2646, training acc = 0.92
Batch [200/352] training loss = 0.3091, training acc = 0.88
Valid Test with nat
Test accuracy: 77.28% (3864/5000), Test loss:0.8642
Epoch [15/100], Passed time:[66.767/1001.502]
learning rate: 0.1
Batch [0/352] training loss = 0.3036, training acc = 0.91
Batch [200/352] training loss = 0.2996, training acc = 0.90
Valid Test with nat
Test accuracy: 77.62% (3881/5000), Test loss:0.7568
Epoch [16/100], Passed time:[66.656/1066.492]
learning rate: 0.1
Batch [0/352] training loss = 0.3736, training acc = 0.88
Batch [200/352] training loss = 0.3921, training acc = 0.85
Valid Test with nat
Test accuracy: 80.20% (4010/5000), Test loss:0.6822
Best model so far saved in ./trained_models_new/cifar/wideresnet_10_10/nat/pruned1_epoch100_r80/init_pure/seed9_enhance_m0.05_warmup0.1.pth
Test on test set:
Test accuracy: 80.02% (8002/10000), Test loss:0.6783
Epoch [17/100], Passed time:[66.813/1135.813]
learning rate: 0.1
Batch [0/352] training loss = 0.3511, training acc = 0.87
Batch [200/352] training loss = 0.2623, training acc = 0.91
Valid Test with nat
Test accuracy: 83.74% (4187/5000), Test loss:0.5188
Best model so far saved in ./trained_models_new/cifar/wideresnet_10_10/nat/pruned1_epoch100_r80/init_pure/seed9_enhance_m0.05_warmup0.1.pth
Test on test set:
Test accuracy: 84.38% (8438/10000), Test loss:0.4915
Epoch [18/100], Passed time:[66.956/1205.210]
learning rate: 0.1
Batch [0/352] training loss = 0.2568, training acc = 0.92
Batch [200/352] training loss = 0.3242, training acc = 0.90
Valid Test with nat
Test accuracy: 73.32% (3666/5000), Test loss:1.0819
Epoch [19/100], Passed time:[66.850/1270.148]
learning rate: 0.1
Batch [0/352] training loss = 0.2213, training acc = 0.93
Batch [200/352] training loss = 0.3841, training acc = 0.84
Valid Test with nat
Test accuracy: 82.30% (4115/5000), Test loss:0.6084
Epoch [20/100], Passed time:[66.754/1335.071]
learning rate: 0.1
Batch [0/352] training loss = 0.3328, training acc = 0.89
Batch [200/352] training loss = 0.2570, training acc = 0.94
Valid Test with nat
Test accuracy: 82.84% (4142/5000), Test loss:0.6005
Epoch [21/100], Passed time:[66.669/1400.043]
learning rate: 0.1
Batch [0/352] training loss = 0.2723, training acc = 0.92
Batch [200/352] training loss = 0.3450, training acc = 0.89
Valid Test with nat
Test accuracy: 81.86% (4093/5000), Test loss:0.6734
Epoch [22/100], Passed time:[66.591/1464.999]
learning rate: 0.1
Batch [0/352] training loss = 0.2519, training acc = 0.91
Batch [200/352] training loss = 0.3286, training acc = 0.89
Valid Test with nat
Test accuracy: 81.66% (4083/5000), Test loss:0.7074
Epoch [23/100], Passed time:[66.520/1529.950]
learning rate: 0.1
Batch [0/352] training loss = 0.2247, training acc = 0.94
Batch [200/352] training loss = 0.2956, training acc = 0.90
Valid Test with nat
Test accuracy: 83.40% (4170/5000), Test loss:0.5544
Epoch [24/100], Passed time:[66.452/1594.845]
learning rate: 0.1
Batch [0/352] training loss = 0.2858, training acc = 0.88
Batch [200/352] training loss = 0.3074, training acc = 0.88
Valid Test with nat
Test accuracy: 78.48% (3924/5000), Test loss:0.8500
Epoch [25/100], Passed time:[66.390/1659.748]
learning rate: 0.1
Batch [0/352] training loss = 0.2614, training acc = 0.90
Batch [200/352] training loss = 0.4321, training acc = 0.88
Valid Test with nat
Test accuracy: 81.44% (4072/5000), Test loss:0.7078
Epoch [26/100], Passed time:[66.334/1724.689]
learning rate: 0.1
Batch [0/352] training loss = 0.3069, training acc = 0.87
Batch [200/352] training loss = 0.2795, training acc = 0.89
Valid Test with nat
Test accuracy: 84.92% (4246/5000), Test loss:0.5646
Epoch [27/100], Passed time:[66.281/1789.594]
learning rate: 0.1
Batch [0/352] training loss = 0.3096, training acc = 0.91
Batch [200/352] training loss = 0.2282, training acc = 0.94
Valid Test with nat
Test accuracy: 84.28% (4214/5000), Test loss:0.5447
Epoch [28/100], Passed time:[66.233/1854.534]
learning rate: 0.1
Batch [0/352] training loss = 0.2304, training acc = 0.93
Batch [200/352] training loss = 0.2839, training acc = 0.91
Valid Test with nat
Test accuracy: 75.18% (3759/5000), Test loss:0.9980
Epoch [29/100], Passed time:[66.187/1919.424]
learning rate: 0.1
Batch [0/352] training loss = 0.3991, training acc = 0.85
Batch [200/352] training loss = 0.3759, training acc = 0.85
Valid Test with nat
Test accuracy: 83.74% (4187/5000), Test loss:0.5807
Epoch [30/100], Passed time:[66.148/1984.426]
learning rate: 0.1
Batch [0/352] training loss = 0.2705, training acc = 0.92
Batch [200/352] training loss = 0.2024, training acc = 0.95
Valid Test with nat
Test accuracy: 79.22% (3961/5000), Test loss:0.7566
Epoch [31/100], Passed time:[66.105/2049.263]
learning rate: 0.1
Batch [0/352] training loss = 0.2982, training acc = 0.89
Batch [200/352] training loss = 0.2947, training acc = 0.92
Valid Test with nat
Test accuracy: 85.48% (4274/5000), Test loss:0.5133
Best model so far saved in ./trained_models_new/cifar/wideresnet_10_10/nat/pruned1_epoch100_r80/init_pure/seed9_enhance_m0.05_warmup0.1.pth
Test on test set:
Test accuracy: 85.35% (8535/10000), Test loss:0.5018
Epoch [32/100], Passed time:[66.204/2118.520]
learning rate: 0.1
Batch [0/352] training loss = 0.1689, training acc = 0.95
Batch [200/352] training loss = 0.3455, training acc = 0.88
Valid Test with nat
Test accuracy: 81.06% (4053/5000), Test loss:0.7072
Epoch [33/100], Passed time:[66.164/2183.413]
learning rate: 0.1
Batch [0/352] training loss = 0.2412, training acc = 0.91
Batch [200/352] training loss = 0.2915, training acc = 0.88
Valid Test with nat
Test accuracy: 80.62% (4031/5000), Test loss:0.7482
Epoch [34/100], Passed time:[66.125/2248.259]
learning rate: 0.1
Batch [0/352] training loss = 0.2136, training acc = 0.92
Batch [200/352] training loss = 0.1806, training acc = 0.95
Valid Test with nat
Test accuracy: 85.74% (4287/5000), Test loss:0.4867
Best model so far saved in ./trained_models_new/cifar/wideresnet_10_10/nat/pruned1_epoch100_r80/init_pure/seed9_enhance_m0.05_warmup0.1.pth
Test on test set:
Test accuracy: 86.19% (8619/10000), Test loss:0.4705
Epoch [35/100], Passed time:[66.216/2317.550]
learning rate: 0.1
Batch [0/352] training loss = 0.2285, training acc = 0.93
Batch [200/352] training loss = 0.2194, training acc = 0.93
Valid Test with nat
Test accuracy: 84.90% (4245/5000), Test loss:0.4896
Epoch [36/100], Passed time:[66.179/2382.429]
learning rate: 0.1
Batch [0/352] training loss = 0.2224, training acc = 0.91
Batch [200/352] training loss = 0.2239, training acc = 0.91
Valid Test with nat
Test accuracy: 83.26% (4163/5000), Test loss:0.5896
Epoch [37/100], Passed time:[66.147/2447.437]
learning rate: 0.1
Batch [0/352] training loss = 0.2232, training acc = 0.91
Batch [200/352] training loss = 0.2698, training acc = 0.93
Valid Test with nat
Test accuracy: 80.50% (4025/5000), Test loss:0.7550
Epoch [38/100], Passed time:[66.114/2512.326]
learning rate: 0.1
Batch [0/352] training loss = 0.2638, training acc = 0.91
Batch [200/352] training loss = 0.2252, training acc = 0.91
Valid Test with nat
Test accuracy: 84.14% (4207/5000), Test loss:0.5650
Epoch [39/100], Passed time:[66.084/2577.273]
learning rate: 0.1
Batch [0/352] training loss = 0.3837, training acc = 0.84
Batch [200/352] training loss = 0.1603, training acc = 0.95
Valid Test with nat
Test accuracy: 85.22% (4261/5000), Test loss:0.5380
Epoch [40/100], Passed time:[66.054/2642.143]
learning rate: 0.1
Batch [0/352] training loss = 0.2991, training acc = 0.88
Batch [200/352] training loss = 0.2823, training acc = 0.89
Valid Test with nat
Test accuracy: 83.16% (4158/5000), Test loss:0.6380
Epoch [41/100], Passed time:[66.026/2707.075]
learning rate: 0.1
Batch [0/352] training loss = 0.2418, training acc = 0.95
Batch [200/352] training loss = 0.2595, training acc = 0.88
Valid Test with nat
Test accuracy: 84.98% (4249/5000), Test loss:0.5510
Epoch [42/100], Passed time:[66.000/2771.987]
learning rate: 0.1
Batch [0/352] training loss = 0.3077, training acc = 0.89
Batch [200/352] training loss = 0.3052, training acc = 0.92
Valid Test with nat
Test accuracy: 84.12% (4206/5000), Test loss:0.5953
Epoch [43/100], Passed time:[65.975/2836.916]
learning rate: 0.1
Batch [0/352] training loss = 0.2794, training acc = 0.89
Batch [200/352] training loss = 0.2018, training acc = 0.94
Valid Test with nat
Test accuracy: 85.46% (4273/5000), Test loss:0.5239
Epoch [44/100], Passed time:[65.950/2901.815]
learning rate: 0.1
Batch [0/352] training loss = 0.1892, training acc = 0.95
Batch [200/352] training loss = 0.1872, training acc = 0.93
Valid Test with nat
Test accuracy: 85.02% (4251/5000), Test loss:0.5019
Epoch [45/100], Passed time:[65.926/2966.665]
learning rate: 0.1
Batch [0/352] training loss = 0.2093, training acc = 0.94
Batch [200/352] training loss = 0.2621, training acc = 0.90
Valid Test with nat
Test accuracy: 83.96% (4198/5000), Test loss:0.5908
Epoch [46/100], Passed time:[65.904/3031.599]
learning rate: 0.1
Batch [0/352] training loss = 0.2063, training acc = 0.91
Batch [200/352] training loss = 0.1665, training acc = 0.95
Valid Test with nat
Test accuracy: 82.60% (4130/5000), Test loss:0.6527
Epoch [47/100], Passed time:[65.883/3096.513]
learning rate: 0.1
Batch [0/352] training loss = 0.1758, training acc = 0.94
Batch [200/352] training loss = 0.1998, training acc = 0.92
Valid Test with nat
Test accuracy: 85.28% (4264/5000), Test loss:0.5570
Epoch [48/100], Passed time:[65.863/3161.434]
learning rate: 0.1
Batch [0/352] training loss = 0.2124, training acc = 0.91
Batch [200/352] training loss = 0.2574, training acc = 0.89
Valid Test with nat
Test accuracy: 83.80% (4190/5000), Test loss:0.5636
Epoch [49/100], Passed time:[65.843/3226.328]
learning rate: 0.1
Batch [0/352] training loss = 0.2490, training acc = 0.90
Batch [200/352] training loss = 0.2543, training acc = 0.92
Valid Test with nat
Test accuracy: 85.02% (4251/5000), Test loss:0.5138
Epoch [50/100], Passed time:[65.824/3291.189]
learning rate: 0.010000000000000002
Batch [0/352] training loss = 0.1374, training acc = 0.96
Batch [200/352] training loss = 0.1236, training acc = 0.98
Valid Test with nat
Test accuracy: 90.08% (4504/5000), Test loss:0.3386
Best model so far saved in ./trained_models_new/cifar/wideresnet_10_10/nat/pruned1_epoch100_r80/init_pure/seed9_enhance_m0.05_warmup0.1.pth
Test on test set:
Test accuracy: 89.85% (8985/10000), Test loss:0.3288
Epoch [51/100], Passed time:[65.891/3360.421]
learning rate: 0.010000000000000002
Batch [0/352] training loss = 0.1126, training acc = 0.97
Batch [200/352] training loss = 0.0813, training acc = 0.98
Valid Test with nat
Test accuracy: 90.16% (4508/5000), Test loss:0.3238
Best model so far saved in ./trained_models_new/cifar/wideresnet_10_10/nat/pruned1_epoch100_r80/init_pure/seed9_enhance_m0.05_warmup0.1.pth
Test on test set:
Test accuracy: 89.93% (8993/10000), Test loss:0.3288
Epoch [52/100], Passed time:[65.956/3429.712]
learning rate: 0.010000000000000002
Batch [0/352] training loss = 0.1226, training acc = 0.95
Batch [200/352] training loss = 0.1314, training acc = 0.95
Valid Test with nat
Test accuracy: 90.46% (4523/5000), Test loss:0.3138
Best model so far saved in ./trained_models_new/cifar/wideresnet_10_10/nat/pruned1_epoch100_r80/init_pure/seed9_enhance_m0.05_warmup0.1.pth
Test on test set:
Test accuracy: 90.11% (9011/10000), Test loss:0.3290
Epoch [53/100], Passed time:[66.018/3498.963]
learning rate: 0.010000000000000002
Batch [0/352] training loss = 0.0919, training acc = 0.98
Batch [200/352] training loss = 0.0731, training acc = 0.98
Valid Test with nat
Test accuracy: 90.48% (4524/5000), Test loss:0.3177
Epoch [54/100], Passed time:[65.997/3563.851]
learning rate: 0.010000000000000002
Batch [0/352] training loss = 0.0568, training acc = 0.98
Batch [200/352] training loss = 0.0640, training acc = 0.99
Valid Test with nat
Test accuracy: 90.50% (4525/5000), Test loss:0.3176
Epoch [55/100], Passed time:[65.977/3628.752]
learning rate: 0.010000000000000002
Batch [0/352] training loss = 0.1483, training acc = 0.96
Batch [200/352] training loss = 0.1461, training acc = 0.95
Valid Test with nat
Test accuracy: 90.70% (4535/5000), Test loss:0.3288
Epoch [56/100], Passed time:[65.959/3693.707]
learning rate: 0.010000000000000002
Batch [0/352] training loss = 0.1264, training acc = 0.96
Batch [200/352] training loss = 0.0692, training acc = 0.99
Valid Test with nat
Test accuracy: 90.12% (4506/5000), Test loss:0.3272
Epoch [57/100], Passed time:[65.941/3758.627]
learning rate: 0.010000000000000002
Batch [0/352] training loss = 0.0874, training acc = 0.98
Batch [200/352] training loss = 0.1109, training acc = 0.95
Valid Test with nat
Test accuracy: 90.56% (4528/5000), Test loss:0.3342
Epoch [58/100], Passed time:[65.923/3823.508]
learning rate: 0.010000000000000002
Batch [0/352] training loss = 0.1309, training acc = 0.96
Batch [200/352] training loss = 0.1300, training acc = 0.95
Valid Test with nat
Test accuracy: 90.40% (4520/5000), Test loss:0.3377
Epoch [59/100], Passed time:[65.905/3888.401]
learning rate: 0.010000000000000002
Batch [0/352] training loss = 0.0423, training acc = 0.99
Batch [200/352] training loss = 0.1301, training acc = 0.95
Valid Test with nat
Test accuracy: 90.68% (4534/5000), Test loss:0.3364
Epoch [60/100], Passed time:[65.888/3953.295]
learning rate: 0.010000000000000002
Batch [0/352] training loss = 0.1223, training acc = 0.98
Batch [200/352] training loss = 0.0578, training acc = 0.98
Valid Test with nat
Test accuracy: 90.72% (4536/5000), Test loss:0.3537
Epoch [61/100], Passed time:[65.872/4018.188]
learning rate: 0.010000000000000002
Batch [0/352] training loss = 0.0778, training acc = 0.97
Batch [200/352] training loss = 0.0811, training acc = 0.96
Valid Test with nat
Test accuracy: 90.84% (4542/5000), Test loss:0.3796
Epoch [62/100], Passed time:[65.857/4083.110]
learning rate: 0.010000000000000002
Batch [0/352] training loss = 0.0574, training acc = 0.98
Batch [200/352] training loss = 0.0979, training acc = 0.97
Valid Test with nat
Test accuracy: 90.50% (4525/5000), Test loss:0.3470
Epoch [63/100], Passed time:[65.841/4148.013]
learning rate: 0.010000000000000002
Batch [0/352] training loss = 0.0879, training acc = 0.98
Batch [200/352] training loss = 0.0745, training acc = 0.99
Valid Test with nat
Test accuracy: 90.70% (4535/5000), Test loss:0.3501
Epoch [64/100], Passed time:[65.828/4212.972]
learning rate: 0.010000000000000002
Batch [0/352] training loss = 0.0661, training acc = 0.98
Batch [200/352] training loss = 0.0888, training acc = 0.97
Valid Test with nat
Test accuracy: 90.86% (4543/5000), Test loss:0.3619
Epoch [65/100], Passed time:[65.814/4277.901]
learning rate: 0.010000000000000002
Batch [0/352] training loss = 0.0883, training acc = 0.97
Batch [200/352] training loss = 0.1074, training acc = 0.96
Valid Test with nat
Test accuracy: 90.20% (4510/5000), Test loss:0.3644
Epoch [66/100], Passed time:[65.800/4342.808]
learning rate: 0.010000000000000002
Batch [0/352] training loss = 0.0357, training acc = 1.00
Batch [200/352] training loss = 0.0921, training acc = 0.98
Valid Test with nat
Test accuracy: 90.46% (4523/5000), Test loss:0.3692
Epoch [67/100], Passed time:[65.787/4407.698]
learning rate: 0.010000000000000002
Batch [0/352] training loss = 0.0511, training acc = 0.99
Batch [200/352] training loss = 0.0756, training acc = 0.98
Valid Test with nat
Test accuracy: 90.56% (4528/5000), Test loss:0.3571
Epoch [68/100], Passed time:[65.774/4472.622]
learning rate: 0.010000000000000002
Batch [0/352] training loss = 0.0371, training acc = 1.00
Batch [200/352] training loss = 0.0594, training acc = 0.98
Valid Test with nat
Test accuracy: 90.30% (4515/5000), Test loss:0.4416
Epoch [69/100], Passed time:[65.761/4537.514]
learning rate: 0.010000000000000002
Batch [0/352] training loss = 0.0534, training acc = 0.99
Batch [200/352] training loss = 0.0905, training acc = 0.97
Valid Test with nat
Test accuracy: 90.66% (4533/5000), Test loss:0.3673
Epoch [70/100], Passed time:[65.749/4602.457]
learning rate: 0.010000000000000002
Batch [0/352] training loss = 0.0481, training acc = 0.99
Batch [200/352] training loss = 0.0697, training acc = 0.98
Valid Test with nat
Test accuracy: 90.88% (4544/5000), Test loss:0.3600
Epoch [71/100], Passed time:[65.738/4667.388]
learning rate: 0.010000000000000002
Batch [0/352] training loss = 0.0603, training acc = 0.98
Batch [200/352] training loss = 0.0542, training acc = 0.99
Valid Test with nat
Test accuracy: 90.80% (4540/5000), Test loss:0.3825
Epoch [72/100], Passed time:[65.727/4732.328]
learning rate: 0.010000000000000002
Batch [0/352] training loss = 0.0315, training acc = 1.00
Batch [200/352] training loss = 0.0695, training acc = 0.97
Valid Test with nat
Test accuracy: 90.58% (4529/5000), Test loss:0.3961
Epoch [73/100], Passed time:[65.716/4797.254]
learning rate: 0.010000000000000002
Batch [0/352] training loss = 0.0411, training acc = 0.99
Batch [200/352] training loss = 0.0463, training acc = 0.99
Valid Test with nat
Test accuracy: 90.40% (4520/5000), Test loss:0.3765
Epoch [74/100], Passed time:[65.705/4862.147]
learning rate: 0.010000000000000002
Batch [0/352] training loss = 0.0387, training acc = 1.00
Batch [200/352] training loss = 0.0465, training acc = 0.98
Valid Test with nat
Test accuracy: 90.54% (4527/5000), Test loss:0.3683
Epoch [75/100], Passed time:[65.694/4927.032]
learning rate: 0.0010000000000000002
Batch [0/352] training loss = 0.0412, training acc = 0.99
Batch [200/352] training loss = 0.0507, training acc = 0.98
Valid Test with nat
Test accuracy: 90.72% (4536/5000), Test loss:0.3605
Epoch [76/100], Passed time:[65.683/4991.946]
learning rate: 0.0010000000000000002
Batch [0/352] training loss = 0.0408, training acc = 0.99
Batch [200/352] training loss = 0.0268, training acc = 1.00
Valid Test with nat
Test accuracy: 90.64% (4532/5000), Test loss:0.3650
Epoch [77/100], Passed time:[65.673/5056.825]
learning rate: 0.0010000000000000002
Batch [0/352] training loss = 0.0590, training acc = 0.98
Batch [200/352] training loss = 0.0546, training acc = 0.98
Valid Test with nat
Test accuracy: 90.90% (4545/5000), Test loss:0.3612
Epoch [78/100], Passed time:[65.663/5121.689]
learning rate: 0.0010000000000000002
Batch [0/352] training loss = 0.0857, training acc = 0.98
Batch [200/352] training loss = 0.0463, training acc = 0.99
Valid Test with nat
Test accuracy: 90.74% (4537/5000), Test loss:0.3614
Epoch [79/100], Passed time:[65.653/5186.601]
learning rate: 0.0010000000000000002
Batch [0/352] training loss = 0.0653, training acc = 0.98
Batch [200/352] training loss = 0.0327, training acc = 0.98
Valid Test with nat
Test accuracy: 90.72% (4536/5000), Test loss:0.3723
Epoch [80/100], Passed time:[65.643/5251.476]
learning rate: 0.0010000000000000002
Batch [0/352] training loss = 0.0521, training acc = 0.97
Batch [200/352] training loss = 0.0704, training acc = 0.98
Valid Test with nat
Test accuracy: 90.76% (4538/5000), Test loss:0.3595
Epoch [81/100], Passed time:[65.634/5316.394]
learning rate: 0.0010000000000000002
Batch [0/352] training loss = 0.0195, training acc = 1.00
Batch [200/352] training loss = 0.0280, training acc = 1.00
Valid Test with nat
Test accuracy: 90.80% (4540/5000), Test loss:0.3906
Epoch [82/100], Passed time:[65.626/5381.319]
learning rate: 0.0010000000000000002
Batch [0/352] training loss = 0.0260, training acc = 0.99
Batch [200/352] training loss = 0.0490, training acc = 0.98
Valid Test with nat
Test accuracy: 90.78% (4539/5000), Test loss:0.3582
Epoch [83/100], Passed time:[65.618/5446.267]
learning rate: 0.0010000000000000002
Batch [0/352] training loss = 0.0407, training acc = 1.00
Batch [200/352] training loss = 0.0223, training acc = 1.00
Valid Test with nat
Test accuracy: 90.92% (4546/5000), Test loss:0.3603
Epoch [84/100], Passed time:[65.609/5511.182]
learning rate: 0.0010000000000000002
Batch [0/352] training loss = 0.0360, training acc = 0.99
Batch [200/352] training loss = 0.0497, training acc = 0.98
Valid Test with nat
Test accuracy: 90.88% (4544/5000), Test loss:0.3642
Epoch [85/100], Passed time:[65.601/5576.122]
learning rate: 0.0010000000000000002
Batch [0/352] training loss = 0.0536, training acc = 0.98
Batch [200/352] training loss = 0.0471, training acc = 0.98
Valid Test with nat
Test accuracy: 90.92% (4546/5000), Test loss:0.3729
Epoch [86/100], Passed time:[65.593/5641.012]
learning rate: 0.0010000000000000002
Batch [0/352] training loss = 0.0289, training acc = 1.00
Batch [200/352] training loss = 0.0241, training acc = 1.00
Valid Test with nat
Test accuracy: 90.94% (4547/5000), Test loss:0.4117
Epoch [87/100], Passed time:[65.586/5705.961]
learning rate: 0.0010000000000000002
Batch [0/352] training loss = 0.0161, training acc = 1.00
Batch [200/352] training loss = 0.0415, training acc = 0.98
Valid Test with nat
Test accuracy: 90.82% (4541/5000), Test loss:0.3614
Epoch [88/100], Passed time:[65.578/5770.863]
learning rate: 0.0010000000000000002
Batch [0/352] training loss = 0.0287, training acc = 1.00
Batch [200/352] training loss = 0.0422, training acc = 0.98
Valid Test with nat
Test accuracy: 90.84% (4542/5000), Test loss:0.3822
Epoch [89/100], Passed time:[65.570/5835.751]
learning rate: 0.0010000000000000002
Batch [0/352] training loss = 0.0591, training acc = 0.98
Batch [200/352] training loss = 0.0689, training acc = 0.97
Valid Test with nat
Test accuracy: 90.70% (4535/5000), Test loss:0.3670
Epoch [90/100], Passed time:[65.562/5900.569]
learning rate: 0.0010000000000000002
Batch [0/352] training loss = 0.0526, training acc = 1.00
Batch [200/352] training loss = 0.0433, training acc = 0.99
Valid Test with nat
Test accuracy: 90.76% (4538/5000), Test loss:0.3662
Epoch [91/100], Passed time:[65.554/5965.449]
learning rate: 0.0010000000000000002
Batch [0/352] training loss = 0.0592, training acc = 0.98
Batch [200/352] training loss = 0.0248, training acc = 1.00
Valid Test with nat
Test accuracy: 91.02% (4551/5000), Test loss:0.3564
Epoch [92/100], Passed time:[65.548/6030.372]
learning rate: 0.0010000000000000002
Batch [0/352] training loss = 0.0542, training acc = 0.98
Batch [200/352] training loss = 0.0404, training acc = 0.98
Valid Test with nat
Test accuracy: 90.82% (4541/5000), Test loss:0.3624
Epoch [93/100], Passed time:[65.540/6095.265]
learning rate: 0.0010000000000000002
Batch [0/352] training loss = 0.0444, training acc = 0.98
Batch [200/352] training loss = 0.0341, training acc = 0.98
Valid Test with nat
Test accuracy: 90.88% (4544/5000), Test loss:0.3620
Epoch [94/100], Passed time:[65.534/6160.168]
learning rate: 0.0010000000000000002
Batch [0/352] training loss = 0.0359, training acc = 0.99
Batch [200/352] training loss = 0.0509, training acc = 0.98
Valid Test with nat
Test accuracy: 90.74% (4537/5000), Test loss:0.3679
Epoch [95/100], Passed time:[65.527/6225.057]
learning rate: 0.0010000000000000002
Batch [0/352] training loss = 0.0330, training acc = 0.98
Batch [200/352] training loss = 0.0614, training acc = 0.98
Valid Test with nat
Test accuracy: 90.86% (4543/5000), Test loss:0.3616
Epoch [96/100], Passed time:[65.521/6289.980]
learning rate: 0.0010000000000000002
Batch [0/352] training loss = 0.0851, training acc = 0.97
Batch [200/352] training loss = 0.0287, training acc = 0.98
Valid Test with nat
Test accuracy: 90.74% (4537/5000), Test loss:0.3634
Epoch [97/100], Passed time:[65.514/6354.884]
learning rate: 0.0010000000000000002
Batch [0/352] training loss = 0.0344, training acc = 0.99
Batch [200/352] training loss = 0.0184, training acc = 1.00
Valid Test with nat
Test accuracy: 90.66% (4533/5000), Test loss:0.3668
Epoch [98/100], Passed time:[65.508/6419.812]
learning rate: 0.0010000000000000002
Batch [0/352] training loss = 0.0432, training acc = 0.99
Batch [200/352] training loss = 0.0818, training acc = 0.96
Valid Test with nat
Test accuracy: 90.94% (4547/5000), Test loss:0.3660
Epoch [99/100], Passed time:[65.502/6484.717]
learning rate: 0.0010000000000000002
Batch [0/352] training loss = 0.0818, training acc = 0.97
Batch [200/352] training loss = 0.0303, training acc = 1.00
Valid Test with nat
Test accuracy: 90.94% (4547/5000), Test loss:0.3748
Training done, model saved in ./trained_models_new/cifar/wideresnet_10_10/nat/pruned1_epoch100_r80/init_pure/seed9_enhance_m0.05_warmup0.1.pth
Test on test set:
Test accuracy: 90.38% (9038/10000), Test loss:0.3658
