model_type : vgg16
init_type : pure
finetune_method : nat
enhance_method : nat
gpu : 6
model_name : seed9_enhance_m0.01_warmup0.1
model_width : 8
n_pruning_steps : 1
max_pruning_ratio : 18
train_epochs : 100
enhance_epochs : None
prune_method : unstructured
dataset : cifar
noise_sd : 1.0
trades_beta : 6.0
seed : 9
warmup : True
create_init : False
init_step : 1400
train_method : nat
early_stop : 50
norm : True
optm : sgd
batch_size : 64
test_batch_size : 100
learning_rate : 0.1
enhance_learning_rate : 0.1
schedule_length : 10
weight_decay : 0.0001
epsilon : 0.03137254901960784
attack_iter : 10
eps_step : 0.00784313725490196
targeted : False
clip_min : 0
clip_max : 1.0
starting_epsilon : 1e-05
interval_weight : 0.1
ft_interval_weight : 50
verbose : 200
resume : 0
model_path : ./trained_models_new/cifar/vgg16/nat/pruned1_epoch100_r18/init_pure/seed9_enhance_m0.01_warmup0.1.pth
last_model_path : ./trained_models_new/
mask_path : ./trained_models_new/cifar/vgg16/nat/pruned1_epoch100_r18/init_pure/pruned_lr0.01_mask_r18.npy
mask_name : pruned_lr0.01_mask_r18
log_path : ./trained_models_new/cifar/vgg16/nat/pruned1_epoch100_r18/init_pure/seed9_enhance_m0.01_warmup0.1.log
init_path : ./trained_models_new/cifar/vgg16/init/pure_vgg16_init.pth
results_path : None
n_classes : 10
eval : False
init : False
transfer : False
CUDA enabled.
Enhance training config:
Enhance training method: nat
model will be saved in: ./trained_models_new/cifar/vgg16/nat/pruned1_epoch100_r18/init_pure/seed9_enhance_m0.01_warmup0.1.pth
Init model is: ./trained_models_new/cifar/vgg16/init/pure_vgg16_init.pth
Init mask used from: ./trained_models_new/cifar/vgg16/nat/pruned1_epoch100_r18/init_pure/pruned_lr0.01_mask_r18.npy
Log will be saved in ./trained_models_new/cifar/vgg16/nat/pruned1_epoch100_r18/init_pure/seed9_enhance_m0.01_warmup0.1.log
Random seed is: 9

Epoch [0/100]
learning rate: 0.010000000000000002
Batch [0/704] training loss = 2.3057, training acc = 0.05
Batch [200/704] training loss = 1.8378, training acc = 0.36
Batch [400/704] training loss = 1.3478, training acc = 0.48
Batch [600/704] training loss = 1.1257, training acc = 0.64
Valid Test with nat
Test accuracy: 52.62% (2631/5000), Test loss:1.4381
Best model so far saved in ./trained_models_new/cifar/vgg16/nat/pruned1_epoch100_r18/init_pure/seed9_enhance_m0.01_warmup0.1.pth
Test on test set:
Test accuracy: 52.15% (5215/10000), Test loss:1.4000
Epoch [1/100], Passed time:[86.917/86.917]
learning rate: 0.020000000000000004
Batch [0/704] training loss = 1.2707, training acc = 0.52
Batch [200/704] training loss = 1.5807, training acc = 0.45
Batch [400/704] training loss = 1.2872, training acc = 0.52
Batch [600/704] training loss = 1.1293, training acc = 0.61
Valid Test with nat
Test accuracy: 62.54% (3127/5000), Test loss:1.0595
Best model so far saved in ./trained_models_new/cifar/vgg16/nat/pruned1_epoch100_r18/init_pure/seed9_enhance_m0.01_warmup0.1.pth
Test on test set:
Test accuracy: 63.06% (6306/10000), Test loss:1.0608
Epoch [2/100], Passed time:[89.633/179.266]
learning rate: 0.030000000000000006
Batch [0/704] training loss = 1.0985, training acc = 0.61
Batch [200/704] training loss = 0.9916, training acc = 0.69
Batch [400/704] training loss = 1.0229, training acc = 0.69
Batch [600/704] training loss = 0.8967, training acc = 0.70
Valid Test with nat
Test accuracy: 50.86% (2543/5000), Test loss:1.6580
Epoch [3/100], Passed time:[93.119/279.356]
learning rate: 0.04000000000000001
Batch [0/704] training loss = 0.9763, training acc = 0.69
Batch [200/704] training loss = 0.9250, training acc = 0.67
Batch [400/704] training loss = 0.8333, training acc = 0.70
Batch [600/704] training loss = 1.3612, training acc = 0.53
Valid Test with nat
Test accuracy: 75.66% (3783/5000), Test loss:0.7222
Best model so far saved in ./trained_models_new/cifar/vgg16/nat/pruned1_epoch100_r18/init_pure/seed9_enhance_m0.01_warmup0.1.pth
Test on test set:
Test accuracy: 76.02% (7602/10000), Test loss:0.7231
Epoch [4/100], Passed time:[94.319/377.275]
learning rate: 0.05
Batch [0/704] training loss = 0.8639, training acc = 0.72
Batch [200/704] training loss = 0.6071, training acc = 0.73
Batch [400/704] training loss = 1.0649, training acc = 0.62
Batch [600/704] training loss = 0.6437, training acc = 0.70
Valid Test with nat
Test accuracy: 76.32% (3816/5000), Test loss:0.7009
Best model so far saved in ./trained_models_new/cifar/vgg16/nat/pruned1_epoch100_r18/init_pure/seed9_enhance_m0.01_warmup0.1.pth
Test on test set:
Test accuracy: 77.91% (7791/10000), Test loss:0.6657
Epoch [5/100], Passed time:[96.744/483.722]
learning rate: 0.06000000000000001
Batch [0/704] training loss = 0.3779, training acc = 0.86
Batch [200/704] training loss = 0.6690, training acc = 0.77
Batch [400/704] training loss = 0.8753, training acc = 0.72
Batch [600/704] training loss = 0.4979, training acc = 0.84
Valid Test with nat
Test accuracy: 75.88% (3794/5000), Test loss:0.7292
Epoch [6/100], Passed time:[95.337/572.021]
learning rate: 0.07
Batch [0/704] training loss = 0.7429, training acc = 0.73
Batch [200/704] training loss = 0.4618, training acc = 0.80
Batch [400/704] training loss = 0.8052, training acc = 0.77
Batch [600/704] training loss = 0.6517, training acc = 0.78
Valid Test with nat
Test accuracy: 73.08% (3654/5000), Test loss:0.8006
Epoch [7/100], Passed time:[93.780/656.459]
learning rate: 0.08000000000000002
Batch [0/704] training loss = 0.8078, training acc = 0.69
Batch [200/704] training loss = 0.8214, training acc = 0.75
Batch [400/704] training loss = 0.5502, training acc = 0.81
Batch [600/704] training loss = 0.5853, training acc = 0.83
Valid Test with nat
Test accuracy: 74.52% (3726/5000), Test loss:0.7903
Epoch [8/100], Passed time:[92.391/739.128]
learning rate: 0.09000000000000001
Batch [0/704] training loss = 0.6661, training acc = 0.80
Batch [200/704] training loss = 0.5513, training acc = 0.84
Batch [400/704] training loss = 0.7813, training acc = 0.78
Batch [600/704] training loss = 0.7643, training acc = 0.73
Valid Test with nat
Test accuracy: 78.06% (3903/5000), Test loss:0.6308
Best model so far saved in ./trained_models_new/cifar/vgg16/nat/pruned1_epoch100_r18/init_pure/seed9_enhance_m0.01_warmup0.1.pth
Test on test set:
Test accuracy: 78.78% (7878/10000), Test loss:0.6235
Epoch [9/100], Passed time:[91.389/822.497]
learning rate: 0.1
Batch [0/704] training loss = 0.6123, training acc = 0.77
Batch [200/704] training loss = 0.7761, training acc = 0.73
Batch [400/704] training loss = 0.6584, training acc = 0.77
Batch [600/704] training loss = 0.5191, training acc = 0.80
Valid Test with nat
Test accuracy: 79.56% (3978/5000), Test loss:0.6121
Best model so far saved in ./trained_models_new/cifar/vgg16/nat/pruned1_epoch100_r18/init_pure/seed9_enhance_m0.01_warmup0.1.pth
Test on test set:
Test accuracy: 79.82% (7982/10000), Test loss:0.5970
Epoch [10/100], Passed time:[90.213/902.126]
learning rate: 0.1
Batch [0/704] training loss = 0.6791, training acc = 0.80
Batch [200/704] training loss = 0.3095, training acc = 0.92
Batch [400/704] training loss = 0.4725, training acc = 0.80
Batch [600/704] training loss = 0.5596, training acc = 0.81
Valid Test with nat
Test accuracy: 78.06% (3903/5000), Test loss:0.6745
Epoch [11/100], Passed time:[88.681/975.489]
learning rate: 0.1
Batch [0/704] training loss = 0.6891, training acc = 0.77
Batch [200/704] training loss = 0.5624, training acc = 0.75
Batch [400/704] training loss = 0.5305, training acc = 0.84
Batch [600/704] training loss = 0.3816, training acc = 0.84
Valid Test with nat
Test accuracy: 82.92% (4146/5000), Test loss:0.5314
Best model so far saved in ./trained_models_new/cifar/vgg16/nat/pruned1_epoch100_r18/init_pure/seed9_enhance_m0.01_warmup0.1.pth
Test on test set:
Test accuracy: 82.49% (8249/10000), Test loss:0.5507
Epoch [12/100], Passed time:[87.596/1051.154]
learning rate: 0.1
Batch [0/704] training loss = 0.4828, training acc = 0.84
Batch [200/704] training loss = 0.6094, training acc = 0.75
Batch [400/704] training loss = 0.4130, training acc = 0.86
Batch [600/704] training loss = 0.3581, training acc = 0.84
Valid Test with nat
Test accuracy: 80.66% (4033/5000), Test loss:0.6136
Epoch [13/100], Passed time:[86.626/1126.143]
learning rate: 0.1
Batch [0/704] training loss = 0.3732, training acc = 0.84
Batch [200/704] training loss = 0.2500, training acc = 0.94
Batch [400/704] training loss = 0.3857, training acc = 0.89
Batch [600/704] training loss = 0.5592, training acc = 0.81
Valid Test with nat
Test accuracy: 80.72% (4036/5000), Test loss:0.5795
Epoch [14/100], Passed time:[85.838/1201.734]
learning rate: 0.1
Batch [0/704] training loss = 0.2930, training acc = 0.92
Batch [200/704] training loss = 0.2832, training acc = 0.92
Batch [400/704] training loss = 0.5244, training acc = 0.81
Batch [600/704] training loss = 0.3984, training acc = 0.84
Valid Test with nat
Test accuracy: 82.60% (4130/5000), Test loss:0.5332
Epoch [15/100], Passed time:[85.142/1277.128]
learning rate: 0.1
Batch [0/704] training loss = 0.3264, training acc = 0.86
Batch [200/704] training loss = 0.4148, training acc = 0.84
Batch [400/704] training loss = 0.3669, training acc = 0.88
Batch [600/704] training loss = 0.4209, training acc = 0.84
Valid Test with nat
Test accuracy: 82.62% (4131/5000), Test loss:0.5380
Epoch [16/100], Passed time:[84.841/1357.452]
learning rate: 0.1
Batch [0/704] training loss = 0.4730, training acc = 0.81
Batch [200/704] training loss = 0.4564, training acc = 0.86
Batch [400/704] training loss = 0.3126, training acc = 0.88
Batch [600/704] training loss = 0.4201, training acc = 0.86
Valid Test with nat
Test accuracy: 84.30% (4215/5000), Test loss:0.4759
Best model so far saved in ./trained_models_new/cifar/vgg16/nat/pruned1_epoch100_r18/init_pure/seed9_enhance_m0.01_warmup0.1.pth
Test on test set:
Test accuracy: 83.09% (8309/10000), Test loss:0.5056
Epoch [17/100], Passed time:[84.858/1442.594]
learning rate: 0.1
Batch [0/704] training loss = 0.3144, training acc = 0.86
Batch [200/704] training loss = 0.4241, training acc = 0.88
Batch [400/704] training loss = 0.4064, training acc = 0.81
Batch [600/704] training loss = 0.2465, training acc = 0.91
Valid Test with nat
Test accuracy: 78.08% (3904/5000), Test loss:0.7457
Epoch [18/100], Passed time:[84.346/1518.226]
learning rate: 0.1
Batch [0/704] training loss = 0.3912, training acc = 0.83
Batch [200/704] training loss = 0.3386, training acc = 0.86
Batch [400/704] training loss = 0.2283, training acc = 0.94
Batch [600/704] training loss = 0.2919, training acc = 0.89
Valid Test with nat
Test accuracy: 86.20% (4310/5000), Test loss:0.4260
Best model so far saved in ./trained_models_new/cifar/vgg16/nat/pruned1_epoch100_r18/init_pure/seed9_enhance_m0.01_warmup0.1.pth
Test on test set:
Test accuracy: 85.00% (8500/10000), Test loss:0.4626
Epoch [19/100], Passed time:[84.050/1596.946]
learning rate: 0.1
Batch [0/704] training loss = 0.3346, training acc = 0.91
Batch [200/704] training loss = 0.6414, training acc = 0.78
Batch [400/704] training loss = 0.6218, training acc = 0.78
Batch [600/704] training loss = 0.4831, training acc = 0.86
Valid Test with nat
Test accuracy: 83.96% (4198/5000), Test loss:0.4843
Epoch [20/100], Passed time:[83.427/1668.539]
learning rate: 0.1
Batch [0/704] training loss = 0.2825, training acc = 0.86
Batch [200/704] training loss = 0.2297, training acc = 0.91
Batch [400/704] training loss = 0.2925, training acc = 0.92
Batch [600/704] training loss = 0.3328, training acc = 0.88
Valid Test with nat
Test accuracy: 85.54% (4277/5000), Test loss:0.4470
Epoch [21/100], Passed time:[82.999/1742.974]
learning rate: 0.1
Batch [0/704] training loss = 0.5612, training acc = 0.83
Batch [200/704] training loss = 0.2281, training acc = 0.92
Batch [400/704] training loss = 0.3610, training acc = 0.89
Batch [600/704] training loss = 0.2649, training acc = 0.91
Valid Test with nat
Test accuracy: 83.74% (4187/5000), Test loss:0.4940
Epoch [22/100], Passed time:[82.557/1816.245]
learning rate: 0.1
Batch [0/704] training loss = 0.2265, training acc = 0.94
Batch [200/704] training loss = 0.5836, training acc = 0.86
Batch [400/704] training loss = 0.2193, training acc = 0.92
Batch [600/704] training loss = 0.5295, training acc = 0.86
Valid Test with nat
Test accuracy: 83.62% (4181/5000), Test loss:0.5037
Epoch [23/100], Passed time:[82.057/1887.313]
learning rate: 0.1
Batch [0/704] training loss = 0.4428, training acc = 0.83
Batch [200/704] training loss = 0.5872, training acc = 0.83
Batch [400/704] training loss = 0.3913, training acc = 0.86
Batch [600/704] training loss = 0.4315, training acc = 0.86
Valid Test with nat
Test accuracy: 84.56% (4228/5000), Test loss:0.4545
Epoch [24/100], Passed time:[81.476/1955.414]
learning rate: 0.1
Batch [0/704] training loss = 0.2748, training acc = 0.92
Batch [200/704] training loss = 0.4004, training acc = 0.88
Batch [400/704] training loss = 0.4800, training acc = 0.84
Batch [600/704] training loss = 0.4903, training acc = 0.80
Valid Test with nat
Test accuracy: 85.60% (4280/5000), Test loss:0.4499
Epoch [25/100], Passed time:[80.971/2024.269]
learning rate: 0.1
Batch [0/704] training loss = 0.3047, training acc = 0.91
Batch [200/704] training loss = 0.3942, training acc = 0.89
Batch [400/704] training loss = 0.3909, training acc = 0.91
Batch [600/704] training loss = 0.4200, training acc = 0.86
Valid Test with nat
Test accuracy: 86.52% (4326/5000), Test loss:0.4024
Best model so far saved in ./trained_models_new/cifar/vgg16/nat/pruned1_epoch100_r18/init_pure/seed9_enhance_m0.01_warmup0.1.pth
Test on test set:
Test accuracy: 87.45% (8745/10000), Test loss:0.3907
Epoch [26/100], Passed time:[80.650/2096.896]
learning rate: 0.1
Batch [0/704] training loss = 0.3216, training acc = 0.89
Batch [200/704] training loss = 0.4345, training acc = 0.84
Batch [400/704] training loss = 0.3038, training acc = 0.92
Batch [600/704] training loss = 0.3317, training acc = 0.89
Valid Test with nat
Test accuracy: 86.86% (4343/5000), Test loss:0.3971
Best model so far saved in ./trained_models_new/cifar/vgg16/nat/pruned1_epoch100_r18/init_pure/seed9_enhance_m0.01_warmup0.1.pth
Test on test set:
Test accuracy: 86.90% (8690/10000), Test loss:0.3903
Epoch [27/100], Passed time:[80.394/2170.635]
learning rate: 0.1
Batch [0/704] training loss = 0.1647, training acc = 0.94
Batch [200/704] training loss = 0.2670, training acc = 0.91
Batch [400/704] training loss = 0.4670, training acc = 0.80
Batch [600/704] training loss = 0.2890, training acc = 0.91
Valid Test with nat
Test accuracy: 82.32% (4116/5000), Test loss:0.5600
Epoch [28/100], Passed time:[79.940/2238.312]
learning rate: 0.1
Batch [0/704] training loss = 0.5100, training acc = 0.84
Batch [200/704] training loss = 0.4775, training acc = 0.81
Batch [400/704] training loss = 0.3259, training acc = 0.86
Batch [600/704] training loss = 0.4466, training acc = 0.83
Valid Test with nat
Test accuracy: 85.24% (4262/5000), Test loss:0.4610
Epoch [29/100], Passed time:[79.510/2305.787]
learning rate: 0.1
Batch [0/704] training loss = 0.3137, training acc = 0.89
Batch [200/704] training loss = 0.4342, training acc = 0.88
Batch [400/704] training loss = 0.1647, training acc = 0.91
Batch [600/704] training loss = 0.2606, training acc = 0.91
Valid Test with nat
Test accuracy: 85.44% (4272/5000), Test loss:0.4629
Epoch [30/100], Passed time:[79.125/2373.759]
learning rate: 0.1
Batch [0/704] training loss = 0.2343, training acc = 0.91
Batch [200/704] training loss = 0.3852, training acc = 0.89
Batch [400/704] training loss = 0.4361, training acc = 0.81
Batch [600/704] training loss = 0.1370, training acc = 1.00
Valid Test with nat
Test accuracy: 84.90% (4245/5000), Test loss:0.5062
Epoch [31/100], Passed time:[78.710/2440.020]
learning rate: 0.1
Batch [0/704] training loss = 0.4084, training acc = 0.84
Batch [200/704] training loss = 0.1996, training acc = 0.91
Batch [400/704] training loss = 0.5518, training acc = 0.78
Batch [600/704] training loss = 0.2078, training acc = 0.94
Valid Test with nat
Test accuracy: 86.62% (4331/5000), Test loss:0.4119
Epoch [32/100], Passed time:[78.468/2510.988]
learning rate: 0.1
Batch [0/704] training loss = 0.2375, training acc = 0.92
Batch [200/704] training loss = 0.3620, training acc = 0.86
Batch [400/704] training loss = 0.3100, training acc = 0.88
Batch [600/704] training loss = 0.2584, training acc = 0.88
Valid Test with nat
Test accuracy: 86.96% (4348/5000), Test loss:0.4178
Epoch [33/100], Passed time:[78.168/2579.542]
learning rate: 0.1
Batch [0/704] training loss = 0.2951, training acc = 0.91
Batch [200/704] training loss = 0.1526, training acc = 0.97
Batch [400/704] training loss = 0.2890, training acc = 0.88
Batch [600/704] training loss = 0.2784, training acc = 0.92
Valid Test with nat
Test accuracy: 87.70% (4385/5000), Test loss:0.3930
Best model so far saved in ./trained_models_new/cifar/vgg16/nat/pruned1_epoch100_r18/init_pure/seed9_enhance_m0.01_warmup0.1.pth
Test on test set:
Test accuracy: 87.17% (8717/10000), Test loss:0.3904
Epoch [34/100], Passed time:[78.101/2655.423]
learning rate: 0.1
Batch [0/704] training loss = 0.4885, training acc = 0.83
Batch [200/704] training loss = 0.2176, training acc = 0.94
Batch [400/704] training loss = 0.4176, training acc = 0.86
Batch [600/704] training loss = 0.2106, training acc = 0.92
Valid Test with nat
Test accuracy: 85.16% (4258/5000), Test loss:0.4674
Epoch [35/100], Passed time:[77.979/2729.267]
learning rate: 0.1
Batch [0/704] training loss = 0.2453, training acc = 0.91
Batch [200/704] training loss = 0.4571, training acc = 0.89
Batch [400/704] training loss = 0.2712, training acc = 0.91
Batch [600/704] training loss = 0.3185, training acc = 0.92
Valid Test with nat
Test accuracy: 85.34% (4267/5000), Test loss:0.4480
Epoch [36/100], Passed time:[77.991/2807.666]
learning rate: 0.1
Batch [0/704] training loss = 0.2676, training acc = 0.94
Batch [200/704] training loss = 0.3131, training acc = 0.84
Batch [400/704] training loss = 0.3573, training acc = 0.91
Batch [600/704] training loss = 0.2455, training acc = 0.91
Valid Test with nat
Test accuracy: 86.94% (4347/5000), Test loss:0.4140
Epoch [37/100], Passed time:[77.977/2885.166]
learning rate: 0.1
Batch [0/704] training loss = 0.2373, training acc = 0.95
Batch [200/704] training loss = 0.2937, training acc = 0.89
Batch [400/704] training loss = 0.4169, training acc = 0.84
Batch [600/704] training loss = 0.3286, training acc = 0.88
Valid Test with nat
Test accuracy: 86.10% (4305/5000), Test loss:0.4276
Epoch [38/100], Passed time:[77.923/2961.089]
learning rate: 0.1
Batch [0/704] training loss = 0.2801, training acc = 0.94
Batch [200/704] training loss = 0.3260, training acc = 0.86
Batch [400/704] training loss = 0.3319, training acc = 0.88
Batch [600/704] training loss = 0.3270, training acc = 0.86
Valid Test with nat
Test accuracy: 85.30% (4265/5000), Test loss:0.4849
Epoch [39/100], Passed time:[77.836/3035.592]
learning rate: 0.1
Batch [0/704] training loss = 0.3880, training acc = 0.86
Batch [200/704] training loss = 0.5923, training acc = 0.83
Batch [400/704] training loss = 0.2712, training acc = 0.88
Batch [600/704] training loss = 0.1865, training acc = 0.94
Valid Test with nat
Test accuracy: 86.00% (4300/5000), Test loss:0.4372
Epoch [40/100], Passed time:[77.608/3104.317]
learning rate: 0.1
Batch [0/704] training loss = 0.1859, training acc = 0.92
Batch [200/704] training loss = 0.1922, training acc = 0.92
Batch [400/704] training loss = 0.2247, training acc = 0.94
Batch [600/704] training loss = 0.2968, training acc = 0.86
Valid Test with nat
Test accuracy: 83.92% (4196/5000), Test loss:0.5178
Epoch [41/100], Passed time:[77.439/3175.013]
learning rate: 0.1
Batch [0/704] training loss = 0.4547, training acc = 0.88
Batch [200/704] training loss = 0.4787, training acc = 0.86
Batch [400/704] training loss = 0.4033, training acc = 0.86
Batch [600/704] training loss = 0.3752, training acc = 0.91
Valid Test with nat
Test accuracy: 86.00% (4300/5000), Test loss:0.4327
Epoch [42/100], Passed time:[77.235/3243.870]
learning rate: 0.1
Batch [0/704] training loss = 0.3721, training acc = 0.84
Batch [200/704] training loss = 0.2619, training acc = 0.92
Batch [400/704] training loss = 0.1379, training acc = 0.94
Batch [600/704] training loss = 0.1783, training acc = 0.97
Valid Test with nat
Test accuracy: 86.06% (4303/5000), Test loss:0.4371
Epoch [43/100], Passed time:[77.031/3312.331]
learning rate: 0.1
Batch [0/704] training loss = 0.3633, training acc = 0.83
Batch [200/704] training loss = 0.5296, training acc = 0.84
Batch [400/704] training loss = 0.3321, training acc = 0.92
Batch [600/704] training loss = 0.2283, training acc = 0.94
Valid Test with nat
Test accuracy: 86.60% (4330/5000), Test loss:0.4084
Epoch [44/100], Passed time:[76.836/3380.769]
learning rate: 0.1
Batch [0/704] training loss = 0.1970, training acc = 0.94
Batch [200/704] training loss = 0.2208, training acc = 0.94
Batch [400/704] training loss = 0.3107, training acc = 0.94
Batch [600/704] training loss = 0.4259, training acc = 0.88
Valid Test with nat
Test accuracy: 87.74% (4387/5000), Test loss:0.3951
Epoch [45/100], Passed time:[76.640/3448.803]
learning rate: 0.1
Batch [0/704] training loss = 0.2315, training acc = 0.94
Batch [200/704] training loss = 0.4694, training acc = 0.84
Batch [400/704] training loss = 0.2536, training acc = 0.88
Batch [600/704] training loss = 0.3899, training acc = 0.83
Valid Test with nat
Test accuracy: 86.30% (4315/5000), Test loss:0.4394
Epoch [46/100], Passed time:[76.494/3518.724]
learning rate: 0.1
Batch [0/704] training loss = 0.2549, training acc = 0.92
Batch [200/704] training loss = 0.4063, training acc = 0.88
Batch [400/704] training loss = 0.2908, training acc = 0.88
Batch [600/704] training loss = 0.0589, training acc = 0.98
Valid Test with nat
Test accuracy: 87.16% (4358/5000), Test loss:0.3984
Epoch [47/100], Passed time:[76.403/3590.932]
learning rate: 0.1
Batch [0/704] training loss = 0.1712, training acc = 0.94
Batch [200/704] training loss = 0.3641, training acc = 0.88
Batch [400/704] training loss = 0.2761, training acc = 0.89
Batch [600/704] training loss = 0.2658, training acc = 0.94
Valid Test with nat
Test accuracy: 87.38% (4369/5000), Test loss:0.3890
Best model so far saved in ./trained_models_new/cifar/vgg16/nat/pruned1_epoch100_r18/init_pure/seed9_enhance_m0.01_warmup0.1.pth
Test on test set:
Test accuracy: 87.65% (8765/10000), Test loss:0.3801
Epoch [48/100], Passed time:[76.419/3668.101]
learning rate: 0.1
Batch [0/704] training loss = 0.2603, training acc = 0.89
Batch [200/704] training loss = 0.1784, training acc = 0.95
Batch [400/704] training loss = 0.3723, training acc = 0.86
Batch [600/704] training loss = 0.2826, training acc = 0.89
Valid Test with nat
Test accuracy: 85.42% (4271/5000), Test loss:0.4934
Epoch [49/100], Passed time:[76.441/3745.596]
learning rate: 0.1
Batch [0/704] training loss = 0.3592, training acc = 0.94
Batch [200/704] training loss = 0.3550, training acc = 0.86
Batch [400/704] training loss = 0.3514, training acc = 0.86
Batch [600/704] training loss = 0.3702, training acc = 0.88
Valid Test with nat
Test accuracy: 86.24% (4312/5000), Test loss:0.4589
Epoch [50/100], Passed time:[76.402/3820.110]
learning rate: 0.010000000000000002
Batch [0/704] training loss = 0.2445, training acc = 0.94
Batch [200/704] training loss = 0.1438, training acc = 0.95
Batch [400/704] training loss = 0.1988, training acc = 0.92
Batch [600/704] training loss = 0.0765, training acc = 0.97
Valid Test with nat
Test accuracy: 91.64% (4582/5000), Test loss:0.2680
Best model so far saved in ./trained_models_new/cifar/vgg16/nat/pruned1_epoch100_r18/init_pure/seed9_enhance_m0.01_warmup0.1.pth
Test on test set:
Test accuracy: 91.86% (9186/10000), Test loss:0.2595
Epoch [51/100], Passed time:[76.549/3904.001]
learning rate: 0.010000000000000002
Batch [0/704] training loss = 0.1923, training acc = 0.92
Batch [200/704] training loss = 0.2696, training acc = 0.88
Batch [400/704] training loss = 0.1044, training acc = 0.97
Batch [600/704] training loss = 0.1702, training acc = 0.95
Valid Test with nat
Test accuracy: 91.94% (4597/5000), Test loss:0.2660
Best model so far saved in ./trained_models_new/cifar/vgg16/nat/pruned1_epoch100_r18/init_pure/seed9_enhance_m0.01_warmup0.1.pth
Test on test set:
Test accuracy: 91.94% (9194/10000), Test loss:0.2554
Epoch [52/100], Passed time:[76.603/3983.348]
learning rate: 0.010000000000000002
Batch [0/704] training loss = 0.1484, training acc = 0.95
Batch [200/704] training loss = 0.1343, training acc = 0.92
Batch [400/704] training loss = 0.1147, training acc = 0.95
Batch [600/704] training loss = 0.1834, training acc = 0.92
Valid Test with nat
Test accuracy: 92.02% (4601/5000), Test loss:0.2564
Best model so far saved in ./trained_models_new/cifar/vgg16/nat/pruned1_epoch100_r18/init_pure/seed9_enhance_m0.01_warmup0.1.pth
Test on test set:
Test accuracy: 92.19% (9219/10000), Test loss:0.2557
Epoch [53/100], Passed time:[76.618/4060.761]
learning rate: 0.010000000000000002
Batch [0/704] training loss = 0.0912, training acc = 0.98
Batch [200/704] training loss = 0.0942, training acc = 0.97
Batch [400/704] training loss = 0.0824, training acc = 0.97
Batch [600/704] training loss = 0.1138, training acc = 0.97
Valid Test with nat
Test accuracy: 92.00% (4600/5000), Test loss:0.2718
Epoch [54/100], Passed time:[76.475/4129.644]
learning rate: 0.010000000000000002
Batch [0/704] training loss = 0.1060, training acc = 0.95
Batch [200/704] training loss = 0.1206, training acc = 0.94
Batch [400/704] training loss = 0.1025, training acc = 0.97
Batch [600/704] training loss = 0.0345, training acc = 1.00
Valid Test with nat
Test accuracy: 92.36% (4618/5000), Test loss:0.2627
Epoch [55/100], Passed time:[76.360/4199.811]
learning rate: 0.010000000000000002
Batch [0/704] training loss = 0.0654, training acc = 0.98
Batch [200/704] training loss = 0.0343, training acc = 0.98
Batch [400/704] training loss = 0.1090, training acc = 0.95
Batch [600/704] training loss = 0.0270, training acc = 0.98
Valid Test with nat
Test accuracy: 92.44% (4622/5000), Test loss:0.2553
Best model so far saved in ./trained_models_new/cifar/vgg16/nat/pruned1_epoch100_r18/init_pure/seed9_enhance_m0.01_warmup0.1.pth
Test on test set:
Test accuracy: 92.42% (9242/10000), Test loss:0.2578
Epoch [56/100], Passed time:[76.350/4275.604]
learning rate: 0.010000000000000002
Batch [0/704] training loss = 0.0485, training acc = 0.98
Batch [200/704] training loss = 0.0784, training acc = 0.95
Batch [400/704] training loss = 0.0587, training acc = 0.97
Batch [600/704] training loss = 0.0347, training acc = 0.98
Valid Test with nat
Test accuracy: 92.36% (4618/5000), Test loss:0.2709
Epoch [57/100], Passed time:[76.219/4344.471]
learning rate: 0.010000000000000002
Batch [0/704] training loss = 0.0931, training acc = 0.95
Batch [200/704] training loss = 0.0655, training acc = 0.98
Batch [400/704] training loss = 0.0749, training acc = 0.98
Batch [600/704] training loss = 0.2083, training acc = 0.95
Valid Test with nat
Test accuracy: 92.72% (4636/5000), Test loss:0.2845
Epoch [58/100], Passed time:[76.102/4413.925]
learning rate: 0.010000000000000002
Batch [0/704] training loss = 0.0311, training acc = 0.98
Batch [200/704] training loss = 0.2189, training acc = 0.92
Batch [400/704] training loss = 0.0325, training acc = 0.98
Batch [600/704] training loss = 0.1282, training acc = 0.95
Valid Test with nat
Test accuracy: 92.32% (4616/5000), Test loss:0.2670
Epoch [59/100], Passed time:[75.983/4482.969]
learning rate: 0.010000000000000002
Batch [0/704] training loss = 0.0672, training acc = 0.98
Batch [200/704] training loss = 0.0744, training acc = 0.97
Batch [400/704] training loss = 0.0852, training acc = 0.98
Batch [600/704] training loss = 0.1151, training acc = 0.97
Valid Test with nat
Test accuracy: 92.46% (4623/5000), Test loss:0.2876
Epoch [60/100], Passed time:[75.846/4550.760]
learning rate: 0.010000000000000002
Batch [0/704] training loss = 0.0478, training acc = 1.00
Batch [200/704] training loss = 0.0433, training acc = 1.00
Batch [400/704] training loss = 0.0252, training acc = 0.98
Batch [600/704] training loss = 0.0647, training acc = 0.98
Valid Test with nat
Test accuracy: 92.64% (4632/5000), Test loss:0.2738
Epoch [61/100], Passed time:[75.714/4618.549]
learning rate: 0.010000000000000002
Batch [0/704] training loss = 0.1206, training acc = 0.95
Batch [200/704] training loss = 0.0104, training acc = 1.00
Batch [400/704] training loss = 0.1012, training acc = 0.97
Batch [600/704] training loss = 0.1298, training acc = 0.95
Valid Test with nat
Test accuracy: 92.66% (4633/5000), Test loss:0.2752
Epoch [62/100], Passed time:[75.563/4684.890]
learning rate: 0.010000000000000002
Batch [0/704] training loss = 0.0162, training acc = 1.00
Batch [200/704] training loss = 0.0567, training acc = 0.97
Batch [400/704] training loss = 0.1451, training acc = 0.95
Batch [600/704] training loss = 0.0288, training acc = 0.98
Valid Test with nat
Test accuracy: 92.16% (4608/5000), Test loss:0.2927
Epoch [63/100], Passed time:[75.442/4752.871]
learning rate: 0.010000000000000002
Batch [0/704] training loss = 0.0192, training acc = 1.00
Batch [200/704] training loss = 0.0540, training acc = 0.98
Batch [400/704] training loss = 0.0298, training acc = 1.00
Batch [600/704] training loss = 0.0524, training acc = 0.98
Valid Test with nat
Test accuracy: 92.10% (4605/5000), Test loss:0.2863
Epoch [64/100], Passed time:[75.390/4824.950]
learning rate: 0.010000000000000002
Batch [0/704] training loss = 0.0096, training acc = 1.00
Batch [200/704] training loss = 0.0266, training acc = 0.98
Batch [400/704] training loss = 0.1140, training acc = 0.97
Batch [600/704] training loss = 0.0709, training acc = 0.98
Valid Test with nat
Test accuracy: 92.68% (4634/5000), Test loss:0.2773
Epoch [65/100], Passed time:[75.336/4896.849]
learning rate: 0.010000000000000002
Batch [0/704] training loss = 0.0671, training acc = 0.98
Batch [200/704] training loss = 0.0259, training acc = 1.00
Batch [400/704] training loss = 0.0638, training acc = 0.97
Batch [600/704] training loss = 0.1108, training acc = 0.97
Valid Test with nat
Test accuracy: 92.66% (4633/5000), Test loss:0.2889
Epoch [66/100], Passed time:[75.343/4972.629]
learning rate: 0.010000000000000002
Batch [0/704] training loss = 0.0406, training acc = 0.98
Batch [200/704] training loss = 0.0051, training acc = 1.00
Batch [400/704] training loss = 0.1308, training acc = 0.97
Batch [600/704] training loss = 0.0180, training acc = 1.00
Valid Test with nat
Test accuracy: 92.58% (4629/5000), Test loss:0.2828
Epoch [67/100], Passed time:[75.433/5054.032]
learning rate: 0.010000000000000002
Batch [0/704] training loss = 0.0120, training acc = 1.00
Batch [200/704] training loss = 0.0751, training acc = 0.97
Batch [400/704] training loss = 0.0204, training acc = 0.98
Batch [600/704] training loss = 0.1456, training acc = 0.95
Valid Test with nat
Test accuracy: 93.02% (4651/5000), Test loss:0.2732
Epoch [68/100], Passed time:[75.460/5131.307]
learning rate: 0.010000000000000002
Batch [0/704] training loss = 0.0031, training acc = 1.00
Batch [200/704] training loss = 0.0879, training acc = 0.97
Batch [400/704] training loss = 0.0765, training acc = 0.98
Batch [600/704] training loss = 0.0284, training acc = 0.98
Valid Test with nat
Test accuracy: 92.68% (4634/5000), Test loss:0.3009
Epoch [69/100], Passed time:[75.444/5205.610]
learning rate: 0.010000000000000002
Batch [0/704] training loss = 0.0101, training acc = 1.00
Batch [200/704] training loss = 0.0223, training acc = 0.98
Batch [400/704] training loss = 0.0754, training acc = 0.97
Batch [600/704] training loss = 0.0970, training acc = 0.95
Valid Test with nat
Test accuracy: 92.76% (4638/5000), Test loss:0.2916
Epoch [70/100], Passed time:[75.373/5276.077]
learning rate: 0.010000000000000002
Batch [0/704] training loss = 0.0651, training acc = 0.98
Batch [200/704] training loss = 0.0855, training acc = 0.98
Batch [400/704] training loss = 0.0594, training acc = 0.97
Batch [600/704] training loss = 0.1053, training acc = 0.97
Valid Test with nat
Test accuracy: 92.12% (4606/5000), Test loss:0.2914
Epoch [71/100], Passed time:[75.294/5345.899]
learning rate: 0.010000000000000002
Batch [0/704] training loss = 0.0585, training acc = 0.97
Batch [200/704] training loss = 0.0222, training acc = 1.00
Batch [400/704] training loss = 0.0271, training acc = 1.00
Batch [600/704] training loss = 0.0102, training acc = 1.00
Valid Test with nat
Test accuracy: 92.92% (4646/5000), Test loss:0.2884
Epoch [72/100], Passed time:[75.214/5415.397]
learning rate: 0.010000000000000002
Batch [0/704] training loss = 0.0051, training acc = 1.00
Batch [200/704] training loss = 0.0546, training acc = 0.98
Batch [400/704] training loss = 0.0840, training acc = 0.95
Batch [600/704] training loss = 0.0347, training acc = 0.98
Valid Test with nat
Test accuracy: 92.62% (4631/5000), Test loss:0.3035
Epoch [73/100], Passed time:[75.122/5483.874]
learning rate: 0.010000000000000002
Batch [0/704] training loss = 0.0168, training acc = 1.00
Batch [200/704] training loss = 0.0481, training acc = 0.95
Batch [400/704] training loss = 0.0255, training acc = 0.98
Batch [600/704] training loss = 0.0556, training acc = 0.97
Valid Test with nat
Test accuracy: 92.68% (4634/5000), Test loss:0.3163
Epoch [74/100], Passed time:[75.087/5556.410]
learning rate: 0.010000000000000002
Batch [0/704] training loss = 0.0105, training acc = 1.00
Batch [200/704] training loss = 0.0040, training acc = 1.00
Batch [400/704] training loss = 0.0255, training acc = 0.98
Batch [600/704] training loss = 0.1285, training acc = 0.94
Valid Test with nat
Test accuracy: 92.50% (4625/5000), Test loss:0.3006
Epoch [75/100], Passed time:[74.967/5622.548]
learning rate: 0.0010000000000000002
Batch [0/704] training loss = 0.0416, training acc = 0.97
Batch [200/704] training loss = 0.0346, training acc = 0.98
Batch [400/704] training loss = 0.0612, training acc = 0.98
Batch [600/704] training loss = 0.0258, training acc = 0.98
Valid Test with nat
Test accuracy: 92.90% (4645/5000), Test loss:0.2998
Epoch [76/100], Passed time:[74.884/5691.199]
learning rate: 0.0010000000000000002
Batch [0/704] training loss = 0.0106, training acc = 1.00
Batch [200/704] training loss = 0.0289, training acc = 0.98
Batch [400/704] training loss = 0.0841, training acc = 0.97
Batch [600/704] training loss = 0.0205, training acc = 1.00
Valid Test with nat
Test accuracy: 92.86% (4643/5000), Test loss:0.2923
Epoch [77/100], Passed time:[74.809/5760.295]
learning rate: 0.0010000000000000002
Batch [0/704] training loss = 0.0094, training acc = 1.00
Batch [200/704] training loss = 0.0137, training acc = 1.00
Batch [400/704] training loss = 0.0388, training acc = 0.98
Batch [600/704] training loss = 0.0216, training acc = 1.00
Valid Test with nat
Test accuracy: 93.06% (4653/5000), Test loss:0.2896
Epoch [78/100], Passed time:[74.771/5832.138]
learning rate: 0.0010000000000000002
Batch [0/704] training loss = 0.0064, training acc = 1.00
Batch [200/704] training loss = 0.0388, training acc = 0.98
Batch [400/704] training loss = 0.0486, training acc = 0.98
Batch [600/704] training loss = 0.0032, training acc = 1.00
Valid Test with nat
Test accuracy: 93.04% (4652/5000), Test loss:0.2851
Epoch [79/100], Passed time:[74.761/5906.091]
learning rate: 0.0010000000000000002
Batch [0/704] training loss = 0.0150, training acc = 1.00
Batch [200/704] training loss = 0.0542, training acc = 0.98
Batch [400/704] training loss = 0.0303, training acc = 0.98
Batch [600/704] training loss = 0.0135, training acc = 1.00
Valid Test with nat
Test accuracy: 93.02% (4651/5000), Test loss:0.2904
Epoch [80/100], Passed time:[74.799/5983.920]
learning rate: 0.0010000000000000002
Batch [0/704] training loss = 0.0128, training acc = 1.00
Batch [200/704] training loss = 0.0066, training acc = 1.00
Batch [400/704] training loss = 0.0620, training acc = 0.97
Batch [600/704] training loss = 0.0122, training acc = 1.00
Valid Test with nat
Test accuracy: 93.16% (4658/5000), Test loss:0.2850
Epoch [81/100], Passed time:[74.876/6064.956]
learning rate: 0.0010000000000000002
Batch [0/704] training loss = 0.0031, training acc = 1.00
Batch [200/704] training loss = 0.0162, training acc = 1.00
Batch [400/704] training loss = 0.0560, training acc = 0.97
Batch [600/704] training loss = 0.0312, training acc = 0.97
Valid Test with nat
Test accuracy: 92.94% (4647/5000), Test loss:0.2926
Epoch [82/100], Passed time:[74.879/6140.071]
learning rate: 0.0010000000000000002
Batch [0/704] training loss = 0.0082, training acc = 1.00
Batch [200/704] training loss = 0.0031, training acc = 1.00
Batch [400/704] training loss = 0.0013, training acc = 1.00
Batch [600/704] training loss = 0.0437, training acc = 0.98
Valid Test with nat
Test accuracy: 93.20% (4660/5000), Test loss:0.2912
Epoch [83/100], Passed time:[74.874/6214.546]
learning rate: 0.0010000000000000002
Batch [0/704] training loss = 0.0161, training acc = 1.00
Batch [200/704] training loss = 0.0298, training acc = 0.98
Batch [400/704] training loss = 0.0097, training acc = 1.00
Batch [600/704] training loss = 0.0548, training acc = 0.98
Valid Test with nat
Test accuracy: 93.02% (4651/5000), Test loss:0.2861
Epoch [84/100], Passed time:[74.869/6289.027]
learning rate: 0.0010000000000000002
Batch [0/704] training loss = 0.0037, training acc = 1.00
Batch [200/704] training loss = 0.0527, training acc = 0.98
Batch [400/704] training loss = 0.0032, training acc = 1.00
Batch [600/704] training loss = 0.0051, training acc = 1.00
Valid Test with nat
Test accuracy: 93.14% (4657/5000), Test loss:0.2936
Epoch [85/100], Passed time:[74.848/6362.047]
learning rate: 0.0010000000000000002
Batch [0/704] training loss = 0.0111, training acc = 1.00
Batch [200/704] training loss = 0.0242, training acc = 1.00
Batch [400/704] training loss = 0.0757, training acc = 0.97
Batch [600/704] training loss = 0.0683, training acc = 0.98
Valid Test with nat
Test accuracy: 93.00% (4650/5000), Test loss:0.2905
Epoch [86/100], Passed time:[74.835/6435.795]
learning rate: 0.0010000000000000002
Batch [0/704] training loss = 0.0170, training acc = 1.00
Batch [200/704] training loss = 0.0112, training acc = 1.00
Batch [400/704] training loss = 0.0068, training acc = 1.00
Batch [600/704] training loss = 0.0164, training acc = 0.98
Valid Test with nat
Test accuracy: 93.16% (4658/5000), Test loss:0.2891
Epoch [87/100], Passed time:[74.760/6504.103]
learning rate: 0.0010000000000000002
Batch [0/704] training loss = 0.0521, training acc = 0.97
Batch [200/704] training loss = 0.0082, training acc = 1.00
Batch [400/704] training loss = 0.0274, training acc = 1.00
Batch [600/704] training loss = 0.0334, training acc = 0.98
Valid Test with nat
Test accuracy: 93.12% (4656/5000), Test loss:0.2906
Epoch [88/100], Passed time:[74.720/6575.344]
learning rate: 0.0010000000000000002
Batch [0/704] training loss = 0.0103, training acc = 1.00
Batch [200/704] training loss = 0.0061, training acc = 1.00
Batch [400/704] training loss = 0.1001, training acc = 0.98
Batch [600/704] training loss = 0.0302, training acc = 1.00
Valid Test with nat
Test accuracy: 93.26% (4663/5000), Test loss:0.2891
Epoch [89/100], Passed time:[74.640/6642.916]
learning rate: 0.0010000000000000002
Batch [0/704] training loss = 0.0034, training acc = 1.00
Batch [200/704] training loss = 0.0081, training acc = 1.00
Batch [400/704] training loss = 0.0083, training acc = 1.00
Batch [600/704] training loss = 0.0431, training acc = 0.97
Valid Test with nat
Test accuracy: 93.20% (4660/5000), Test loss:0.2874
Epoch [90/100], Passed time:[74.580/6712.222]
learning rate: 0.0010000000000000002
Batch [0/704] training loss = 0.0090, training acc = 1.00
Batch [200/704] training loss = 0.0196, training acc = 1.00
Batch [400/704] training loss = 0.0088, training acc = 1.00
Batch [600/704] training loss = 0.0591, training acc = 0.97
Valid Test with nat
Test accuracy: 93.16% (4658/5000), Test loss:0.2882
Epoch [91/100], Passed time:[74.526/6781.852]
learning rate: 0.0010000000000000002
Batch [0/704] training loss = 0.0122, training acc = 1.00
Batch [200/704] training loss = 0.0314, training acc = 0.98
Batch [400/704] training loss = 0.0008, training acc = 1.00
Batch [600/704] training loss = 0.0021, training acc = 1.00
Valid Test with nat
Test accuracy: 93.42% (4671/5000), Test loss:0.2975
Epoch [92/100], Passed time:[74.445/6848.909]
learning rate: 0.0010000000000000002
Batch [0/704] training loss = 0.0032, training acc = 1.00
Batch [200/704] training loss = 0.0069, training acc = 1.00
Batch [400/704] training loss = 0.0458, training acc = 0.97
Batch [600/704] training loss = 0.0043, training acc = 1.00
Valid Test with nat
Test accuracy: 93.24% (4662/5000), Test loss:0.2969
Epoch [93/100], Passed time:[74.385/6917.830]
learning rate: 0.0010000000000000002
Batch [0/704] training loss = 0.0078, training acc = 1.00
Batch [200/704] training loss = 0.0197, training acc = 1.00
Batch [400/704] training loss = 0.0041, training acc = 1.00
Batch [600/704] training loss = 0.0329, training acc = 0.98
Valid Test with nat
Test accuracy: 93.12% (4656/5000), Test loss:0.2961
Epoch [94/100], Passed time:[74.285/6982.768]
learning rate: 0.0010000000000000002
Batch [0/704] training loss = 0.0161, training acc = 1.00
Batch [200/704] training loss = 0.0068, training acc = 1.00
Batch [400/704] training loss = 0.0066, training acc = 1.00
Batch [600/704] training loss = 0.0520, training acc = 0.98
Valid Test with nat
Test accuracy: 93.20% (4660/5000), Test loss:0.3036
Epoch [95/100], Passed time:[74.225/7051.347]
learning rate: 0.0010000000000000002
Batch [0/704] training loss = 0.0649, training acc = 0.98
Batch [200/704] training loss = 0.0019, training acc = 1.00
Batch [400/704] training loss = 0.0134, training acc = 1.00
Batch [600/704] training loss = 0.0053, training acc = 1.00
Valid Test with nat
Test accuracy: 93.20% (4660/5000), Test loss:0.2926
Epoch [96/100], Passed time:[74.192/7122.455]
learning rate: 0.0010000000000000002
Batch [0/704] training loss = 0.0104, training acc = 1.00
Batch [200/704] training loss = 0.0034, training acc = 1.00
Batch [400/704] training loss = 0.0032, training acc = 1.00
Batch [600/704] training loss = 0.0389, training acc = 0.98
Valid Test with nat
Test accuracy: 93.02% (4651/5000), Test loss:0.3025
Epoch [97/100], Passed time:[74.153/7192.888]
learning rate: 0.0010000000000000002
Batch [0/704] training loss = 0.0662, training acc = 0.97
Batch [200/704] training loss = 0.0566, training acc = 0.97
Batch [400/704] training loss = 0.0139, training acc = 1.00
Batch [600/704] training loss = 0.0035, training acc = 1.00
Valid Test with nat
Test accuracy: 93.14% (4657/5000), Test loss:0.2938
Epoch [98/100], Passed time:[74.130/7264.711]
learning rate: 0.0010000000000000002
Batch [0/704] training loss = 0.0027, training acc = 1.00
Batch [200/704] training loss = 0.0340, training acc = 0.98
Batch [400/704] training loss = 0.0317, training acc = 0.98
Batch [600/704] training loss = 0.0060, training acc = 1.00
Valid Test with nat
Test accuracy: 93.30% (4665/5000), Test loss:0.2903
Epoch [99/100], Passed time:[74.137/7339.545]
learning rate: 0.0010000000000000002
Batch [0/704] training loss = 0.0104, training acc = 1.00
Batch [200/704] training loss = 0.0169, training acc = 0.98
Batch [400/704] training loss = 0.0037, training acc = 1.00
Batch [600/704] training loss = 0.0387, training acc = 0.98
Valid Test with nat
Test accuracy: 93.16% (4658/5000), Test loss:0.2945
Training done, model saved in ./trained_models_new/cifar/vgg16/nat/pruned1_epoch100_r18/init_pure/seed9_enhance_m0.01_warmup0.1.pth
Test on test set:
Test accuracy: 93.06% (9306/10000), Test loss:0.2939
