model_type : resnet18
init_type : pure
finetune_method : nat
enhance_method : nat
gpu : 4
model_name : init_enhance80_m0.1_warmup0.1
model_width : 8
n_pruning_steps : 1
max_pruning_ratio : 80
train_epochs : 80
enhance_epochs : 80
prune_method : unstructured
dataset : cifar
noise_sd : 1.0
trades_beta : 6.0
seed : 7
warmup : True
parallel : False
create_init : False
init_step : 1400
train_method : nat
early_stop : 1000
norm : True
optm : sgd
batch_size : 128
test_batch_size : 100
learning_rate : 0.1
enhance_learning_rate : 0.1
schedule_length : 10
weight_decay : 0.0001
epsilon : 0.03137254901960784
attack_iter : 10
eps_step : 0.00784313725490196
targeted : False
clip_min : 0
clip_max : 1.0
starting_epsilon : 1e-05
interval_weight : 0.1
ft_interval_weight : 50
verbose : 200
resume : 0
model_path : ./trained_models_new/cifar/resnet18/nat/pruned1_epoch100_r80/init_pure/init_enhance80_m0.1_warmup0.1.pth
last_model_path : ./trained_models_new/
mask_path : ./trained_models_new/cifar/resnet18/nat/pruned1_epoch100_r80/init_pure/pruned_lr0.1_mask_r80.npy
mask_name : pruned_lr0.1_mask_r80
log_path : ./trained_models_new/cifar/resnet18/nat/pruned1_epoch100_r80/init_pure/init_enhance80_m0.1_warmup0.1.log
init_path : ./trained_models_new/cifar/resnet18/init/pure_resnet18_init.pth
results_path : None
n_classes : 10
eval : False
init : True
transfer : False
CUDA enabled.
Enhance training config:
Enhance training method: nat
model will be saved in: ./trained_models_new/cifar/resnet18/nat/pruned1_epoch100_r80/init_pure/init_enhance80_m0.1_warmup0.1.pth
Init model is: ./trained_models_new/cifar/resnet18/init/pure_resnet18_init.pth
Init mask used from: ./trained_models_new/cifar/resnet18/nat/pruned1_epoch100_r80/init_pure/pruned_lr0.1_mask_r80.npy
Log will be saved in ./trained_models_new/cifar/resnet18/nat/pruned1_epoch100_r80/init_pure/init_enhance80_m0.1_warmup0.1.log
Random seed is: 7

model loading from ./trained_models_new/cifar/resnet18/init/pure_resnet18_init.pth
Epoch [0/80]
learning rate: 0.05
Batch [0/352] training loss = 2.3339, training acc = 0.12
Batch [200/352] training loss = 1.4568, training acc = 0.42
Valid Test with nat
Test accuracy: 47.08% (2354/5000), Test loss:1.6841
Best model so far saved in ./trained_models_new/cifar/resnet18/nat/pruned1_epoch100_r80/init_pure/init_enhance80_m0.1_warmup0.1.pth
Test on test set:
Test accuracy: 46.13% (4613/10000), Test loss:1.7091
Epoch [1/80], Passed time:[88.329/88.329]
learning rate: 0.055
Batch [0/352] training loss = 1.2090, training acc = 0.56
Batch [200/352] training loss = 1.2143, training acc = 0.59
Valid Test with nat
Test accuracy: 66.28% (3314/5000), Test loss:0.9990
Best model so far saved in ./trained_models_new/cifar/resnet18/nat/pruned1_epoch100_r80/init_pure/init_enhance80_m0.1_warmup0.1.pth
Test on test set:
Test accuracy: 65.48% (6548/10000), Test loss:1.0107
Epoch [2/80], Passed time:[87.024/174.048]
learning rate: 0.060000000000000005
Batch [0/352] training loss = 0.7740, training acc = 0.70
Batch [200/352] training loss = 0.6964, training acc = 0.75
Valid Test with nat
Test accuracy: 70.28% (3514/5000), Test loss:0.9266
Best model so far saved in ./trained_models_new/cifar/resnet18/nat/pruned1_epoch100_r80/init_pure/init_enhance80_m0.1_warmup0.1.pth
Test on test set:
Test accuracy: 68.64% (6864/10000), Test loss:0.9548
Epoch [3/80], Passed time:[87.817/263.452]
learning rate: 0.065
Batch [0/352] training loss = 0.7613, training acc = 0.70
Batch [200/352] training loss = 0.7098, training acc = 0.76
Valid Test with nat
Test accuracy: 72.54% (3627/5000), Test loss:0.8091
Best model so far saved in ./trained_models_new/cifar/resnet18/nat/pruned1_epoch100_r80/init_pure/init_enhance80_m0.1_warmup0.1.pth
Test on test set:
Test accuracy: 71.56% (7156/10000), Test loss:0.8482
Epoch [4/80], Passed time:[87.886/351.544]
learning rate: 0.07
Batch [0/352] training loss = 0.6780, training acc = 0.77
Batch [200/352] training loss = 0.6809, training acc = 0.79
Valid Test with nat
Test accuracy: 75.56% (3778/5000), Test loss:0.7631
Best model so far saved in ./trained_models_new/cifar/resnet18/nat/pruned1_epoch100_r80/init_pure/init_enhance80_m0.1_warmup0.1.pth
Test on test set:
Test accuracy: 76.10% (7610/10000), Test loss:0.7369
Epoch [5/80], Passed time:[88.456/442.281]
learning rate: 0.07500000000000001
Batch [0/352] training loss = 0.5833, training acc = 0.79
Batch [200/352] training loss = 0.5895, training acc = 0.79
Valid Test with nat
Test accuracy: 76.40% (3820/5000), Test loss:0.7509
Best model so far saved in ./trained_models_new/cifar/resnet18/nat/pruned1_epoch100_r80/init_pure/init_enhance80_m0.1_warmup0.1.pth
Test on test set:
Test accuracy: 75.24% (7524/10000), Test loss:0.7792
Epoch [6/80], Passed time:[89.087/534.519]
learning rate: 0.08000000000000002
Batch [0/352] training loss = 0.3211, training acc = 0.91
Batch [200/352] training loss = 0.4041, training acc = 0.83
Valid Test with nat
Test accuracy: 78.90% (3945/5000), Test loss:0.7025
Best model so far saved in ./trained_models_new/cifar/resnet18/nat/pruned1_epoch100_r80/init_pure/init_enhance80_m0.1_warmup0.1.pth
Test on test set:
Test accuracy: 77.91% (7791/10000), Test loss:0.7214
Epoch [7/80], Passed time:[91.174/638.219]
learning rate: 0.085
Batch [0/352] training loss = 0.5847, training acc = 0.79
Batch [200/352] training loss = 0.4339, training acc = 0.85
Valid Test with nat
Test accuracy: 80.80% (4040/5000), Test loss:0.6341
Best model so far saved in ./trained_models_new/cifar/resnet18/nat/pruned1_epoch100_r80/init_pure/init_enhance80_m0.1_warmup0.1.pth
Test on test set:
Test accuracy: 80.15% (8015/10000), Test loss:0.6413
Epoch [8/80], Passed time:[92.151/737.212]
learning rate: 0.09
Batch [0/352] training loss = 0.5461, training acc = 0.80
Batch [200/352] training loss = 0.4164, training acc = 0.88
Valid Test with nat
Test accuracy: 82.30% (4115/5000), Test loss:0.5526
Best model so far saved in ./trained_models_new/cifar/resnet18/nat/pruned1_epoch100_r80/init_pure/init_enhance80_m0.1_warmup0.1.pth
Test on test set:
Test accuracy: 81.47% (8147/10000), Test loss:0.6023
Epoch [9/80], Passed time:[93.339/840.054]
learning rate: 0.095
Batch [0/352] training loss = 0.3766, training acc = 0.87
Batch [200/352] training loss = 0.4128, training acc = 0.85
Valid Test with nat
Test accuracy: 82.02% (4101/5000), Test loss:0.5595
Epoch [10/80], Passed time:[93.610/936.103]
learning rate: 0.1
Batch [0/352] training loss = 0.4248, training acc = 0.84
Batch [200/352] training loss = 0.3382, training acc = 0.91
Valid Test with nat
Test accuracy: 83.92% (4196/5000), Test loss:0.5264
Best model so far saved in ./trained_models_new/cifar/resnet18/nat/pruned1_epoch100_r80/init_pure/init_enhance80_m0.1_warmup0.1.pth
Test on test set:
Test accuracy: 83.65% (8365/10000), Test loss:0.4944
Epoch [11/80], Passed time:[94.006/1034.062]
learning rate: 0.1
Batch [0/352] training loss = 0.3641, training acc = 0.87
Batch [200/352] training loss = 0.5245, training acc = 0.85
Valid Test with nat
Test accuracy: 85.86% (4293/5000), Test loss:0.4479
Best model so far saved in ./trained_models_new/cifar/resnet18/nat/pruned1_epoch100_r80/init_pure/init_enhance80_m0.1_warmup0.1.pth
Test on test set:
Test accuracy: 85.58% (8558/10000), Test loss:0.4239
Epoch [12/80], Passed time:[94.170/1130.037]
learning rate: 0.1
Batch [0/352] training loss = 0.3093, training acc = 0.90
Batch [200/352] training loss = 0.3456, training acc = 0.90
Valid Test with nat
Test accuracy: 84.60% (4230/5000), Test loss:0.4970
Epoch [13/80], Passed time:[94.344/1226.477]
learning rate: 0.1
Batch [0/352] training loss = 0.2800, training acc = 0.90
Batch [200/352] training loss = 0.3086, training acc = 0.89
Valid Test with nat
Test accuracy: 85.52% (4276/5000), Test loss:0.4482
Epoch [14/80], Passed time:[94.453/1322.339]
learning rate: 0.1
Batch [0/352] training loss = 0.3241, training acc = 0.88
Batch [200/352] training loss = 0.3906, training acc = 0.90
Valid Test with nat
Test accuracy: 82.46% (4123/5000), Test loss:0.5641
Epoch [15/80], Passed time:[94.551/1418.272]
learning rate: 0.1
Batch [0/352] training loss = 0.4291, training acc = 0.87
Batch [200/352] training loss = 0.2975, training acc = 0.91
Valid Test with nat
Test accuracy: 86.84% (4342/5000), Test loss:0.4177
Best model so far saved in ./trained_models_new/cifar/resnet18/nat/pruned1_epoch100_r80/init_pure/init_enhance80_m0.1_warmup0.1.pth
Test on test set:
Test accuracy: 87.09% (8709/10000), Test loss:0.4094
Epoch [16/80], Passed time:[94.739/1515.830]
learning rate: 0.1
Batch [0/352] training loss = 0.1677, training acc = 0.95
Batch [200/352] training loss = 0.3236, training acc = 0.88
Valid Test with nat
Test accuracy: 87.30% (4365/5000), Test loss:0.3969
Best model so far saved in ./trained_models_new/cifar/resnet18/nat/pruned1_epoch100_r80/init_pure/init_enhance80_m0.1_warmup0.1.pth
Test on test set:
Test accuracy: 86.13% (8613/10000), Test loss:0.4203
Epoch [17/80], Passed time:[95.075/1616.274]
learning rate: 0.1
Batch [0/352] training loss = 0.2532, training acc = 0.91
Batch [200/352] training loss = 0.2224, training acc = 0.92
Valid Test with nat
Test accuracy: 86.00% (4300/5000), Test loss:0.4698
Epoch [18/80], Passed time:[95.106/1711.903]
learning rate: 0.1
Batch [0/352] training loss = 0.2571, training acc = 0.90
Batch [200/352] training loss = 0.3131, training acc = 0.89
Valid Test with nat
Test accuracy: 84.32% (4216/5000), Test loss:0.5338
Epoch [19/80], Passed time:[94.900/1803.092]
learning rate: 0.1
Batch [0/352] training loss = 0.2667, training acc = 0.92
Batch [200/352] training loss = 0.2408, training acc = 0.91
Valid Test with nat
Test accuracy: 86.04% (4302/5000), Test loss:0.4129
Epoch [20/80], Passed time:[94.560/1891.199]
learning rate: 0.1
Batch [0/352] training loss = 0.2569, training acc = 0.91
Batch [200/352] training loss = 0.3588, training acc = 0.87
Valid Test with nat
Test accuracy: 85.66% (4283/5000), Test loss:0.4636
Epoch [21/80], Passed time:[94.298/1980.258]
learning rate: 0.1
Batch [0/352] training loss = 0.1997, training acc = 0.94
Batch [200/352] training loss = 0.3588, training acc = 0.86
Valid Test with nat
Test accuracy: 87.64% (4382/5000), Test loss:0.3963
Best model so far saved in ./trained_models_new/cifar/resnet18/nat/pruned1_epoch100_r80/init_pure/init_enhance80_m0.1_warmup0.1.pth
Test on test set:
Test accuracy: 86.98% (8698/10000), Test loss:0.4002
Epoch [22/80], Passed time:[94.476/2078.481]
learning rate: 0.1
Batch [0/352] training loss = 0.1651, training acc = 0.95
Batch [200/352] training loss = 0.1777, training acc = 0.91
Valid Test with nat
Test accuracy: 87.04% (4352/5000), Test loss:0.4106
Epoch [23/80], Passed time:[94.544/2174.520]
learning rate: 0.1
Batch [0/352] training loss = 0.2412, training acc = 0.91
Batch [200/352] training loss = 0.2542, training acc = 0.91
Valid Test with nat
Test accuracy: 86.80% (4340/5000), Test loss:0.4060
Epoch [24/80], Passed time:[94.587/2270.078]
learning rate: 0.1
Batch [0/352] training loss = 0.2806, training acc = 0.90
Batch [200/352] training loss = 0.2317, training acc = 0.91
Valid Test with nat
Test accuracy: 83.76% (4188/5000), Test loss:0.5782
Epoch [25/80], Passed time:[94.573/2364.335]
learning rate: 0.1
Batch [0/352] training loss = 0.2610, training acc = 0.91
Batch [200/352] training loss = 0.2940, training acc = 0.87
Valid Test with nat
Test accuracy: 86.82% (4341/5000), Test loss:0.4499
Epoch [26/80], Passed time:[94.281/2451.308]
learning rate: 0.1
Batch [0/352] training loss = 0.2405, training acc = 0.88
Batch [200/352] training loss = 0.2394, training acc = 0.89
Valid Test with nat
Test accuracy: 87.74% (4387/5000), Test loss:0.4140
Epoch [27/80], Passed time:[93.830/2533.398]
learning rate: 0.1
Batch [0/352] training loss = 0.2125, training acc = 0.92
Batch [200/352] training loss = 0.1917, training acc = 0.93
Valid Test with nat
Test accuracy: 86.44% (4322/5000), Test loss:0.4406
Epoch [28/80], Passed time:[93.546/2619.299]
learning rate: 0.1
Batch [0/352] training loss = 0.2535, training acc = 0.91
Batch [200/352] training loss = 0.2527, training acc = 0.89
Valid Test with nat
Test accuracy: 85.94% (4297/5000), Test loss:0.4769
Epoch [29/80], Passed time:[93.236/2703.846]
learning rate: 0.1
Batch [0/352] training loss = 0.1985, training acc = 0.92
Batch [200/352] training loss = 0.2061, training acc = 0.94
Valid Test with nat
Test accuracy: 86.82% (4341/5000), Test loss:0.4367
Epoch [30/80], Passed time:[93.025/2790.757]
learning rate: 0.1
Batch [0/352] training loss = 0.1849, training acc = 0.94
Batch [200/352] training loss = 0.2287, training acc = 0.91
Valid Test with nat
Test accuracy: 85.60% (4280/5000), Test loss:0.5008
Epoch [31/80], Passed time:[92.795/2876.640]
learning rate: 0.1
Batch [0/352] training loss = 0.2447, training acc = 0.93
Batch [200/352] training loss = 0.3090, training acc = 0.91
Valid Test with nat
Test accuracy: 87.66% (4383/5000), Test loss:0.4152
Epoch [32/80], Passed time:[92.600/2963.199]
learning rate: 0.1
Batch [0/352] training loss = 0.1357, training acc = 0.97
Batch [200/352] training loss = 0.2078, training acc = 0.92
Valid Test with nat
Test accuracy: 87.38% (4369/5000), Test loss:0.4478
Epoch [33/80], Passed time:[92.390/3048.873]
learning rate: 0.1
Batch [0/352] training loss = 0.2705, training acc = 0.91
Batch [200/352] training loss = 0.3184, training acc = 0.89
Valid Test with nat
Test accuracy: 88.18% (4409/5000), Test loss:0.3843
Best model so far saved in ./trained_models_new/cifar/resnet18/nat/pruned1_epoch100_r80/init_pure/init_enhance80_m0.1_warmup0.1.pth
Test on test set:
Test accuracy: 89.23% (8923/10000), Test loss:0.3490
Epoch [34/80], Passed time:[92.116/3131.936]
learning rate: 0.1
Batch [0/352] training loss = 0.1932, training acc = 0.91
Batch [200/352] training loss = 0.1782, training acc = 0.92
Valid Test with nat
Test accuracy: 87.72% (4386/5000), Test loss:0.4139
Epoch [35/80], Passed time:[91.935/3217.726]
learning rate: 0.1
Batch [0/352] training loss = 0.2851, training acc = 0.91
Batch [200/352] training loss = 0.2368, training acc = 0.91
Valid Test with nat
Test accuracy: 87.58% (4379/5000), Test loss:0.4297
Epoch [36/80], Passed time:[91.750/3302.998]
learning rate: 0.1
Batch [0/352] training loss = 0.2131, training acc = 0.93
Batch [200/352] training loss = 0.2230, training acc = 0.91
Valid Test with nat
Test accuracy: 88.28% (4414/5000), Test loss:0.3851
Epoch [37/80], Passed time:[91.407/3382.061]
learning rate: 0.1
Batch [0/352] training loss = 0.2152, training acc = 0.92
Batch [200/352] training loss = 0.1317, training acc = 0.95
Valid Test with nat
Test accuracy: 86.60% (4330/5000), Test loss:0.4717
Epoch [38/80], Passed time:[91.270/3468.261]
learning rate: 0.1
Batch [0/352] training loss = 0.2248, training acc = 0.93
Batch [200/352] training loss = 0.1350, training acc = 0.94
Valid Test with nat
Test accuracy: 83.28% (4164/5000), Test loss:0.6346
Epoch [39/80], Passed time:[91.236/3558.202]
learning rate: 0.1
Batch [0/352] training loss = 0.0801, training acc = 0.98
Batch [200/352] training loss = 0.2919, training acc = 0.90
Valid Test with nat
Test accuracy: 88.50% (4425/5000), Test loss:0.3803
Best model so far saved in ./trained_models_new/cifar/resnet18/nat/pruned1_epoch100_r80/init_pure/init_enhance80_m0.1_warmup0.1.pth
Test on test set:
Test accuracy: 88.88% (8888/10000), Test loss:0.3575
Epoch [40/80], Passed time:[91.240/3649.598]
learning rate: 0.010000000000000002
Batch [0/352] training loss = 0.3147, training acc = 0.88
Batch [200/352] training loss = 0.0852, training acc = 0.98
Valid Test with nat
Test accuracy: 91.60% (4580/5000), Test loss:0.2688
Best model so far saved in ./trained_models_new/cifar/resnet18/nat/pruned1_epoch100_r80/init_pure/init_enhance80_m0.1_warmup0.1.pth
Test on test set:
Test accuracy: 92.02% (9202/10000), Test loss:0.2610
Epoch [41/80], Passed time:[91.130/3736.319]
learning rate: 0.010000000000000002
Batch [0/352] training loss = 0.1015, training acc = 0.97
Batch [200/352] training loss = 0.0493, training acc = 0.98
Valid Test with nat
Test accuracy: 91.96% (4598/5000), Test loss:0.2698
Epoch [42/80], Passed time:[91.135/3827.690]
learning rate: 0.010000000000000002
Batch [0/352] training loss = 0.1163, training acc = 0.96
Batch [200/352] training loss = 0.0828, training acc = 0.97
Valid Test with nat
Test accuracy: 92.14% (4607/5000), Test loss:0.2775
Epoch [43/80], Passed time:[91.142/3919.094]
learning rate: 0.010000000000000002
Batch [0/352] training loss = 0.1145, training acc = 0.96
Batch [200/352] training loss = 0.0923, training acc = 0.98
Valid Test with nat
Test accuracy: 92.44% (4622/5000), Test loss:0.2670
Best model so far saved in ./trained_models_new/cifar/resnet18/nat/pruned1_epoch100_r80/init_pure/init_enhance80_m0.1_warmup0.1.pth
Test on test set:
Test accuracy: 92.70% (9270/10000), Test loss:0.2579
Epoch [44/80], Passed time:[91.130/4009.738]
learning rate: 0.010000000000000002
Batch [0/352] training loss = 0.0705, training acc = 0.98
Batch [200/352] training loss = 0.1019, training acc = 0.97
Valid Test with nat
Test accuracy: 92.22% (4611/5000), Test loss:0.2634
Best model so far saved in ./trained_models_new/cifar/resnet18/nat/pruned1_epoch100_r80/init_pure/init_enhance80_m0.1_warmup0.1.pth
Test on test set:
Test accuracy: 92.52% (9252/10000), Test loss:0.2659
Epoch [45/80], Passed time:[91.096/4099.326]
learning rate: 0.010000000000000002
Batch [0/352] training loss = 0.0404, training acc = 0.99
Batch [200/352] training loss = 0.1158, training acc = 0.96
Valid Test with nat
Test accuracy: 92.42% (4621/5000), Test loss:0.2667
Epoch [46/80], Passed time:[90.993/4185.686]
learning rate: 0.010000000000000002
Batch [0/352] training loss = 0.0749, training acc = 0.95
Batch [200/352] training loss = 0.0836, training acc = 0.98
Valid Test with nat
Test accuracy: 92.42% (4621/5000), Test loss:0.2723
Epoch [47/80], Passed time:[90.917/4273.122]
learning rate: 0.010000000000000002
Batch [0/352] training loss = 0.0326, training acc = 1.00
Batch [200/352] training loss = 0.0605, training acc = 0.98
Valid Test with nat
Test accuracy: 92.56% (4628/5000), Test loss:0.2669
Epoch [48/80], Passed time:[90.844/4360.533]
learning rate: 0.010000000000000002
Batch [0/352] training loss = 0.0491, training acc = 0.98
Batch [200/352] training loss = 0.0587, training acc = 0.98
Valid Test with nat
Test accuracy: 92.56% (4628/5000), Test loss:0.2676
Epoch [49/80], Passed time:[90.776/4448.041]
learning rate: 0.010000000000000002
Batch [0/352] training loss = 0.0648, training acc = 0.98
Batch [200/352] training loss = 0.0519, training acc = 0.97
Valid Test with nat
Test accuracy: 92.84% (4642/5000), Test loss:0.2815
Epoch [50/80], Passed time:[90.711/4535.536]
learning rate: 0.010000000000000002
Batch [0/352] training loss = 0.0375, training acc = 0.99
Batch [200/352] training loss = 0.0565, training acc = 0.98
Valid Test with nat
Test accuracy: 92.66% (4633/5000), Test loss:0.2709
Epoch [51/80], Passed time:[90.624/4621.814]
learning rate: 0.010000000000000002
Batch [0/352] training loss = 0.0597, training acc = 0.98
Batch [200/352] training loss = 0.0628, training acc = 0.99
Valid Test with nat
Test accuracy: 92.54% (4627/5000), Test loss:0.2799
Epoch [52/80], Passed time:[90.559/4709.074]
learning rate: 0.010000000000000002
Batch [0/352] training loss = 0.0439, training acc = 0.98
Batch [200/352] training loss = 0.0658, training acc = 0.98
Valid Test with nat
Test accuracy: 92.66% (4633/5000), Test loss:0.2789
Epoch [53/80], Passed time:[90.303/4786.068]
learning rate: 0.010000000000000002
Batch [0/352] training loss = 0.0381, training acc = 0.98
Batch [200/352] training loss = 0.0318, training acc = 0.99
Valid Test with nat
Test accuracy: 92.70% (4635/5000), Test loss:0.2811
Epoch [54/80], Passed time:[90.229/4872.371]
learning rate: 0.010000000000000002
Batch [0/352] training loss = 0.0718, training acc = 0.97
Batch [200/352] training loss = 0.0422, training acc = 0.98
Valid Test with nat
Test accuracy: 92.40% (4620/5000), Test loss:0.2767
Epoch [55/80], Passed time:[90.178/4959.769]
learning rate: 0.010000000000000002
Batch [0/352] training loss = 0.0292, training acc = 0.99
Batch [200/352] training loss = 0.0689, training acc = 0.98
Valid Test with nat
Test accuracy: 92.62% (4631/5000), Test loss:0.2796
Epoch [56/80], Passed time:[90.132/5047.416]
learning rate: 0.010000000000000002
Batch [0/352] training loss = 0.0583, training acc = 0.99
Batch [200/352] training loss = 0.0496, training acc = 0.99
Valid Test with nat
Test accuracy: 92.74% (4637/5000), Test loss:0.2855
Epoch [57/80], Passed time:[90.090/5135.103]
learning rate: 0.010000000000000002
Batch [0/352] training loss = 0.0259, training acc = 0.99
Batch [200/352] training loss = 0.0172, training acc = 0.99
Valid Test with nat
Test accuracy: 92.96% (4648/5000), Test loss:0.2775
Epoch [58/80], Passed time:[89.969/5218.216]
learning rate: 0.010000000000000002
Batch [0/352] training loss = 0.0691, training acc = 0.97
Batch [200/352] training loss = 0.0479, training acc = 0.98
Valid Test with nat
Test accuracy: 92.76% (4638/5000), Test loss:0.3062
Epoch [59/80], Passed time:[89.919/5305.221]
learning rate: 0.010000000000000002
Batch [0/352] training loss = 0.0331, training acc = 0.99
Batch [200/352] training loss = 0.0270, training acc = 0.99
Valid Test with nat
Test accuracy: 92.86% (4643/5000), Test loss:0.2899
Epoch [60/80], Passed time:[89.898/5393.852]
learning rate: 0.0010000000000000002
Batch [0/352] training loss = 0.1039, training acc = 0.96
Batch [200/352] training loss = 0.0375, training acc = 0.99
Valid Test with nat
Test accuracy: 92.76% (4638/5000), Test loss:0.2802
Epoch [61/80], Passed time:[89.766/5475.716]
learning rate: 0.0010000000000000002
Batch [0/352] training loss = 0.0500, training acc = 0.97
Batch [200/352] training loss = 0.0563, training acc = 0.99
Valid Test with nat
Test accuracy: 92.92% (4646/5000), Test loss:0.2919
Epoch [62/80], Passed time:[89.652/5558.407]
learning rate: 0.0010000000000000002
Batch [0/352] training loss = 0.0633, training acc = 0.98
Batch [200/352] training loss = 0.0288, training acc = 0.99
Valid Test with nat
Test accuracy: 92.88% (4644/5000), Test loss:0.2807
Epoch [63/80], Passed time:[89.540/5641.022]
learning rate: 0.0010000000000000002
Batch [0/352] training loss = 0.0228, training acc = 0.99
Batch [200/352] training loss = 0.0385, training acc = 0.98
Valid Test with nat
Test accuracy: 93.12% (4656/5000), Test loss:0.2816
Epoch [64/80], Passed time:[89.494/5727.607]
learning rate: 0.0010000000000000002
Batch [0/352] training loss = 0.0320, training acc = 0.98
Batch [200/352] training loss = 0.0352, training acc = 0.98
Valid Test with nat
Test accuracy: 92.90% (4645/5000), Test loss:0.2951
Epoch [65/80], Passed time:[89.359/5808.313]
learning rate: 0.0010000000000000002
Batch [0/352] training loss = 0.0842, training acc = 0.96
Batch [200/352] training loss = 0.0205, training acc = 0.98
Valid Test with nat
Test accuracy: 92.90% (4645/5000), Test loss:0.3186
Epoch [66/80], Passed time:[89.302/5893.932]
learning rate: 0.0010000000000000002
Batch [0/352] training loss = 0.0393, training acc = 0.98
Batch [200/352] training loss = 0.0198, training acc = 1.00
Valid Test with nat
Test accuracy: 92.94% (4647/5000), Test loss:0.2775
Epoch [67/80], Passed time:[89.135/5972.012]
learning rate: 0.0010000000000000002
Batch [0/352] training loss = 0.0112, training acc = 1.00
Batch [200/352] training loss = 0.0455, training acc = 0.98
Valid Test with nat
Test accuracy: 92.92% (4646/5000), Test loss:0.2855
Epoch [68/80], Passed time:[88.948/6048.498]
learning rate: 0.0010000000000000002
Batch [0/352] training loss = 0.0103, training acc = 1.00
Batch [200/352] training loss = 0.0183, training acc = 0.99
Valid Test with nat
Test accuracy: 92.96% (4648/5000), Test loss:0.2787
Epoch [69/80], Passed time:[88.796/6126.905]
learning rate: 0.0010000000000000002
Batch [0/352] training loss = 0.0156, training acc = 1.00
Batch [200/352] training loss = 0.0313, training acc = 0.98
Valid Test with nat
Test accuracy: 93.04% (4652/5000), Test loss:0.3035
Epoch [70/80], Passed time:[88.771/6213.957]
learning rate: 0.0010000000000000002
Batch [0/352] training loss = 0.0599, training acc = 0.98
Batch [200/352] training loss = 0.0563, training acc = 0.98
Valid Test with nat
Test accuracy: 93.02% (4651/5000), Test loss:0.2873
Epoch [71/80], Passed time:[88.740/6300.509]
learning rate: 0.0010000000000000002
Batch [0/352] training loss = 0.0753, training acc = 0.99
Batch [200/352] training loss = 0.0315, training acc = 0.99
Valid Test with nat
Test accuracy: 93.00% (4650/5000), Test loss:0.2786
Epoch [72/80], Passed time:[88.735/6388.927]
learning rate: 0.0010000000000000002
Batch [0/352] training loss = 0.0490, training acc = 0.98
Batch [200/352] training loss = 0.0166, training acc = 0.99
Valid Test with nat
Test accuracy: 92.94% (4647/5000), Test loss:0.2802
Epoch [73/80], Passed time:[88.757/6479.280]
learning rate: 0.0010000000000000002
Batch [0/352] training loss = 0.0133, training acc = 1.00
Batch [200/352] training loss = 0.0244, training acc = 0.99
Valid Test with nat
Test accuracy: 93.00% (4650/5000), Test loss:0.3249
Epoch [74/80], Passed time:[88.787/6570.259]
learning rate: 0.0010000000000000002
Batch [0/352] training loss = 0.0429, training acc = 0.98
Batch [200/352] training loss = 0.0306, training acc = 0.99
Valid Test with nat
Test accuracy: 92.92% (4646/5000), Test loss:0.2811
Epoch [75/80], Passed time:[88.771/6657.812]
learning rate: 0.0010000000000000002
Batch [0/352] training loss = 0.0666, training acc = 0.98
Batch [200/352] training loss = 0.0448, training acc = 0.98
Valid Test with nat
Test accuracy: 92.88% (4644/5000), Test loss:0.2838
Epoch [76/80], Passed time:[88.751/6745.045]
learning rate: 0.0010000000000000002
Batch [0/352] training loss = 0.0352, training acc = 0.99
Batch [200/352] training loss = 0.0301, training acc = 0.99
Valid Test with nat
Test accuracy: 92.90% (4645/5000), Test loss:0.3036
Epoch [77/80], Passed time:[88.771/6835.329]
learning rate: 0.0010000000000000002
Batch [0/352] training loss = 0.0364, training acc = 0.98
Batch [200/352] training loss = 0.0253, training acc = 0.99
Valid Test with nat
Test accuracy: 92.98% (4649/5000), Test loss:0.2950
Epoch [78/80], Passed time:[88.762/6923.472]
learning rate: 0.0010000000000000002
Batch [0/352] training loss = 0.0177, training acc = 1.00
Batch [200/352] training loss = 0.0364, training acc = 0.98
Valid Test with nat
Test accuracy: 92.92% (4646/5000), Test loss:0.2835
Epoch [79/80], Passed time:[88.743/7010.674]
learning rate: 0.0010000000000000002
Batch [0/352] training loss = 0.0303, training acc = 0.98
Batch [200/352] training loss = 0.0379, training acc = 0.99
Valid Test with nat
Test accuracy: 92.94% (4647/5000), Test loss:0.2826
Training done, model saved in ./trained_models_new/cifar/resnet18/nat/pruned1_epoch100_r80/init_pure/init_enhance80_m0.1_warmup0.1.pth
Test on test set:
Test accuracy: 92.90% (9290/10000), Test loss:0.2915
