model_type : vgg16
init_type : pure
finetune_method : nat
enhance_method : nat
gpu : 7
model_name : init_enhance40_m0.1_warmup0.1
model_width : 8
n_pruning_steps : 1
max_pruning_ratio : 80
train_epochs : 40
enhance_epochs : 40
prune_method : unstructured
dataset : cifar
noise_sd : 1.0
trades_beta : 6.0
seed : 7
warmup : True
parallel : False
create_init : False
init_step : 1400
train_method : nat
early_stop : 100
norm : True
optm : sgd
batch_size : 64
test_batch_size : 100
learning_rate : 0.1
enhance_learning_rate : 0.1
schedule_length : 10
weight_decay : 0.0001
epsilon : 0.03137254901960784
attack_iter : 10
eps_step : 0.00784313725490196
targeted : False
clip_min : 0
clip_max : 1.0
starting_epsilon : 1e-05
interval_weight : 0.1
ft_interval_weight : 50
verbose : 200
resume : 0
model_path : ./trained_models_new/cifar/vgg16/nat/pruned1_epoch100_r80/init_pure/init_enhance40_m0.1_warmup0.1.pth
last_model_path : ./trained_models_new/
mask_path : ./trained_models_new/cifar/vgg16/nat/pruned1_epoch100_r80/init_pure/pruned_lr0.1_mask_r80.npy
mask_name : pruned_lr0.1_mask_r80
log_path : ./trained_models_new/cifar/vgg16/nat/pruned1_epoch100_r80/init_pure/init_enhance40_m0.1_warmup0.1.log
init_path : ./trained_models_new/cifar/vgg16/init/pure_vgg16_init.pth
results_path : None
n_classes : 10
eval : False
init : True
transfer : False
CUDA enabled.
Enhance training config:
Enhance training method: nat
model will be saved in: ./trained_models_new/cifar/vgg16/nat/pruned1_epoch100_r80/init_pure/init_enhance40_m0.1_warmup0.1.pth
Init model is: ./trained_models_new/cifar/vgg16/init/pure_vgg16_init.pth
Init mask used from: ./trained_models_new/cifar/vgg16/nat/pruned1_epoch100_r80/init_pure/pruned_lr0.1_mask_r80.npy
Log will be saved in ./trained_models_new/cifar/vgg16/nat/pruned1_epoch100_r80/init_pure/init_enhance40_m0.1_warmup0.1.log
Random seed is: 7

model loading from ./trained_models_new/cifar/vgg16/init/pure_vgg16_init.pth
Epoch [0/40]
learning rate: 0.010000000000000002
Batch [0/704] training loss = 2.2978, training acc = 0.09
Batch [200/704] training loss = 1.6698, training acc = 0.41
Batch [400/704] training loss = 1.5555, training acc = 0.42
Batch [600/704] training loss = 1.0003, training acc = 0.67
Valid Test with nat
Test accuracy: 56.26% (2813/5000), Test loss:1.2180
Best model so far saved in ./trained_models_new/cifar/vgg16/nat/pruned1_epoch100_r80/init_pure/init_enhance40_m0.1_warmup0.1.pth
Test on test set:
Test accuracy: 56.11% (5611/10000), Test loss:1.2367
Epoch [1/40], Passed time:[55.936/55.936]
learning rate: 0.020000000000000004
Batch [0/704] training loss = 1.1749, training acc = 0.55
Batch [200/704] training loss = 1.3442, training acc = 0.52
Batch [400/704] training loss = 0.9667, training acc = 0.67
Batch [600/704] training loss = 1.1859, training acc = 0.62
Valid Test with nat
Test accuracy: 60.02% (3001/5000), Test loss:1.1782
Best model so far saved in ./trained_models_new/cifar/vgg16/nat/pruned1_epoch100_r80/init_pure/init_enhance40_m0.1_warmup0.1.pth
Test on test set:
Test accuracy: 57.74% (5774/10000), Test loss:1.2391
Epoch [2/40], Passed time:[56.601/113.202]
learning rate: 0.030000000000000006
Batch [0/704] training loss = 0.9293, training acc = 0.66
Batch [200/704] training loss = 0.8562, training acc = 0.70
Batch [400/704] training loss = 0.8714, training acc = 0.72
Batch [600/704] training loss = 0.8604, training acc = 0.73
Valid Test with nat
Test accuracy: 71.54% (3577/5000), Test loss:0.8299
Best model so far saved in ./trained_models_new/cifar/vgg16/nat/pruned1_epoch100_r80/init_pure/init_enhance40_m0.1_warmup0.1.pth
Test on test set:
Test accuracy: 72.44% (7244/10000), Test loss:0.8052
Epoch [3/40], Passed time:[57.429/172.287]
learning rate: 0.04000000000000001
Batch [0/704] training loss = 0.8365, training acc = 0.69
Batch [200/704] training loss = 0.9259, training acc = 0.69
Batch [400/704] training loss = 0.8080, training acc = 0.67
Batch [600/704] training loss = 0.9359, training acc = 0.72
Valid Test with nat
Test accuracy: 69.82% (3491/5000), Test loss:0.9701
Epoch [4/40], Passed time:[57.250/229.002]
learning rate: 0.05
Batch [0/704] training loss = 0.7499, training acc = 0.73
Batch [200/704] training loss = 0.8600, training acc = 0.73
Batch [400/704] training loss = 0.8930, training acc = 0.69
Batch [600/704] training loss = 0.7730, training acc = 0.75
Valid Test with nat
Test accuracy: 75.34% (3767/5000), Test loss:0.7156
Best model so far saved in ./trained_models_new/cifar/vgg16/nat/pruned1_epoch100_r80/init_pure/init_enhance40_m0.1_warmup0.1.pth
Test on test set:
Test accuracy: 74.99% (7499/10000), Test loss:0.7482
Epoch [5/40], Passed time:[58.483/292.415]
learning rate: 0.06000000000000001
Batch [0/704] training loss = 0.8335, training acc = 0.72
Batch [200/704] training loss = 0.5031, training acc = 0.83
Batch [400/704] training loss = 0.8083, training acc = 0.70
Batch [600/704] training loss = 0.6013, training acc = 0.78
Valid Test with nat
Test accuracy: 72.10% (3605/5000), Test loss:0.8415
Epoch [6/40], Passed time:[60.004/360.024]
learning rate: 0.07
Batch [0/704] training loss = 0.8324, training acc = 0.75
Batch [200/704] training loss = 0.7135, training acc = 0.75
Batch [400/704] training loss = 0.6377, training acc = 0.78
Batch [600/704] training loss = 0.9163, training acc = 0.70
Valid Test with nat
Test accuracy: 73.58% (3679/5000), Test loss:0.7788
Epoch [7/40], Passed time:[60.684/424.789]
learning rate: 0.08000000000000002
Batch [0/704] training loss = 0.5740, training acc = 0.77
Batch [200/704] training loss = 0.6640, training acc = 0.73
Batch [400/704] training loss = 0.7850, training acc = 0.72
Batch [600/704] training loss = 0.6655, training acc = 0.77
Valid Test with nat
Test accuracy: 77.02% (3851/5000), Test loss:0.6754
Best model so far saved in ./trained_models_new/cifar/vgg16/nat/pruned1_epoch100_r80/init_pure/init_enhance40_m0.1_warmup0.1.pth
Test on test set:
Test accuracy: 76.76% (7676/10000), Test loss:0.6958
Epoch [8/40], Passed time:[61.555/492.441]
learning rate: 0.09000000000000001
Batch [0/704] training loss = 0.7818, training acc = 0.73
Batch [200/704] training loss = 0.6399, training acc = 0.81
Batch [400/704] training loss = 0.7031, training acc = 0.73
Batch [600/704] training loss = 0.5722, training acc = 0.84
Valid Test with nat
Test accuracy: 75.12% (3756/5000), Test loss:0.7296
Epoch [9/40], Passed time:[62.200/559.796]
learning rate: 0.1
Batch [0/704] training loss = 0.4151, training acc = 0.84
Batch [200/704] training loss = 0.6375, training acc = 0.75
Batch [400/704] training loss = 0.7044, training acc = 0.78
Batch [600/704] training loss = 0.4182, training acc = 0.89
Valid Test with nat
Test accuracy: 75.38% (3769/5000), Test loss:0.7350
Epoch [10/40], Passed time:[62.834/628.340]
learning rate: 0.1
Batch [0/704] training loss = 0.5341, training acc = 0.80
Batch [200/704] training loss = 0.5690, training acc = 0.81
Batch [400/704] training loss = 0.4480, training acc = 0.83
Batch [600/704] training loss = 0.5767, training acc = 0.81
Valid Test with nat
Test accuracy: 79.28% (3964/5000), Test loss:0.6675
Best model so far saved in ./trained_models_new/cifar/vgg16/nat/pruned1_epoch100_r80/init_pure/init_enhance40_m0.1_warmup0.1.pth
Test on test set:
Test accuracy: 78.37% (7837/10000), Test loss:0.6612
Epoch [11/40], Passed time:[63.556/699.114]
learning rate: 0.1
Batch [0/704] training loss = 0.4988, training acc = 0.80
Batch [200/704] training loss = 0.5431, training acc = 0.84
Batch [400/704] training loss = 0.5468, training acc = 0.78
Batch [600/704] training loss = 0.7119, training acc = 0.73
Valid Test with nat
Test accuracy: 81.96% (4098/5000), Test loss:0.5256
Best model so far saved in ./trained_models_new/cifar/vgg16/nat/pruned1_epoch100_r80/init_pure/init_enhance40_m0.1_warmup0.1.pth
Test on test set:
Test accuracy: 82.11% (8211/10000), Test loss:0.5300
Epoch [12/40], Passed time:[64.069/768.828]
learning rate: 0.1
Batch [0/704] training loss = 0.4436, training acc = 0.83
Batch [200/704] training loss = 0.6220, training acc = 0.75
Batch [400/704] training loss = 0.4820, training acc = 0.84
Batch [600/704] training loss = 0.6651, training acc = 0.80
Valid Test with nat
Test accuracy: 81.34% (4067/5000), Test loss:0.5660
Epoch [13/40], Passed time:[64.289/835.753]
learning rate: 0.1
Batch [0/704] training loss = 0.5315, training acc = 0.83
Batch [200/704] training loss = 0.4767, training acc = 0.83
Batch [400/704] training loss = 0.4524, training acc = 0.84
Batch [600/704] training loss = 0.4956, training acc = 0.81
Valid Test with nat
Test accuracy: 82.72% (4136/5000), Test loss:0.5034
Best model so far saved in ./trained_models_new/cifar/vgg16/nat/pruned1_epoch100_r80/init_pure/init_enhance40_m0.1_warmup0.1.pth
Test on test set:
Test accuracy: 82.51% (8251/10000), Test loss:0.5219
Epoch [14/40], Passed time:[64.519/903.262]
learning rate: 0.1
Batch [0/704] training loss = 0.4924, training acc = 0.86
Batch [200/704] training loss = 0.5020, training acc = 0.86
Batch [400/704] training loss = 0.5332, training acc = 0.84
Batch [600/704] training loss = 0.6898, training acc = 0.78
Valid Test with nat
Test accuracy: 80.48% (4024/5000), Test loss:0.5969
Epoch [15/40], Passed time:[64.728/970.925]
learning rate: 0.1
Batch [0/704] training loss = 0.5202, training acc = 0.84
Batch [200/704] training loss = 0.4847, training acc = 0.89
Batch [400/704] training loss = 0.4750, training acc = 0.91
Batch [600/704] training loss = 0.5105, training acc = 0.83
Valid Test with nat
Test accuracy: 80.88% (4044/5000), Test loss:0.5767
Epoch [16/40], Passed time:[64.796/1036.743]
learning rate: 0.1
Batch [0/704] training loss = 0.6262, training acc = 0.78
Batch [200/704] training loss = 0.6890, training acc = 0.75
Batch [400/704] training loss = 0.3903, training acc = 0.86
Batch [600/704] training loss = 0.4832, training acc = 0.86
Valid Test with nat
Test accuracy: 84.30% (4215/5000), Test loss:0.4686
Best model so far saved in ./trained_models_new/cifar/vgg16/nat/pruned1_epoch100_r80/init_pure/init_enhance40_m0.1_warmup0.1.pth
Test on test set:
Test accuracy: 84.79% (8479/10000), Test loss:0.4787
Epoch [17/40], Passed time:[65.141/1107.397]
learning rate: 0.1
Batch [0/704] training loss = 0.5698, training acc = 0.80
Batch [200/704] training loss = 0.4047, training acc = 0.88
Batch [400/704] training loss = 0.3471, training acc = 0.92
Batch [600/704] training loss = 0.4726, training acc = 0.81
Valid Test with nat
Test accuracy: 82.62% (4131/5000), Test loss:0.5171
Epoch [18/40], Passed time:[65.281/1175.053]
learning rate: 0.1
Batch [0/704] training loss = 0.7028, training acc = 0.78
Batch [200/704] training loss = 0.4812, training acc = 0.81
Batch [400/704] training loss = 0.6090, training acc = 0.78
Batch [600/704] training loss = 0.3633, training acc = 0.88
Valid Test with nat
Test accuracy: 83.26% (4163/5000), Test loss:0.5245
Epoch [19/40], Passed time:[65.231/1239.388]
learning rate: 0.1
Batch [0/704] training loss = 0.3982, training acc = 0.86
Batch [200/704] training loss = 0.3301, training acc = 0.89
Batch [400/704] training loss = 0.6007, training acc = 0.75
Batch [600/704] training loss = 0.6437, training acc = 0.80
Valid Test with nat
Test accuracy: 83.86% (4193/5000), Test loss:0.4711
Epoch [20/40], Passed time:[65.279/1305.577]
learning rate: 0.010000000000000002
Batch [0/704] training loss = 0.4527, training acc = 0.83
Batch [200/704] training loss = 0.5556, training acc = 0.81
Batch [400/704] training loss = 0.2048, training acc = 0.92
Batch [600/704] training loss = 0.3717, training acc = 0.88
Valid Test with nat
Test accuracy: 89.10% (4455/5000), Test loss:0.3267
Best model so far saved in ./trained_models_new/cifar/vgg16/nat/pruned1_epoch100_r80/init_pure/init_enhance40_m0.1_warmup0.1.pth
Test on test set:
Test accuracy: 88.69% (8869/10000), Test loss:0.3398
Epoch [21/40], Passed time:[65.516/1375.839]
learning rate: 0.010000000000000002
Batch [0/704] training loss = 0.2263, training acc = 0.95
Batch [200/704] training loss = 0.2854, training acc = 0.91
Batch [400/704] training loss = 0.1178, training acc = 0.95
Batch [600/704] training loss = 0.4074, training acc = 0.91
Valid Test with nat
Test accuracy: 89.62% (4481/5000), Test loss:0.3118
Best model so far saved in ./trained_models_new/cifar/vgg16/nat/pruned1_epoch100_r80/init_pure/init_enhance40_m0.1_warmup0.1.pth
Test on test set:
Test accuracy: 88.83% (8883/10000), Test loss:0.3347
Epoch [22/40], Passed time:[65.693/1445.242]
learning rate: 0.010000000000000002
Batch [0/704] training loss = 0.1330, training acc = 0.94
Batch [200/704] training loss = 0.4110, training acc = 0.84
Batch [400/704] training loss = 0.2597, training acc = 0.91
Batch [600/704] training loss = 0.3783, training acc = 0.88
Valid Test with nat
Test accuracy: 89.46% (4473/5000), Test loss:0.3105
Best model so far saved in ./trained_models_new/cifar/vgg16/nat/pruned1_epoch100_r80/init_pure/init_enhance40_m0.1_warmup0.1.pth
Test on test set:
Test accuracy: 89.03% (8903/10000), Test loss:0.3403
Epoch [23/40], Passed time:[65.762/1512.523]
learning rate: 0.010000000000000002
Batch [0/704] training loss = 0.2421, training acc = 0.91
Batch [200/704] training loss = 0.2966, training acc = 0.88
Batch [400/704] training loss = 0.1750, training acc = 0.94
Batch [600/704] training loss = 0.1657, training acc = 0.94
Valid Test with nat
Test accuracy: 90.00% (4500/5000), Test loss:0.3174
Epoch [24/40], Passed time:[65.498/1571.957]
learning rate: 0.010000000000000002
Batch [0/704] training loss = 0.2428, training acc = 0.94
Batch [200/704] training loss = 0.1627, training acc = 0.95
Batch [400/704] training loss = 0.1542, training acc = 0.95
Batch [600/704] training loss = 0.2606, training acc = 0.91
Valid Test with nat
Test accuracy: 89.80% (4490/5000), Test loss:0.3047
Best model so far saved in ./trained_models_new/cifar/vgg16/nat/pruned1_epoch100_r80/init_pure/init_enhance40_m0.1_warmup0.1.pth
Test on test set:
Test accuracy: 89.35% (8935/10000), Test loss:0.3296
Epoch [25/40], Passed time:[65.288/1632.205]
learning rate: 0.010000000000000002
Batch [0/704] training loss = 0.1771, training acc = 0.92
Batch [200/704] training loss = 0.2420, training acc = 0.92
Batch [400/704] training loss = 0.3183, training acc = 0.88
Batch [600/704] training loss = 0.2282, training acc = 0.92
Valid Test with nat
Test accuracy: 90.28% (4514/5000), Test loss:0.2930
Best model so far saved in ./trained_models_new/cifar/vgg16/nat/pruned1_epoch100_r80/init_pure/init_enhance40_m0.1_warmup0.1.pth
Test on test set:
Test accuracy: 89.59% (8959/10000), Test loss:0.3237
Epoch [26/40], Passed time:[65.070/1691.814]
learning rate: 0.010000000000000002
Batch [0/704] training loss = 0.1289, training acc = 0.97
Batch [200/704] training loss = 0.1507, training acc = 0.95
Batch [400/704] training loss = 0.1447, training acc = 0.97
Batch [600/704] training loss = 0.3403, training acc = 0.92
Valid Test with nat
Test accuracy: 89.94% (4497/5000), Test loss:0.3050
Epoch [27/40], Passed time:[64.925/1752.977]
learning rate: 0.010000000000000002
Batch [0/704] training loss = 0.1292, training acc = 0.94
Batch [200/704] training loss = 0.2069, training acc = 0.91
Batch [400/704] training loss = 0.1521, training acc = 0.95
Batch [600/704] training loss = 0.2204, training acc = 0.94
Valid Test with nat
Test accuracy: 89.88% (4494/5000), Test loss:0.3016
Epoch [28/40], Passed time:[64.881/1816.668]
learning rate: 0.010000000000000002
Batch [0/704] training loss = 0.2505, training acc = 0.91
Batch [200/704] training loss = 0.1648, training acc = 0.94
Batch [400/704] training loss = 0.1567, training acc = 0.95
Batch [600/704] training loss = 0.1249, training acc = 0.95
Valid Test with nat
Test accuracy: 90.02% (4501/5000), Test loss:0.3032
Epoch [29/40], Passed time:[64.817/1879.700]
learning rate: 0.010000000000000002
Batch [0/704] training loss = 0.1450, training acc = 0.92
Batch [200/704] training loss = 0.1989, training acc = 0.89
Batch [400/704] training loss = 0.2595, training acc = 0.92
Batch [600/704] training loss = 0.1814, training acc = 0.92
Valid Test with nat
Test accuracy: 90.06% (4503/5000), Test loss:0.3017
Epoch [30/40], Passed time:[64.853/1945.591]
learning rate: 0.0010000000000000002
Batch [0/704] training loss = 0.2038, training acc = 0.92
Batch [200/704] training loss = 0.3094, training acc = 0.91
Batch [400/704] training loss = 0.1797, training acc = 0.92
Batch [600/704] training loss = 0.1849, training acc = 0.92
Valid Test with nat
Test accuracy: 90.38% (4519/5000), Test loss:0.2992
Epoch [31/40], Passed time:[64.905/2012.054]
learning rate: 0.0010000000000000002
Batch [0/704] training loss = 0.1904, training acc = 0.91
Batch [200/704] training loss = 0.1379, training acc = 0.94
Batch [400/704] training loss = 0.2583, training acc = 0.92
Batch [600/704] training loss = 0.1840, training acc = 0.92
Valid Test with nat
Test accuracy: 90.66% (4533/5000), Test loss:0.2932
Epoch [32/40], Passed time:[64.968/2078.989]
learning rate: 0.0010000000000000002
Batch [0/704] training loss = 0.2170, training acc = 0.92
Batch [200/704] training loss = 0.0656, training acc = 0.98
Batch [400/704] training loss = 0.2568, training acc = 0.91
Batch [600/704] training loss = 0.2130, training acc = 0.94
Valid Test with nat
Test accuracy: 90.72% (4536/5000), Test loss:0.2954
Epoch [33/40], Passed time:[65.041/2146.347]
learning rate: 0.0010000000000000002
Batch [0/704] training loss = 0.1813, training acc = 0.95
Batch [200/704] training loss = 0.1652, training acc = 0.95
Batch [400/704] training loss = 0.1079, training acc = 0.95
Batch [600/704] training loss = 0.1643, training acc = 0.94
Valid Test with nat
Test accuracy: 90.58% (4529/5000), Test loss:0.2926
Best model so far saved in ./trained_models_new/cifar/vgg16/nat/pruned1_epoch100_r80/init_pure/init_enhance40_m0.1_warmup0.1.pth
Test on test set:
Test accuracy: 90.05% (9005/10000), Test loss:0.3253
Epoch [34/40], Passed time:[65.195/2216.627]
learning rate: 0.0010000000000000002
Batch [0/704] training loss = 0.2144, training acc = 0.92
Batch [200/704] training loss = 0.1168, training acc = 0.95
Batch [400/704] training loss = 0.0725, training acc = 0.98
Batch [600/704] training loss = 0.2104, training acc = 0.91
Valid Test with nat
Test accuracy: 90.58% (4529/5000), Test loss:0.3022
Epoch [35/40], Passed time:[65.221/2282.739]
learning rate: 0.0010000000000000002
Batch [0/704] training loss = 0.1969, training acc = 0.89
Batch [200/704] training loss = 0.1771, training acc = 0.97
Batch [400/704] training loss = 0.2513, training acc = 0.92
Batch [600/704] training loss = 0.0875, training acc = 0.98
Valid Test with nat
Test accuracy: 90.38% (4519/5000), Test loss:0.2994
Epoch [36/40], Passed time:[65.165/2345.936]
learning rate: 0.0010000000000000002
Batch [0/704] training loss = 0.1074, training acc = 0.97
Batch [200/704] training loss = 0.1696, training acc = 0.97
Batch [400/704] training loss = 0.1253, training acc = 0.95
Batch [600/704] training loss = 0.1399, training acc = 0.98
Valid Test with nat
Test accuracy: 90.58% (4529/5000), Test loss:0.2897
Best model so far saved in ./trained_models_new/cifar/vgg16/nat/pruned1_epoch100_r80/init_pure/init_enhance40_m0.1_warmup0.1.pth
Test on test set:
Test accuracy: 90.28% (9028/10000), Test loss:0.3170
Epoch [37/40], Passed time:[65.194/2412.171]
learning rate: 0.0010000000000000002
Batch [0/704] training loss = 0.2730, training acc = 0.91
Batch [200/704] training loss = 0.2091, training acc = 0.92
Batch [400/704] training loss = 0.1364, training acc = 0.94
Batch [600/704] training loss = 0.2412, training acc = 0.92
Valid Test with nat
Test accuracy: 90.48% (4524/5000), Test loss:0.2915
Epoch [38/40], Passed time:[65.172/2476.529]
learning rate: 0.0010000000000000002
Batch [0/704] training loss = 0.0887, training acc = 0.98
Batch [200/704] training loss = 0.2779, training acc = 0.91
Batch [400/704] training loss = 0.1608, training acc = 0.95
Batch [600/704] training loss = 0.1559, training acc = 0.94
Valid Test with nat
Test accuracy: 90.60% (4530/5000), Test loss:0.2891
Best model so far saved in ./trained_models_new/cifar/vgg16/nat/pruned1_epoch100_r80/init_pure/init_enhance40_m0.1_warmup0.1.pth
Test on test set:
Test accuracy: 90.32% (9032/10000), Test loss:0.3162
Epoch [39/40], Passed time:[65.267/2545.422]
learning rate: 0.0010000000000000002
Batch [0/704] training loss = 0.1972, training acc = 0.92
Batch [200/704] training loss = 0.1491, training acc = 0.95
Batch [400/704] training loss = 0.1189, training acc = 0.92
Batch [600/704] training loss = 0.0892, training acc = 0.97
Valid Test with nat
Test accuracy: 90.38% (4519/5000), Test loss:0.2977
Training done, model saved in ./trained_models_new/cifar/vgg16/nat/pruned1_epoch100_r80/init_pure/init_enhance40_m0.1_warmup0.1.pth
Test on test set:
Test accuracy: 90.03% (9003/10000), Test loss:0.3249
