model_type : resnet18
init_type : pure
finetune_method : nat
enhance_method : nat
gpu : 7
model_name : init_enhance90_m0.005_warmup0.1
model_width : 8
n_pruning_steps : 1
max_pruning_ratio : 80
train_epochs : 90
enhance_epochs : 90
prune_method : unstructured
dataset : cifar
noise_sd : 1.0
trades_beta : 6.0
seed : 7
warmup : True
parallel : False
create_init : False
init_step : 1400
train_method : nat
early_stop : 1000
norm : True
optm : sgd
batch_size : 128
test_batch_size : 100
learning_rate : 0.1
enhance_learning_rate : 0.1
schedule_length : 10
weight_decay : 0.0001
epsilon : 0.03137254901960784
attack_iter : 10
eps_step : 0.00784313725490196
targeted : False
clip_min : 0
clip_max : 1.0
starting_epsilon : 1e-05
interval_weight : 0.1
ft_interval_weight : 50
verbose : 200
resume : 0
model_path : ./trained_models_new/cifar/resnet18/nat/pruned1_epoch100_r80/init_pure/init_enhance90_m0.005_warmup0.1.pth
last_model_path : ./trained_models_new/
mask_path : ./trained_models_new/cifar/resnet18/nat/pruned1_epoch100_r80/init_pure/pruned_lr0.005_mask_r80.npy
mask_name : pruned_lr0.005_mask_r80
log_path : ./trained_models_new/cifar/resnet18/nat/pruned1_epoch100_r80/init_pure/init_enhance90_m0.005_warmup0.1.log
init_path : ./trained_models_new/cifar/resnet18/init/pure_resnet18_init.pth
results_path : None
n_classes : 10
eval : False
init : True
transfer : False
CUDA enabled.
Enhance training config:
Enhance training method: nat
model will be saved in: ./trained_models_new/cifar/resnet18/nat/pruned1_epoch100_r80/init_pure/init_enhance90_m0.005_warmup0.1.pth
Init model is: ./trained_models_new/cifar/resnet18/init/pure_resnet18_init.pth
Init mask used from: ./trained_models_new/cifar/resnet18/nat/pruned1_epoch100_r80/init_pure/pruned_lr0.005_mask_r80.npy
Log will be saved in ./trained_models_new/cifar/resnet18/nat/pruned1_epoch100_r80/init_pure/init_enhance90_m0.005_warmup0.1.log
Random seed is: 7

model loading from ./trained_models_new/cifar/resnet18/init/pure_resnet18_init.pth
Epoch [0/90]
learning rate: 0.05
Batch [0/352] training loss = 2.2624, training acc = 0.12
Batch [200/352] training loss = 0.8212, training acc = 0.73
Valid Test with nat
Test accuracy: 71.92% (3596/5000), Test loss:0.8643
Best model so far saved in ./trained_models_new/cifar/resnet18/nat/pruned1_epoch100_r80/init_pure/init_enhance90_m0.005_warmup0.1.pth
Test on test set:
Test accuracy: 72.92% (7292/10000), Test loss:0.7991
Epoch [1/90], Passed time:[34.140/34.140]
learning rate: 0.055
Batch [0/352] training loss = 0.7277, training acc = 0.73
Batch [200/352] training loss = 0.7351, training acc = 0.73
Valid Test with nat
Test accuracy: 73.80% (3690/5000), Test loss:0.8859
Epoch [2/90], Passed time:[34.242/68.484]
learning rate: 0.060000000000000005
Batch [0/352] training loss = 0.5330, training acc = 0.82
Batch [200/352] training loss = 0.4879, training acc = 0.84
Valid Test with nat
Test accuracy: 76.42% (3821/5000), Test loss:0.7872
Best model so far saved in ./trained_models_new/cifar/resnet18/nat/pruned1_epoch100_r80/init_pure/init_enhance90_m0.005_warmup0.1.pth
Test on test set:
Test accuracy: 75.97% (7597/10000), Test loss:0.7933
Epoch [3/90], Passed time:[36.327/108.981]
learning rate: 0.065
Batch [0/352] training loss = 0.5399, training acc = 0.85
Batch [200/352] training loss = 0.5568, training acc = 0.76
Valid Test with nat
Test accuracy: 75.38% (3769/5000), Test loss:0.8668
Epoch [4/90], Passed time:[36.363/145.452]
learning rate: 0.07
Batch [0/352] training loss = 0.2327, training acc = 0.93
Batch [200/352] training loss = 0.4019, training acc = 0.87
Valid Test with nat
Test accuracy: 79.94% (3997/5000), Test loss:0.6528
Best model so far saved in ./trained_models_new/cifar/resnet18/nat/pruned1_epoch100_r80/init_pure/init_enhance90_m0.005_warmup0.1.pth
Test on test set:
Test accuracy: 79.65% (7965/10000), Test loss:0.6492
Epoch [5/90], Passed time:[37.133/185.667]
learning rate: 0.07500000000000001
Batch [0/352] training loss = 0.4181, training acc = 0.84
Batch [200/352] training loss = 0.4991, training acc = 0.82
Valid Test with nat
Test accuracy: 81.08% (4054/5000), Test loss:0.6032
Best model so far saved in ./trained_models_new/cifar/resnet18/nat/pruned1_epoch100_r80/init_pure/init_enhance90_m0.005_warmup0.1.pth
Test on test set:
Test accuracy: 79.59% (7959/10000), Test loss:0.6684
Epoch [6/90], Passed time:[37.341/224.047]
learning rate: 0.08000000000000002
Batch [0/352] training loss = 0.3165, training acc = 0.87
Batch [200/352] training loss = 0.4000, training acc = 0.83
Valid Test with nat
Test accuracy: 82.84% (4142/5000), Test loss:0.5455
Best model so far saved in ./trained_models_new/cifar/resnet18/nat/pruned1_epoch100_r80/init_pure/init_enhance90_m0.005_warmup0.1.pth
Test on test set:
Test accuracy: 81.51% (8151/10000), Test loss:0.5737
Epoch [7/90], Passed time:[37.913/265.388]
learning rate: 0.085
Batch [0/352] training loss = 0.3317, training acc = 0.86
Batch [200/352] training loss = 0.4115, training acc = 0.85
Valid Test with nat
Test accuracy: 82.74% (4137/5000), Test loss:0.5363
Best model so far saved in ./trained_models_new/cifar/resnet18/nat/pruned1_epoch100_r80/init_pure/init_enhance90_m0.005_warmup0.1.pth
Test on test set:
Test accuracy: 84.05% (8405/10000), Test loss:0.5050
Epoch [8/90], Passed time:[41.199/329.590]
learning rate: 0.09
Batch [0/352] training loss = 0.2985, training acc = 0.89
Batch [200/352] training loss = 0.4001, training acc = 0.85
Valid Test with nat
Test accuracy: 81.46% (4073/5000), Test loss:0.6169
Epoch [9/90], Passed time:[42.498/382.483]
learning rate: 0.095
Batch [0/352] training loss = 0.2492, training acc = 0.92
Batch [200/352] training loss = 0.2502, training acc = 0.91
Valid Test with nat
Test accuracy: 83.30% (4165/5000), Test loss:0.5334
Best model so far saved in ./trained_models_new/cifar/resnet18/nat/pruned1_epoch100_r80/init_pure/init_enhance90_m0.005_warmup0.1.pth
Test on test set:
Test accuracy: 83.46% (8346/10000), Test loss:0.5323
Epoch [10/90], Passed time:[44.324/443.238]
learning rate: 0.1
Batch [0/352] training loss = 0.3172, training acc = 0.87
Batch [200/352] training loss = 0.4798, training acc = 0.85
Valid Test with nat
Test accuracy: 83.26% (4163/5000), Test loss:0.5680
Epoch [11/90], Passed time:[45.320/498.519]
learning rate: 0.1
Batch [0/352] training loss = 0.3708, training acc = 0.85
Batch [200/352] training loss = 0.3549, training acc = 0.89
Valid Test with nat
Test accuracy: 85.56% (4278/5000), Test loss:0.4430
Best model so far saved in ./trained_models_new/cifar/resnet18/nat/pruned1_epoch100_r80/init_pure/init_enhance90_m0.005_warmup0.1.pth
Test on test set:
Test accuracy: 83.99% (8399/10000), Test loss:0.5055
Epoch [12/90], Passed time:[46.269/555.222]
learning rate: 0.1
Batch [0/352] training loss = 0.2554, training acc = 0.90
Batch [200/352] training loss = 0.2902, training acc = 0.89
Valid Test with nat
Test accuracy: 85.60% (4280/5000), Test loss:0.4883
Epoch [13/90], Passed time:[46.683/606.879]
learning rate: 0.1
Batch [0/352] training loss = 0.3179, training acc = 0.89
Batch [200/352] training loss = 0.2639, training acc = 0.92
Valid Test with nat
Test accuracy: 86.28% (4314/5000), Test loss:0.4408
Best model so far saved in ./trained_models_new/cifar/resnet18/nat/pruned1_epoch100_r80/init_pure/init_enhance90_m0.005_warmup0.1.pth
Test on test set:
Test accuracy: 84.78% (8478/10000), Test loss:0.4772
Epoch [14/90], Passed time:[47.438/664.125]
learning rate: 0.1
Batch [0/352] training loss = 0.2441, training acc = 0.93
Batch [200/352] training loss = 0.3504, training acc = 0.90
Valid Test with nat
Test accuracy: 85.96% (4298/5000), Test loss:0.4530
Epoch [15/90], Passed time:[48.086/721.285]
learning rate: 0.1
Batch [0/352] training loss = 0.2113, training acc = 0.90
Batch [200/352] training loss = 0.3475, training acc = 0.85
Valid Test with nat
Test accuracy: 87.04% (4352/5000), Test loss:0.4330
Best model so far saved in ./trained_models_new/cifar/resnet18/nat/pruned1_epoch100_r80/init_pure/init_enhance90_m0.005_warmup0.1.pth
Test on test set:
Test accuracy: 86.55% (8655/10000), Test loss:0.4447
Epoch [16/90], Passed time:[48.854/781.670]
learning rate: 0.1
Batch [0/352] training loss = 0.2512, training acc = 0.90
Batch [200/352] training loss = 0.1997, training acc = 0.91
Valid Test with nat
Test accuracy: 86.28% (4314/5000), Test loss:0.4505
Epoch [17/90], Passed time:[49.471/841.011]
learning rate: 0.1
Batch [0/352] training loss = 0.3361, training acc = 0.89
Batch [200/352] training loss = 0.3874, training acc = 0.86
Valid Test with nat
Test accuracy: 85.88% (4294/5000), Test loss:0.4778
Epoch [18/90], Passed time:[49.866/897.595]
learning rate: 0.1
Batch [0/352] training loss = 0.1578, training acc = 0.96
Batch [200/352] training loss = 0.2671, training acc = 0.90
Valid Test with nat
Test accuracy: 87.68% (4384/5000), Test loss:0.3829
Best model so far saved in ./trained_models_new/cifar/resnet18/nat/pruned1_epoch100_r80/init_pure/init_enhance90_m0.005_warmup0.1.pth
Test on test set:
Test accuracy: 87.84% (8784/10000), Test loss:0.3709
Epoch [19/90], Passed time:[50.478/959.089]
learning rate: 0.1
Batch [0/352] training loss = 0.2149, training acc = 0.94
Batch [200/352] training loss = 0.2418, training acc = 0.91
Valid Test with nat
Test accuracy: 87.12% (4356/5000), Test loss:0.3915
Epoch [20/90], Passed time:[50.726/1014.519]
learning rate: 0.1
Batch [0/352] training loss = 0.2262, training acc = 0.91
Batch [200/352] training loss = 0.2767, training acc = 0.89
Valid Test with nat
Test accuracy: 85.76% (4288/5000), Test loss:0.4754
Epoch [21/90], Passed time:[50.837/1067.582]
learning rate: 0.1
Batch [0/352] training loss = 0.3521, training acc = 0.88
Batch [200/352] training loss = 0.3114, training acc = 0.88
Valid Test with nat
Test accuracy: 86.40% (4320/5000), Test loss:0.5062
Epoch [22/90], Passed time:[51.087/1123.912]
learning rate: 0.1
Batch [0/352] training loss = 0.3196, training acc = 0.91
Batch [200/352] training loss = 0.2000, training acc = 0.95
Valid Test with nat
Test accuracy: 85.44% (4272/5000), Test loss:0.4975
Epoch [23/90], Passed time:[51.350/1181.058]
learning rate: 0.1
Batch [0/352] training loss = 0.2667, training acc = 0.91
Batch [200/352] training loss = 0.3362, training acc = 0.87
Valid Test with nat
Test accuracy: 87.50% (4375/5000), Test loss:0.4074
Epoch [24/90], Passed time:[51.680/1240.330]
learning rate: 0.1
Batch [0/352] training loss = 0.2178, training acc = 0.91
Batch [200/352] training loss = 0.2136, training acc = 0.92
Valid Test with nat
Test accuracy: 85.82% (4291/5000), Test loss:0.4781
Epoch [25/90], Passed time:[51.980/1299.497]
learning rate: 0.1
Batch [0/352] training loss = 0.1764, training acc = 0.95
Batch [200/352] training loss = 0.2906, training acc = 0.91
Valid Test with nat
Test accuracy: 84.48% (4224/5000), Test loss:0.5282
Epoch [26/90], Passed time:[52.132/1355.431]
learning rate: 0.1
Batch [0/352] training loss = 0.2035, training acc = 0.94
Batch [200/352] training loss = 0.3720, training acc = 0.89
Valid Test with nat
Test accuracy: 84.52% (4226/5000), Test loss:0.5182
Epoch [27/90], Passed time:[52.331/1412.938]
learning rate: 0.1
Batch [0/352] training loss = 0.2031, training acc = 0.92
Batch [200/352] training loss = 0.1838, training acc = 0.94
Valid Test with nat
Test accuracy: 88.02% (4401/5000), Test loss:0.3851
Epoch [28/90], Passed time:[52.564/1471.778]
learning rate: 0.1
Batch [0/352] training loss = 0.2044, training acc = 0.93
Batch [200/352] training loss = 0.2448, training acc = 0.92
Valid Test with nat
Test accuracy: 86.94% (4347/5000), Test loss:0.4361
Epoch [29/90], Passed time:[52.818/1531.734]
learning rate: 0.1
Batch [0/352] training loss = 0.1952, training acc = 0.94
Batch [200/352] training loss = 0.3120, training acc = 0.90
Valid Test with nat
Test accuracy: 86.08% (4304/5000), Test loss:0.4794
Epoch [30/90], Passed time:[53.019/1590.557]
learning rate: 0.1
Batch [0/352] training loss = 0.2016, training acc = 0.94
Batch [200/352] training loss = 0.2023, training acc = 0.94
Valid Test with nat
Test accuracy: 81.86% (4093/5000), Test loss:0.6713
Epoch [31/90], Passed time:[53.144/1647.469]
learning rate: 0.1
Batch [0/352] training loss = 0.1210, training acc = 0.96
Batch [200/352] training loss = 0.1694, training acc = 0.92
Valid Test with nat
Test accuracy: 85.32% (4266/5000), Test loss:0.5117
Epoch [32/90], Passed time:[52.714/1686.840]
learning rate: 0.1
Batch [0/352] training loss = 0.1982, training acc = 0.93
Batch [200/352] training loss = 0.2149, training acc = 0.95
Valid Test with nat
Test accuracy: 85.72% (4286/5000), Test loss:0.5024
Epoch [33/90], Passed time:[52.234/1723.731]
learning rate: 0.1
Batch [0/352] training loss = 0.2488, training acc = 0.94
Batch [200/352] training loss = 0.3442, training acc = 0.88
Valid Test with nat
Test accuracy: 87.04% (4352/5000), Test loss:0.4215
Epoch [34/90], Passed time:[51.900/1764.585]
learning rate: 0.1
Batch [0/352] training loss = 0.2421, training acc = 0.89
Batch [200/352] training loss = 0.3292, training acc = 0.89
Valid Test with nat
Test accuracy: 87.92% (4396/5000), Test loss:0.4098
Epoch [35/90], Passed time:[51.531/1803.595]
learning rate: 0.1
Batch [0/352] training loss = 0.3113, training acc = 0.90
Batch [200/352] training loss = 0.2286, training acc = 0.91
Valid Test with nat
Test accuracy: 88.18% (4409/5000), Test loss:0.4325
Epoch [36/90], Passed time:[51.186/1842.714]
learning rate: 0.1
Batch [0/352] training loss = 0.1772, training acc = 0.92
Batch [200/352] training loss = 0.2607, training acc = 0.91
Valid Test with nat
Test accuracy: 87.64% (4382/5000), Test loss:0.4220
Epoch [37/90], Passed time:[50.869/1882.165]
learning rate: 0.1
Batch [0/352] training loss = 0.1858, training acc = 0.92
Batch [200/352] training loss = 0.2117, training acc = 0.94
Valid Test with nat
Test accuracy: 88.60% (4430/5000), Test loss:0.4101
Epoch [38/90], Passed time:[50.540/1920.537]
learning rate: 0.1
Batch [0/352] training loss = 0.1800, training acc = 0.93
Batch [200/352] training loss = 0.3478, training acc = 0.88
Valid Test with nat
Test accuracy: 84.90% (4245/5000), Test loss:0.5186
Epoch [39/90], Passed time:[50.322/1962.546]
learning rate: 0.1
Batch [0/352] training loss = 0.1562, training acc = 0.94
Batch [200/352] training loss = 0.1955, training acc = 0.93
Valid Test with nat
Test accuracy: 87.14% (4357/5000), Test loss:0.4530
Epoch [40/90], Passed time:[50.015/2000.593]
learning rate: 0.1
Batch [0/352] training loss = 0.1673, training acc = 0.95
Batch [200/352] training loss = 0.1467, training acc = 0.95
Valid Test with nat
Test accuracy: 84.84% (4242/5000), Test loss:0.5466
Epoch [41/90], Passed time:[49.747/2039.631]
learning rate: 0.1
Batch [0/352] training loss = 0.1952, training acc = 0.92
Batch [200/352] training loss = 0.1895, training acc = 0.93
Valid Test with nat
Test accuracy: 86.36% (4318/5000), Test loss:0.4806
Epoch [42/90], Passed time:[49.522/2079.931]
learning rate: 0.1
Batch [0/352] training loss = 0.1911, training acc = 0.95
Batch [200/352] training loss = 0.1751, training acc = 0.92
Valid Test with nat
Test accuracy: 87.94% (4397/5000), Test loss:0.4210
Epoch [43/90], Passed time:[49.248/2117.655]
learning rate: 0.1
Batch [0/352] training loss = 0.2005, training acc = 0.94
Batch [200/352] training loss = 0.3984, training acc = 0.89
Valid Test with nat
Test accuracy: 87.38% (4369/5000), Test loss:0.4197
Epoch [44/90], Passed time:[49.047/2158.051]
learning rate: 0.1
Batch [0/352] training loss = 0.2852, training acc = 0.91
Batch [200/352] training loss = 0.1854, training acc = 0.92
Valid Test with nat
Test accuracy: 88.82% (4441/5000), Test loss:0.3665
Best model so far saved in ./trained_models_new/cifar/resnet18/nat/pruned1_epoch100_r80/init_pure/init_enhance90_m0.005_warmup0.1.pth
Test on test set:
Test accuracy: 88.70% (8870/10000), Test loss:0.3801
Epoch [45/90], Passed time:[48.916/2201.230]
learning rate: 0.010000000000000002
Batch [0/352] training loss = 0.1430, training acc = 0.95
Batch [200/352] training loss = 0.0726, training acc = 0.98
Valid Test with nat
Test accuracy: 91.96% (4598/5000), Test loss:0.2609
Best model so far saved in ./trained_models_new/cifar/resnet18/nat/pruned1_epoch100_r80/init_pure/init_enhance90_m0.005_warmup0.1.pth
Test on test set:
Test accuracy: 91.83% (9183/10000), Test loss:0.2645
Epoch [46/90], Passed time:[48.838/2246.529]
learning rate: 0.010000000000000002
Batch [0/352] training loss = 0.0513, training acc = 0.98
Batch [200/352] training loss = 0.0580, training acc = 0.99
Valid Test with nat
Test accuracy: 92.22% (4611/5000), Test loss:0.2503
Best model so far saved in ./trained_models_new/cifar/resnet18/nat/pruned1_epoch100_r80/init_pure/init_enhance90_m0.005_warmup0.1.pth
Test on test set:
Test accuracy: 92.09% (9209/10000), Test loss:0.2623
Epoch [47/90], Passed time:[48.775/2292.438]
learning rate: 0.010000000000000002
Batch [0/352] training loss = 0.1106, training acc = 0.95
Batch [200/352] training loss = 0.1069, training acc = 0.96
Valid Test with nat
Test accuracy: 92.46% (4623/5000), Test loss:0.2502
Best model so far saved in ./trained_models_new/cifar/resnet18/nat/pruned1_epoch100_r80/init_pure/init_enhance90_m0.005_warmup0.1.pth
Test on test set:
Test accuracy: 92.20% (9220/10000), Test loss:0.2651
Epoch [48/90], Passed time:[48.697/2337.479]
learning rate: 0.010000000000000002
Batch [0/352] training loss = 0.0828, training acc = 0.98
Batch [200/352] training loss = 0.0793, training acc = 0.96
Valid Test with nat
Test accuracy: 92.36% (4618/5000), Test loss:0.2693
Epoch [49/90], Passed time:[48.538/2378.365]
learning rate: 0.010000000000000002
Batch [0/352] training loss = 0.0447, training acc = 0.98
Batch [200/352] training loss = 0.0462, training acc = 0.98
Valid Test with nat
Test accuracy: 92.54% (4627/5000), Test loss:0.2496
Best model so far saved in ./trained_models_new/cifar/resnet18/nat/pruned1_epoch100_r80/init_pure/init_enhance90_m0.005_warmup0.1.pth
Test on test set:
Test accuracy: 92.45% (9245/10000), Test loss:0.2651
Epoch [50/90], Passed time:[48.435/2421.769]
learning rate: 0.010000000000000002
Batch [0/352] training loss = 0.0630, training acc = 0.98
Batch [200/352] training loss = 0.0702, training acc = 0.98
Valid Test with nat
Test accuracy: 92.54% (4627/5000), Test loss:0.2534
Epoch [51/90], Passed time:[48.278/2462.187]
learning rate: 0.010000000000000002
Batch [0/352] training loss = 0.0661, training acc = 0.98
Batch [200/352] training loss = 0.1056, training acc = 0.97
Valid Test with nat
Test accuracy: 92.34% (4617/5000), Test loss:0.2773
Epoch [52/90], Passed time:[48.107/2501.584]
learning rate: 0.010000000000000002
Batch [0/352] training loss = 0.0237, training acc = 1.00
Batch [200/352] training loss = 0.0809, training acc = 0.96
Valid Test with nat
Test accuracy: 92.72% (4636/5000), Test loss:0.2736
Epoch [53/90], Passed time:[47.979/2542.901]
learning rate: 0.010000000000000002
Batch [0/352] training loss = 0.0352, training acc = 0.99
Batch [200/352] training loss = 0.0209, training acc = 1.00
Valid Test with nat
Test accuracy: 92.82% (4641/5000), Test loss:0.2611
Epoch [54/90], Passed time:[47.851/2583.945]
learning rate: 0.010000000000000002
Batch [0/352] training loss = 0.0537, training acc = 0.98
Batch [200/352] training loss = 0.0372, training acc = 0.98
Valid Test with nat
Test accuracy: 92.88% (4644/5000), Test loss:0.2808
Epoch [55/90], Passed time:[47.753/2626.389]
learning rate: 0.010000000000000002
Batch [0/352] training loss = 0.0386, training acc = 0.99
Batch [200/352] training loss = 0.0636, training acc = 0.98
Valid Test with nat
Test accuracy: 92.46% (4623/5000), Test loss:0.2712
Epoch [56/90], Passed time:[47.602/2665.709]
learning rate: 0.010000000000000002
Batch [0/352] training loss = 0.0486, training acc = 0.99
Batch [200/352] training loss = 0.0499, training acc = 0.98
Valid Test with nat
Test accuracy: 92.46% (4623/5000), Test loss:0.2666
Epoch [57/90], Passed time:[47.403/2701.954]
learning rate: 0.010000000000000002
Batch [0/352] training loss = 0.0237, training acc = 0.99
Batch [200/352] training loss = 0.0893, training acc = 0.97
Valid Test with nat
Test accuracy: 92.76% (4638/5000), Test loss:0.2721
Epoch [58/90], Passed time:[47.242/2740.060]
learning rate: 0.010000000000000002
Batch [0/352] training loss = 0.0344, training acc = 0.98
Batch [200/352] training loss = 0.0474, training acc = 0.99
Valid Test with nat
Test accuracy: 92.74% (4637/5000), Test loss:0.2753
Epoch [59/90], Passed time:[47.132/2780.779]
learning rate: 0.010000000000000002
Batch [0/352] training loss = 0.0702, training acc = 0.97
Batch [200/352] training loss = 0.0167, training acc = 1.00
Valid Test with nat
Test accuracy: 92.74% (4637/5000), Test loss:0.2754
Epoch [60/90], Passed time:[47.037/2822.249]
learning rate: 0.010000000000000002
Batch [0/352] training loss = 0.0259, training acc = 0.99
Batch [200/352] training loss = 0.1029, training acc = 0.96
Valid Test with nat
Test accuracy: 92.86% (4643/5000), Test loss:0.2931
Epoch [61/90], Passed time:[46.940/2863.357]
learning rate: 0.010000000000000002
Batch [0/352] training loss = 0.0185, training acc = 1.00
Batch [200/352] training loss = 0.0524, training acc = 0.98
Valid Test with nat
Test accuracy: 92.78% (4639/5000), Test loss:0.2740
Epoch [62/90], Passed time:[46.830/2903.445]
learning rate: 0.010000000000000002
Batch [0/352] training loss = 0.0603, training acc = 0.98
Batch [200/352] training loss = 0.0716, training acc = 0.98
Valid Test with nat
Test accuracy: 92.66% (4633/5000), Test loss:0.2880
Epoch [63/90], Passed time:[46.734/2944.255]
learning rate: 0.010000000000000002
Batch [0/352] training loss = 0.0455, training acc = 0.98
Batch [200/352] training loss = 0.0516, training acc = 0.99
Valid Test with nat
Test accuracy: 92.88% (4644/5000), Test loss:0.2811
Epoch [64/90], Passed time:[46.626/2984.044]
learning rate: 0.010000000000000002
Batch [0/352] training loss = 0.0582, training acc = 0.98
Batch [200/352] training loss = 0.0520, training acc = 0.97
Valid Test with nat
Test accuracy: 92.92% (4646/5000), Test loss:0.2940
Epoch [65/90], Passed time:[46.577/3027.513]
learning rate: 0.010000000000000002
Batch [0/352] training loss = 0.0173, training acc = 0.99
Batch [200/352] training loss = 0.0679, training acc = 0.98
Valid Test with nat
Test accuracy: 92.78% (4639/5000), Test loss:0.2821
Epoch [66/90], Passed time:[46.474/3067.281]
learning rate: 0.010000000000000002
Batch [0/352] training loss = 0.0194, training acc = 0.99
Batch [200/352] training loss = 0.0373, training acc = 0.99
Valid Test with nat
Test accuracy: 92.82% (4641/5000), Test loss:0.2831
Epoch [67/90], Passed time:[46.362/3106.274]
learning rate: 0.010000000000000002
Batch [0/352] training loss = 0.0299, training acc = 0.99
Batch [200/352] training loss = 0.0225, training acc = 0.99
Valid Test with nat
Test accuracy: 92.80% (4640/5000), Test loss:0.2853
Epoch [68/90], Passed time:[46.273/3146.552]
learning rate: 0.0010000000000000002
Batch [0/352] training loss = 0.0047, training acc = 1.00
Batch [200/352] training loss = 0.0343, training acc = 0.98
Valid Test with nat
Test accuracy: 92.94% (4647/5000), Test loss:0.2759
Epoch [69/90], Passed time:[46.177/3186.226]
learning rate: 0.0010000000000000002
Batch [0/352] training loss = 0.0289, training acc = 0.99
Batch [200/352] training loss = 0.0147, training acc = 0.99
Valid Test with nat
Test accuracy: 92.92% (4646/5000), Test loss:0.2744
Epoch [70/90], Passed time:[46.086/3226.013]
learning rate: 0.0010000000000000002
Batch [0/352] training loss = 0.0125, training acc = 1.00
Batch [200/352] training loss = 0.0362, training acc = 0.99
Valid Test with nat
Test accuracy: 92.92% (4646/5000), Test loss:0.2795
Epoch [71/90], Passed time:[45.994/3265.593]
learning rate: 0.0010000000000000002
Batch [0/352] training loss = 0.0225, training acc = 0.99
Batch [200/352] training loss = 0.0525, training acc = 0.98
Valid Test with nat
Test accuracy: 93.06% (4653/5000), Test loss:0.2736
Epoch [72/90], Passed time:[45.882/3303.524]
learning rate: 0.0010000000000000002
Batch [0/352] training loss = 0.0176, training acc = 1.00
Batch [200/352] training loss = 0.0428, training acc = 0.98
Valid Test with nat
Test accuracy: 92.96% (4648/5000), Test loss:0.2715
Epoch [73/90], Passed time:[45.774/3341.467]
learning rate: 0.0010000000000000002
Batch [0/352] training loss = 0.0336, training acc = 0.99
Batch [200/352] training loss = 0.0116, training acc = 1.00
Valid Test with nat
Test accuracy: 92.94% (4647/5000), Test loss:0.2807
Epoch [74/90], Passed time:[45.691/3381.098]
learning rate: 0.0010000000000000002
Batch [0/352] training loss = 0.0064, training acc = 1.00
Batch [200/352] training loss = 0.0840, training acc = 0.98
Valid Test with nat
Test accuracy: 92.98% (4649/5000), Test loss:0.2746
Epoch [75/90], Passed time:[45.577/3418.277]
learning rate: 0.0010000000000000002
Batch [0/352] training loss = 0.0049, training acc = 1.00
Batch [200/352] training loss = 0.0174, training acc = 1.00
Valid Test with nat
Test accuracy: 92.84% (4642/5000), Test loss:0.2869
Epoch [76/90], Passed time:[45.495/3457.607]
learning rate: 0.0010000000000000002
Batch [0/352] training loss = 0.0083, training acc = 1.00
Batch [200/352] training loss = 0.0603, training acc = 0.98
Valid Test with nat
Test accuracy: 92.90% (4645/5000), Test loss:0.2832
Epoch [77/90], Passed time:[45.393/3495.277]
learning rate: 0.0010000000000000002
Batch [0/352] training loss = 0.0183, training acc = 0.99
Batch [200/352] training loss = 0.0093, training acc = 1.00
Valid Test with nat
Test accuracy: 92.88% (4644/5000), Test loss:0.2726
Epoch [78/90], Passed time:[45.291/3532.678]
learning rate: 0.0010000000000000002
Batch [0/352] training loss = 0.0159, training acc = 0.99
Batch [200/352] training loss = 0.0674, training acc = 0.97
Valid Test with nat
Test accuracy: 93.06% (4653/5000), Test loss:0.2832
Epoch [79/90], Passed time:[45.209/3571.487]
learning rate: 0.0010000000000000002
Batch [0/352] training loss = 0.0253, training acc = 0.98
Batch [200/352] training loss = 0.0342, training acc = 0.98
Valid Test with nat
Test accuracy: 93.08% (4654/5000), Test loss:0.2789
Epoch [80/90], Passed time:[45.136/3610.888]
learning rate: 0.0010000000000000002
Batch [0/352] training loss = 0.0063, training acc = 1.00
Batch [200/352] training loss = 0.0264, training acc = 0.99
Valid Test with nat
Test accuracy: 93.14% (4657/5000), Test loss:0.2720
Epoch [81/90], Passed time:[45.092/3652.438]
learning rate: 0.0010000000000000002
Batch [0/352] training loss = 0.0260, training acc = 0.99
Batch [200/352] training loss = 0.0178, training acc = 1.00
Valid Test with nat
Test accuracy: 92.92% (4646/5000), Test loss:0.2728
Epoch [82/90], Passed time:[45.029/3692.373]
learning rate: 0.0010000000000000002
Batch [0/352] training loss = 0.0144, training acc = 1.00
Batch [200/352] training loss = 0.0337, training acc = 0.99
Valid Test with nat
Test accuracy: 92.90% (4645/5000), Test loss:0.2754
Epoch [83/90], Passed time:[44.981/3733.415]
learning rate: 0.0010000000000000002
Batch [0/352] training loss = 0.0779, training acc = 0.98
Batch [200/352] training loss = 0.0229, training acc = 0.99
Valid Test with nat
Test accuracy: 92.92% (4646/5000), Test loss:0.2769
Epoch [84/90], Passed time:[44.935/3774.553]
learning rate: 0.0010000000000000002
Batch [0/352] training loss = 0.0167, training acc = 1.00
Batch [200/352] training loss = 0.0361, training acc = 0.98
Valid Test with nat
Test accuracy: 92.96% (4648/5000), Test loss:0.2936
Epoch [85/90], Passed time:[44.880/3814.774]
learning rate: 0.0010000000000000002
Batch [0/352] training loss = 0.0642, training acc = 0.98
Batch [200/352] training loss = 0.0461, training acc = 0.99
Valid Test with nat
Test accuracy: 93.02% (4651/5000), Test loss:0.2747
Epoch [86/90], Passed time:[44.832/3855.558]
learning rate: 0.0010000000000000002
Batch [0/352] training loss = 0.0289, training acc = 0.98
Batch [200/352] training loss = 0.0132, training acc = 0.99
Valid Test with nat
Test accuracy: 93.08% (4654/5000), Test loss:0.3075
Epoch [87/90], Passed time:[44.801/3897.686]
learning rate: 0.0010000000000000002
Batch [0/352] training loss = 0.0261, training acc = 0.99
Batch [200/352] training loss = 0.0563, training acc = 0.98
Valid Test with nat
Test accuracy: 93.00% (4650/5000), Test loss:0.2762
Epoch [88/90], Passed time:[44.737/3936.818]
learning rate: 0.0010000000000000002
Batch [0/352] training loss = 0.0261, training acc = 0.98
Batch [200/352] training loss = 0.0316, training acc = 0.99
Valid Test with nat
Test accuracy: 93.02% (4651/5000), Test loss:0.2765
Epoch [89/90], Passed time:[44.692/3977.561]
learning rate: 0.0010000000000000002
Batch [0/352] training loss = 0.0081, training acc = 1.00
Batch [200/352] training loss = 0.0273, training acc = 0.99
Valid Test with nat
Test accuracy: 93.02% (4651/5000), Test loss:0.2823
Training done, model saved in ./trained_models_new/cifar/resnet18/nat/pruned1_epoch100_r80/init_pure/init_enhance90_m0.005_warmup0.1.pth
Test on test set:
Test accuracy: 92.71% (9271/10000), Test loss:0.2970
