n_classes : 10
eval : False
create_init : False
trades_beta : 6.0
transfer : False
schedule_length : 10
eps_step : 0.00784313725490196
optm : sgd
dataset : cifar
batch_size : 64
max_pruning_ratio : 80
test_batch_size : 100
interval_weight : 0.1
last_model_path : ./trained_models_new/
finetune_method : nat
clip_max : 1.0
mask_name : pruned_lr0.05_mask_r80
starting_epsilon : 1e-05
train_method : nat
attack_iter : 10
train_epochs : 100
early_stop : 100
verbose : 200
enhance_epochs : None
log_path : ./trained_models_new/cifar/vgg16/nat/pruned1_epoch100_r80/init_pure/init_enhance_m0.05_warmup0.1.log
prune_method : unstructured
seed : 7
n_pruning_steps : 1
parallel : False
norm : True
mask_path : ./trained_models_new/cifar/vgg16/nat/pruned1_epoch100_r80/init_pure/pruned_lr0.05_mask_r80.npy
clip_min : 0
model_width : 8
enhance_method : nat
warmup : True
enhance_learning_rate : 0.1
init_type : pure
targeted : False
weight_decay : 0.0001
epsilon : 0.03137254901960784
init_path : ./trained_models_new/cifar/vgg16/init/pure_vgg16_init.pth
learning_rate : 0.1
gpu : 2
noise_sd : 1.0
resume : 0
results_path : None
init : True
model_type : vgg16
init_step : 1400
model_name : init_enhance_m0.05_warmup0.1
model_path : ./trained_models_new/cifar/vgg16/nat/pruned1_epoch100_r80/init_pure/init_enhance_m0.05_warmup0.1.pth
ft_interval_weight : 50
CUDA enabled.
Enhance training config:
Enhance training method: nat
model will be saved in: ./trained_models_new/cifar/vgg16/nat/pruned1_epoch100_r80/init_pure/init_enhance_m0.05_warmup0.1.pth
Init model is: ./trained_models_new/cifar/vgg16/init/pure_vgg16_init.pth
Init mask used from: ./trained_models_new/cifar/vgg16/nat/pruned1_epoch100_r80/init_pure/pruned_lr0.05_mask_r80.npy
Log will be saved in ./trained_models_new/cifar/vgg16/nat/pruned1_epoch100_r80/init_pure/init_enhance_m0.05_warmup0.1.log
Random seed is: 7

model loading from ./trained_models_new/cifar/vgg16/init/pure_vgg16_init.pth
Epoch [0/100]
learning rate: 0.010000000000000002
Batch [0/704] training loss = 2.2821, training acc = 0.14
Batch [200/704] training loss = 1.4941, training acc = 0.47
Batch [400/704] training loss = 1.4630, training acc = 0.50
Batch [600/704] training loss = 0.9208, training acc = 0.70
Valid Test with nat
Test accuracy: 49.02% (2451/5000), Test loss:1.4981
Best model so far saved in ./trained_models_new/cifar/vgg16/nat/pruned1_epoch100_r80/init_pure/init_enhance_m0.05_warmup0.1.pth
Test on test set:
Test accuracy: 45.20% (4520/10000), Test loss:1.6361
Epoch [1/100], Passed time:[115.677/115.677]
learning rate: 0.020000000000000004
Batch [0/704] training loss = 1.0649, training acc = 0.59
Batch [200/704] training loss = 1.1265, training acc = 0.58
Batch [400/704] training loss = 0.7656, training acc = 0.70
Batch [600/704] training loss = 1.0629, training acc = 0.67
Valid Test with nat
Test accuracy: 71.74% (3587/5000), Test loss:0.8224
Best model so far saved in ./trained_models_new/cifar/vgg16/nat/pruned1_epoch100_r80/init_pure/init_enhance_m0.05_warmup0.1.pth
Test on test set:
Test accuracy: 71.76% (7176/10000), Test loss:0.8189
Epoch [2/100], Passed time:[115.819/231.639]
learning rate: 0.030000000000000006
Batch [0/704] training loss = 0.6716, training acc = 0.77
Batch [200/704] training loss = 0.7342, training acc = 0.73
Batch [400/704] training loss = 0.8719, training acc = 0.75
Batch [600/704] training loss = 0.7339, training acc = 0.75
Valid Test with nat
Test accuracy: 73.94% (3697/5000), Test loss:0.7844
Best model so far saved in ./trained_models_new/cifar/vgg16/nat/pruned1_epoch100_r80/init_pure/init_enhance_m0.05_warmup0.1.pth
Test on test set:
Test accuracy: 73.26% (7326/10000), Test loss:0.8023
Epoch [3/100], Passed time:[116.059/348.177]
learning rate: 0.04000000000000001
Batch [0/704] training loss = 0.7348, training acc = 0.72
Batch [200/704] training loss = 0.8184, training acc = 0.72
Batch [400/704] training loss = 0.8779, training acc = 0.69
Batch [600/704] training loss = 0.8326, training acc = 0.67
Valid Test with nat
Test accuracy: 74.82% (3741/5000), Test loss:0.7688
Best model so far saved in ./trained_models_new/cifar/vgg16/nat/pruned1_epoch100_r80/init_pure/init_enhance_m0.05_warmup0.1.pth
Test on test set:
Test accuracy: 73.97% (7397/10000), Test loss:0.7710
Epoch [4/100], Passed time:[115.981/463.923]
learning rate: 0.05
Batch [0/704] training loss = 0.6454, training acc = 0.78
Batch [200/704] training loss = 0.4626, training acc = 0.83
Batch [400/704] training loss = 0.8405, training acc = 0.75
Batch [600/704] training loss = 0.8998, training acc = 0.69
Valid Test with nat
Test accuracy: 75.36% (3768/5000), Test loss:0.7493
Best model so far saved in ./trained_models_new/cifar/vgg16/nat/pruned1_epoch100_r80/init_pure/init_enhance_m0.05_warmup0.1.pth
Test on test set:
Test accuracy: 78.47% (7847/10000), Test loss:0.6466
Epoch [5/100], Passed time:[116.099/580.497]
learning rate: 0.06000000000000001
Batch [0/704] training loss = 0.4732, training acc = 0.83
Batch [200/704] training loss = 0.7944, training acc = 0.69
Batch [400/704] training loss = 0.6476, training acc = 0.81
Batch [600/704] training loss = 0.6336, training acc = 0.77
Valid Test with nat
Test accuracy: 77.68% (3884/5000), Test loss:0.6640
Best model so far saved in ./trained_models_new/cifar/vgg16/nat/pruned1_epoch100_r80/init_pure/init_enhance_m0.05_warmup0.1.pth
Test on test set:
Test accuracy: 76.68% (7668/10000), Test loss:0.6933
Epoch [6/100], Passed time:[116.607/699.643]
learning rate: 0.07
Batch [0/704] training loss = 0.5314, training acc = 0.81
Batch [200/704] training loss = 0.7500, training acc = 0.78
Batch [400/704] training loss = 0.5452, training acc = 0.78
Batch [600/704] training loss = 0.8220, training acc = 0.73
Valid Test with nat
Test accuracy: 74.26% (3713/5000), Test loss:0.7738
Epoch [7/100], Passed time:[116.021/812.146]
learning rate: 0.08000000000000002
Batch [0/704] training loss = 0.6710, training acc = 0.78
Batch [200/704] training loss = 0.4843, training acc = 0.80
Batch [400/704] training loss = 0.4561, training acc = 0.81
Batch [600/704] training loss = 0.7122, training acc = 0.73
Valid Test with nat
Test accuracy: 75.28% (3764/5000), Test loss:0.7701
Epoch [8/100], Passed time:[115.723/925.785]
learning rate: 0.09000000000000001
Batch [0/704] training loss = 0.6266, training acc = 0.77
Batch [200/704] training loss = 0.6448, training acc = 0.70
Batch [400/704] training loss = 0.4873, training acc = 0.83
Batch [600/704] training loss = 0.4943, training acc = 0.86
Valid Test with nat
Test accuracy: 81.98% (4099/5000), Test loss:0.5500
Best model so far saved in ./trained_models_new/cifar/vgg16/nat/pruned1_epoch100_r80/init_pure/init_enhance_m0.05_warmup0.1.pth
Test on test set:
Test accuracy: 82.56% (8256/10000), Test loss:0.5286
Epoch [9/100], Passed time:[116.112/1045.005]
learning rate: 0.1
Batch [0/704] training loss = 0.5025, training acc = 0.84
Batch [200/704] training loss = 0.7062, training acc = 0.78
Batch [400/704] training loss = 0.4981, training acc = 0.81
Batch [600/704] training loss = 0.5368, training acc = 0.84
Valid Test with nat
Test accuracy: 79.12% (3956/5000), Test loss:0.6190
Epoch [10/100], Passed time:[115.931/1159.311]
learning rate: 0.1
Batch [0/704] training loss = 0.3579, training acc = 0.89
Batch [200/704] training loss = 0.5316, training acc = 0.81
Batch [400/704] training loss = 0.6887, training acc = 0.77
Batch [600/704] training loss = 0.6054, training acc = 0.81
Valid Test with nat
Test accuracy: 83.92% (4196/5000), Test loss:0.4905
Best model so far saved in ./trained_models_new/cifar/vgg16/nat/pruned1_epoch100_r80/init_pure/init_enhance_m0.05_warmup0.1.pth
Test on test set:
Test accuracy: 83.35% (8335/10000), Test loss:0.4907
Epoch [11/100], Passed time:[116.049/1276.542]
learning rate: 0.1
Batch [0/704] training loss = 0.4826, training acc = 0.83
Batch [200/704] training loss = 0.4718, training acc = 0.89
Batch [400/704] training loss = 0.4856, training acc = 0.88
Batch [600/704] training loss = 0.3832, training acc = 0.88
Valid Test with nat
Test accuracy: 80.02% (4001/5000), Test loss:0.6043
Epoch [12/100], Passed time:[115.833/1389.997]
learning rate: 0.1
Batch [0/704] training loss = 0.4057, training acc = 0.83
Batch [200/704] training loss = 0.6980, training acc = 0.78
Batch [400/704] training loss = 0.3988, training acc = 0.86
Batch [600/704] training loss = 0.5192, training acc = 0.83
Valid Test with nat
Test accuracy: 80.10% (4005/5000), Test loss:0.6101
Epoch [13/100], Passed time:[115.599/1502.785]
learning rate: 0.1
Batch [0/704] training loss = 0.4852, training acc = 0.86
Batch [200/704] training loss = 0.4105, training acc = 0.88
Batch [400/704] training loss = 0.5181, training acc = 0.80
Batch [600/704] training loss = 0.4505, training acc = 0.84
Valid Test with nat
Test accuracy: 82.96% (4148/5000), Test loss:0.5053
Epoch [14/100], Passed time:[115.513/1617.179]
learning rate: 0.1
Batch [0/704] training loss = 0.4577, training acc = 0.86
Batch [200/704] training loss = 0.5834, training acc = 0.81
Batch [400/704] training loss = 0.4503, training acc = 0.86
Batch [600/704] training loss = 0.5855, training acc = 0.75
Valid Test with nat
Test accuracy: 82.30% (4115/5000), Test loss:0.5275
Epoch [15/100], Passed time:[115.419/1731.279]
learning rate: 0.1
Batch [0/704] training loss = 0.3862, training acc = 0.84
Batch [200/704] training loss = 0.3518, training acc = 0.86
Batch [400/704] training loss = 0.4178, training acc = 0.88
Batch [600/704] training loss = 0.4302, training acc = 0.86
Valid Test with nat
Test accuracy: 83.28% (4164/5000), Test loss:0.5004
Epoch [16/100], Passed time:[115.299/1844.778]
learning rate: 0.1
Batch [0/704] training loss = 0.5939, training acc = 0.78
Batch [200/704] training loss = 0.6334, training acc = 0.77
Batch [400/704] training loss = 0.3769, training acc = 0.88
Batch [600/704] training loss = 0.5359, training acc = 0.86
Valid Test with nat
Test accuracy: 81.26% (4063/5000), Test loss:0.5749
Epoch [17/100], Passed time:[115.162/1957.751]
learning rate: 0.1
Batch [0/704] training loss = 0.4100, training acc = 0.86
Batch [200/704] training loss = 0.3127, training acc = 0.86
Batch [400/704] training loss = 0.2893, training acc = 0.91
Batch [600/704] training loss = 0.4550, training acc = 0.86
Valid Test with nat
Test accuracy: 82.56% (4128/5000), Test loss:0.5352
Epoch [18/100], Passed time:[115.065/2071.163]
learning rate: 0.1
Batch [0/704] training loss = 0.3641, training acc = 0.91
Batch [200/704] training loss = 0.3992, training acc = 0.84
Batch [400/704] training loss = 0.3084, training acc = 0.92
Batch [600/704] training loss = 0.7831, training acc = 0.77
Valid Test with nat
Test accuracy: 83.30% (4165/5000), Test loss:0.5301
Epoch [19/100], Passed time:[115.018/2185.335]
learning rate: 0.1
Batch [0/704] training loss = 0.3413, training acc = 0.88
Batch [200/704] training loss = 0.5323, training acc = 0.83
Batch [400/704] training loss = 0.3727, training acc = 0.88
Batch [600/704] training loss = 0.4333, training acc = 0.81
Valid Test with nat
Test accuracy: 80.80% (4040/5000), Test loss:0.6264
Epoch [20/100], Passed time:[115.070/2301.393]
learning rate: 0.1
Batch [0/704] training loss = 0.3912, training acc = 0.86
Batch [200/704] training loss = 0.4055, training acc = 0.83
Batch [400/704] training loss = 0.4638, training acc = 0.81
Batch [600/704] training loss = 0.5111, training acc = 0.84
Valid Test with nat
Test accuracy: 83.42% (4171/5000), Test loss:0.5094
Epoch [21/100], Passed time:[114.987/2414.731]
learning rate: 0.1
Batch [0/704] training loss = 0.3097, training acc = 0.91
Batch [200/704] training loss = 0.4768, training acc = 0.81
Batch [400/704] training loss = 0.4835, training acc = 0.89
Batch [600/704] training loss = 0.4177, training acc = 0.84
Valid Test with nat
Test accuracy: 84.54% (4227/5000), Test loss:0.4963
Epoch [22/100], Passed time:[114.946/2528.814]
learning rate: 0.1
Batch [0/704] training loss = 0.3066, training acc = 0.89
Batch [200/704] training loss = 0.4097, training acc = 0.88
Batch [400/704] training loss = 0.3765, training acc = 0.83
Batch [600/704] training loss = 0.3740, training acc = 0.88
Valid Test with nat
Test accuracy: 85.02% (4251/5000), Test loss:0.4714
Best model so far saved in ./trained_models_new/cifar/vgg16/nat/pruned1_epoch100_r80/init_pure/init_enhance_m0.05_warmup0.1.pth
Test on test set:
Test accuracy: 83.71% (8371/10000), Test loss:0.4832
Epoch [23/100], Passed time:[115.055/2646.259]
learning rate: 0.1
Batch [0/704] training loss = 0.2116, training acc = 0.92
Batch [200/704] training loss = 0.4095, training acc = 0.88
Batch [400/704] training loss = 0.4237, training acc = 0.89
Batch [600/704] training loss = 0.4925, training acc = 0.83
Valid Test with nat
Test accuracy: 84.50% (4225/5000), Test loss:0.4848
Epoch [24/100], Passed time:[114.981/2759.533]
learning rate: 0.1
Batch [0/704] training loss = 0.4120, training acc = 0.86
Batch [200/704] training loss = 0.2535, training acc = 0.89
Batch [400/704] training loss = 0.5191, training acc = 0.84
Batch [600/704] training loss = 0.3935, training acc = 0.84
Valid Test with nat
Test accuracy: 85.98% (4299/5000), Test loss:0.4280
Best model so far saved in ./trained_models_new/cifar/vgg16/nat/pruned1_epoch100_r80/init_pure/init_enhance_m0.05_warmup0.1.pth
Test on test set:
Test accuracy: 85.87% (8587/10000), Test loss:0.4228
Epoch [25/100], Passed time:[114.983/2874.570]
learning rate: 0.1
Batch [0/704] training loss = 0.3219, training acc = 0.89
Batch [200/704] training loss = 0.3608, training acc = 0.89
Batch [400/704] training loss = 0.4461, training acc = 0.86
Batch [600/704] training loss = 0.3714, training acc = 0.88
Valid Test with nat
Test accuracy: 85.28% (4264/5000), Test loss:0.4440
Epoch [26/100], Passed time:[114.960/2988.973]
learning rate: 0.1
Batch [0/704] training loss = 0.2582, training acc = 0.92
Batch [200/704] training loss = 0.2775, training acc = 0.89
Batch [400/704] training loss = 0.4242, training acc = 0.88
Batch [600/704] training loss = 0.3869, training acc = 0.88
Valid Test with nat
Test accuracy: 85.64% (4282/5000), Test loss:0.4570
Epoch [27/100], Passed time:[114.968/3104.132]
learning rate: 0.1
Batch [0/704] training loss = 0.3898, training acc = 0.86
Batch [200/704] training loss = 0.3064, training acc = 0.86
Batch [400/704] training loss = 0.3789, training acc = 0.91
Batch [600/704] training loss = 0.4540, training acc = 0.88
Valid Test with nat
Test accuracy: 85.12% (4256/5000), Test loss:0.4533
Epoch [28/100], Passed time:[114.826/3215.141]
learning rate: 0.1
Batch [0/704] training loss = 0.4312, training acc = 0.89
Batch [200/704] training loss = 0.3933, training acc = 0.91
Batch [400/704] training loss = 0.3185, training acc = 0.91
Batch [600/704] training loss = 0.4085, training acc = 0.89
Valid Test with nat
Test accuracy: 86.58% (4329/5000), Test loss:0.4276
Best model so far saved in ./trained_models_new/cifar/vgg16/nat/pruned1_epoch100_r80/init_pure/init_enhance_m0.05_warmup0.1.pth
Test on test set:
Test accuracy: 85.85% (8585/10000), Test loss:0.4268
Epoch [29/100], Passed time:[114.907/3332.307]
learning rate: 0.1
Batch [0/704] training loss = 0.2831, training acc = 0.92
Batch [200/704] training loss = 0.4050, training acc = 0.84
Batch [400/704] training loss = 0.3937, training acc = 0.91
Batch [600/704] training loss = 0.4204, training acc = 0.88
Valid Test with nat
Test accuracy: 84.54% (4227/5000), Test loss:0.5013
Epoch [30/100], Passed time:[114.966/3448.969]
learning rate: 0.1
Batch [0/704] training loss = 0.4248, training acc = 0.86
Batch [200/704] training loss = 0.2963, training acc = 0.88
Batch [400/704] training loss = 0.4718, training acc = 0.86
Batch [600/704] training loss = 0.4631, training acc = 0.86
Valid Test with nat
Test accuracy: 85.90% (4295/5000), Test loss:0.4400
Epoch [31/100], Passed time:[114.890/3561.582]
learning rate: 0.1
Batch [0/704] training loss = 0.4515, training acc = 0.81
Batch [200/704] training loss = 0.6262, training acc = 0.81
Batch [400/704] training loss = 0.3138, training acc = 0.91
Batch [600/704] training loss = 0.4056, training acc = 0.86
Valid Test with nat
Test accuracy: 82.48% (4124/5000), Test loss:0.5592
Epoch [32/100], Passed time:[114.823/3674.351]
learning rate: 0.1
Batch [0/704] training loss = 0.4561, training acc = 0.86
Batch [200/704] training loss = 0.2563, training acc = 0.92
Batch [400/704] training loss = 0.5860, training acc = 0.81
Batch [600/704] training loss = 0.3213, training acc = 0.89
Valid Test with nat
Test accuracy: 83.06% (4153/5000), Test loss:0.5140
Epoch [33/100], Passed time:[114.827/3789.289]
learning rate: 0.1
Batch [0/704] training loss = 0.5465, training acc = 0.80
Batch [200/704] training loss = 0.3536, training acc = 0.88
Batch [400/704] training loss = 0.4397, training acc = 0.88
Batch [600/704] training loss = 0.3883, training acc = 0.83
Valid Test with nat
Test accuracy: 77.74% (3887/5000), Test loss:0.7295
Epoch [34/100], Passed time:[114.769/3902.140]
learning rate: 0.1
Batch [0/704] training loss = 0.5327, training acc = 0.86
Batch [200/704] training loss = 0.3711, training acc = 0.91
Batch [400/704] training loss = 0.3583, training acc = 0.88
Batch [600/704] training loss = 0.3421, training acc = 0.86
Valid Test with nat
Test accuracy: 83.76% (4188/5000), Test loss:0.4980
Epoch [35/100], Passed time:[114.772/4017.030]
learning rate: 0.1
Batch [0/704] training loss = 0.4727, training acc = 0.80
Batch [200/704] training loss = 0.2703, training acc = 0.92
Batch [400/704] training loss = 0.3696, training acc = 0.91
Batch [600/704] training loss = 0.3458, training acc = 0.88
Valid Test with nat
Test accuracy: 86.98% (4349/5000), Test loss:0.4153
Best model so far saved in ./trained_models_new/cifar/vgg16/nat/pruned1_epoch100_r80/init_pure/init_enhance_m0.05_warmup0.1.pth
Test on test set:
Test accuracy: 86.32% (8632/10000), Test loss:0.4237
Epoch [36/100], Passed time:[114.838/4134.161]
learning rate: 0.1
Batch [0/704] training loss = 0.2981, training acc = 0.91
Batch [200/704] training loss = 0.4263, training acc = 0.83
Batch [400/704] training loss = 0.4359, training acc = 0.88
Batch [600/704] training loss = 0.2948, training acc = 0.88
Valid Test with nat
Test accuracy: 83.66% (4183/5000), Test loss:0.5047
Epoch [37/100], Passed time:[114.770/4246.481]
learning rate: 0.1
Batch [0/704] training loss = 0.6442, training acc = 0.81
Batch [200/704] training loss = 0.3805, training acc = 0.86
Batch [400/704] training loss = 0.3753, training acc = 0.92
Batch [600/704] training loss = 0.3318, training acc = 0.89
Valid Test with nat
Test accuracy: 83.84% (4192/5000), Test loss:0.5164
Epoch [38/100], Passed time:[114.795/4362.202]
learning rate: 0.1
Batch [0/704] training loss = 0.3948, training acc = 0.83
Batch [200/704] training loss = 0.4240, training acc = 0.84
Batch [400/704] training loss = 0.3639, training acc = 0.91
Batch [600/704] training loss = 0.5919, training acc = 0.83
Valid Test with nat
Test accuracy: 85.68% (4284/5000), Test loss:0.4556
Epoch [39/100], Passed time:[114.617/4470.063]
learning rate: 0.1
Batch [0/704] training loss = 0.3364, training acc = 0.89
Batch [200/704] training loss = 0.1976, training acc = 0.95
Batch [400/704] training loss = 0.6156, training acc = 0.77
Batch [600/704] training loss = 0.3798, training acc = 0.84
Valid Test with nat
Test accuracy: 85.32% (4266/5000), Test loss:0.4664
Epoch [40/100], Passed time:[114.603/4584.134]
learning rate: 0.1
Batch [0/704] training loss = 0.4385, training acc = 0.84
Batch [200/704] training loss = 0.3166, training acc = 0.89
Batch [400/704] training loss = 0.3065, training acc = 0.89
Batch [600/704] training loss = 0.2077, training acc = 0.91
Valid Test with nat
Test accuracy: 84.64% (4232/5000), Test loss:0.5009
Epoch [41/100], Passed time:[114.599/4698.546]
learning rate: 0.1
Batch [0/704] training loss = 0.3099, training acc = 0.89
Batch [200/704] training loss = 0.3000, training acc = 0.89
Batch [400/704] training loss = 0.2925, training acc = 0.89
Batch [600/704] training loss = 0.3370, training acc = 0.89
Valid Test with nat
Test accuracy: 85.84% (4292/5000), Test loss:0.4597
Epoch [42/100], Passed time:[114.568/4811.874]
learning rate: 0.1
Batch [0/704] training loss = 0.3824, training acc = 0.86
Batch [200/704] training loss = 0.4868, training acc = 0.84
Batch [400/704] training loss = 0.3168, training acc = 0.91
Batch [600/704] training loss = 0.5562, training acc = 0.81
Valid Test with nat
Test accuracy: 85.44% (4272/5000), Test loss:0.4601
Epoch [43/100], Passed time:[114.537/4925.086]
learning rate: 0.1
Batch [0/704] training loss = 0.3325, training acc = 0.89
Batch [200/704] training loss = 0.5965, training acc = 0.78
Batch [400/704] training loss = 0.2622, training acc = 0.89
Batch [600/704] training loss = 0.3433, training acc = 0.88
Valid Test with nat
Test accuracy: 86.44% (4322/5000), Test loss:0.4111
Best model so far saved in ./trained_models_new/cifar/vgg16/nat/pruned1_epoch100_r80/init_pure/init_enhance_m0.05_warmup0.1.pth
Test on test set:
Test accuracy: 86.56% (8656/10000), Test loss:0.4098
Epoch [44/100], Passed time:[114.633/5043.830]
learning rate: 0.1
Batch [0/704] training loss = 0.3900, training acc = 0.88
Batch [200/704] training loss = 0.5026, training acc = 0.77
Batch [400/704] training loss = 0.2423, training acc = 0.92
Batch [600/704] training loss = 0.3815, training acc = 0.91
Valid Test with nat
Test accuracy: 82.74% (4137/5000), Test loss:0.5199
Epoch [45/100], Passed time:[114.616/5157.698]
learning rate: 0.1
Batch [0/704] training loss = 0.3269, training acc = 0.88
Batch [200/704] training loss = 0.3463, training acc = 0.89
Batch [400/704] training loss = 0.1365, training acc = 0.97
Batch [600/704] training loss = 0.5136, training acc = 0.84
Valid Test with nat
Test accuracy: 86.44% (4322/5000), Test loss:0.4152
Epoch [46/100], Passed time:[114.596/5271.433]
learning rate: 0.1
Batch [0/704] training loss = 0.5474, training acc = 0.81
Batch [200/704] training loss = 0.2487, training acc = 0.92
Batch [400/704] training loss = 0.2539, training acc = 0.91
Batch [600/704] training loss = 0.4106, training acc = 0.83
Valid Test with nat
Test accuracy: 86.02% (4301/5000), Test loss:0.4356
Epoch [47/100], Passed time:[114.607/5386.531]
learning rate: 0.1
Batch [0/704] training loss = 0.4287, training acc = 0.84
Batch [200/704] training loss = 0.2139, training acc = 0.94
Batch [400/704] training loss = 0.6458, training acc = 0.77
Batch [600/704] training loss = 0.3133, training acc = 0.89
Valid Test with nat
Test accuracy: 86.06% (4303/5000), Test loss:0.4398
Epoch [48/100], Passed time:[114.591/5500.373]
learning rate: 0.1
Batch [0/704] training loss = 0.2144, training acc = 0.92
Batch [200/704] training loss = 0.4779, training acc = 0.80
Batch [400/704] training loss = 0.3831, training acc = 0.89
Batch [600/704] training loss = 0.4056, training acc = 0.86
Valid Test with nat
Test accuracy: 86.78% (4339/5000), Test loss:0.4158
Epoch [49/100], Passed time:[114.562/5613.551]
learning rate: 0.1
Batch [0/704] training loss = 0.1474, training acc = 0.97
Batch [200/704] training loss = 0.2055, training acc = 0.94
Batch [400/704] training loss = 0.3975, training acc = 0.86
Batch [600/704] training loss = 0.2165, training acc = 0.95
Valid Test with nat
Test accuracy: 83.34% (4167/5000), Test loss:0.5368
Epoch [50/100], Passed time:[114.541/5727.044]
learning rate: 0.010000000000000002
Batch [0/704] training loss = 0.3160, training acc = 0.86
Batch [200/704] training loss = 0.2026, training acc = 0.94
Batch [400/704] training loss = 0.2764, training acc = 0.91
Batch [600/704] training loss = 0.3771, training acc = 0.86
Valid Test with nat
Test accuracy: 90.50% (4525/5000), Test loss:0.2956
Best model so far saved in ./trained_models_new/cifar/vgg16/nat/pruned1_epoch100_r80/init_pure/init_enhance_m0.05_warmup0.1.pth
Test on test set:
Test accuracy: 90.16% (9016/10000), Test loss:0.2981
Epoch [51/100], Passed time:[114.630/5846.129]
learning rate: 0.010000000000000002
Batch [0/704] training loss = 0.2283, training acc = 0.92
Batch [200/704] training loss = 0.2464, training acc = 0.91
Batch [400/704] training loss = 0.0983, training acc = 0.97
Batch [600/704] training loss = 0.1858, training acc = 0.91
Valid Test with nat
Test accuracy: 91.18% (4559/5000), Test loss:0.2862
Best model so far saved in ./trained_models_new/cifar/vgg16/nat/pruned1_epoch100_r80/init_pure/init_enhance_m0.05_warmup0.1.pth
Test on test set:
Test accuracy: 90.70% (9070/10000), Test loss:0.2851
Epoch [52/100], Passed time:[114.675/5963.104]
learning rate: 0.010000000000000002
Batch [0/704] training loss = 0.1671, training acc = 0.95
Batch [200/704] training loss = 0.1750, training acc = 0.92
Batch [400/704] training loss = 0.1446, training acc = 0.95
Batch [600/704] training loss = 0.0735, training acc = 0.98
Valid Test with nat
Test accuracy: 91.60% (4580/5000), Test loss:0.2826
Best model so far saved in ./trained_models_new/cifar/vgg16/nat/pruned1_epoch100_r80/init_pure/init_enhance_m0.05_warmup0.1.pth
Test on test set:
Test accuracy: 90.87% (9087/10000), Test loss:0.2850
Epoch [53/100], Passed time:[114.742/6081.305]
learning rate: 0.010000000000000002
Batch [0/704] training loss = 0.1303, training acc = 0.98
Batch [200/704] training loss = 0.2271, training acc = 0.92
Batch [400/704] training loss = 0.0814, training acc = 0.95
Batch [600/704] training loss = 0.1316, training acc = 0.95
Valid Test with nat
Test accuracy: 91.92% (4596/5000), Test loss:0.2739
Best model so far saved in ./trained_models_new/cifar/vgg16/nat/pruned1_epoch100_r80/init_pure/init_enhance_m0.05_warmup0.1.pth
Test on test set:
Test accuracy: 90.61% (9061/10000), Test loss:0.2896
Epoch [54/100], Passed time:[114.800/6199.185]
learning rate: 0.010000000000000002
Batch [0/704] training loss = 0.1744, training acc = 0.94
Batch [200/704] training loss = 0.1291, training acc = 0.97
Batch [400/704] training loss = 0.1298, training acc = 0.95
Batch [600/704] training loss = 0.2608, training acc = 0.89
Valid Test with nat
Test accuracy: 91.52% (4576/5000), Test loss:0.2792
Epoch [55/100], Passed time:[114.782/6313.032]
learning rate: 0.010000000000000002
Batch [0/704] training loss = 0.2184, training acc = 0.97
Batch [200/704] training loss = 0.1140, training acc = 0.95
Batch [400/704] training loss = 0.1203, training acc = 0.97
Batch [600/704] training loss = 0.1163, training acc = 0.94
Valid Test with nat
Test accuracy: 91.54% (4577/5000), Test loss:0.2803
Epoch [56/100], Passed time:[114.758/6426.449]
learning rate: 0.010000000000000002
Batch [0/704] training loss = 0.2639, training acc = 0.91
Batch [200/704] training loss = 0.1265, training acc = 0.95
Batch [400/704] training loss = 0.1423, training acc = 0.94
Batch [600/704] training loss = 0.0404, training acc = 0.98
Valid Test with nat
Test accuracy: 91.24% (4562/5000), Test loss:0.2792
Epoch [57/100], Passed time:[114.713/6538.651]
learning rate: 0.010000000000000002
Batch [0/704] training loss = 0.1090, training acc = 0.95
Batch [200/704] training loss = 0.0346, training acc = 1.00
Batch [400/704] training loss = 0.1601, training acc = 0.97
Batch [600/704] training loss = 0.2885, training acc = 0.92
Valid Test with nat
Test accuracy: 91.72% (4586/5000), Test loss:0.2764
Epoch [58/100], Passed time:[114.638/6649.002]
learning rate: 0.010000000000000002
Batch [0/704] training loss = 0.1515, training acc = 0.94
Batch [200/704] training loss = 0.1163, training acc = 0.95
Batch [400/704] training loss = 0.1284, training acc = 0.98
Batch [600/704] training loss = 0.1235, training acc = 0.97
Valid Test with nat
Test accuracy: 91.60% (4580/5000), Test loss:0.2945
Epoch [59/100], Passed time:[114.607/6761.793]
learning rate: 0.010000000000000002
Batch [0/704] training loss = 0.2737, training acc = 0.91
Batch [200/704] training loss = 0.0814, training acc = 0.98
Batch [400/704] training loss = 0.1125, training acc = 0.97
Batch [600/704] training loss = 0.0795, training acc = 0.98
Valid Test with nat
Test accuracy: 91.52% (4576/5000), Test loss:0.2827
Epoch [60/100], Passed time:[114.676/6880.543]
learning rate: 0.010000000000000002
Batch [0/704] training loss = 0.1221, training acc = 0.95
Batch [200/704] training loss = 0.0842, training acc = 0.95
Batch [400/704] training loss = 0.1865, training acc = 0.88
Batch [600/704] training loss = 0.1231, training acc = 0.95
Valid Test with nat
Test accuracy: 91.46% (4573/5000), Test loss:0.2809
Epoch [61/100], Passed time:[114.664/6994.476]
learning rate: 0.010000000000000002
Batch [0/704] training loss = 0.1885, training acc = 0.95
Batch [200/704] training loss = 0.1324, training acc = 0.95
Batch [400/704] training loss = 0.0557, training acc = 0.98
Batch [600/704] training loss = 0.1543, training acc = 0.91
Valid Test with nat
Test accuracy: 91.98% (4599/5000), Test loss:0.2757
Epoch [62/100], Passed time:[114.718/7112.525]
learning rate: 0.010000000000000002
Batch [0/704] training loss = 0.1507, training acc = 0.97
Batch [200/704] training loss = 0.1728, training acc = 0.95
Batch [400/704] training loss = 0.0842, training acc = 0.98
Batch [600/704] training loss = 0.2212, training acc = 0.91
Valid Test with nat
Test accuracy: 91.58% (4579/5000), Test loss:0.3022
Epoch [63/100], Passed time:[114.754/7229.495]
learning rate: 0.010000000000000002
Batch [0/704] training loss = 0.0583, training acc = 0.98
Batch [200/704] training loss = 0.0666, training acc = 0.98
Batch [400/704] training loss = 0.1773, training acc = 0.95
Batch [600/704] training loss = 0.2016, training acc = 0.92
Valid Test with nat
Test accuracy: 91.88% (4594/5000), Test loss:0.2779
Epoch [64/100], Passed time:[114.771/7345.316]
learning rate: 0.010000000000000002
Batch [0/704] training loss = 0.1470, training acc = 0.95
Batch [200/704] training loss = 0.0890, training acc = 0.95
Batch [400/704] training loss = 0.0940, training acc = 0.97
Batch [600/704] training loss = 0.1068, training acc = 0.97
Valid Test with nat
Test accuracy: 91.52% (4576/5000), Test loss:0.2782
Epoch [65/100], Passed time:[114.793/7461.535]
learning rate: 0.010000000000000002
Batch [0/704] training loss = 0.0321, training acc = 0.98
Batch [200/704] training loss = 0.1027, training acc = 0.97
Batch [400/704] training loss = 0.0682, training acc = 0.98
Batch [600/704] training loss = 0.2062, training acc = 0.91
Valid Test with nat
Test accuracy: 92.08% (4604/5000), Test loss:0.2786
Epoch [66/100], Passed time:[114.868/7581.295]
learning rate: 0.010000000000000002
Batch [0/704] training loss = 0.1301, training acc = 0.95
Batch [200/704] training loss = 0.0582, training acc = 0.98
Batch [400/704] training loss = 0.0712, training acc = 0.97
Batch [600/704] training loss = 0.0547, training acc = 0.98
Valid Test with nat
Test accuracy: 92.28% (4614/5000), Test loss:0.2777
Epoch [67/100], Passed time:[114.863/7695.788]
learning rate: 0.010000000000000002
Batch [0/704] training loss = 0.0990, training acc = 0.95
Batch [200/704] training loss = 0.1825, training acc = 0.91
Batch [400/704] training loss = 0.2653, training acc = 0.91
Batch [600/704] training loss = 0.0379, training acc = 1.00
Valid Test with nat
Test accuracy: 91.96% (4598/5000), Test loss:0.2895
Epoch [68/100], Passed time:[114.858/7810.357]
learning rate: 0.010000000000000002
Batch [0/704] training loss = 0.2719, training acc = 0.91
Batch [200/704] training loss = 0.0752, training acc = 0.98
Batch [400/704] training loss = 0.0757, training acc = 0.97
Batch [600/704] training loss = 0.1297, training acc = 0.94
Valid Test with nat
Test accuracy: 91.46% (4573/5000), Test loss:0.2918
Epoch [69/100], Passed time:[114.875/7926.366]
learning rate: 0.010000000000000002
Batch [0/704] training loss = 0.0890, training acc = 0.97
Batch [200/704] training loss = 0.1308, training acc = 0.97
Batch [400/704] training loss = 0.1583, training acc = 0.94
Batch [600/704] training loss = 0.0485, training acc = 0.98
Valid Test with nat
Test accuracy: 91.46% (4573/5000), Test loss:0.3127
Epoch [70/100], Passed time:[114.937/8045.597]
learning rate: 0.010000000000000002
Batch [0/704] training loss = 0.1345, training acc = 0.94
Batch [200/704] training loss = 0.1515, training acc = 0.94
Batch [400/704] training loss = 0.0533, training acc = 0.98
Batch [600/704] training loss = 0.0756, training acc = 0.97
Valid Test with nat
Test accuracy: 91.64% (4582/5000), Test loss:0.2890
Epoch [71/100], Passed time:[114.973/8163.058]
learning rate: 0.010000000000000002
Batch [0/704] training loss = 0.0506, training acc = 0.98
Batch [200/704] training loss = 0.2230, training acc = 0.92
Batch [400/704] training loss = 0.0717, training acc = 0.98
Batch [600/704] training loss = 0.0414, training acc = 1.00
Valid Test with nat
Test accuracy: 91.56% (4578/5000), Test loss:0.3073
Epoch [72/100], Passed time:[115.014/8281.007]
learning rate: 0.010000000000000002
Batch [0/704] training loss = 0.0844, training acc = 0.95
Batch [200/704] training loss = 0.1676, training acc = 0.95
Batch [400/704] training loss = 0.1968, training acc = 0.94
Batch [600/704] training loss = 0.1173, training acc = 0.97
Valid Test with nat
Test accuracy: 91.94% (4597/5000), Test loss:0.2914
Epoch [73/100], Passed time:[115.009/8395.629]
learning rate: 0.010000000000000002
Batch [0/704] training loss = 0.0816, training acc = 0.98
Batch [200/704] training loss = 0.1176, training acc = 0.97
Batch [400/704] training loss = 0.1594, training acc = 0.94
Batch [600/704] training loss = 0.0598, training acc = 0.98
Valid Test with nat
Test accuracy: 91.44% (4572/5000), Test loss:0.3063
Epoch [74/100], Passed time:[115.069/8515.138]
learning rate: 0.010000000000000002
Batch [0/704] training loss = 0.0909, training acc = 0.97
Batch [200/704] training loss = 0.0996, training acc = 0.98
Batch [400/704] training loss = 0.0830, training acc = 0.98
Batch [600/704] training loss = 0.0387, training acc = 0.98
Valid Test with nat
Test accuracy: 91.66% (4583/5000), Test loss:0.3129
Epoch [75/100], Passed time:[115.074/8630.525]
learning rate: 0.0010000000000000002
Batch [0/704] training loss = 0.0650, training acc = 0.95
Batch [200/704] training loss = 0.1534, training acc = 0.94
Batch [400/704] training loss = 0.0773, training acc = 0.97
Batch [600/704] training loss = 0.0955, training acc = 0.95
Valid Test with nat
Test accuracy: 92.04% (4602/5000), Test loss:0.2811
Epoch [76/100], Passed time:[115.125/8749.522]
learning rate: 0.0010000000000000002
Batch [0/704] training loss = 0.2554, training acc = 0.91
Batch [200/704] training loss = 0.0836, training acc = 0.97
Batch [400/704] training loss = 0.0927, training acc = 0.97
Batch [600/704] training loss = 0.0570, training acc = 0.97
Valid Test with nat
Test accuracy: 92.24% (4612/5000), Test loss:0.2937
Epoch [77/100], Passed time:[115.159/8867.240]
learning rate: 0.0010000000000000002
Batch [0/704] training loss = 0.0448, training acc = 0.98
Batch [200/704] training loss = 0.0924, training acc = 0.97
Batch [400/704] training loss = 0.0606, training acc = 0.98
Batch [600/704] training loss = 0.0835, training acc = 0.97
Valid Test with nat
Test accuracy: 92.16% (4608/5000), Test loss:0.2875
Epoch [78/100], Passed time:[115.185/8984.420]
learning rate: 0.0010000000000000002
Batch [0/704] training loss = 0.0676, training acc = 0.97
Batch [200/704] training loss = 0.1454, training acc = 0.97
Batch [400/704] training loss = 0.1533, training acc = 0.97
Batch [600/704] training loss = 0.0398, training acc = 0.98
Valid Test with nat
Test accuracy: 92.12% (4606/5000), Test loss:0.2867
Epoch [79/100], Passed time:[115.197/9100.533]
learning rate: 0.0010000000000000002
Batch [0/704] training loss = 0.1238, training acc = 0.95
Batch [200/704] training loss = 0.0149, training acc = 1.00
Batch [400/704] training loss = 0.0634, training acc = 0.98
Batch [600/704] training loss = 0.0301, training acc = 1.00
Valid Test with nat
Test accuracy: 92.12% (4606/5000), Test loss:0.2841
Epoch [80/100], Passed time:[115.249/9219.890]
learning rate: 0.0010000000000000002
Batch [0/704] training loss = 0.0425, training acc = 0.98
Batch [200/704] training loss = 0.0431, training acc = 1.00
Batch [400/704] training loss = 0.0228, training acc = 1.00
Batch [600/704] training loss = 0.0686, training acc = 0.98
Valid Test with nat
Test accuracy: 92.32% (4616/5000), Test loss:0.2823
Epoch [81/100], Passed time:[115.261/9336.111]
learning rate: 0.0010000000000000002
Batch [0/704] training loss = 0.1051, training acc = 0.94
Batch [200/704] training loss = 0.0548, training acc = 0.98
Batch [400/704] training loss = 0.0449, training acc = 0.98
Batch [600/704] training loss = 0.1445, training acc = 0.94
Valid Test with nat
Test accuracy: 92.60% (4630/5000), Test loss:0.2815
Epoch [82/100], Passed time:[115.277/9452.712]
learning rate: 0.0010000000000000002
Batch [0/704] training loss = 0.0462, training acc = 0.98
Batch [200/704] training loss = 0.0507, training acc = 0.97
Batch [400/704] training loss = 0.0269, training acc = 1.00
Batch [600/704] training loss = 0.0692, training acc = 0.98
Valid Test with nat
Test accuracy: 92.26% (4613/5000), Test loss:0.2869
Epoch [83/100], Passed time:[115.325/9571.972]
learning rate: 0.0010000000000000002
Batch [0/704] training loss = 0.1053, training acc = 0.95
Batch [200/704] training loss = 0.1347, training acc = 0.98
Batch [400/704] training loss = 0.1134, training acc = 0.97
Batch [600/704] training loss = 0.0704, training acc = 0.97
Valid Test with nat
Test accuracy: 92.26% (4613/5000), Test loss:0.2916
Epoch [84/100], Passed time:[115.341/9688.643]
learning rate: 0.0010000000000000002
Batch [0/704] training loss = 0.0848, training acc = 0.98
Batch [200/704] training loss = 0.0988, training acc = 0.97
Batch [400/704] training loss = 0.0098, training acc = 1.00
Batch [600/704] training loss = 0.0111, training acc = 1.00
Valid Test with nat
Test accuracy: 92.38% (4619/5000), Test loss:0.2884
Epoch [85/100], Passed time:[115.356/9805.277]
learning rate: 0.0010000000000000002
Batch [0/704] training loss = 0.0279, training acc = 0.98
Batch [200/704] training loss = 0.0428, training acc = 1.00
Batch [400/704] training loss = 0.0769, training acc = 0.97
Batch [600/704] training loss = 0.0487, training acc = 0.98
Valid Test with nat
Test accuracy: 92.48% (4624/5000), Test loss:0.2875
Epoch [86/100], Passed time:[115.386/9923.180]
learning rate: 0.0010000000000000002
Batch [0/704] training loss = 0.0939, training acc = 0.97
Batch [200/704] training loss = 0.1309, training acc = 0.95
Batch [400/704] training loss = 0.0438, training acc = 0.98
Batch [600/704] training loss = 0.0599, training acc = 0.97
Valid Test with nat
Test accuracy: 92.46% (4623/5000), Test loss:0.3036
Epoch [87/100], Passed time:[115.390/10038.888]
learning rate: 0.0010000000000000002
Batch [0/704] training loss = 0.0705, training acc = 0.98
Batch [200/704] training loss = 0.1026, training acc = 0.98
Batch [400/704] training loss = 0.0378, training acc = 1.00
Batch [600/704] training loss = 0.1648, training acc = 0.94
Valid Test with nat
Test accuracy: 92.36% (4618/5000), Test loss:0.2878
Epoch [88/100], Passed time:[115.409/10155.993]
learning rate: 0.0010000000000000002
Batch [0/704] training loss = 0.1163, training acc = 0.97
Batch [200/704] training loss = 0.0343, training acc = 0.98
Batch [400/704] training loss = 0.0453, training acc = 1.00
Batch [600/704] training loss = 0.0371, training acc = 0.97
Valid Test with nat
Test accuracy: 92.38% (4619/5000), Test loss:0.2868
Epoch [89/100], Passed time:[115.444/10274.534]
learning rate: 0.0010000000000000002
Batch [0/704] training loss = 0.0263, training acc = 1.00
Batch [200/704] training loss = 0.0598, training acc = 0.98
Batch [400/704] training loss = 0.0510, training acc = 0.97
Batch [600/704] training loss = 0.0181, training acc = 1.00
Valid Test with nat
Test accuracy: 92.62% (4631/5000), Test loss:0.2871
Epoch [90/100], Passed time:[115.468/10392.140]
learning rate: 0.0010000000000000002
Batch [0/704] training loss = 0.0331, training acc = 0.98
Batch [200/704] training loss = 0.0412, training acc = 0.98
Batch [400/704] training loss = 0.1356, training acc = 0.95
Batch [600/704] training loss = 0.0759, training acc = 0.98
Valid Test with nat
Test accuracy: 92.50% (4625/5000), Test loss:0.2886
Epoch [91/100], Passed time:[115.469/10507.639]
learning rate: 0.0010000000000000002
Batch [0/704] training loss = 0.1355, training acc = 0.97
Batch [200/704] training loss = 0.0574, training acc = 0.97
Batch [400/704] training loss = 0.0279, training acc = 0.98
Batch [600/704] training loss = 0.1711, training acc = 0.95
Valid Test with nat
Test accuracy: 92.38% (4619/5000), Test loss:0.2902
Epoch [92/100], Passed time:[115.462/10622.534]
learning rate: 0.0010000000000000002
Batch [0/704] training loss = 0.0695, training acc = 0.98
Batch [200/704] training loss = 0.0560, training acc = 0.97
Batch [400/704] training loss = 0.0491, training acc = 0.98
Batch [600/704] training loss = 0.0894, training acc = 0.98
Valid Test with nat
Test accuracy: 92.50% (4625/5000), Test loss:0.3017
Epoch [93/100], Passed time:[115.481/10739.730]
learning rate: 0.0010000000000000002
Batch [0/704] training loss = 0.0350, training acc = 1.00
Batch [200/704] training loss = 0.0573, training acc = 0.98
Batch [400/704] training loss = 0.1136, training acc = 0.97
Batch [600/704] training loss = 0.0499, training acc = 0.98
Valid Test with nat
Test accuracy: 92.64% (4632/5000), Test loss:0.2884
Epoch [94/100], Passed time:[115.518/10858.687]
learning rate: 0.0010000000000000002
Batch [0/704] training loss = 0.0382, training acc = 1.00
Batch [200/704] training loss = 0.0251, training acc = 0.98
Batch [400/704] training loss = 0.1152, training acc = 0.95
Batch [600/704] training loss = 0.0377, training acc = 0.98
Valid Test with nat
Test accuracy: 92.50% (4625/5000), Test loss:0.3031
Epoch [95/100], Passed time:[115.549/10977.126]
learning rate: 0.0010000000000000002
Batch [0/704] training loss = 0.1185, training acc = 0.95
Batch [200/704] training loss = 0.0954, training acc = 0.98
Batch [400/704] training loss = 0.0276, training acc = 1.00
Batch [600/704] training loss = 0.0236, training acc = 1.00
Valid Test with nat
Test accuracy: 92.18% (4609/5000), Test loss:0.2967
Epoch [96/100], Passed time:[115.580/11095.650]
learning rate: 0.0010000000000000002
Batch [0/704] training loss = 0.1070, training acc = 0.98
Batch [200/704] training loss = 0.0234, training acc = 1.00
Batch [400/704] training loss = 0.1222, training acc = 0.95
Batch [600/704] training loss = 0.0265, training acc = 1.00
Valid Test with nat
Test accuracy: 92.38% (4619/5000), Test loss:0.2925
Epoch [97/100], Passed time:[115.580/11211.219]
learning rate: 0.0010000000000000002
Batch [0/704] training loss = 0.0459, training acc = 0.98
Batch [200/704] training loss = 0.0289, training acc = 1.00
Batch [400/704] training loss = 0.0279, training acc = 1.00
Batch [600/704] training loss = 0.0331, training acc = 0.98
Valid Test with nat
Test accuracy: 92.42% (4621/5000), Test loss:0.3063
Epoch [98/100], Passed time:[115.588/11327.584]
learning rate: 0.0010000000000000002
Batch [0/704] training loss = 0.0326, training acc = 0.98
Batch [200/704] training loss = 0.0475, training acc = 0.97
Batch [400/704] training loss = 0.0172, training acc = 1.00
Batch [600/704] training loss = 0.0243, training acc = 1.00
Valid Test with nat
Test accuracy: 92.50% (4625/5000), Test loss:0.2900
Epoch [99/100], Passed time:[115.578/11442.242]
learning rate: 0.0010000000000000002
Batch [0/704] training loss = 0.0903, training acc = 0.94
Batch [200/704] training loss = 0.0430, training acc = 0.98
Batch [400/704] training loss = 0.0484, training acc = 0.97
Batch [600/704] training loss = 0.0263, training acc = 1.00
Valid Test with nat
Test accuracy: 92.54% (4627/5000), Test loss:0.2914
Training done, model saved in ./trained_models_new/cifar/vgg16/nat/pruned1_epoch100_r80/init_pure/init_enhance_m0.05_warmup0.1.pth
Test on test set:
Test accuracy: 91.94% (9194/10000), Test loss:0.3065
