model_type : resnet18
init_type : pure
finetune_method : nat
enhance_method : nat
gpu : 5
model_name : init_enhance70_m0.01_warmup0.1
model_width : 8
n_pruning_steps : 1
max_pruning_ratio : 80
train_epochs : 70
enhance_epochs : 70
prune_method : unstructured
dataset : cifar
noise_sd : 1.0
trades_beta : 6.0
seed : 7
warmup : True
parallel : False
create_init : False
init_step : 1400
train_method : nat
early_stop : 1000
norm : True
optm : sgd
batch_size : 128
test_batch_size : 100
learning_rate : 0.1
enhance_learning_rate : 0.1
schedule_length : 10
weight_decay : 0.0001
epsilon : 0.03137254901960784
attack_iter : 10
eps_step : 0.00784313725490196
targeted : False
clip_min : 0
clip_max : 1.0
starting_epsilon : 1e-05
interval_weight : 0.1
ft_interval_weight : 50
verbose : 200
resume : 0
model_path : ./trained_models_new/cifar/resnet18/nat/pruned1_epoch100_r80/init_pure/init_enhance70_m0.01_warmup0.1.pth
last_model_path : ./trained_models_new/
mask_path : ./trained_models_new/cifar/resnet18/nat/pruned1_epoch100_r80/init_pure/pruned_lr0.01_mask_r80.npy
mask_name : pruned_lr0.01_mask_r80
log_path : ./trained_models_new/cifar/resnet18/nat/pruned1_epoch100_r80/init_pure/init_enhance70_m0.01_warmup0.1.log
init_path : ./trained_models_new/cifar/resnet18/init/pure_resnet18_init.pth
results_path : None
n_classes : 10
eval : False
init : True
transfer : False
CUDA enabled.
Enhance training config:
Enhance training method: nat
model will be saved in: ./trained_models_new/cifar/resnet18/nat/pruned1_epoch100_r80/init_pure/init_enhance70_m0.01_warmup0.1.pth
Init model is: ./trained_models_new/cifar/resnet18/init/pure_resnet18_init.pth
Init mask used from: ./trained_models_new/cifar/resnet18/nat/pruned1_epoch100_r80/init_pure/pruned_lr0.01_mask_r80.npy
Log will be saved in ./trained_models_new/cifar/resnet18/nat/pruned1_epoch100_r80/init_pure/init_enhance70_m0.01_warmup0.1.log
Random seed is: 7

model loading from ./trained_models_new/cifar/resnet18/init/pure_resnet18_init.pth
Epoch [0/70]
learning rate: 0.05
Batch [0/352] training loss = 2.1179, training acc = 0.23
Batch [200/352] training loss = 0.6676, training acc = 0.77
Valid Test with nat
Test accuracy: 72.68% (3634/5000), Test loss:0.9600
Best model so far saved in ./trained_models_new/cifar/resnet18/nat/pruned1_epoch100_r80/init_pure/init_enhance70_m0.01_warmup0.1.pth
Test on test set:
Test accuracy: 74.04% (7404/10000), Test loss:0.8575
Epoch [1/70], Passed time:[96.124/96.124]
learning rate: 0.055
Batch [0/352] training loss = 0.4729, training acc = 0.85
Batch [200/352] training loss = 0.6203, training acc = 0.78
Valid Test with nat
Test accuracy: 77.80% (3890/5000), Test loss:0.7583
Best model so far saved in ./trained_models_new/cifar/resnet18/nat/pruned1_epoch100_r80/init_pure/init_enhance70_m0.01_warmup0.1.pth
Test on test set:
Test accuracy: 77.70% (7770/10000), Test loss:0.7648
Epoch [2/70], Passed time:[95.380/190.759]
learning rate: 0.060000000000000005
Batch [0/352] training loss = 0.3539, training acc = 0.89
Batch [200/352] training loss = 0.4191, training acc = 0.84
Valid Test with nat
Test accuracy: 79.92% (3996/5000), Test loss:0.6425
Best model so far saved in ./trained_models_new/cifar/resnet18/nat/pruned1_epoch100_r80/init_pure/init_enhance70_m0.01_warmup0.1.pth
Test on test set:
Test accuracy: 78.10% (7810/10000), Test loss:0.7054
Epoch [3/70], Passed time:[96.421/289.262]
learning rate: 0.065
Batch [0/352] training loss = 0.2878, training acc = 0.90
Batch [200/352] training loss = 0.3844, training acc = 0.88
Valid Test with nat
Test accuracy: 80.22% (4011/5000), Test loss:0.6885
Epoch [4/70], Passed time:[94.817/379.270]
learning rate: 0.07
Batch [0/352] training loss = 0.3675, training acc = 0.87
Batch [200/352] training loss = 0.3744, training acc = 0.87
Valid Test with nat
Test accuracy: 83.86% (4193/5000), Test loss:0.5233
Best model so far saved in ./trained_models_new/cifar/resnet18/nat/pruned1_epoch100_r80/init_pure/init_enhance70_m0.01_warmup0.1.pth
Test on test set:
Test accuracy: 84.62% (8462/10000), Test loss:0.5041
Epoch [5/70], Passed time:[95.591/477.953]
learning rate: 0.07500000000000001
Batch [0/352] training loss = 0.4602, training acc = 0.87
Batch [200/352] training loss = 0.3780, training acc = 0.84
Valid Test with nat
Test accuracy: 86.10% (4305/5000), Test loss:0.4457
Best model so far saved in ./trained_models_new/cifar/resnet18/nat/pruned1_epoch100_r80/init_pure/init_enhance70_m0.01_warmup0.1.pth
Test on test set:
Test accuracy: 86.31% (8631/10000), Test loss:0.4301
Epoch [6/70], Passed time:[95.682/574.093]
learning rate: 0.08000000000000002
Batch [0/352] training loss = 0.3296, training acc = 0.85
Batch [200/352] training loss = 0.3134, training acc = 0.92
Valid Test with nat
Test accuracy: 85.82% (4291/5000), Test loss:0.4694
Epoch [7/70], Passed time:[95.039/665.276]
learning rate: 0.085
Batch [0/352] training loss = 0.2803, training acc = 0.91
Batch [200/352] training loss = 0.4740, training acc = 0.80
Valid Test with nat
Test accuracy: 84.26% (4213/5000), Test loss:0.5435
Epoch [8/70], Passed time:[94.226/753.810]
learning rate: 0.09
Batch [0/352] training loss = 0.2052, training acc = 0.94
Batch [200/352] training loss = 0.3141, training acc = 0.85
Valid Test with nat
Test accuracy: 83.90% (4195/5000), Test loss:0.5623
Epoch [9/70], Passed time:[93.805/844.243]
learning rate: 0.095
Batch [0/352] training loss = 0.3061, training acc = 0.91
Batch [200/352] training loss = 0.3716, training acc = 0.85
Valid Test with nat
Test accuracy: 86.34% (4317/5000), Test loss:0.4473
Epoch [10/70], Passed time:[93.637/936.372]
learning rate: 0.1
Batch [0/352] training loss = 0.2585, training acc = 0.91
Batch [200/352] training loss = 0.5216, training acc = 0.83
Valid Test with nat
Test accuracy: 86.62% (4331/5000), Test loss:0.4453
Best model so far saved in ./trained_models_new/cifar/resnet18/nat/pruned1_epoch100_r80/init_pure/init_enhance70_m0.01_warmup0.1.pth
Test on test set:
Test accuracy: 86.67% (8667/10000), Test loss:0.4368
Epoch [11/70], Passed time:[93.658/1030.233]
learning rate: 0.1
Batch [0/352] training loss = 0.1871, training acc = 0.93
Batch [200/352] training loss = 0.2826, training acc = 0.90
Valid Test with nat
Test accuracy: 84.76% (4238/5000), Test loss:0.5063
Epoch [12/70], Passed time:[93.577/1122.925]
learning rate: 0.1
Batch [0/352] training loss = 0.2187, training acc = 0.91
Batch [200/352] training loss = 0.2955, training acc = 0.88
Valid Test with nat
Test accuracy: 80.94% (4047/5000), Test loss:0.6551
Epoch [13/70], Passed time:[93.227/1211.952]
learning rate: 0.1
Batch [0/352] training loss = 0.3229, training acc = 0.88
Batch [200/352] training loss = 0.2443, training acc = 0.91
Valid Test with nat
Test accuracy: 87.94% (4397/5000), Test loss:0.4048
Best model so far saved in ./trained_models_new/cifar/resnet18/nat/pruned1_epoch100_r80/init_pure/init_enhance70_m0.01_warmup0.1.pth
Test on test set:
Test accuracy: 87.41% (8741/10000), Test loss:0.4127
Epoch [14/70], Passed time:[93.164/1304.291]
learning rate: 0.1
Batch [0/352] training loss = 0.2536, training acc = 0.91
Batch [200/352] training loss = 0.3934, training acc = 0.87
Valid Test with nat
Test accuracy: 86.68% (4334/5000), Test loss:0.4341
Epoch [15/70], Passed time:[92.881/1393.216]
learning rate: 0.1
Batch [0/352] training loss = 0.1661, training acc = 0.97
Batch [200/352] training loss = 0.2839, training acc = 0.91
Valid Test with nat
Test accuracy: 84.66% (4233/5000), Test loss:0.5365
Epoch [16/70], Passed time:[92.830/1485.287]
learning rate: 0.1
Batch [0/352] training loss = 0.2231, training acc = 0.91
Batch [200/352] training loss = 0.2320, training acc = 0.90
Valid Test with nat
Test accuracy: 84.12% (4206/5000), Test loss:0.6023
Epoch [17/70], Passed time:[92.315/1569.353]
learning rate: 0.1
Batch [0/352] training loss = 0.3065, training acc = 0.89
Batch [200/352] training loss = 0.1742, training acc = 0.93
Valid Test with nat
Test accuracy: 88.02% (4401/5000), Test loss:0.3965
Best model so far saved in ./trained_models_new/cifar/resnet18/nat/pruned1_epoch100_r80/init_pure/init_enhance70_m0.01_warmup0.1.pth
Test on test set:
Test accuracy: 87.13% (8713/10000), Test loss:0.4073
Epoch [18/70], Passed time:[92.225/1660.058]
learning rate: 0.1
Batch [0/352] training loss = 0.1933, training acc = 0.93
Batch [200/352] training loss = 0.2274, training acc = 0.94
Valid Test with nat
Test accuracy: 87.28% (4364/5000), Test loss:0.4257
Epoch [19/70], Passed time:[92.057/1749.076]
learning rate: 0.1
Batch [0/352] training loss = 0.2466, training acc = 0.90
Batch [200/352] training loss = 0.1623, training acc = 0.95
Valid Test with nat
Test accuracy: 85.20% (4260/5000), Test loss:0.4975
Epoch [20/70], Passed time:[92.167/1843.341]
learning rate: 0.1
Batch [0/352] training loss = 0.2102, training acc = 0.94
Batch [200/352] training loss = 0.2508, training acc = 0.91
Valid Test with nat
Test accuracy: 87.32% (4366/5000), Test loss:0.3998
Epoch [21/70], Passed time:[92.258/1937.424]
learning rate: 0.1
Batch [0/352] training loss = 0.2434, training acc = 0.95
Batch [200/352] training loss = 0.2214, training acc = 0.92
Valid Test with nat
Test accuracy: 88.10% (4405/5000), Test loss:0.3789
Best model so far saved in ./trained_models_new/cifar/resnet18/nat/pruned1_epoch100_r80/init_pure/init_enhance70_m0.01_warmup0.1.pth
Test on test set:
Test accuracy: 87.09% (8709/10000), Test loss:0.4320
Epoch [22/70], Passed time:[92.562/2036.361]
learning rate: 0.1
Batch [0/352] training loss = 0.1384, training acc = 0.96
Batch [200/352] training loss = 0.1585, training acc = 0.95
Valid Test with nat
Test accuracy: 86.16% (4308/5000), Test loss:0.4794
Epoch [23/70], Passed time:[92.553/2128.718]
learning rate: 0.1
Batch [0/352] training loss = 0.1617, training acc = 0.94
Batch [200/352] training loss = 0.1118, training acc = 0.98
Valid Test with nat
Test accuracy: 86.78% (4339/5000), Test loss:0.4659
Epoch [24/70], Passed time:[92.647/2223.520]
learning rate: 0.1
Batch [0/352] training loss = 0.1071, training acc = 0.98
Batch [200/352] training loss = 0.1801, training acc = 0.94
Valid Test with nat
Test accuracy: 87.42% (4371/5000), Test loss:0.4568
Epoch [25/70], Passed time:[92.846/2321.162]
learning rate: 0.1
Batch [0/352] training loss = 0.1728, training acc = 0.94
Batch [200/352] training loss = 0.1565, training acc = 0.95
Valid Test with nat
Test accuracy: 87.28% (4364/5000), Test loss:0.4293
Epoch [26/70], Passed time:[92.717/2410.631]
learning rate: 0.1
Batch [0/352] training loss = 0.1948, training acc = 0.94
Batch [200/352] training loss = 0.1931, training acc = 0.95
Valid Test with nat
Test accuracy: 86.26% (4313/5000), Test loss:0.4686
Epoch [27/70], Passed time:[92.761/2504.541]
learning rate: 0.1
Batch [0/352] training loss = 0.2187, training acc = 0.95
Batch [200/352] training loss = 0.2284, training acc = 0.92
Valid Test with nat
Test accuracy: 87.92% (4396/5000), Test loss:0.4106
Epoch [28/70], Passed time:[92.730/2596.441]
learning rate: 0.1
Batch [0/352] training loss = 0.1673, training acc = 0.95
Batch [200/352] training loss = 0.1790, training acc = 0.91
Valid Test with nat
Test accuracy: 88.98% (4449/5000), Test loss:0.3848
Epoch [29/70], Passed time:[92.590/2685.099]
learning rate: 0.1
Batch [0/352] training loss = 0.2005, training acc = 0.94
Batch [200/352] training loss = 0.1458, training acc = 0.95
Valid Test with nat
Test accuracy: 89.90% (4495/5000), Test loss:0.3523
Best model so far saved in ./trained_models_new/cifar/resnet18/nat/pruned1_epoch100_r80/init_pure/init_enhance70_m0.01_warmup0.1.pth
Test on test set:
Test accuracy: 88.69% (8869/10000), Test loss:0.3692
Epoch [30/70], Passed time:[92.760/2782.810]
learning rate: 0.1
Batch [0/352] training loss = 0.1807, training acc = 0.95
Batch [200/352] training loss = 0.2270, training acc = 0.93
Valid Test with nat
Test accuracy: 85.06% (4253/5000), Test loss:0.5405
Epoch [31/70], Passed time:[92.808/2877.033]
learning rate: 0.1
Batch [0/352] training loss = 0.2268, training acc = 0.92
Batch [200/352] training loss = 0.2339, training acc = 0.91
Valid Test with nat
Test accuracy: 87.02% (4351/5000), Test loss:0.5016
Epoch [32/70], Passed time:[92.832/2970.626]
learning rate: 0.1
Batch [0/352] training loss = 0.1692, training acc = 0.95
Batch [200/352] training loss = 0.1025, training acc = 0.98
Valid Test with nat
Test accuracy: 86.26% (4313/5000), Test loss:0.5228
Epoch [33/70], Passed time:[92.869/3064.690]
learning rate: 0.1
Batch [0/352] training loss = 0.2137, training acc = 0.91
Batch [200/352] training loss = 0.2734, training acc = 0.89
Valid Test with nat
Test accuracy: 86.56% (4328/5000), Test loss:0.4649
Epoch [34/70], Passed time:[92.858/3157.163]
learning rate: 0.1
Batch [0/352] training loss = 0.1130, training acc = 0.98
Batch [200/352] training loss = 0.1031, training acc = 0.97
Valid Test with nat
Test accuracy: 88.28% (4414/5000), Test loss:0.4283
Epoch [35/70], Passed time:[92.928/3252.480]
learning rate: 0.010000000000000002
Batch [0/352] training loss = 0.1186, training acc = 0.95
Batch [200/352] training loss = 0.1175, training acc = 0.95
Valid Test with nat
Test accuracy: 92.60% (4630/5000), Test loss:0.2578
Best model so far saved in ./trained_models_new/cifar/resnet18/nat/pruned1_epoch100_r80/init_pure/init_enhance70_m0.01_warmup0.1.pth
Test on test set:
Test accuracy: 91.79% (9179/10000), Test loss:0.2746
Epoch [36/70], Passed time:[93.055/3349.976]
learning rate: 0.010000000000000002
Batch [0/352] training loss = 0.0758, training acc = 0.98
Batch [200/352] training loss = 0.1384, training acc = 0.94
Valid Test with nat
Test accuracy: 92.72% (4636/5000), Test loss:0.2494
Best model so far saved in ./trained_models_new/cifar/resnet18/nat/pruned1_epoch100_r80/init_pure/init_enhance70_m0.01_warmup0.1.pth
Test on test set:
Test accuracy: 92.14% (9214/10000), Test loss:0.2697
Epoch [37/70], Passed time:[93.155/3446.751]
learning rate: 0.010000000000000002
Batch [0/352] training loss = 0.0987, training acc = 0.96
Batch [200/352] training loss = 0.0885, training acc = 0.97
Valid Test with nat
Test accuracy: 92.78% (4639/5000), Test loss:0.2489
Best model so far saved in ./trained_models_new/cifar/resnet18/nat/pruned1_epoch100_r80/init_pure/init_enhance70_m0.01_warmup0.1.pth
Test on test set:
Test accuracy: 92.01% (9201/10000), Test loss:0.2671
Epoch [38/70], Passed time:[93.241/3543.177]
learning rate: 0.010000000000000002
Batch [0/352] training loss = 0.0463, training acc = 1.00
Batch [200/352] training loss = 0.0552, training acc = 1.00
Valid Test with nat
Test accuracy: 92.96% (4648/5000), Test loss:0.2463
Best model so far saved in ./trained_models_new/cifar/resnet18/nat/pruned1_epoch100_r80/init_pure/init_enhance70_m0.01_warmup0.1.pth
Test on test set:
Test accuracy: 92.30% (9230/10000), Test loss:0.2699
Epoch [39/70], Passed time:[93.391/3642.248]
learning rate: 0.010000000000000002
Batch [0/352] training loss = 0.0727, training acc = 0.97
Batch [200/352] training loss = 0.0905, training acc = 0.97
Valid Test with nat
Test accuracy: 92.98% (4649/5000), Test loss:0.2543
Epoch [40/70], Passed time:[93.404/3736.173]
learning rate: 0.010000000000000002
Batch [0/352] training loss = 0.0827, training acc = 0.98
Batch [200/352] training loss = 0.0487, training acc = 0.99
Valid Test with nat
Test accuracy: 92.96% (4648/5000), Test loss:0.2556
Epoch [41/70], Passed time:[93.480/3832.698]
learning rate: 0.010000000000000002
Batch [0/352] training loss = 0.0760, training acc = 0.97
Batch [200/352] training loss = 0.0488, training acc = 0.98
Valid Test with nat
Test accuracy: 92.92% (4646/5000), Test loss:0.2560
Epoch [42/70], Passed time:[93.556/3929.363]
learning rate: 0.010000000000000002
Batch [0/352] training loss = 0.0541, training acc = 0.98
Batch [200/352] training loss = 0.0174, training acc = 1.00
Valid Test with nat
Test accuracy: 93.06% (4653/5000), Test loss:0.2641
Epoch [43/70], Passed time:[93.602/4024.890]
learning rate: 0.010000000000000002
Batch [0/352] training loss = 0.0793, training acc = 0.98
Batch [200/352] training loss = 0.0189, training acc = 1.00
Valid Test with nat
Test accuracy: 92.78% (4639/5000), Test loss:0.2634
Epoch [44/70], Passed time:[93.673/4121.605]
learning rate: 0.010000000000000002
Batch [0/352] training loss = 0.0817, training acc = 0.98
Batch [200/352] training loss = 0.0145, training acc = 1.00
Valid Test with nat
Test accuracy: 92.56% (4628/5000), Test loss:0.2790
Epoch [45/70], Passed time:[93.667/4215.011]
learning rate: 0.010000000000000002
Batch [0/352] training loss = 0.0281, training acc = 0.98
Batch [200/352] training loss = 0.0640, training acc = 0.98
Valid Test with nat
Test accuracy: 92.90% (4645/5000), Test loss:0.2705
Epoch [46/70], Passed time:[93.768/4313.326]
learning rate: 0.010000000000000002
Batch [0/352] training loss = 0.0314, training acc = 0.99
Batch [200/352] training loss = 0.0385, training acc = 0.98
Valid Test with nat
Test accuracy: 92.82% (4641/5000), Test loss:0.2713
Epoch [47/70], Passed time:[93.781/4407.727]
learning rate: 0.010000000000000002
Batch [0/352] training loss = 0.0248, training acc = 0.99
Batch [200/352] training loss = 0.0428, training acc = 0.98
Valid Test with nat
Test accuracy: 92.72% (4636/5000), Test loss:0.2854
Epoch [48/70], Passed time:[93.904/4507.410]
learning rate: 0.010000000000000002
Batch [0/352] training loss = 0.0478, training acc = 0.98
Batch [200/352] training loss = 0.0493, training acc = 0.98
Valid Test with nat
Test accuracy: 92.62% (4631/5000), Test loss:0.2930
Epoch [49/70], Passed time:[93.919/4602.030]
learning rate: 0.010000000000000002
Batch [0/352] training loss = 0.0173, training acc = 1.00
Batch [200/352] training loss = 0.0270, training acc = 0.99
Valid Test with nat
Test accuracy: 92.82% (4641/5000), Test loss:0.2922
Epoch [50/70], Passed time:[93.838/4691.924]
learning rate: 0.010000000000000002
Batch [0/352] training loss = 0.0181, training acc = 1.00
Batch [200/352] training loss = 0.0650, training acc = 0.98
Valid Test with nat
Test accuracy: 92.86% (4643/5000), Test loss:0.3350
Epoch [51/70], Passed time:[93.900/4788.879]
learning rate: 0.010000000000000002
Batch [0/352] training loss = 0.0285, training acc = 0.99
Batch [200/352] training loss = 0.0615, training acc = 0.98
Valid Test with nat
Test accuracy: 93.12% (4656/5000), Test loss:0.2834
Epoch [52/70], Passed time:[93.922/4883.962]
learning rate: 0.010000000000000002
Batch [0/352] training loss = 0.0737, training acc = 0.97
Batch [200/352] training loss = 0.0452, training acc = 0.98
Valid Test with nat
Test accuracy: 92.58% (4629/5000), Test loss:0.2972
Epoch [53/70], Passed time:[93.904/4976.936]
learning rate: 0.0010000000000000002
Batch [0/352] training loss = 0.0657, training acc = 0.97
Batch [200/352] training loss = 0.0321, training acc = 0.99
Valid Test with nat
Test accuracy: 92.82% (4641/5000), Test loss:0.3011
Epoch [54/70], Passed time:[93.885/5069.788]
learning rate: 0.0010000000000000002
Batch [0/352] training loss = 0.0387, training acc = 0.98
Batch [200/352] training loss = 0.0183, training acc = 1.00
Valid Test with nat
Test accuracy: 92.96% (4648/5000), Test loss:0.2861
Epoch [55/70], Passed time:[93.871/5162.880]
learning rate: 0.0010000000000000002
Batch [0/352] training loss = 0.0650, training acc = 0.97
Batch [200/352] training loss = 0.0784, training acc = 0.98
Valid Test with nat
Test accuracy: 92.98% (4649/5000), Test loss:0.2847
Epoch [56/70], Passed time:[93.913/5259.153]
learning rate: 0.0010000000000000002
Batch [0/352] training loss = 0.0209, training acc = 0.99
Batch [200/352] training loss = 0.0214, training acc = 0.99
Valid Test with nat
Test accuracy: 92.88% (4644/5000), Test loss:0.2806
Epoch [57/70], Passed time:[93.908/5352.734]
learning rate: 0.0010000000000000002
Batch [0/352] training loss = 0.0292, training acc = 0.98
Batch [200/352] training loss = 0.0649, training acc = 0.98
Valid Test with nat
Test accuracy: 92.82% (4641/5000), Test loss:0.2824
Epoch [58/70], Passed time:[93.834/5442.397]
learning rate: 0.0010000000000000002
Batch [0/352] training loss = 0.0263, training acc = 0.98
Batch [200/352] training loss = 0.0340, training acc = 0.98
Valid Test with nat
Test accuracy: 92.96% (4648/5000), Test loss:0.2882
Epoch [59/70], Passed time:[93.832/5536.096]
learning rate: 0.0010000000000000002
Batch [0/352] training loss = 0.0570, training acc = 0.98
Batch [200/352] training loss = 0.0473, training acc = 0.98
Valid Test with nat
Test accuracy: 92.94% (4647/5000), Test loss:0.3147
Epoch [60/70], Passed time:[93.867/5632.023]
learning rate: 0.0010000000000000002
Batch [0/352] training loss = 0.0446, training acc = 0.98
Batch [200/352] training loss = 0.0141, training acc = 0.99
Valid Test with nat
Test accuracy: 92.98% (4649/5000), Test loss:0.2949
Epoch [61/70], Passed time:[93.910/5728.517]
learning rate: 0.0010000000000000002
Batch [0/352] training loss = 0.0523, training acc = 0.98
Batch [200/352] training loss = 0.0228, training acc = 0.99
Valid Test with nat
Test accuracy: 93.06% (4653/5000), Test loss:0.2826
Epoch [62/70], Passed time:[93.948/5824.793]
learning rate: 0.0010000000000000002
Batch [0/352] training loss = 0.0483, training acc = 0.98
Batch [200/352] training loss = 0.0124, training acc = 1.00
Valid Test with nat
Test accuracy: 92.94% (4647/5000), Test loss:0.2834
Epoch [63/70], Passed time:[93.953/5919.038]
learning rate: 0.0010000000000000002
Batch [0/352] training loss = 0.0346, training acc = 0.99
Batch [200/352] training loss = 0.0356, training acc = 0.98
Valid Test with nat
Test accuracy: 92.96% (4648/5000), Test loss:0.2839
Epoch [64/70], Passed time:[93.980/6014.691]
learning rate: 0.0010000000000000002
Batch [0/352] training loss = 0.0269, training acc = 0.99
Batch [200/352] training loss = 0.0268, training acc = 0.98
Valid Test with nat
Test accuracy: 92.98% (4649/5000), Test loss:0.2828
Epoch [65/70], Passed time:[93.997/6109.836]
learning rate: 0.0010000000000000002
Batch [0/352] training loss = 0.0121, training acc = 1.00
Batch [200/352] training loss = 0.0066, training acc = 1.00
Valid Test with nat
Test accuracy: 92.94% (4647/5000), Test loss:0.2911
Epoch [66/70], Passed time:[94.003/6204.189]
learning rate: 0.0010000000000000002
Batch [0/352] training loss = 0.0552, training acc = 0.99
Batch [200/352] training loss = 0.0255, training acc = 0.99
Valid Test with nat
Test accuracy: 92.96% (4648/5000), Test loss:0.2851
Epoch [67/70], Passed time:[94.061/6302.073]
learning rate: 0.0010000000000000002
Batch [0/352] training loss = 0.0244, training acc = 0.99
Batch [200/352] training loss = 0.0140, training acc = 1.00
Valid Test with nat
Test accuracy: 93.04% (4652/5000), Test loss:0.2920
Epoch [68/70], Passed time:[94.116/6399.920]
learning rate: 0.0010000000000000002
Batch [0/352] training loss = 0.0503, training acc = 0.98
Batch [200/352] training loss = 0.0246, training acc = 1.00
Valid Test with nat
Test accuracy: 93.06% (4653/5000), Test loss:0.2803
Epoch [69/70], Passed time:[94.109/6493.546]
learning rate: 0.0010000000000000002
Batch [0/352] training loss = 0.0217, training acc = 0.99
Batch [200/352] training loss = 0.0357, training acc = 0.98
Valid Test with nat
Test accuracy: 93.04% (4652/5000), Test loss:0.2798
Training done, model saved in ./trained_models_new/cifar/resnet18/nat/pruned1_epoch100_r80/init_pure/init_enhance70_m0.01_warmup0.1.pth
Test on test set:
Test accuracy: 92.51% (9251/10000), Test loss:0.2959
